logging to.../global/cscratch1/sd/huikong/obiwan_Aug/repos_for_docker/obiwan_out/chunk21_10deg2_test/logs/335//more_rs0/log.3351m002
logging to.../global/cscratch1/sd/huikong/obiwan_Aug/repos_for_docker/obiwan_out/chunk21_10deg2_test/logs/335//more_rs0/log.3351m005
logging to.../global/cscratch1/sd/huikong/obiwan_Aug/repos_for_docker/obiwan_out/chunk21_10deg2_test/logs/335//more_rs0/log.3351m007
FINISHED NOW!
logging to.../global/cscratch1/sd/huikong/obiwan_Aug/repos_for_docker/obiwan_out/chunk21_10deg2_test/logs/335//more_rs0/log.3351p000
FINISHED NOW!
logging to.../global/cscratch1/sd/huikong/obiwan_Aug/repos_for_docker/obiwan_out/chunk21_10deg2_test/logs/335//more_rs0/log.3351p002
FINISHED NOW!
logging to.../global/cscratch1/sd/huikong/obiwan_Aug/repos_for_docker/obiwan_out/chunk21_10deg2_test/logs/335//more_rs0/log.3351p005
FINISHED NOW!
logging to.../global/cscratch1/sd/huikong/obiwan_Aug/repos_for_docker/obiwan_out/chunk21_10deg2_test/logs/335//more_rs0/log.3351p007
FINISHED NOW!
logging to.../global/cscratch1/sd/huikong/obiwan_Aug/repos_for_docker/obiwan_out/chunk21_10deg2_test/logs/335//more_rs0/log.3353m002
FINISHED NOW!
logging to.../global/cscratch1/sd/huikong/obiwan_Aug/repos_for_docker/obiwan_out/chunk21_10deg2_test/logs/335//more_rs0/log.3353m005
FINISHED NOW!
logging to.../global/cscratch1/sd/huikong/obiwan_Aug/repos_for_docker/obiwan_out/chunk21_10deg2_test/logs/335//more_rs0/log.3353m007
FINISHED NOW!
logging to.../global/cscratch1/sd/huikong/obiwan_Aug/repos_for_docker/obiwan_out/chunk21_10deg2_test/logs/335//more_rs0/log.3353p000
FINISHED NOW!
logging to.../global/cscratch1/sd/huikong/obiwan_Aug/repos_for_docker/obiwan_out/chunk21_10deg2_test/logs/335//more_rs0/log.3353p002
FINISHED NOW!
logging to.../global/cscratch1/sd/huikong/obiwan_Aug/repos_for_docker/obiwan_out/chunk21_10deg2_test/logs/335//more_rs0/log.3353p005
FINISHED NOW!
logging to.../global/cscratch1/sd/huikong/obiwan_Aug/repos_for_docker/obiwan_out/chunk21_10deg2_test/logs/335//more_rs0/log.3353p007
FINISHED NOW!
logging to.../global/cscratch1/sd/huikong/obiwan_Aug/repos_for_docker/obiwan_out/chunk21_10deg2_test/logs/335//more_rs0/log.3356m002
FINISHED NOW!
logging to.../global/cscratch1/sd/huikong/obiwan_Aug/repos_for_docker/obiwan_out/chunk21_10deg2_test/logs/335//more_rs0/log.3356m005
FINISHED NOW!
logging to.../global/cscratch1/sd/huikong/obiwan_Aug/repos_for_docker/obiwan_out/chunk21_10deg2_test/logs/335//more_rs0/log.3356m007
FINISHED NOW!
logging to.../global/cscratch1/sd/huikong/obiwan_Aug/repos_for_docker/obiwan_out/chunk21_10deg2_test/logs/335//more_rs0/log.3356p000
FINISHED NOW!
logging to.../global/cscratch1/sd/huikong/obiwan_Aug/repos_for_docker/obiwan_out/chunk21_10deg2_test/logs/335//more_rs0/log.3356p002
FINISHED NOW!
logging to.../global/cscratch1/sd/huikong/obiwan_Aug/repos_for_docker/obiwan_out/chunk21_10deg2_test/logs/335//more_rs0/log.3356p005
FINISHED NOW!
logging to.../global/cscratch1/sd/huikong/obiwan_Aug/repos_for_docker/obiwan_out/chunk21_10deg2_test/logs/335//more_rs0/log.3356p007
FINISHED NOW!
logging to.../global/cscratch1/sd/huikong/obiwan_Aug/repos_for_docker/obiwan_out/chunk21_10deg2_test/logs/335//more_rs0/log.3358m002
FINISHED NOW!
logging to.../global/cscratch1/sd/huikong/obiwan_Aug/repos_for_docker/obiwan_out/chunk21_10deg2_test/logs/335//more_rs0/log.3358m005
FINISHED NOW!
logging to.../global/cscratch1/sd/huikong/obiwan_Aug/repos_for_docker/obiwan_out/chunk21_10deg2_test/logs/335//more_rs0/log.3358m007
FINISHED NOW!
logging to.../global/cscratch1/sd/huikong/obiwan_Aug/repos_for_docker/obiwan_out/chunk21_10deg2_test/logs/335//more_rs0/log.3358p000
FINISHED NOW!
logging to.../global/cscratch1/sd/huikong/obiwan_Aug/repos_for_docker/obiwan_out/chunk21_10deg2_test/logs/335//more_rs0/log.3358p002
FINISHED NOW!
logging to.../global/cscratch1/sd/huikong/obiwan_Aug/repos_for_docker/obiwan_out/chunk21_10deg2_test/logs/335//more_rs0/log.3358p005
FINISHED NOW!
logging to.../global/cscratch1/sd/huikong/obiwan_Aug/repos_for_docker/obiwan_out/chunk21_10deg2_test/logs/335//more_rs0/log.3358p007
FINISHED NOW!
logging to.../global/cscratch1/sd/huikong/obiwan_Aug/repos_for_docker/obiwan_out/chunk21_10deg2_test/logs/336//more_rs0/log.3361m002
FINISHED NOW!
logging to.../global/cscratch1/sd/huikong/obiwan_Aug/repos_for_docker/obiwan_out/chunk21_10deg2_test/logs/336//more_rs0/log.3361m005
FINISHED NOW!
logging to.../global/cscratch1/sd/huikong/obiwan_Aug/repos_for_docker/obiwan_out/chunk21_10deg2_test/logs/336//more_rs0/log.3361m007
FINISHED NOW!
logging to.../global/cscratch1/sd/huikong/obiwan_Aug/repos_for_docker/obiwan_out/chunk21_10deg2_test/logs/336//more_rs0/log.3361p000
FINISHED NOW!
logging to.../global/cscratch1/sd/huikong/obiwan_Aug/repos_for_docker/obiwan_out/chunk21_10deg2_test/logs/336//more_rs0/log.3361p002
FINISHED NOW!
logging to.../global/cscratch1/sd/huikong/obiwan_Aug/repos_for_docker/obiwan_out/chunk21_10deg2_test/logs/336//more_rs0/log.3361p005
FINISHED NOW!
logging to.../global/cscratch1/sd/huikong/obiwan_Aug/repos_for_docker/obiwan_out/chunk21_10deg2_test/logs/336//more_rs0/log.3361p007
FINISHED NOW!
logging to.../global/cscratch1/sd/huikong/obiwan_Aug/repos_for_docker/obiwan_out/chunk21_10deg2_test/logs/336//more_rs0/log.3363m002
FINISHED NOW!
logging to.../global/cscratch1/sd/huikong/obiwan_Aug/repos_for_docker/obiwan_out/chunk21_10deg2_test/logs/336//more_rs0/log.3363m005
FINISHED NOW!
logging to.../global/cscratch1/sd/huikong/obiwan_Aug/repos_for_docker/obiwan_out/chunk21_10deg2_test/logs/336//more_rs0/log.3363m007
FINISHED NOW!
logging to.../global/cscratch1/sd/huikong/obiwan_Aug/repos_for_docker/obiwan_out/chunk21_10deg2_test/logs/336//more_rs0/log.3363p000
FINISHED NOW!
logging to.../global/cscratch1/sd/huikong/obiwan_Aug/repos_for_docker/obiwan_out/chunk21_10deg2_test/logs/336//more_rs0/log.3363p002
FINISHED NOW!
logging to.../global/cscratch1/sd/huikong/obiwan_Aug/repos_for_docker/obiwan_out/chunk21_10deg2_test/logs/336//more_rs0/log.3363p005
FINISHED NOW!
logging to.../global/cscratch1/sd/huikong/obiwan_Aug/repos_for_docker/obiwan_out/chunk21_10deg2_test/logs/336//more_rs0/log.3363p007
FINISHED NOW!
logging to.../global/cscratch1/sd/huikong/obiwan_Aug/repos_for_docker/obiwan_out/chunk21_10deg2_test/logs/336//more_rs0/log.3366m002
FINISHED NOW!
logging to.../global/cscratch1/sd/huikong/obiwan_Aug/repos_for_docker/obiwan_out/chunk21_10deg2_test/logs/336//more_rs0/log.3366m005
FINISHED NOW!
logging to.../global/cscratch1/sd/huikong/obiwan_Aug/repos_for_docker/obiwan_out/chunk21_10deg2_test/logs/336//more_rs0/log.3366m007
FINISHED NOW!
logging to.../global/cscratch1/sd/huikong/obiwan_Aug/repos_for_docker/obiwan_out/chunk21_10deg2_test/logs/336//more_rs0/log.3366p000
FINISHED NOW!
logging to.../global/cscratch1/sd/huikong/obiwan_Aug/repos_for_docker/obiwan_out/chunk21_10deg2_test/logs/336//more_rs0/log.3366p002
FINISHED NOW!
logging to.../global/cscratch1/sd/huikong/obiwan_Aug/repos_for_docker/obiwan_out/chunk21_10deg2_test/logs/336//more_rs0/log.3366p005
FINISHED NOW!
logging to.../global/cscratch1/sd/huikong/obiwan_Aug/repos_for_docker/obiwan_out/chunk21_10deg2_test/logs/336//more_rs0/log.3366p007
FINISHED NOW!
logging to.../global/cscratch1/sd/huikong/obiwan_Aug/repos_for_docker/obiwan_out/chunk21_10deg2_test/logs/336//more_rs0/log.3368m002
FINISHED NOW!
logging to.../global/cscratch1/sd/huikong/obiwan_Aug/repos_for_docker/obiwan_out/chunk21_10deg2_test/logs/336//more_rs0/log.3368m005
FINISHED NOW!
logging to.../global/cscratch1/sd/huikong/obiwan_Aug/repos_for_docker/obiwan_out/chunk21_10deg2_test/logs/336//more_rs0/log.3368m007
FINISHED NOW!
logging to.../global/cscratch1/sd/huikong/obiwan_Aug/repos_for_docker/obiwan_out/chunk21_10deg2_test/logs/336//more_rs0/log.3368p000
FINISHED NOW!
logging to.../global/cscratch1/sd/huikong/obiwan_Aug/repos_for_docker/obiwan_out/chunk21_10deg2_test/logs/336//more_rs0/log.3368p002
FINISHED NOW!
logging to.../global/cscratch1/sd/huikong/obiwan_Aug/repos_for_docker/obiwan_out/chunk21_10deg2_test/logs/336//more_rs0/log.3368p005
FINISHED NOW!
logging to.../global/cscratch1/sd/huikong/obiwan_Aug/repos_for_docker/obiwan_out/chunk21_10deg2_test/logs/336//more_rs0/log.3368p007
FINISHED NOW!
logging to.../global/cscratch1/sd/huikong/obiwan_Aug/repos_for_docker/obiwan_out/chunk21_10deg2_test/logs/337//more_rs0/log.3371m002
FINISHED NOW!
logging to.../global/cscratch1/sd/huikong/obiwan_Aug/repos_for_docker/obiwan_out/chunk21_10deg2_test/logs/337//more_rs0/log.3371m005
FINISHED NOW!
logging to.../global/cscratch1/sd/huikong/obiwan_Aug/repos_for_docker/obiwan_out/chunk21_10deg2_test/logs/337//more_rs0/log.3371m007
FINISHED NOW!
logging to.../global/cscratch1/sd/huikong/obiwan_Aug/repos_for_docker/obiwan_out/chunk21_10deg2_test/logs/337//more_rs0/log.3371p002
FINISHED NOW!
logging to.../global/cscratch1/sd/huikong/obiwan_Aug/repos_for_docker/obiwan_out/chunk21_10deg2_test/logs/337//more_rs0/log.3371p005
FINISHED NOW!
logging to.../global/cscratch1/sd/huikong/obiwan_Aug/repos_for_docker/obiwan_out/chunk21_10deg2_test/logs/337//more_rs0/log.3371p007
FINISHED NOW!
logging to.../global/cscratch1/sd/huikong/obiwan_Aug/repos_for_docker/obiwan_out/chunk21_10deg2_test/logs/337//more_rs0/log.3373m002
FINISHED NOW!
logging to.../global/cscratch1/sd/huikong/obiwan_Aug/repos_for_docker/obiwan_out/chunk21_10deg2_test/logs/337//more_rs0/log.3373m005
slurmstepd: error: *** STEP 22525362.1 ON nid00729 CANCELLED AT 2019-06-24T12:42:41 DUE TO TIME LIMIT ***
srun: got SIGCONT
srun: forcing job termination
