logging to.../global/cscratch1/sd/huikong/obiwan_Aug/repos_for_docker/obiwan_out/chunk21_new_calib/logs/352//more_rs0/log.3526p007
logging to.../global/cscratch1/sd/huikong/obiwan_Aug/repos_for_docker/obiwan_out/chunk21_new_calib/logs/334//more_rs0/log.3346m002
logging to.../global/cscratch1/sd/huikong/obiwan_Aug/repos_for_docker/obiwan_out/chunk21_new_calib/logs/330//more_rs0/log.3303p015
logging to.../global/cscratch1/sd/huikong/obiwan_Aug/repos_for_docker/obiwan_out/chunk21_new_calib/logs/351//more_rs0/log.3516m012
logging to.../global/cscratch1/sd/huikong/obiwan_Aug/repos_for_docker/obiwan_out/chunk21_new_calib/logs/343//more_rs0/log.3433m012
logging to.../global/cscratch1/sd/huikong/obiwan_Aug/repos_for_docker/obiwan_out/chunk21_new_calib/logs/344//more_rs0/log.3446m005
logging to.../global/cscratch1/sd/huikong/obiwan_Aug/repos_for_docker/obiwan_out/chunk21_new_calib/logs/322//more_rs0/log.3221m020
logging to.../global/cscratch1/sd/huikong/obiwan_Aug/repos_for_docker/obiwan_out/chunk21_new_calib/logs/327//more_rs0/log.3278p005
logging to.../global/cscratch1/sd/huikong/obiwan_Aug/repos_for_docker/obiwan_out/chunk21_new_calib/logs/335//more_rs0/log.3358m017
logging to.../global/cscratch1/sd/huikong/obiwan_Aug/repos_for_docker/obiwan_out/chunk21_new_calib/logs/331//more_rs0/log.3318p020
logging to.../global/cscratch1/sd/huikong/obiwan_Aug/repos_for_docker/obiwan_out/chunk21_new_calib/logs/358//more_rs0/log.3586m012
logging to.../global/cscratch1/sd/huikong/obiwan_Aug/repos_for_docker/obiwan_out/chunk21_new_calib/logs/325//more_rs0/log.3253p002
logging to.../global/cscratch1/sd/huikong/obiwan_Aug/repos_for_docker/obiwan_out/chunk21_new_calib/logs/320//more_rs0/log.3206m020
logging to.../global/cscratch1/sd/huikong/obiwan_Aug/repos_for_docker/obiwan_out/chunk21_new_calib/logs/324//more_rs0/log.3243m007
logging to.../global/cscratch1/sd/huikong/obiwan_Aug/repos_for_docker/obiwan_out/chunk21_new_calib/logs/326//more_rs0/log.3266p007
logging to.../global/cscratch1/sd/huikong/obiwan_Aug/repos_for_docker/obiwan_out/chunk21_new_calib/logs/339//more_rs0/log.3396m010
logging to.../global/cscratch1/sd/huikong/obiwan_Aug/repos_for_docker/obiwan_out/chunk21_new_calib/logs/352//more_rs0/log.3521p005
logging to.../global/cscratch1/sd/huikong/obiwan_Aug/repos_for_docker/obiwan_out/chunk21_new_calib/logs/344//more_rs0/log.3443m012
logging to.../global/cscratch1/sd/huikong/obiwan_Aug/repos_for_docker/obiwan_out/chunk21_new_calib/logs/320//more_rs0/log.3206m005
logging to.../global/cscratch1/sd/huikong/obiwan_Aug/repos_for_docker/obiwan_out/chunk21_new_calib/logs/338//more_rs0/log.3383p005
logging to.../global/cscratch1/sd/huikong/obiwan_Aug/repos_for_docker/obiwan_out/chunk21_new_calib/logs/336//more_rs0/log.3361p012
logging to.../global/cscratch1/sd/huikong/obiwan_Aug/repos_for_docker/obiwan_out/chunk21_new_calib/logs/338//more_rs0/log.3388p005
logging to.../global/cscratch1/sd/huikong/obiwan_Aug/repos_for_docker/obiwan_out/chunk21_new_calib/logs/331//more_rs0/log.3318m012
logging to.../global/cscratch1/sd/huikong/obiwan_Aug/repos_for_docker/obiwan_out/chunk21_new_calib/logs/355//more_rs0/log.3558p000
logging to.../global/cscratch1/sd/huikong/obiwan_Aug/repos_for_docker/obiwan_out/chunk21_new_calib/logs/341//more_rs0/log.3411m002
logging to.../global/cscratch1/sd/huikong/obiwan_Aug/repos_for_docker/obiwan_out/chunk21_new_calib/logs/349//more_rs0/log.3493m002
logging to.../global/cscratch1/sd/huikong/obiwan_Aug/repos_for_docker/obiwan_out/chunk21_new_calib/logs/353//more_rs0/log.3531m007
logging to.../global/cscratch1/sd/huikong/obiwan_Aug/repos_for_docker/obiwan_out/chunk21_new_calib/logs/336//more_rs0/log.3361m020
logging to.../global/cscratch1/sd/huikong/obiwan_Aug/repos_for_docker/obiwan_out/chunk21_new_calib/logs/317//more_rs0/log.3178p015
logging to.../global/cscratch1/sd/huikong/obiwan_Aug/repos_for_docker/obiwan_out/chunk21_new_calib/logs/344//more_rs0/log.3446m015
logging to.../global/cscratch1/sd/huikong/obiwan_Aug/repos_for_docker/obiwan_out/chunk21_new_calib/logs/326//more_rs0/log.3261m002
logging to.../global/cscratch1/sd/huikong/obiwan_Aug/repos_for_docker/obiwan_out/chunk21_new_calib/logs/318//more_rs0/log.3188m007
logging to.../global/cscratch1/sd/huikong/obiwan_Aug/repos_for_docker/obiwan_out/chunk21_new_calib/logs/359//more_rs0/log.3593p007
logging to.../global/cscratch1/sd/huikong/obiwan_Aug/repos_for_docker/obiwan_out/chunk21_new_calib/logs/319//more_rs0/log.3193m012
logging to.../global/cscratch1/sd/huikong/obiwan_Aug/repos_for_docker/obiwan_out/chunk21_new_calib/logs/324//more_rs0/log.3248p000
logging to.../global/cscratch1/sd/huikong/obiwan_Aug/repos_for_docker/obiwan_out/chunk21_new_calib/logs/320//more_rs0/log.3206p007
logging to.../global/cscratch1/sd/huikong/obiwan_Aug/repos_for_docker/obiwan_out/chunk21_new_calib/logs/323//more_rs0/log.3236m010
logging to.../global/cscratch1/sd/huikong/obiwan_Aug/repos_for_docker/obiwan_out/chunk21_new_calib/logs/334//more_rs0/log.3341m005
logging to.../global/cscratch1/sd/huikong/obiwan_Aug/repos_for_docker/obiwan_out/chunk21_new_calib/logs/327//more_rs0/log.3276p002
FINISHED NOW!
FINISHED NOW!
FINISHED NOW!
FINISHED NOW!
FINISHED NOW!
FINISHED NOW!
FINISHED NOW!
FINISHED NOW!
FINISHED NOW!
FINISHED NOW!
FINISHED NOW!
FINISHED NOW!
FINISHED NOW!
FINISHED NOW!
FINISHED NOW!
FINISHED NOW!
FINISHED NOW!
FINISHED NOW!
FINISHED NOW!
FINISHED NOW!
FINISHED NOW!
FINISHED NOW!
FINISHED NOW!
FINISHED NOW!
FINISHED NOW!
FINISHED NOW!
FINISHED NOW!
FINISHED NOW!
FINISHED NOW!
FINISHED NOW!
FINISHED NOW!
FINISHED NOW!
FINISHED NOW!
FINISHED NOW!
FINISHED NOW!
FINISHED NOW!
FINISHED NOW!
FINISHED NOW!
FINISHED NOW!
I am  nid12924 rank 1 (total 40)
  Slave nid12924 rank 1 executing "3303p015" task_id "1"
Task completed (rank 1)
I am  nid12925 rank 2 (total 40)
  Slave nid12925 rank 2 executing "3318p020" task_id "6"
Task completed (rank 2)
I am  nid12926 rank 5 (total 40)
  Slave nid12926 rank 5 executing "3248p000" task_id "34"
Task completed (rank 5)
I am  nid12929 rank 10 (total 40)
  Slave nid12929 rank 10 executing "3253p002" task_id "11"
Task completed (rank 10)
I am  nid12925 rank 3 (total 40)
  Slave nid12925 rank 3 executing "3446m015" task_id "29"
Task completed (rank 3)
I am  nid12926 rank 4 (total 40)
  Slave nid12926 rank 4 executing "3358m017" task_id "8"
Task completed (rank 4)
I am  nid12927 rank 6 (total 40)
  Slave nid12927 rank 6 executing "3516m012" task_id "3"
Task completed (rank 6)
I am  nid12928 rank 8 (total 40)
  Slave nid12928 rank 8 executing "3526p007" task_id "4"
Task completed (rank 8)
I am  nid12924 rank 0 (total 40)
Master: slave finished is task and says "I completed my task (12)"
Master: slave finished is task and says "I completed my task (6)"
Master: slave finished is task and says "I completed my task (9)"
Master: slave finished is task and says "I completed my task (20)"
Master: slave finished is task and says "I completed my task (10)"
Master: slave finished is task and says "I completed my task (1)"
Master: slave finished is task and says "I completed my task (22)"
Master: slave finished is task and says "I completed my task (5)"
Master: slave finished is task and says "I completed my task (3)"
Master: slave finished is task and says "I completed my task (21)"
Master: slave finished is task and says "I completed my task (14)"
Master: slave finished is task and says "I completed my task (38)"
Master: slave finished is task and says "I completed my task (19)"
Master: slave finished is task and says "I completed my task (13)"
I am  nid12931 rank 14 (total 40)
  Slave nid12931 rank 14 executing "3276p002" task_id "38"
Task completed (rank 14)
I am  nid12939 rank 30 (total 40)
  Slave nid12939 rank 30 executing "3558p000" task_id "23"
Task completed (rank 30)
I am  nid12943 rank 38 (total 40)
  Slave nid12943 rank 38 executing "3261m002" task_id "30"
Task completed (rank 38)
I am  nid12929 rank 11 (total 40)
  Slave nid12929 rank 11 executing "3586m012" task_id "10"
Task completed (rank 11)
I am  nid12932 rank 16 (total 40)
  Slave nid12932 rank 16 executing "3346m002" task_id "2"
Task completed (rank 16)
I am  nid12942 rank 36 (total 40)
  Slave nid12942 rank 36 executing "3361m020" task_id "27"
Task completed (rank 36)
I am  nid12941 rank 34 (total 40)
  Slave nid12941 rank 34 executing "3383p005" task_id "19"
Task completed (rank 34)
I am  nid12930 rank 12 (total 40)
  Slave nid12930 rank 12 executing "3443m012" task_id "17"
Task completed (rank 12)
I am  nid12940 rank 32 (total 40)
  Slave nid12940 rank 32 executing "3446m005" task_id "0"
Task completed (rank 32)
I am  nid12936 rank 24 (total 40)
  Slave nid12936 rank 24 executing "3433m012" task_id "5"
Task completed (rank 24)
I am  nid12937 rank 26 (total 40)
  Slave nid12937 rank 26 executing "3388p005" task_id "21"
Task completed (rank 26)
I am  nid12938 rank 28 (total 40)
  Slave nid12938 rank 28 executing "3221m020" task_id "9"
Task completed (rank 28)
I am  nid12935 rank 22 (total 40)
  Slave nid12935 rank 22 executing "3206p007" task_id "35"
Task completed (rank 22)
I am  nid12933 rank 18 (total 40)
  Slave nid12933 rank 18 executing "3493m002" task_id "25"
Task completed (rank 18)
I am  nid12927 rank 7 (total 40)
  Slave nid12927 rank 7 executing "3396m010" task_id "15"
Task completed (rank 7)
I am  nid12928 rank 9 (total 40)
  Slave nid12928 rank 9 executing "3193m012" task_id "33"
Task completed (rank 9)
I am  nid12934 rank 20 (total 40)
  Slave nid12934 rank 20 executing "3243m007" task_id "13"
Task completed (rank 20)
Master: slave finished is task and says "I completed my task (25)"
Master: slave finished is task and says "I completed my task (37)"
Master: slave finished is task and says "I completed my task (33)"
Master: slave finished is task and says "I completed my task (32)"
Master: slave finished is task and says "I completed my task (7)"
Master: slave finished is task and says "I completed my task (23)"
Master: slave finished is task and says "I completed my task (2)"
Master: slave finished is task and says "I completed my task (26)"
Master: slave finished is task and says "I completed my task (30)"
Master: slave finished is task and says "I completed my task (36)"
Master: slave finished is task and says "I completed my task (16)"
Master: slave finished is task and says "I completed my task (15)"
Master: slave finished is task and says "I completed my task (18)"
Master: slave finished is task and says "I completed my task (27)"
Master: slave finished is task and says "I completed my task (0)"
I am  nid12931 rank 15 (total 40)
  Slave nid12931 rank 15 executing "3341m005" task_id "37"
Task completed (rank 15)
I am  nid12939 rank 31 (total 40)
  Slave nid12939 rank 31 executing "3318m012" task_id "22"
Task completed (rank 31)
I am  nid12943 rank 39 (total 40)
  Slave nid12943 rank 39 executing "3188m007" task_id "31"
Task completed (rank 39)
I am  nid12932 rank 17 (total 40)
  Slave nid12932 rank 17 executing "3411m002" task_id "24"
Task completed (rank 17)
I am  nid12942 rank 37 (total 40)
  Slave nid12942 rank 37 executing "3178p015" task_id "28"
Task completed (rank 37)
I am  nid12941 rank 35 (total 40)
  Slave nid12941 rank 35 executing "3206m005" task_id "18"
Task completed (rank 35)
I am  nid12930 rank 13 (total 40)
  Slave nid12930 rank 13 executing "3521p005" task_id "16"
Task completed (rank 13)
I am  nid12940 rank 33 (total 40)
  Slave nid12940 rank 33 executing "3593p007" task_id "32"
Task completed (rank 33)
I am  nid12936 rank 25 (total 40)
  Slave nid12936 rank 25 executing "3266p007" task_id "14"
Task completed (rank 25)
I am  nid12937 rank 27 (total 40)
  Slave nid12937 rank 27 executing "3361p012" task_id "20"
Task completed (rank 27)
I am  nid12938 rank 29 (total 40)
  Slave nid12938 rank 29 executing "3278p005" task_id "7"
Task completed (rank 29)
I am  nid12935 rank 23 (total 40)
  Slave nid12935 rank 23 executing "3236m010" task_id "36"
Task completed (rank 23)
I am  nid12933 rank 19 (total 40)
  Slave nid12933 rank 19 executing "3531m007" task_id "26"
Task completed (rank 19)
I am  nid12934 rank 21 (total 40)
  Slave nid12934 rank 21 executing "3206m020" task_id "12"
Task completed (rank 21)
Master: slave finished is task and says "I completed my task (31)"
Master: slave finished is task and says "I completed my task (8)"
Master: slave finished is task and says "I completed my task (28)"
Master: slave finished is task and says "I completed my task (35)"
Master: slave finished is task and says "I completed my task (24)"
Master: slave finished is task and says "I completed my task (4)"
Master: slave finished is task and says "I completed my task (17)"
Master: slave finished is task and says "I completed my task (29)"
Master: slave finished is task and says "I completed my task (11)"
Master: slave finished is task and says "I completed my task (34)"
Task completed (rank 0)
