logging to.../global/cscratch1/sd/huikong/obiwan_Aug/repos_for_docker/obiwan_out/chunk21_new_calib/logs/323//more_rs0/log.3231p000
logging to.../global/cscratch1/sd/huikong/obiwan_Aug/repos_for_docker/obiwan_out/chunk21_new_calib/logs/356//more_rs0/log.3563p002
logging to.../global/cscratch1/sd/huikong/obiwan_Aug/repos_for_docker/obiwan_out/chunk21_new_calib/logs/342//more_rs0/log.3428p000
logging to.../global/cscratch1/sd/huikong/obiwan_Aug/repos_for_docker/obiwan_out/chunk21_new_calib/logs/352//more_rs0/log.3526p007
logging to.../global/cscratch1/sd/huikong/obiwan_Aug/repos_for_docker/obiwan_out/chunk21_new_calib/logs/353//more_rs0/log.3531m015
logging to.../global/cscratch1/sd/huikong/obiwan_Aug/repos_for_docker/obiwan_out/chunk21_new_calib/logs/350//more_rs0/log.3508m015
logging to.../global/cscratch1/sd/huikong/obiwan_Aug/repos_for_docker/obiwan_out/chunk21_new_calib/logs/356//more_rs0/log.3568p005
logging to.../global/cscratch1/sd/huikong/obiwan_Aug/repos_for_docker/obiwan_out/chunk21_new_calib/logs/347//more_rs0/log.3476p000
logging to.../global/cscratch1/sd/huikong/obiwan_Aug/repos_for_docker/obiwan_out/chunk21_new_calib/logs/320//more_rs0/log.3206m010
logging to.../global/cscratch1/sd/huikong/obiwan_Aug/repos_for_docker/obiwan_out/chunk21_new_calib/logs/345//more_rs0/log.3456m015
logging to.../global/cscratch1/sd/huikong/obiwan_Aug/repos_for_docker/obiwan_out/chunk21_new_calib/logs/351//more_rs0/log.3516p002
logging to.../global/cscratch1/sd/huikong/obiwan_Aug/repos_for_docker/obiwan_out/chunk21_new_calib/logs/358//more_rs0/log.3586m010
logging to.../global/cscratch1/sd/huikong/obiwan_Aug/repos_for_docker/obiwan_out/chunk21_new_calib/logs/331//more_rs0/log.3316p002
logging to.../global/cscratch1/sd/huikong/obiwan_Aug/repos_for_docker/obiwan_out/chunk21_new_calib/logs/352//more_rs0/log.3526p000
logging to.../global/cscratch1/sd/huikong/obiwan_Aug/repos_for_docker/obiwan_out/chunk21_new_calib/logs/345//more_rs0/log.3453p012
logging to.../global/cscratch1/sd/huikong/obiwan_Aug/repos_for_docker/obiwan_out/chunk21_new_calib/logs/341//more_rs0/log.3411p000
logging to.../global/cscratch1/sd/huikong/obiwan_Aug/repos_for_docker/obiwan_out/chunk21_new_calib/logs/325//more_rs0/log.3253p017
logging to.../global/cscratch1/sd/huikong/obiwan_Aug/repos_for_docker/obiwan_out/chunk21_new_calib/logs/344//more_rs0/log.3443p010
logging to.../global/cscratch1/sd/huikong/obiwan_Aug/repos_for_docker/obiwan_out/chunk21_new_calib/logs/331//more_rs0/log.3313m020
logging to.../global/cscratch1/sd/huikong/obiwan_Aug/repos_for_docker/obiwan_out/chunk21_new_calib/logs/341//more_rs0/log.3411p015
logging to.../global/cscratch1/sd/huikong/obiwan_Aug/repos_for_docker/obiwan_out/chunk21_new_calib/logs/321//more_rs0/log.3218m005
logging to.../global/cscratch1/sd/huikong/obiwan_Aug/repos_for_docker/obiwan_out/chunk21_new_calib/logs/355//more_rs0/log.3556p000
logging to.../global/cscratch1/sd/huikong/obiwan_Aug/repos_for_docker/obiwan_out/chunk21_new_calib/logs/345//more_rs0/log.3456m017
logging to.../global/cscratch1/sd/huikong/obiwan_Aug/repos_for_docker/obiwan_out/chunk21_new_calib/logs/343//more_rs0/log.3433p015
logging to.../global/cscratch1/sd/huikong/obiwan_Aug/repos_for_docker/obiwan_out/chunk21_new_calib/logs/339//more_rs0/log.3398m007
logging to.../global/cscratch1/sd/huikong/obiwan_Aug/repos_for_docker/obiwan_out/chunk21_new_calib/logs/326//more_rs0/log.3268m015
logging to.../global/cscratch1/sd/huikong/obiwan_Aug/repos_for_docker/obiwan_out/chunk21_new_calib/logs/329//more_rs0/log.3296m020
logging to.../global/cscratch1/sd/huikong/obiwan_Aug/repos_for_docker/obiwan_out/chunk21_new_calib/logs/356//more_rs0/log.3568m002
logging to.../global/cscratch1/sd/huikong/obiwan_Aug/repos_for_docker/obiwan_out/chunk21_new_calib/logs/334//more_rs0/log.3346m012
logging to.../global/cscratch1/sd/huikong/obiwan_Aug/repos_for_docker/obiwan_out/chunk21_new_calib/logs/350//more_rs0/log.3506p000
logging to.../global/cscratch1/sd/huikong/obiwan_Aug/repos_for_docker/obiwan_out/chunk21_new_calib/logs/336//more_rs0/log.3361p005
logging to.../global/cscratch1/sd/huikong/obiwan_Aug/repos_for_docker/obiwan_out/chunk21_new_calib/logs/359//more_rs0/log.3593m007
logging to.../global/cscratch1/sd/huikong/obiwan_Aug/repos_for_docker/obiwan_out/chunk21_new_calib/logs/329//more_rs0/log.3298p007
logging to.../global/cscratch1/sd/huikong/obiwan_Aug/repos_for_docker/obiwan_out/chunk21_new_calib/logs/346//more_rs0/log.3468m017
logging to.../global/cscratch1/sd/huikong/obiwan_Aug/repos_for_docker/obiwan_out/chunk21_new_calib/logs/331//more_rs0/log.3311p020
logging to.../global/cscratch1/sd/huikong/obiwan_Aug/repos_for_docker/obiwan_out/chunk21_new_calib/logs/351//more_rs0/log.3516p005
logging to.../global/cscratch1/sd/huikong/obiwan_Aug/repos_for_docker/obiwan_out/chunk21_new_calib/logs/353//more_rs0/log.3531p012
logging to.../global/cscratch1/sd/huikong/obiwan_Aug/repos_for_docker/obiwan_out/chunk21_new_calib/logs/326//more_rs0/log.3268p020
logging to.../global/cscratch1/sd/huikong/obiwan_Aug/repos_for_docker/obiwan_out/chunk21_new_calib/logs/324//more_rs0/log.3248p000
FINISHED NOW!
logging to.../global/cscratch1/sd/huikong/obiwan_Aug/repos_for_docker/obiwan_out/chunk21_new_calib/logs/319//more_rs0/log.3196p005
FINISHED NOW!
logging to.../global/cscratch1/sd/huikong/obiwan_Aug/repos_for_docker/obiwan_out/chunk21_new_calib/logs/330//more_rs0/log.3306p002
FINISHED NOW!
logging to.../global/cscratch1/sd/huikong/obiwan_Aug/repos_for_docker/obiwan_out/chunk21_new_calib/logs/318//more_rs0/log.3181p017
FINISHED NOW!
logging to.../global/cscratch1/sd/huikong/obiwan_Aug/repos_for_docker/obiwan_out/chunk21_new_calib/logs/353//more_rs0/log.3536p007
FINISHED NOW!
logging to.../global/cscratch1/sd/huikong/obiwan_Aug/repos_for_docker/obiwan_out/chunk21_new_calib/logs/346//more_rs0/log.3468m002
FINISHED NOW!
logging to.../global/cscratch1/sd/huikong/obiwan_Aug/repos_for_docker/obiwan_out/chunk21_new_calib/logs/326//more_rs0/log.3263m010
FINISHED NOW!
logging to.../global/cscratch1/sd/huikong/obiwan_Aug/repos_for_docker/obiwan_out/chunk21_new_calib/logs/342//more_rs0/log.3423p020
FINISHED NOW!
logging to.../global/cscratch1/sd/huikong/obiwan_Aug/repos_for_docker/obiwan_out/chunk21_new_calib/logs/342//more_rs0/log.3421m010
FINISHED NOW!
logging to.../global/cscratch1/sd/huikong/obiwan_Aug/repos_for_docker/obiwan_out/chunk21_new_calib/logs/321//more_rs0/log.3218m020
FINISHED NOW!
logging to.../global/cscratch1/sd/huikong/obiwan_Aug/repos_for_docker/obiwan_out/chunk21_new_calib/logs/354//more_rs0/log.3548m007
FINISHED NOW!
logging to.../global/cscratch1/sd/huikong/obiwan_Aug/repos_for_docker/obiwan_out/chunk21_new_calib/logs/332//more_rs0/log.3323m015
FINISHED NOW!
logging to.../global/cscratch1/sd/huikong/obiwan_Aug/repos_for_docker/obiwan_out/chunk21_new_calib/logs/332//more_rs0/log.3326p005
FINISHED NOW!
logging to.../global/cscratch1/sd/huikong/obiwan_Aug/repos_for_docker/obiwan_out/chunk21_new_calib/logs/358//more_rs0/log.3581p012
FINISHED NOW!
logging to.../global/cscratch1/sd/huikong/obiwan_Aug/repos_for_docker/obiwan_out/chunk21_new_calib/logs/339//more_rs0/log.3393m005
FINISHED NOW!
FINISHED NOW!
logging to.../global/cscratch1/sd/huikong/obiwan_Aug/repos_for_docker/obiwan_out/chunk21_new_calib/logs/346//more_rs0/log.3466m005
logging to.../global/cscratch1/sd/huikong/obiwan_Aug/repos_for_docker/obiwan_out/chunk21_new_calib/logs/335//more_rs0/log.3358m017
FINISHED NOW!
logging to.../global/cscratch1/sd/huikong/obiwan_Aug/repos_for_docker/obiwan_out/chunk21_new_calib/logs/344//more_rs0/log.3441p000
FINISHED NOW!
logging to.../global/cscratch1/sd/huikong/obiwan_Aug/repos_for_docker/obiwan_out/chunk21_new_calib/logs/327//more_rs0/log.3271p010
FINISHED NOW!
logging to.../global/cscratch1/sd/huikong/obiwan_Aug/repos_for_docker/obiwan_out/chunk21_new_calib/logs/319//more_rs0/log.3193p010
FINISHED NOW!
logging to.../global/cscratch1/sd/huikong/obiwan_Aug/repos_for_docker/obiwan_out/chunk21_new_calib/logs/318//more_rs0/log.3181p000
FINISHED NOW!
logging to.../global/cscratch1/sd/huikong/obiwan_Aug/repos_for_docker/obiwan_out/chunk21_new_calib/logs/327//more_rs0/log.3273m007
FINISHED NOW!
logging to.../global/cscratch1/sd/huikong/obiwan_Aug/repos_for_docker/obiwan_out/chunk21_new_calib/logs/344//more_rs0/log.3443m012
FINISHED NOW!
logging to.../global/cscratch1/sd/huikong/obiwan_Aug/repos_for_docker/obiwan_out/chunk21_new_calib/logs/332//more_rs0/log.3321m012
FINISHED NOW!
logging to.../global/cscratch1/sd/huikong/obiwan_Aug/repos_for_docker/obiwan_out/chunk21_new_calib/logs/348//more_rs0/log.3486p017
FINISHED NOW!
logging to.../global/cscratch1/sd/huikong/obiwan_Aug/repos_for_docker/obiwan_out/chunk21_new_calib/logs/325//more_rs0/log.3253m012
FINISHED NOW!
logging to.../global/cscratch1/sd/huikong/obiwan_Aug/repos_for_docker/obiwan_out/chunk21_new_calib/logs/355//more_rs0/log.3553p010
FINISHED NOW!
logging to.../global/cscratch1/sd/huikong/obiwan_Aug/repos_for_docker/obiwan_out/chunk21_new_calib/logs/336//more_rs0/log.3361m020
FINISHED NOW!
logging to.../global/cscratch1/sd/huikong/obiwan_Aug/repos_for_docker/obiwan_out/chunk21_new_calib/logs/337//more_rs0/log.3373p002
FINISHED NOW!
logging to.../global/cscratch1/sd/huikong/obiwan_Aug/repos_for_docker/obiwan_out/chunk21_new_calib/logs/341//more_rs0/log.3418m010
FINISHED NOW!
logging to.../global/cscratch1/sd/huikong/obiwan_Aug/repos_for_docker/obiwan_out/chunk21_new_calib/logs/333//more_rs0/log.3338m005
FINISHED NOW!
logging to.../global/cscratch1/sd/huikong/obiwan_Aug/repos_for_docker/obiwan_out/chunk21_new_calib/logs/317//more_rs0/log.3178p015
FINISHED NOW!
logging to.../global/cscratch1/sd/huikong/obiwan_Aug/repos_for_docker/obiwan_out/chunk21_new_calib/logs/344//more_rs0/log.3446m015
FINISHED NOW!
logging to.../global/cscratch1/sd/huikong/obiwan_Aug/repos_for_docker/obiwan_out/chunk21_new_calib/logs/319//more_rs0/log.3191m012
FINISHED NOW!
logging to.../global/cscratch1/sd/huikong/obiwan_Aug/repos_for_docker/obiwan_out/chunk21_new_calib/logs/346//more_rs0/log.3468m020
FINISHED NOW!
logging to.../global/cscratch1/sd/huikong/obiwan_Aug/repos_for_docker/obiwan_out/chunk21_new_calib/logs/326//more_rs0/log.3261m002
FINISHED NOW!
logging to.../global/cscratch1/sd/huikong/obiwan_Aug/repos_for_docker/obiwan_out/chunk21_new_calib/logs/319//more_rs0/log.3196p010
FINISHED NOW!
FINISHED NOW!
logging to.../global/cscratch1/sd/huikong/obiwan_Aug/repos_for_docker/obiwan_out/chunk21_new_calib/logs/331//more_rs0/log.3318m017
logging to.../global/cscratch1/sd/huikong/obiwan_Aug/repos_for_docker/obiwan_out/chunk21_new_calib/logs/331//more_rs0/log.3316p000
FINISHED NOW!
logging to.../global/cscratch1/sd/huikong/obiwan_Aug/repos_for_docker/obiwan_out/chunk21_new_calib/logs/318//more_rs0/log.3188m007
FINISHED NOW!
logging to.../global/cscratch1/sd/huikong/obiwan_Aug/repos_for_docker/obiwan_out/chunk21_new_calib/logs/359//more_rs0/log.3593p007
FINISHED NOW!
logging to.../global/cscratch1/sd/huikong/obiwan_Aug/repos_for_docker/obiwan_out/chunk21_new_calib/logs/330//more_rs0/log.3306p007
FINISHED NOW!
logging to.../global/cscratch1/sd/huikong/obiwan_Aug/repos_for_docker/obiwan_out/chunk21_new_calib/logs/320//more_rs0/log.3208p005
FINISHED NOW!
logging to.../global/cscratch1/sd/huikong/obiwan_Aug/repos_for_docker/obiwan_out/chunk21_new_calib/logs/342//more_rs0/log.3428m017
FINISHED NOW!
logging to.../global/cscratch1/sd/huikong/obiwan_Aug/repos_for_docker/obiwan_out/chunk21_new_calib/logs/327//more_rs0/log.3273m020
FINISHED NOW!
logging to.../global/cscratch1/sd/huikong/obiwan_Aug/repos_for_docker/obiwan_out/chunk21_new_calib/logs/319//more_rs0/log.3193m012
FINISHED NOW!
logging to.../global/cscratch1/sd/huikong/obiwan_Aug/repos_for_docker/obiwan_out/chunk21_new_calib/logs/320//more_rs0/log.3206p007
FINISHED NOW!
logging to.../global/cscratch1/sd/huikong/obiwan_Aug/repos_for_docker/obiwan_out/chunk21_new_calib/logs/323//more_rs0/log.3236m010
FINISHED NOW!
logging to.../global/cscratch1/sd/huikong/obiwan_Aug/repos_for_docker/obiwan_out/chunk21_new_calib/logs/331//more_rs0/log.3313p020
FINISHED NOW!
logging to.../global/cscratch1/sd/huikong/obiwan_Aug/repos_for_docker/obiwan_out/chunk21_new_calib/logs/334//more_rs0/log.3341m005
FINISHED NOW!
logging to.../global/cscratch1/sd/huikong/obiwan_Aug/repos_for_docker/obiwan_out/chunk21_new_calib/logs/343//more_rs0/log.3431m020
FINISHED NOW!
logging to.../global/cscratch1/sd/huikong/obiwan_Aug/repos_for_docker/obiwan_out/chunk21_new_calib/logs/336//more_rs0/log.3361p020
FINISHED NOW!
logging to.../global/cscratch1/sd/huikong/obiwan_Aug/repos_for_docker/obiwan_out/chunk21_new_calib/logs/320//more_rs0/log.3201m017
FINISHED NOW!
logging to.../global/cscratch1/sd/huikong/obiwan_Aug/repos_for_docker/obiwan_out/chunk21_new_calib/logs/327//more_rs0/log.3276p002
FINISHED NOW!
logging to.../global/cscratch1/sd/huikong/obiwan_Aug/repos_for_docker/obiwan_out/chunk21_new_calib/logs/344//more_rs0/log.3446m005
FINISHED NOW!
logging to.../global/cscratch1/sd/huikong/obiwan_Aug/repos_for_docker/obiwan_out/chunk21_new_calib/logs/330//more_rs0/log.3303p015
FINISHED NOW!
logging to.../global/cscratch1/sd/huikong/obiwan_Aug/repos_for_docker/obiwan_out/chunk21_new_calib/logs/334//more_rs0/log.3346m002
FINISHED NOW!
logging to.../global/cscratch1/sd/huikong/obiwan_Aug/repos_for_docker/obiwan_out/chunk21_new_calib/logs/351//more_rs0/log.3516m012
FINISHED NOW!
logging to.../global/cscratch1/sd/huikong/obiwan_Aug/repos_for_docker/obiwan_out/chunk21_new_calib/logs/343//more_rs0/log.3433m012
FINISHED NOW!
logging to.../global/cscratch1/sd/huikong/obiwan_Aug/repos_for_docker/obiwan_out/chunk21_new_calib/logs/342//more_rs0/log.3423p005
FINISHED NOW!
logging to.../global/cscratch1/sd/huikong/obiwan_Aug/repos_for_docker/obiwan_out/chunk21_new_calib/logs/331//more_rs0/log.3318p020
FINISHED NOW!
logging to.../global/cscratch1/sd/huikong/obiwan_Aug/repos_for_docker/obiwan_out/chunk21_new_calib/logs/327//more_rs0/log.3278p005
FINISHED NOW!
FINISHED NOW!
logging to.../global/cscratch1/sd/huikong/obiwan_Aug/repos_for_docker/obiwan_out/chunk21_new_calib/logs/322//more_rs0/log.3221m020
logging to.../global/cscratch1/sd/huikong/obiwan_Aug/repos_for_docker/obiwan_out/chunk21_new_calib/logs/358//more_rs0/log.3586m012
FINISHED NOW!
logging to.../global/cscratch1/sd/huikong/obiwan_Aug/repos_for_docker/obiwan_out/chunk21_new_calib/logs/325//more_rs0/log.3253p002
FINISHED NOW!
logging to.../global/cscratch1/sd/huikong/obiwan_Aug/repos_for_docker/obiwan_out/chunk21_new_calib/logs/320//more_rs0/log.3206m020
FINISHED NOW!
logging to.../global/cscratch1/sd/huikong/obiwan_Aug/repos_for_docker/obiwan_out/chunk21_new_calib/logs/324//more_rs0/log.3243m007
FINISHED NOW!
logging to.../global/cscratch1/sd/huikong/obiwan_Aug/repos_for_docker/obiwan_out/chunk21_new_calib/logs/326//more_rs0/log.3266p007
FINISHED NOW!
FINISHED NOW!
logging to.../global/cscratch1/sd/huikong/obiwan_Aug/repos_for_docker/obiwan_out/chunk21_new_calib/logs/352//more_rs0/log.3521p005
logging to.../global/cscratch1/sd/huikong/obiwan_Aug/repos_for_docker/obiwan_out/chunk21_new_calib/logs/339//more_rs0/log.3396m010
FINISHED NOW!
logging to.../global/cscratch1/sd/huikong/obiwan_Aug/repos_for_docker/obiwan_out/chunk21_new_calib/logs/320//more_rs0/log.3206m005
FINISHED NOW!
logging to.../global/cscratch1/sd/huikong/obiwan_Aug/repos_for_docker/obiwan_out/chunk21_new_calib/logs/338//more_rs0/log.3383p005
FINISHED NOW!
logging to.../global/cscratch1/sd/huikong/obiwan_Aug/repos_for_docker/obiwan_out/chunk21_new_calib/logs/336//more_rs0/log.3361p012
FINISHED NOW!
logging to.../global/cscratch1/sd/huikong/obiwan_Aug/repos_for_docker/obiwan_out/chunk21_new_calib/logs/338//more_rs0/log.3388p005
FINISHED NOW!
logging to.../global/cscratch1/sd/huikong/obiwan_Aug/repos_for_docker/obiwan_out/chunk21_new_calib/logs/331//more_rs0/log.3318m012
FINISHED NOW!
logging to.../global/cscratch1/sd/huikong/obiwan_Aug/repos_for_docker/obiwan_out/chunk21_new_calib/logs/355//more_rs0/log.3558p000
FINISHED NOW!
logging to.../global/cscratch1/sd/huikong/obiwan_Aug/repos_for_docker/obiwan_out/chunk21_new_calib/logs/341//more_rs0/log.3411m002
FINISHED NOW!
logging to.../global/cscratch1/sd/huikong/obiwan_Aug/repos_for_docker/obiwan_out/chunk21_new_calib/logs/349//more_rs0/log.3493m002
FINISHED NOW!
logging to.../global/cscratch1/sd/huikong/obiwan_Aug/repos_for_docker/obiwan_out/chunk21_new_calib/logs/353//more_rs0/log.3531m007
srun: Job step aborted: Waiting up to 32 seconds for job step to finish.
slurmstepd: error: *** STEP 21836856.1 ON nid00725 CANCELLED AT 2019-05-29T09:33:57 DUE TO TIME LIMIT ***
srun: got SIGCONT
srun: forcing job termination
