logging to.../global/cscratch1/sd/huikong/obiwan_Aug/repos_for_docker/obiwan_out/chunk21_10deg2_test/logs/335//more_rs0/log.3351m005
logging to.../global/cscratch1/sd/huikong/obiwan_Aug/repos_for_docker/obiwan_out/chunk21_10deg2_test/logs/335//more_rs0/log.3351m002
logging to.../global/cscratch1/sd/huikong/obiwan_Aug/repos_for_docker/obiwan_out/chunk21_10deg2_test/logs/335//more_rs0/log.3351m007
FINISHED NOW!
FINISHED NOW!
FINISHED NOW!
logging to.../global/cscratch1/sd/huikong/obiwan_Aug/repos_for_docker/obiwan_out/chunk21_10deg2_test/logs/335//more_rs0/log.3351p002
logging to.../global/cscratch1/sd/huikong/obiwan_Aug/repos_for_docker/obiwan_out/chunk21_10deg2_test/logs/335//more_rs0/log.3351p000
logging to.../global/cscratch1/sd/huikong/obiwan_Aug/repos_for_docker/obiwan_out/chunk21_10deg2_test/logs/335//more_rs0/log.3351p005
FINISHED NOW!
FINISHED NOW!
FINISHED NOW!
logging to.../global/cscratch1/sd/huikong/obiwan_Aug/repos_for_docker/obiwan_out/chunk21_10deg2_test/logs/335//more_rs0/log.3353m002
logging to.../global/cscratch1/sd/huikong/obiwan_Aug/repos_for_docker/obiwan_out/chunk21_10deg2_test/logs/335//more_rs0/log.3351p007
logging to.../global/cscratch1/sd/huikong/obiwan_Aug/repos_for_docker/obiwan_out/chunk21_10deg2_test/logs/335//more_rs0/log.3353m005
FINISHED NOW!
FINISHED NOW!
FINISHED NOW!
logging to.../global/cscratch1/sd/huikong/obiwan_Aug/repos_for_docker/obiwan_out/chunk21_10deg2_test/logs/335//more_rs0/log.3353p000
logging to.../global/cscratch1/sd/huikong/obiwan_Aug/repos_for_docker/obiwan_out/chunk21_10deg2_test/logs/335//more_rs0/log.3353m007
logging to.../global/cscratch1/sd/huikong/obiwan_Aug/repos_for_docker/obiwan_out/chunk21_10deg2_test/logs/335//more_rs0/log.3353p002
FINISHED NOW!
FINISHED NOW!
FINISHED NOW!
logging to.../global/cscratch1/sd/huikong/obiwan_Aug/repos_for_docker/obiwan_out/chunk21_10deg2_test/logs/335//more_rs0/log.3353p007
logging to.../global/cscratch1/sd/huikong/obiwan_Aug/repos_for_docker/obiwan_out/chunk21_10deg2_test/logs/335//more_rs0/log.3353p005
logging to.../global/cscratch1/sd/huikong/obiwan_Aug/repos_for_docker/obiwan_out/chunk21_10deg2_test/logs/335//more_rs0/log.3356m002
FINISHED NOW!
FINISHED NOW!
logging to.../global/cscratch1/sd/huikong/obiwan_Aug/repos_for_docker/obiwan_out/chunk21_10deg2_test/logs/335//more_rs0/log.3356m007
logging to.../global/cscratch1/sd/huikong/obiwan_Aug/repos_for_docker/obiwan_out/chunk21_10deg2_test/logs/335//more_rs0/log.3356m005
FINISHED NOW!
logging to.../global/cscratch1/sd/huikong/obiwan_Aug/repos_for_docker/obiwan_out/chunk21_10deg2_test/logs/335//more_rs0/log.3356p000
FINISHED NOW!
FINISHED NOW!
FINISHED NOW!
logging to.../global/cscratch1/sd/huikong/obiwan_Aug/repos_for_docker/obiwan_out/chunk21_10deg2_test/logs/335//more_rs0/log.3356p005
logging to.../global/cscratch1/sd/huikong/obiwan_Aug/repos_for_docker/obiwan_out/chunk21_10deg2_test/logs/335//more_rs0/log.3356p002
logging to.../global/cscratch1/sd/huikong/obiwan_Aug/repos_for_docker/obiwan_out/chunk21_10deg2_test/logs/335//more_rs0/log.3356p007
FINISHED NOW!
FINISHED NOW!
FINISHED NOW!
logging to.../global/cscratch1/sd/huikong/obiwan_Aug/repos_for_docker/obiwan_out/chunk21_10deg2_test/logs/335//more_rs0/log.3358m005
logging to.../global/cscratch1/sd/huikong/obiwan_Aug/repos_for_docker/obiwan_out/chunk21_10deg2_test/logs/335//more_rs0/log.3358m002
logging to.../global/cscratch1/sd/huikong/obiwan_Aug/repos_for_docker/obiwan_out/chunk21_10deg2_test/logs/335//more_rs0/log.3358m007
FINISHED NOW!
FINISHED NOW!
FINISHED NOW!
logging to.../global/cscratch1/sd/huikong/obiwan_Aug/repos_for_docker/obiwan_out/chunk21_10deg2_test/logs/335//more_rs0/log.3358p002
logging to.../global/cscratch1/sd/huikong/obiwan_Aug/repos_for_docker/obiwan_out/chunk21_10deg2_test/logs/335//more_rs0/log.3358p000
logging to.../global/cscratch1/sd/huikong/obiwan_Aug/repos_for_docker/obiwan_out/chunk21_10deg2_test/logs/335//more_rs0/log.3358p005
FINISHED NOW!
FINISHED NOW!
FINISHED NOW!
logging to.../global/cscratch1/sd/huikong/obiwan_Aug/repos_for_docker/obiwan_out/chunk21_10deg2_test/logs/335//more_rs0/log.3358p007
logging to.../global/cscratch1/sd/huikong/obiwan_Aug/repos_for_docker/obiwan_out/chunk21_10deg2_test/logs/336//more_rs0/log.3361m002
logging to.../global/cscratch1/sd/huikong/obiwan_Aug/repos_for_docker/obiwan_out/chunk21_10deg2_test/logs/336//more_rs0/log.3361m005
FINISHED NOW!
FINISHED NOW!
FINISHED NOW!
logging to.../global/cscratch1/sd/huikong/obiwan_Aug/repos_for_docker/obiwan_out/chunk21_10deg2_test/logs/336//more_rs0/log.3361p000
logging to.../global/cscratch1/sd/huikong/obiwan_Aug/repos_for_docker/obiwan_out/chunk21_10deg2_test/logs/336//more_rs0/log.3361m007
logging to.../global/cscratch1/sd/huikong/obiwan_Aug/repos_for_docker/obiwan_out/chunk21_10deg2_test/logs/336//more_rs0/log.3361p002
FINISHED NOW!
FINISHED NOW!
FINISHED NOW!
logging to.../global/cscratch1/sd/huikong/obiwan_Aug/repos_for_docker/obiwan_out/chunk21_10deg2_test/logs/336//more_rs0/log.3361p007
logging to.../global/cscratch1/sd/huikong/obiwan_Aug/repos_for_docker/obiwan_out/chunk21_10deg2_test/logs/336//more_rs0/log.3361p005
logging to.../global/cscratch1/sd/huikong/obiwan_Aug/repos_for_docker/obiwan_out/chunk21_10deg2_test/logs/336//more_rs0/log.3363m002
FINISHED NOW!
FINISHED NOW!
FINISHED NOW!
logging to.../global/cscratch1/sd/huikong/obiwan_Aug/repos_for_docker/obiwan_out/chunk21_10deg2_test/logs/336//more_rs0/log.3363m007
logging to.../global/cscratch1/sd/huikong/obiwan_Aug/repos_for_docker/obiwan_out/chunk21_10deg2_test/logs/336//more_rs0/log.3363m005
logging to.../global/cscratch1/sd/huikong/obiwan_Aug/repos_for_docker/obiwan_out/chunk21_10deg2_test/logs/336//more_rs0/log.3363p000
FINISHED NOW!
FINISHED NOW!
FINISHED NOW!
logging to.../global/cscratch1/sd/huikong/obiwan_Aug/repos_for_docker/obiwan_out/chunk21_10deg2_test/logs/336//more_rs0/log.3363p005
logging to.../global/cscratch1/sd/huikong/obiwan_Aug/repos_for_docker/obiwan_out/chunk21_10deg2_test/logs/336//more_rs0/log.3363p002
logging to.../global/cscratch1/sd/huikong/obiwan_Aug/repos_for_docker/obiwan_out/chunk21_10deg2_test/logs/336//more_rs0/log.3363p007
FINISHED NOW!
FINISHED NOW!
FINISHED NOW!
logging to.../global/cscratch1/sd/huikong/obiwan_Aug/repos_for_docker/obiwan_out/chunk21_10deg2_test/logs/336//more_rs0/log.3366m005
logging to.../global/cscratch1/sd/huikong/obiwan_Aug/repos_for_docker/obiwan_out/chunk21_10deg2_test/logs/336//more_rs0/log.3366m002
logging to.../global/cscratch1/sd/huikong/obiwan_Aug/repos_for_docker/obiwan_out/chunk21_10deg2_test/logs/336//more_rs0/log.3366m007
FINISHED NOW!
FINISHED NOW!
FINISHED NOW!
logging to.../global/cscratch1/sd/huikong/obiwan_Aug/repos_for_docker/obiwan_out/chunk21_10deg2_test/logs/336//more_rs0/log.3366p002
logging to.../global/cscratch1/sd/huikong/obiwan_Aug/repos_for_docker/obiwan_out/chunk21_10deg2_test/logs/336//more_rs0/log.3366p000
logging to.../global/cscratch1/sd/huikong/obiwan_Aug/repos_for_docker/obiwan_out/chunk21_10deg2_test/logs/336//more_rs0/log.3366p005
FINISHED NOW!
FINISHED NOW!
FINISHED NOW!
logging to.../global/cscratch1/sd/huikong/obiwan_Aug/repos_for_docker/obiwan_out/chunk21_10deg2_test/logs/336//more_rs0/log.3368m002
logging to.../global/cscratch1/sd/huikong/obiwan_Aug/repos_for_docker/obiwan_out/chunk21_10deg2_test/logs/336//more_rs0/log.3366p007
logging to.../global/cscratch1/sd/huikong/obiwan_Aug/repos_for_docker/obiwan_out/chunk21_10deg2_test/logs/336//more_rs0/log.3368m005
FINISHED NOW!
FINISHED NOW!
FINISHED NOW!
logging to.../global/cscratch1/sd/huikong/obiwan_Aug/repos_for_docker/obiwan_out/chunk21_10deg2_test/logs/336//more_rs0/log.3368p000
logging to.../global/cscratch1/sd/huikong/obiwan_Aug/repos_for_docker/obiwan_out/chunk21_10deg2_test/logs/336//more_rs0/log.3368m007
logging to.../global/cscratch1/sd/huikong/obiwan_Aug/repos_for_docker/obiwan_out/chunk21_10deg2_test/logs/336//more_rs0/log.3368p002
FINISHED NOW!
FINISHED NOW!
logging to.../global/cscratch1/sd/huikong/obiwan_Aug/repos_for_docker/obiwan_out/chunk21_10deg2_test/logs/336//more_rs0/log.3368p005
FINISHED NOW!
logging to.../global/cscratch1/sd/huikong/obiwan_Aug/repos_for_docker/obiwan_out/chunk21_10deg2_test/logs/336//more_rs0/log.3368p007
logging to.../global/cscratch1/sd/huikong/obiwan_Aug/repos_for_docker/obiwan_out/chunk21_10deg2_test/logs/337//more_rs0/log.3371m002
FINISHED NOW!
FINISHED NOW!
FINISHED NOW!
logging to.../global/cscratch1/sd/huikong/obiwan_Aug/repos_for_docker/obiwan_out/chunk21_10deg2_test/logs/337//more_rs0/log.3371m005
logging to.../global/cscratch1/sd/huikong/obiwan_Aug/repos_for_docker/obiwan_out/chunk21_10deg2_test/logs/337//more_rs0/log.3371m007
logging to.../global/cscratch1/sd/huikong/obiwan_Aug/repos_for_docker/obiwan_out/chunk21_10deg2_test/logs/337//more_rs0/log.3371p002
FINISHED NOW!
FINISHED NOW!
FINISHED NOW!
logging to.../global/cscratch1/sd/huikong/obiwan_Aug/repos_for_docker/obiwan_out/chunk21_10deg2_test/logs/337//more_rs0/log.3371p005
logging to.../global/cscratch1/sd/huikong/obiwan_Aug/repos_for_docker/obiwan_out/chunk21_10deg2_test/logs/337//more_rs0/log.3371p007
logging to.../global/cscratch1/sd/huikong/obiwan_Aug/repos_for_docker/obiwan_out/chunk21_10deg2_test/logs/337//more_rs0/log.3373m002
FINISHED NOW!
FINISHED NOW!
FINISHED NOW!
logging to.../global/cscratch1/sd/huikong/obiwan_Aug/repos_for_docker/obiwan_out/chunk21_10deg2_test/logs/337//more_rs0/log.3373m007
logging to.../global/cscratch1/sd/huikong/obiwan_Aug/repos_for_docker/obiwan_out/chunk21_10deg2_test/logs/337//more_rs0/log.3373m005
logging to.../global/cscratch1/sd/huikong/obiwan_Aug/repos_for_docker/obiwan_out/chunk21_10deg2_test/logs/337//more_rs0/log.3373p002
FINISHED NOW!
FINISHED NOW!
FINISHED NOW!
logging to.../global/cscratch1/sd/huikong/obiwan_Aug/repos_for_docker/obiwan_out/chunk21_10deg2_test/logs/337//more_rs0/log.3373p007
logging to.../global/cscratch1/sd/huikong/obiwan_Aug/repos_for_docker/obiwan_out/chunk21_10deg2_test/logs/337//more_rs0/log.3373p005
logging to.../global/cscratch1/sd/huikong/obiwan_Aug/repos_for_docker/obiwan_out/chunk21_10deg2_test/logs/337//more_rs0/log.3376m002
FINISHED NOW!
FINISHED NOW!
FINISHED NOW!
logging to.../global/cscratch1/sd/huikong/obiwan_Aug/repos_for_docker/obiwan_out/chunk21_10deg2_test/logs/337//more_rs0/log.3376m007
logging to.../global/cscratch1/sd/huikong/obiwan_Aug/repos_for_docker/obiwan_out/chunk21_10deg2_test/logs/337//more_rs0/log.3376m005
logging to.../global/cscratch1/sd/huikong/obiwan_Aug/repos_for_docker/obiwan_out/chunk21_10deg2_test/logs/337//more_rs0/log.3376p000
FINISHED NOW!
FINISHED NOW!
FINISHED NOW!
logging to.../global/cscratch1/sd/huikong/obiwan_Aug/repos_for_docker/obiwan_out/chunk21_10deg2_test/logs/337//more_rs0/log.3376p005
logging to.../global/cscratch1/sd/huikong/obiwan_Aug/repos_for_docker/obiwan_out/chunk21_10deg2_test/logs/337//more_rs0/log.3376p002
logging to.../global/cscratch1/sd/huikong/obiwan_Aug/repos_for_docker/obiwan_out/chunk21_10deg2_test/logs/337//more_rs0/log.3376p007
FINISHED NOW!
FINISHED NOW!
FINISHED NOW!
logging to.../global/cscratch1/sd/huikong/obiwan_Aug/repos_for_docker/obiwan_out/chunk21_10deg2_test/logs/337//more_rs0/log.3378m005
logging to.../global/cscratch1/sd/huikong/obiwan_Aug/repos_for_docker/obiwan_out/chunk21_10deg2_test/logs/337//more_rs0/log.3378m002
logging to.../global/cscratch1/sd/huikong/obiwan_Aug/repos_for_docker/obiwan_out/chunk21_10deg2_test/logs/337//more_rs0/log.3378m007
FINISHED NOW!
FINISHED NOW!
FINISHED NOW!
logging to.../global/cscratch1/sd/huikong/obiwan_Aug/repos_for_docker/obiwan_out/chunk21_10deg2_test/logs/337//more_rs0/log.3378p002
logging to.../global/cscratch1/sd/huikong/obiwan_Aug/repos_for_docker/obiwan_out/chunk21_10deg2_test/logs/337//more_rs0/log.3378p000
logging to.../global/cscratch1/sd/huikong/obiwan_Aug/repos_for_docker/obiwan_out/chunk21_10deg2_test/logs/337//more_rs0/log.3378p005
FINISHED NOW!
FINISHED NOW!
FINISHED NOW!
logging to.../global/cscratch1/sd/huikong/obiwan_Aug/repos_for_docker/obiwan_out/chunk21_10deg2_test/logs/337//more_rs0/log.3378p007
logging to.../global/cscratch1/sd/huikong/obiwan_Aug/repos_for_docker/obiwan_out/chunk21_10deg2_test/logs/338//more_rs0/log.3381m002
logging to.../global/cscratch1/sd/huikong/obiwan_Aug/repos_for_docker/obiwan_out/chunk21_10deg2_test/logs/338//more_rs0/log.3381m005
FINISHED NOW!
FINISHED NOW!
FINISHED NOW!
logging to.../global/cscratch1/sd/huikong/obiwan_Aug/repos_for_docker/obiwan_out/chunk21_10deg2_test/logs/338//more_rs0/log.3381p000
logging to.../global/cscratch1/sd/huikong/obiwan_Aug/repos_for_docker/obiwan_out/chunk21_10deg2_test/logs/338//more_rs0/log.3381m007
logging to.../global/cscratch1/sd/huikong/obiwan_Aug/repos_for_docker/obiwan_out/chunk21_10deg2_test/logs/338//more_rs0/log.3381p002
FINISHED NOW!
FINISHED NOW!
FINISHED NOW!
logging to.../global/cscratch1/sd/huikong/obiwan_Aug/repos_for_docker/obiwan_out/chunk21_10deg2_test/logs/338//more_rs0/log.3381p007
logging to.../global/cscratch1/sd/huikong/obiwan_Aug/repos_for_docker/obiwan_out/chunk21_10deg2_test/logs/338//more_rs0/log.3381p005
logging to.../global/cscratch1/sd/huikong/obiwan_Aug/repos_for_docker/obiwan_out/chunk21_10deg2_test/logs/338//more_rs0/log.3383m002
FINISHED NOW!
FINISHED NOW!
FINISHED NOW!
logging to.../global/cscratch1/sd/huikong/obiwan_Aug/repos_for_docker/obiwan_out/chunk21_10deg2_test/logs/338//more_rs0/log.3383m007
logging to.../global/cscratch1/sd/huikong/obiwan_Aug/repos_for_docker/obiwan_out/chunk21_10deg2_test/logs/338//more_rs0/log.3383m005
logging to.../global/cscratch1/sd/huikong/obiwan_Aug/repos_for_docker/obiwan_out/chunk21_10deg2_test/logs/338//more_rs0/log.3383p000
FINISHED NOW!
FINISHED NOW!
FINISHED NOW!
logging to.../global/cscratch1/sd/huikong/obiwan_Aug/repos_for_docker/obiwan_out/chunk21_10deg2_test/logs/338//more_rs0/log.3383p002
logging to.../global/cscratch1/sd/huikong/obiwan_Aug/repos_for_docker/obiwan_out/chunk21_10deg2_test/logs/338//more_rs0/log.3383p005
logging to.../global/cscratch1/sd/huikong/obiwan_Aug/repos_for_docker/obiwan_out/chunk21_10deg2_test/logs/338//more_rs0/log.3383p007
FINISHED NOW!
FINISHED NOW!
FINISHED NOW!
logging to.../global/cscratch1/sd/huikong/obiwan_Aug/repos_for_docker/obiwan_out/chunk21_10deg2_test/logs/338//more_rs0/log.3386m005
logging to.../global/cscratch1/sd/huikong/obiwan_Aug/repos_for_docker/obiwan_out/chunk21_10deg2_test/logs/338//more_rs0/log.3386m002
logging to.../global/cscratch1/sd/huikong/obiwan_Aug/repos_for_docker/obiwan_out/chunk21_10deg2_test/logs/338//more_rs0/log.3386m007
FINISHED NOW!
FINISHED NOW!
FINISHED NOW!
logging to.../global/cscratch1/sd/huikong/obiwan_Aug/repos_for_docker/obiwan_out/chunk21_10deg2_test/logs/338//more_rs0/log.3386p000
logging to.../global/cscratch1/sd/huikong/obiwan_Aug/repos_for_docker/obiwan_out/chunk21_10deg2_test/logs/338//more_rs0/log.3386p005
logging to.../global/cscratch1/sd/huikong/obiwan_Aug/repos_for_docker/obiwan_out/chunk21_10deg2_test/logs/338//more_rs0/log.3386p002
FINISHED NOW!
FINISHED NOW!
FINISHED NOW!
logging to.../global/cscratch1/sd/huikong/obiwan_Aug/repos_for_docker/obiwan_out/chunk21_10deg2_test/logs/338//more_rs0/log.3386p007
logging to.../global/cscratch1/sd/huikong/obiwan_Aug/repos_for_docker/obiwan_out/chunk21_10deg2_test/logs/338//more_rs0/log.3388m005
logging to.../global/cscratch1/sd/huikong/obiwan_Aug/repos_for_docker/obiwan_out/chunk21_10deg2_test/logs/338//more_rs0/log.3388m002
FINISHED NOW!
FINISHED NOW!
FINISHED NOW!
logging to.../global/cscratch1/sd/huikong/obiwan_Aug/repos_for_docker/obiwan_out/chunk21_10deg2_test/logs/338//more_rs0/log.3388m007
logging to.../global/cscratch1/sd/huikong/obiwan_Aug/repos_for_docker/obiwan_out/chunk21_10deg2_test/logs/338//more_rs0/log.3388p002
logging to.../global/cscratch1/sd/huikong/obiwan_Aug/repos_for_docker/obiwan_out/chunk21_10deg2_test/logs/338//more_rs0/log.3388p000
FINISHED NOW!
FINISHED NOW!
FINISHED NOW!
logging to.../global/cscratch1/sd/huikong/obiwan_Aug/repos_for_docker/obiwan_out/chunk21_10deg2_test/logs/338//more_rs0/log.3388p005
logging to.../global/cscratch1/sd/huikong/obiwan_Aug/repos_for_docker/obiwan_out/chunk21_10deg2_test/logs/339//more_rs0/log.3391m002
logging to.../global/cscratch1/sd/huikong/obiwan_Aug/repos_for_docker/obiwan_out/chunk21_10deg2_test/logs/338//more_rs0/log.3388p007
FINISHED NOW!
FINISHED NOW!
FINISHED NOW!
logging to.../global/cscratch1/sd/huikong/obiwan_Aug/repos_for_docker/obiwan_out/chunk21_10deg2_test/logs/339//more_rs0/log.3391m005
logging to.../global/cscratch1/sd/huikong/obiwan_Aug/repos_for_docker/obiwan_out/chunk21_10deg2_test/logs/339//more_rs0/log.3391p000
logging to.../global/cscratch1/sd/huikong/obiwan_Aug/repos_for_docker/obiwan_out/chunk21_10deg2_test/logs/339//more_rs0/log.3391m007
FINISHED NOW!
FINISHED NOW!
FINISHED NOW!
logging to.../global/cscratch1/sd/huikong/obiwan_Aug/repos_for_docker/obiwan_out/chunk21_10deg2_test/logs/339//more_rs0/log.3391p002
logging to.../global/cscratch1/sd/huikong/obiwan_Aug/repos_for_docker/obiwan_out/chunk21_10deg2_test/logs/339//more_rs0/log.3391p007
logging to.../global/cscratch1/sd/huikong/obiwan_Aug/repos_for_docker/obiwan_out/chunk21_10deg2_test/logs/339//more_rs0/log.3391p005
FINISHED NOW!
FINISHED NOW!
FINISHED NOW!
logging to.../global/cscratch1/sd/huikong/obiwan_Aug/repos_for_docker/obiwan_out/chunk21_10deg2_test/logs/339//more_rs0/log.3393m002
logging to.../global/cscratch1/sd/huikong/obiwan_Aug/repos_for_docker/obiwan_out/chunk21_10deg2_test/logs/339//more_rs0/log.3393m007
logging to.../global/cscratch1/sd/huikong/obiwan_Aug/repos_for_docker/obiwan_out/chunk21_10deg2_test/logs/339//more_rs0/log.3393m005
FINISHED NOW!
FINISHED NOW!
FINISHED NOW!
logging to.../global/cscratch1/sd/huikong/obiwan_Aug/repos_for_docker/obiwan_out/chunk21_10deg2_test/logs/339//more_rs0/log.3393p000
logging to.../global/cscratch1/sd/huikong/obiwan_Aug/repos_for_docker/obiwan_out/chunk21_10deg2_test/logs/339//more_rs0/log.3393p005
logging to.../global/cscratch1/sd/huikong/obiwan_Aug/repos_for_docker/obiwan_out/chunk21_10deg2_test/logs/339//more_rs0/log.3393p002
FINISHED NOW!
FINISHED NOW!
FINISHED NOW!
I am  nid01394 rank 0 (total 4)
Master: slave finished is task and says "I completed my task (0)"
Master: slave finished is task and says "I completed my task (1)"
Master: slave finished is task and says "I completed my task (2)"
Master: slave finished is task and says "I completed my task (3)"
Master: slave finished is task and says "I completed my task (4)"
Master: slave finished is task and says "I completed my task (5)"
Master: slave finished is task and says "I completed my task (6)"
Master: slave finished is task and says "I completed my task (7)"
Master: slave finished is task and says "I completed my task (8)"
Master: slave finished is task and says "I completed my task (9)"
Master: slave finished is task and says "I completed my task (10)"
Master: slave finished is task and says "I completed my task (11)"
Master: slave finished is task and says "I completed my task (12)"
Master: slave finished is task and says "I completed my task (13)"
Master: slave finished is task and says "I completed my task (14)"
Master: slave finished is task and says "I completed my task (15)"
Master: slave finished is task and says "I completed my task (16)"
Master: slave finished is task and says "I completed my task (17)"
Master: slave finished is task and says "I completed my task (18)"
Master: slave finished is task and says "I completed my task (19)"
Master: slave finished is task and says "I completed my task (20)"
Master: slave finished is task and says "I completed my task (21)"
Master: slave finished is task and says "I completed my task (22)"
Master: slave finished is task and says "I completed my task (23)"
Master: slave finished is task and says "I completed my task (24)"
Master: slave finished is task and says "I completed my task (25)"
Master: slave finished is task and says "I completed my task (26)"
Master: slave finished is task and says "I completed my task (27)"
Master: slave finished is task and says "I completed my task (28)"
Master: slave finished is task and says "I completed my task (29)"
Master: slave finished is task and says "I completed my task (30)"
Master: slave finished is task and says "I completed my task (31)"
Master: slave finished is task and says "I completed my task (32)"
Master: slave finished is task and says "I completed my task (33)"
Master: slave finished is task and says "I completed my task (34)"
Master: slave finished is task and says "I completed my task (35)"
Master: slave finished is task and says "I completed my task (36)"
Master: slave finished is task and says "I completed my task (37)"
Master: slave finished is task and says "I completed my task (38)"
Master: slave finished is task and says "I completed my task (39)"
Master: slave finished is task and says "I completed my task (40)"
Master: slave finished is task and says "I completed my task (41)"
Master: slave finished is task and says "I completed my task (42)"
Master: slave finished is task and says "I completed my task (43)"
Master: slave finished is task and says "I completed my task (44)"
Master: slave finished is task and says "I completed my task (45)"
Master: slave finished is task and says "I completed my task (46)"
Master: slave finished is task and says "I completed my task (47)"
Master: slave finished is task and says "I completed my task (48)"
Master: slave finished is task and says "I completed my task (49)"
Master: slave finished is task and says "I completed my task (50)"
Master: slave finished is task and says "I completed my task (52)"
Master: slave finished is task and says "I completed my task (51)"
Master: slave finished is task and says "I completed my task (53)"
Master: slave finished is task and says "I completed my task (54)"
Master: slave finished is task and says "I completed my task (55)"
Master: slave finished is task and says "I completed my task (56)"
Master: slave finished is task and says "I completed my task (58)"
Master: slave finished is task and says "I completed my task (57)"
Master: slave finished is task and says "I completed my task (59)"
Master: slave finished is task and says "I completed my task (60)"
Master: slave finished is task and says "I completed my task (61)"
Master: slave finished is task and says "I completed my task (62)"
Master: slave finished is task and says "I completed my task (63)"
Master: slave finished is task and says "I completed my task (64)"
Master: slave finished is task and says "I completed my task (65)"
Master: slave finished is task and says "I completed my task (66)"
Master: slave finished is task and says "I completed my task (67)"
Master: slave finished is task and says "I completed my task (68)"
Master: slave finished is task and says "I completed my task (69)"
Master: slave finished is task and says "I completed my task (70)"
Master: slave finished is task and says "I completed my task (71)"
Master: slave finished is task and says "I completed my task (72)"
Master: slave finished is task and says "I completed my task (73)"
Master: slave finished is task and says "I completed my task (74)"
Master: slave finished is task and says "I completed my task (75)"
Master: slave finished is task and says "I completed my task (76)"
Master: slave finished is task and says "I completed my task (77)"
Master: slave finished is task and says "I completed my task (78)"
Master: slave finished is task and says "I completed my task (79)"
Master: slave finished is task and says "I completed my task (80)"
Master: slave finished is task and says "I completed my task (81)"
Master: slave finished is task and says "I completed my task (82)"
Master: slave finished is task and says "I completed my task (83)"
Master: slave finished is task and says "I completed my task (84)"
Master: slave finished is task and says "I completed my task (85)"
Master: slave finished is task and says "I completed my task (86)"
Master: slave finished is task and says "I completed my task (87)"
Master: slave finished is task and says "I completed my task (88)"
Master: slave finished is task and says "I completed my task (89)"
Master: slave finished is task and says "I completed my task (90)"
Master: slave finished is task and says "I completed my task (91)"
Master: slave finished is task and says "I completed my task (92)"
Master: slave finished is task and says "I completed my task (93)"
Master: slave finished is task and says "I completed my task (94)"
Master: slave finished is task and says "I completed my task (95)"
Master: slave finished is task and says "I completed my task (97)"
Master: slave finished is task and says "I completed my task (96)"
Master: slave finished is task and says "I completed my task (98)"
Master: slave finished is task and says "I completed my task (99)"
Master: slave finished is task and says "I completed my task (100)"
Master: slave finished is task and says "I completed my task (101)"
Master: slave finished is task and says "I completed my task (102)"
Master: slave finished is task and says "I completed my task (103)"
Master: slave finished is task and says "I completed my task (104)"
Master: slave finished is task and says "I completed my task (105)"
Master: slave finished is task and says "I completed my task (106)"
Master: slave finished is task and says "I completed my task (107)"
Master: slave finished is task and says "I completed my task (108)"
Master: slave finished is task and says "I completed my task (109)"
Master: slave finished is task and says "I completed my task (110)"
Master: slave finished is task and says "I completed my task (111)"
Master: slave finished is task and says "I completed my task (112)"
Master: slave finished is task and says "I completed my task (113)"
Master: slave finished is task and says "I completed my task (114)"
Master: slave finished is task and says "I completed my task (115)"
Master: slave finished is task and says "I completed my task (116)"
Master: slave finished is task and says "I completed my task (117)"
Master: slave finished is task and says "I completed my task (118)"
Master: slave finished is task and says "I completed my task (119)"
Master: slave finished is task and says "I completed my task (120)"
logging to.../global/cscratch1/sd/huikong/obiwan_Aug/repos_for_docker/obiwan_out/chunk21_10deg2_test/logs/339//more_rs0/log.3393p007
logging to.../global/cscratch1/sd/huikong/obiwan_Aug/repos_for_docker/obiwan_out/chunk21_10deg2_test/logs/339//more_rs0/log.3396m005
logging to.../global/cscratch1/sd/huikong/obiwan_Aug/repos_for_docker/obiwan_out/chunk21_10deg2_test/logs/339//more_rs0/log.3396m002
FINISHED NOW!
FINISHED NOW!
FINISHED NOW!
logging to.../global/cscratch1/sd/huikong/obiwan_Aug/repos_for_docker/obiwan_out/chunk21_10deg2_test/logs/339//more_rs0/log.3396m007
logging to.../global/cscratch1/sd/huikong/obiwan_Aug/repos_for_docker/obiwan_out/chunk21_10deg2_test/logs/339//more_rs0/log.3396p002
logging to.../global/cscratch1/sd/huikong/obiwan_Aug/repos_for_docker/obiwan_out/chunk21_10deg2_test/logs/339//more_rs0/log.3396p000
FINISHED NOW!
FINISHED NOW!
FINISHED NOW!
logging to.../global/cscratch1/sd/huikong/obiwan_Aug/repos_for_docker/obiwan_out/chunk21_10deg2_test/logs/339//more_rs0/log.3396p005
logging to.../global/cscratch1/sd/huikong/obiwan_Aug/repos_for_docker/obiwan_out/chunk21_10deg2_test/logs/339//more_rs0/log.3398m002
logging to.../global/cscratch1/sd/huikong/obiwan_Aug/repos_for_docker/obiwan_out/chunk21_10deg2_test/logs/339//more_rs0/log.3396p007
FINISHED NOW!
FINISHED NOW!
FINISHED NOW!
logging to.../global/cscratch1/sd/huikong/obiwan_Aug/repos_for_docker/obiwan_out/chunk21_10deg2_test/logs/339//more_rs0/log.3398m007
logging to.../global/cscratch1/sd/huikong/obiwan_Aug/repos_for_docker/obiwan_out/chunk21_10deg2_test/logs/339//more_rs0/log.3398m005
logging to.../global/cscratch1/sd/huikong/obiwan_Aug/repos_for_docker/obiwan_out/chunk21_10deg2_test/logs/339//more_rs0/log.3398p000
FINISHED NOW!
FINISHED NOW!
FINISHED NOW!
logging to.../global/cscratch1/sd/huikong/obiwan_Aug/repos_for_docker/obiwan_out/chunk21_10deg2_test/logs/339//more_rs0/log.3398p005
logging to.../global/cscratch1/sd/huikong/obiwan_Aug/repos_for_docker/obiwan_out/chunk21_10deg2_test/logs/339//more_rs0/log.3398p002
logging to.../global/cscratch1/sd/huikong/obiwan_Aug/repos_for_docker/obiwan_out/chunk21_10deg2_test/logs/339//more_rs0/log.3398p007
FINISHED NOW!
FINISHED NOW!
FINISHED NOW!
logging to.../global/cscratch1/sd/huikong/obiwan_Aug/repos_for_docker/obiwan_out/chunk21_10deg2_test/logs/340//more_rs0/log.3401m005
logging to.../global/cscratch1/sd/huikong/obiwan_Aug/repos_for_docker/obiwan_out/chunk21_10deg2_test/logs/340//more_rs0/log.3401m002
logging to.../global/cscratch1/sd/huikong/obiwan_Aug/repos_for_docker/obiwan_out/chunk21_10deg2_test/logs/340//more_rs0/log.3401m007
FINISHED NOW!
FINISHED NOW!
FINISHED NOW!
logging to.../global/cscratch1/sd/huikong/obiwan_Aug/repos_for_docker/obiwan_out/chunk21_10deg2_test/logs/340//more_rs0/log.3401p002
logging to.../global/cscratch1/sd/huikong/obiwan_Aug/repos_for_docker/obiwan_out/chunk21_10deg2_test/logs/340//more_rs0/log.3401p000
logging to.../global/cscratch1/sd/huikong/obiwan_Aug/repos_for_docker/obiwan_out/chunk21_10deg2_test/logs/340//more_rs0/log.3401p005
FINISHED NOW!
FINISHED NOW!
FINISHED NOW!
logging to.../global/cscratch1/sd/huikong/obiwan_Aug/repos_for_docker/obiwan_out/chunk21_10deg2_test/logs/340//more_rs0/log.3403m002
logging to.../global/cscratch1/sd/huikong/obiwan_Aug/repos_for_docker/obiwan_out/chunk21_10deg2_test/logs/340//more_rs0/log.3401p007
logging to.../global/cscratch1/sd/huikong/obiwan_Aug/repos_for_docker/obiwan_out/chunk21_10deg2_test/logs/340//more_rs0/log.3403m005
FINISHED NOW!
FINISHED NOW!
FINISHED NOW!
logging to.../global/cscratch1/sd/huikong/obiwan_Aug/repos_for_docker/obiwan_out/chunk21_10deg2_test/logs/340//more_rs0/log.3403p000
logging to.../global/cscratch1/sd/huikong/obiwan_Aug/repos_for_docker/obiwan_out/chunk21_10deg2_test/logs/340//more_rs0/log.3403m007
logging to.../global/cscratch1/sd/huikong/obiwan_Aug/repos_for_docker/obiwan_out/chunk21_10deg2_test/logs/340//more_rs0/log.3403p002
FINISHED NOW!
FINISHED NOW!
FINISHED NOW!
logging to.../global/cscratch1/sd/huikong/obiwan_Aug/repos_for_docker/obiwan_out/chunk21_10deg2_test/logs/340//more_rs0/log.3403p007
logging to.../global/cscratch1/sd/huikong/obiwan_Aug/repos_for_docker/obiwan_out/chunk21_10deg2_test/logs/340//more_rs0/log.3403p005
logging to.../global/cscratch1/sd/huikong/obiwan_Aug/repos_for_docker/obiwan_out/chunk21_10deg2_test/logs/340//more_rs0/log.3406m002
FINISHED NOW!
FINISHED NOW!
FINISHED NOW!
logging to.../global/cscratch1/sd/huikong/obiwan_Aug/repos_for_docker/obiwan_out/chunk21_10deg2_test/logs/340//more_rs0/log.3406m007
logging to.../global/cscratch1/sd/huikong/obiwan_Aug/repos_for_docker/obiwan_out/chunk21_10deg2_test/logs/340//more_rs0/log.3406m005
logging to.../global/cscratch1/sd/huikong/obiwan_Aug/repos_for_docker/obiwan_out/chunk21_10deg2_test/logs/340//more_rs0/log.3406p000
FINISHED NOW!
FINISHED NOW!
FINISHED NOW!
logging to.../global/cscratch1/sd/huikong/obiwan_Aug/repos_for_docker/obiwan_out/chunk21_10deg2_test/logs/340//more_rs0/log.3406p005
logging to.../global/cscratch1/sd/huikong/obiwan_Aug/repos_for_docker/obiwan_out/chunk21_10deg2_test/logs/340//more_rs0/log.3406p002
logging to.../global/cscratch1/sd/huikong/obiwan_Aug/repos_for_docker/obiwan_out/chunk21_10deg2_test/logs/340//more_rs0/log.3406p007
FINISHED NOW!
FINISHED NOW!
FINISHED NOW!
logging to.../global/cscratch1/sd/huikong/obiwan_Aug/repos_for_docker/obiwan_out/chunk21_10deg2_test/logs/340//more_rs0/log.3408m005
logging to.../global/cscratch1/sd/huikong/obiwan_Aug/repos_for_docker/obiwan_out/chunk21_10deg2_test/logs/340//more_rs0/log.3408m002
logging to.../global/cscratch1/sd/huikong/obiwan_Aug/repos_for_docker/obiwan_out/chunk21_10deg2_test/logs/340//more_rs0/log.3408m007
FINISHED NOW!
FINISHED NOW!
FINISHED NOW!
logging to.../global/cscratch1/sd/huikong/obiwan_Aug/repos_for_docker/obiwan_out/chunk21_10deg2_test/logs/340//more_rs0/log.3408p002
logging to.../global/cscratch1/sd/huikong/obiwan_Aug/repos_for_docker/obiwan_out/chunk21_10deg2_test/logs/340//more_rs0/log.3408p000
logging to.../global/cscratch1/sd/huikong/obiwan_Aug/repos_for_docker/obiwan_out/chunk21_10deg2_test/logs/340//more_rs0/log.3408p005
FINISHED NOW!
FINISHED NOW!
FINISHED NOW!
logging to.../global/cscratch1/sd/huikong/obiwan_Aug/repos_for_docker/obiwan_out/chunk21_10deg2_test/logs/340//more_rs0/log.3408p007
logging to.../global/cscratch1/sd/huikong/obiwan_Aug/repos_for_docker/obiwan_out/chunk21_10deg2_test/logs/341//more_rs0/log.3411m002
logging to.../global/cscratch1/sd/huikong/obiwan_Aug/repos_for_docker/obiwan_out/chunk21_10deg2_test/logs/341//more_rs0/log.3411m005
FINISHED NOW!
FINISHED NOW!
logging to.../global/cscratch1/sd/huikong/obiwan_Aug/repos_for_docker/obiwan_out/chunk21_10deg2_test/logs/341//more_rs0/log.3411p000
logging to.../global/cscratch1/sd/huikong/obiwan_Aug/repos_for_docker/obiwan_out/chunk21_10deg2_test/logs/341//more_rs0/log.3411m007
FINISHED NOW!
logging to.../global/cscratch1/sd/huikong/obiwan_Aug/repos_for_docker/obiwan_out/chunk21_10deg2_test/logs/341//more_rs0/log.3411p002
FINISHED NOW!
FINISHED NOW!
logging to.../global/cscratch1/sd/huikong/obiwan_Aug/repos_for_docker/obiwan_out/chunk21_10deg2_test/logs/341//more_rs0/log.3411p005
logging to.../global/cscratch1/sd/huikong/obiwan_Aug/repos_for_docker/obiwan_out/chunk21_10deg2_test/logs/341//more_rs0/log.3411p007
FINISHED NOW!
logging to.../global/cscratch1/sd/huikong/obiwan_Aug/repos_for_docker/obiwan_out/chunk21_10deg2_test/logs/341//more_rs0/log.3413m002
FINISHED NOW!
FINISHED NOW!
logging to.../global/cscratch1/sd/huikong/obiwan_Aug/repos_for_docker/obiwan_out/chunk21_10deg2_test/logs/341//more_rs0/log.3413m007
logging to.../global/cscratch1/sd/huikong/obiwan_Aug/repos_for_docker/obiwan_out/chunk21_10deg2_test/logs/341//more_rs0/log.3413m005
FINISHED NOW!
logging to.../global/cscratch1/sd/huikong/obiwan_Aug/repos_for_docker/obiwan_out/chunk21_10deg2_test/logs/341//more_rs0/log.3413p000
FINISHED NOW!
FINISHED NOW!
logging to.../global/cscratch1/sd/huikong/obiwan_Aug/repos_for_docker/obiwan_out/chunk21_10deg2_test/logs/341//more_rs0/log.3413p002
logging to.../global/cscratch1/sd/huikong/obiwan_Aug/repos_for_docker/obiwan_out/chunk21_10deg2_test/logs/341//more_rs0/log.3413p005
FINISHED NOW!
logging to.../global/cscratch1/sd/huikong/obiwan_Aug/repos_for_docker/obiwan_out/chunk21_10deg2_test/logs/341//more_rs0/log.3413p007
FINISHED NOW!
FINISHED NOW!
logging to.../global/cscratch1/sd/huikong/obiwan_Aug/repos_for_docker/obiwan_out/chunk21_10deg2_test/logs/341//more_rs0/log.3416m002
logging to.../global/cscratch1/sd/huikong/obiwan_Aug/repos_for_docker/obiwan_out/chunk21_10deg2_test/logs/341//more_rs0/log.3416m005
FINISHED NOW!
logging to.../global/cscratch1/sd/huikong/obiwan_Aug/repos_for_docker/obiwan_out/chunk21_10deg2_test/logs/341//more_rs0/log.3416m007
FINISHED NOW!
FINISHED NOW!
logging to.../global/cscratch1/sd/huikong/obiwan_Aug/repos_for_docker/obiwan_out/chunk21_10deg2_test/logs/341//more_rs0/log.3416p000
logging to.../global/cscratch1/sd/huikong/obiwan_Aug/repos_for_docker/obiwan_out/chunk21_10deg2_test/logs/341//more_rs0/log.3416p002
FINISHED NOW!
logging to.../global/cscratch1/sd/huikong/obiwan_Aug/repos_for_docker/obiwan_out/chunk21_10deg2_test/logs/341//more_rs0/log.3416p005
FINISHED NOW!
FINISHED NOW!
logging to.../global/cscratch1/sd/huikong/obiwan_Aug/repos_for_docker/obiwan_out/chunk21_10deg2_test/logs/341//more_rs0/log.3416p007
FINISHED NOW!
logging to.../global/cscratch1/sd/huikong/obiwan_Aug/repos_for_docker/obiwan_out/chunk21_10deg2_test/logs/341//more_rs0/log.3418m002
logging to.../global/cscratch1/sd/huikong/obiwan_Aug/repos_for_docker/obiwan_out/chunk21_10deg2_test/logs/341//more_rs0/log.3418m005
FINISHED NOW!
FINISHED NOW!
logging to.../global/cscratch1/sd/huikong/obiwan_Aug/repos_for_docker/obiwan_out/chunk21_10deg2_test/logs/341//more_rs0/log.3418m007
FINISHED NOW!
logging to.../global/cscratch1/sd/huikong/obiwan_Aug/repos_for_docker/obiwan_out/chunk21_10deg2_test/logs/341//more_rs0/log.3418p000
logging to.../global/cscratch1/sd/huikong/obiwan_Aug/repos_for_docker/obiwan_out/chunk21_10deg2_test/logs/341//more_rs0/log.3418p002
FINISHED NOW!
FINISHED NOW!
logging to.../global/cscratch1/sd/huikong/obiwan_Aug/repos_for_docker/obiwan_out/chunk21_10deg2_test/logs/341//more_rs0/log.3418p005
logging to.../global/cscratch1/sd/huikong/obiwan_Aug/repos_for_docker/obiwan_out/chunk21_10deg2_test/logs/341//more_rs0/log.3418p007
FINISHED NOW!
logging to.../global/cscratch1/sd/huikong/obiwan_Aug/repos_for_docker/obiwan_out/chunk21_10deg2_test/logs/342//more_rs0/log.3421m002
FINISHED NOW!
FINISHED NOW!
logging to.../global/cscratch1/sd/huikong/obiwan_Aug/repos_for_docker/obiwan_out/chunk21_10deg2_test/logs/342//more_rs0/log.3421m005
FINISHED NOW!
logging to.../global/cscratch1/sd/huikong/obiwan_Aug/repos_for_docker/obiwan_out/chunk21_10deg2_test/logs/342//more_rs0/log.3421m007
logging to.../global/cscratch1/sd/huikong/obiwan_Aug/repos_for_docker/obiwan_out/chunk21_10deg2_test/logs/342//more_rs0/log.3421p000
FINISHED NOW!
FINISHED NOW!
logging to.../global/cscratch1/sd/huikong/obiwan_Aug/repos_for_docker/obiwan_out/chunk21_10deg2_test/logs/342//more_rs0/log.3421p002
FINISHED NOW!
logging to.../global/cscratch1/sd/huikong/obiwan_Aug/repos_for_docker/obiwan_out/chunk21_10deg2_test/logs/342//more_rs0/log.3421p005
logging to.../global/cscratch1/sd/huikong/obiwan_Aug/repos_for_docker/obiwan_out/chunk21_10deg2_test/logs/342//more_rs0/log.3421p007
FINISHED NOW!
FINISHED NOW!
FINISHED NOW!
logging to.../global/cscratch1/sd/huikong/obiwan_Aug/repos_for_docker/obiwan_out/chunk21_10deg2_test/logs/342//more_rs0/log.3423m002
logging to.../global/cscratch1/sd/huikong/obiwan_Aug/repos_for_docker/obiwan_out/chunk21_10deg2_test/logs/342//more_rs0/log.3423m007
logging to.../global/cscratch1/sd/huikong/obiwan_Aug/repos_for_docker/obiwan_out/chunk21_10deg2_test/logs/342//more_rs0/log.3423m005
FINISHED NOW!
FINISHED NOW!
FINISHED NOW!
logging to.../global/cscratch1/sd/huikong/obiwan_Aug/repos_for_docker/obiwan_out/chunk21_10deg2_test/logs/342//more_rs0/log.3423p000
logging to.../global/cscratch1/sd/huikong/obiwan_Aug/repos_for_docker/obiwan_out/chunk21_10deg2_test/logs/342//more_rs0/log.3423p005
logging to.../global/cscratch1/sd/huikong/obiwan_Aug/repos_for_docker/obiwan_out/chunk21_10deg2_test/logs/342//more_rs0/log.3423p002
FINISHED NOW!
logging to.../global/cscratch1/sd/huikong/obiwan_Aug/repos_for_docker/obiwan_out/chunk21_10deg2_test/logs/342//more_rs0/log.3423p007
FINISHED NOW!
FINISHED NOW!
logging to.../global/cscratch1/sd/huikong/obiwan_Aug/repos_for_docker/obiwan_out/chunk21_10deg2_test/logs/342//more_rs0/log.3426m002
logging to.../global/cscratch1/sd/huikong/obiwan_Aug/repos_for_docker/obiwan_out/chunk21_10deg2_test/logs/342//more_rs0/log.3426m005
FINISHED NOW!
logging to.../global/cscratch1/sd/huikong/obiwan_Aug/repos_for_docker/obiwan_out/chunk21_10deg2_test/logs/342//more_rs0/log.3426m007
FINISHED NOW!
FINISHED NOW!
logging to.../global/cscratch1/sd/huikong/obiwan_Aug/repos_for_docker/obiwan_out/chunk21_10deg2_test/logs/342//more_rs0/log.3426p002
logging to.../global/cscratch1/sd/huikong/obiwan_Aug/repos_for_docker/obiwan_out/chunk21_10deg2_test/logs/342//more_rs0/log.3426p000
FINISHED NOW!
logging to.../global/cscratch1/sd/huikong/obiwan_Aug/repos_for_docker/obiwan_out/chunk21_10deg2_test/logs/342//more_rs0/log.3426p005
FINISHED NOW!
FINISHED NOW!
logging to.../global/cscratch1/sd/huikong/obiwan_Aug/repos_for_docker/obiwan_out/chunk21_10deg2_test/logs/342//more_rs0/log.3428m002
logging to.../global/cscratch1/sd/huikong/obiwan_Aug/repos_for_docker/obiwan_out/chunk21_10deg2_test/logs/342//more_rs0/log.3426p007
FINISHED NOW!
logging to.../global/cscratch1/sd/huikong/obiwan_Aug/repos_for_docker/obiwan_out/chunk21_10deg2_test/logs/342//more_rs0/log.3428m005
FINISHED NOW!
FINISHED NOW!
logging to.../global/cscratch1/sd/huikong/obiwan_Aug/repos_for_docker/obiwan_out/chunk21_10deg2_test/logs/342//more_rs0/log.3428m007
logging to.../global/cscratch1/sd/huikong/obiwan_Aug/repos_for_docker/obiwan_out/chunk21_10deg2_test/logs/342//more_rs0/log.3428p000
FINISHED NOW!
logging to.../global/cscratch1/sd/huikong/obiwan_Aug/repos_for_docker/obiwan_out/chunk21_10deg2_test/logs/342//more_rs0/log.3428p002
FINISHED NOW!
FINISHED NOW!
logging to.../global/cscratch1/sd/huikong/obiwan_Aug/repos_for_docker/obiwan_out/chunk21_10deg2_test/logs/342//more_rs0/log.3428p005
logging to.../global/cscratch1/sd/huikong/obiwan_Aug/repos_for_docker/obiwan_out/chunk21_10deg2_test/logs/342//more_rs0/log.3428p007
FINISHED NOW!
logging to.../global/cscratch1/sd/huikong/obiwan_Aug/repos_for_docker/obiwan_out/chunk21_10deg2_test/logs/343//more_rs0/log.3431m002
FINISHED NOW!
logging to.../global/cscratch1/sd/huikong/obiwan_Aug/repos_for_docker/obiwan_out/chunk21_10deg2_test/logs/343//more_rs0/log.3431m005
FINISHED NOW!
logging to.../global/cscratch1/sd/huikong/obiwan_Aug/repos_for_docker/obiwan_out/chunk21_10deg2_test/logs/343//more_rs0/log.3431m007
FINISHED NOW!
logging to.../global/cscratch1/sd/huikong/obiwan_Aug/repos_for_docker/obiwan_out/chunk21_10deg2_test/logs/343//more_rs0/log.3431p000
FINISHED NOW!
logging to.../global/cscratch1/sd/huikong/obiwan_Aug/repos_for_docker/obiwan_out/chunk21_10deg2_test/logs/343//more_rs0/log.3431p002
FINISHED NOW!
logging to.../global/cscratch1/sd/huikong/obiwan_Aug/repos_for_docker/obiwan_out/chunk21_10deg2_test/logs/343//more_rs0/log.3431p005
FINISHED NOW!
logging to.../global/cscratch1/sd/huikong/obiwan_Aug/repos_for_docker/obiwan_out/chunk21_10deg2_test/logs/343//more_rs0/log.3431p007
FINISHED NOW!
logging to.../global/cscratch1/sd/huikong/obiwan_Aug/repos_for_docker/obiwan_out/chunk21_10deg2_test/logs/343//more_rs0/log.3433m002
FINISHED NOW!
logging to.../global/cscratch1/sd/huikong/obiwan_Aug/repos_for_docker/obiwan_out/chunk21_10deg2_test/logs/343//more_rs0/log.3433m005
FINISHED NOW!
logging to.../global/cscratch1/sd/huikong/obiwan_Aug/repos_for_docker/obiwan_out/chunk21_10deg2_test/logs/343//more_rs0/log.3433m007
FINISHED NOW!
logging to.../global/cscratch1/sd/huikong/obiwan_Aug/repos_for_docker/obiwan_out/chunk21_10deg2_test/logs/343//more_rs0/log.3433p000
FINISHED NOW!
FINISHED NOW!
logging to.../global/cscratch1/sd/huikong/obiwan_Aug/repos_for_docker/obiwan_out/chunk21_10deg2_test/logs/343//more_rs0/log.3433p002
logging to.../global/cscratch1/sd/huikong/obiwan_Aug/repos_for_docker/obiwan_out/chunk21_10deg2_test/logs/343//more_rs0/log.3433p005
FINISHED NOW!
logging to.../global/cscratch1/sd/huikong/obiwan_Aug/repos_for_docker/obiwan_out/chunk21_10deg2_test/logs/343//more_rs0/log.3433p007
FINISHED NOW!
logging to.../global/cscratch1/sd/huikong/obiwan_Aug/repos_for_docker/obiwan_out/chunk21_10deg2_test/logs/343//more_rs0/log.3436m002
FINISHED NOW!
logging to.../global/cscratch1/sd/huikong/obiwan_Aug/repos_for_docker/obiwan_out/chunk21_10deg2_test/logs/343//more_rs0/log.3436m005
FINISHED NOW!
logging to.../global/cscratch1/sd/huikong/obiwan_Aug/repos_for_docker/obiwan_out/chunk21_10deg2_test/logs/343//more_rs0/log.3436m007
FINISHED NOW!
FINISHED NOW!
logging to.../global/cscratch1/sd/huikong/obiwan_Aug/repos_for_docker/obiwan_out/chunk21_10deg2_test/logs/343//more_rs0/log.3436p000
logging to.../global/cscratch1/sd/huikong/obiwan_Aug/repos_for_docker/obiwan_out/chunk21_10deg2_test/logs/343//more_rs0/log.3436p002
FINISHED NOW!
logging to.../global/cscratch1/sd/huikong/obiwan_Aug/repos_for_docker/obiwan_out/chunk21_10deg2_test/logs/343//more_rs0/log.3436p005
FINISHED NOW!
logging to.../global/cscratch1/sd/huikong/obiwan_Aug/repos_for_docker/obiwan_out/chunk21_10deg2_test/logs/343//more_rs0/log.3436p007
FINISHED NOW!
logging to.../global/cscratch1/sd/huikong/obiwan_Aug/repos_for_docker/obiwan_out/chunk21_10deg2_test/logs/343//more_rs0/log.3438m002
FINISHED NOW!
logging to.../global/cscratch1/sd/huikong/obiwan_Aug/repos_for_docker/obiwan_out/chunk21_10deg2_test/logs/343//more_rs0/log.3438m005
FINISHED NOW!
FINISHED NOW!
Master: slave finished is task and says "I completed my task (121)"
Master: slave finished is task and says "I completed my task (122)"
Master: slave finished is task and says "I completed my task (123)"
Master: slave finished is task and says "I completed my task (124)"
Master: slave finished is task and says "I completed my task (125)"
Master: slave finished is task and says "I completed my task (126)"
Master: slave finished is task and says "I completed my task (127)"
Master: slave finished is task and says "I completed my task (128)"
Master: slave finished is task and says "I completed my task (130)"
Master: slave finished is task and says "I completed my task (131)"
Master: slave finished is task and says "I completed my task (129)"
Master: slave finished is task and says "I completed my task (132)"
Master: slave finished is task and says "I completed my task (133)"
Master: slave finished is task and says "I completed my task (134)"
Master: slave finished is task and says "I completed my task (135)"
Master: slave finished is task and says "I completed my task (136)"
Master: slave finished is task and says "I completed my task (137)"
Master: slave finished is task and says "I completed my task (138)"
Master: slave finished is task and says "I completed my task (139)"
Master: slave finished is task and says "I completed my task (140)"
Master: slave finished is task and says "I completed my task (141)"
Master: slave finished is task and says "I completed my task (142)"
Master: slave finished is task and says "I completed my task (143)"
Master: slave finished is task and says "I completed my task (144)"
Master: slave finished is task and says "I completed my task (145)"
Master: slave finished is task and says "I completed my task (146)"
Master: slave finished is task and says "I completed my task (147)"
Master: slave finished is task and says "I completed my task (148)"
Master: slave finished is task and says "I completed my task (149)"
Master: slave finished is task and says "I completed my task (150)"
Master: slave finished is task and says "I completed my task (151)"
Master: slave finished is task and says "I completed my task (152)"
Master: slave finished is task and says "I completed my task (153)"
Master: slave finished is task and says "I completed my task (154)"
Master: slave finished is task and says "I completed my task (155)"
Master: slave finished is task and says "I completed my task (156)"
Master: slave finished is task and says "I completed my task (157)"
Master: slave finished is task and says "I completed my task (158)"
Master: slave finished is task and says "I completed my task (159)"
Master: slave finished is task and says "I completed my task (160)"
Master: slave finished is task and says "I completed my task (161)"
Master: slave finished is task and says "I completed my task (162)"
Master: slave finished is task and says "I completed my task (163)"
Master: slave finished is task and says "I completed my task (164)"
Master: slave finished is task and says "I completed my task (165)"
Master: slave finished is task and says "I completed my task (166)"
Master: slave finished is task and says "I completed my task (167)"
Master: slave finished is task and says "I completed my task (168)"
Master: slave finished is task and says "I completed my task (169)"
Master: slave finished is task and says "I completed my task (170)"
Master: slave finished is task and says "I completed my task (171)"
Master: slave finished is task and says "I completed my task (172)"
Master: slave finished is task and says "I completed my task (173)"
Master: slave finished is task and says "I completed my task (175)"
Master: slave finished is task and says "I completed my task (174)"
Master: slave finished is task and says "I completed my task (176)"
Master: slave finished is task and says "I completed my task (177)"
Master: slave finished is task and says "I completed my task (178)"
Master: slave finished is task and says "I completed my task (179)"
Master: slave finished is task and says "I completed my task (180)"
Master: slave finished is task and says "I completed my task (181)"
Master: slave finished is task and says "I completed my task (182)"
Master: slave finished is task and says "I completed my task (183)"
Master: slave finished is task and says "I completed my task (184)"
Master: slave finished is task and says "I completed my task (185)"
Master: slave finished is task and says "I completed my task (186)"
Master: slave finished is task and says "I completed my task (187)"
Master: slave finished is task and says "I completed my task (188)"
Master: slave finished is task and says "I completed my task (189)"
Master: slave finished is task and says "I completed my task (190)"
Master: slave finished is task and says "I completed my task (191)"
Master: slave finished is task and says "I completed my task (192)"
Master: slave finished is task and says "I completed my task (193)"
Master: slave finished is task and says "I completed my task (194)"
Master: slave finished is task and says "I completed my task (195)"
Master: slave finished is task and says "I completed my task (196)"
Master: slave finished is task and says "I completed my task (197)"
Master: slave finished is task and says "I completed my task (198)"
Master: slave finished is task and says "I completed my task (199)"
Master: slave finished is task and says "I completed my task (200)"
Master: slave finished is task and says "I completed my task (201)"
Master: slave finished is task and says "I completed my task (202)"
Master: slave finished is task and says "I completed my task (203)"
Master: slave finished is task and says "I completed my task (204)"
Master: slave finished is task and says "I completed my task (205)"
Master: slave finished is task and says "I completed my task (206)"
Master: slave finished is task and says "I completed my task (207)"
Master: slave finished is task and says "I completed my task (208)"
Master: slave finished is task and says "I completed my task (209)"
Master: slave finished is task and says "I completed my task (210)"
Master: slave finished is task and says "I completed my task (211)"
Master: slave finished is task and says "I completed my task (212)"
Master: slave finished is task and says "I completed my task (213)"
Master: slave finished is task and says "I completed my task (215)"
Master: slave finished is task and says "I completed my task (214)"
Master: slave finished is task and says "I completed my task (216)"
Master: slave finished is task and says "I completed my task (218)"
Master: slave finished is task and says "I completed my task (217)"
Master: slave finished is task and says "I completed my task (219)"
Master: slave finished is task and says "I completed my task (221)"
Master: slave finished is task and says "I completed my task (220)"
Master: slave finished is task and says "I completed my task (222)"
Master: slave finished is task and says "I completed my task (223)"
Master: slave finished is task and says "I completed my task (224)"
Master: slave finished is task and says "I completed my task (225)"
Master: slave finished is task and says "I completed my task (226)"
Master: slave finished is task and says "I completed my task (227)"
Master: slave finished is task and says "I completed my task (228)"
Master: slave finished is task and says "I completed my task (229)"
Master: slave finished is task and says "I completed my task (230)"
Master: slave finished is task and says "I completed my task (231)"
Master: slave finished is task and says "I completed my task (232)"
Master: slave finished is task and says "I completed my task (234)"
Master: slave finished is task and says "I completed my task (233)"
Master: slave finished is task and says "I completed my task (235)"
Master: slave finished is task and says "I completed my task (236)"
Master: slave finished is task and says "I completed my task (237)"
Master: slave finished is task and says "I completed my task (238)"
Master: slave finished is task and says "I completed my task (239)"
Master: slave finished is task and says "I completed my task (240)"
Master: slave finished is task and says "I completed my task (241)"
logging to.../global/cscratch1/sd/huikong/obiwan_Aug/repos_for_docker/obiwan_out/chunk21_10deg2_test/logs/343//more_rs0/log.3438p000
logging to.../global/cscratch1/sd/huikong/obiwan_Aug/repos_for_docker/obiwan_out/chunk21_10deg2_test/logs/343//more_rs0/log.3438m007
FINISHED NOW!
logging to.../global/cscratch1/sd/huikong/obiwan_Aug/repos_for_docker/obiwan_out/chunk21_10deg2_test/logs/343//more_rs0/log.3438p002
FINISHED NOW!
FINISHED NOW!
logging to.../global/cscratch1/sd/huikong/obiwan_Aug/repos_for_docker/obiwan_out/chunk21_10deg2_test/logs/343//more_rs0/log.3438p007
logging to.../global/cscratch1/sd/huikong/obiwan_Aug/repos_for_docker/obiwan_out/chunk21_10deg2_test/logs/343//more_rs0/log.3438p005
FINISHED NOW!
logging to.../global/cscratch1/sd/huikong/obiwan_Aug/repos_for_docker/obiwan_out/chunk21_10deg2_test/logs/344//more_rs0/log.3441m002
FINISHED NOW!
FINISHED NOW!
logging to.../global/cscratch1/sd/huikong/obiwan_Aug/repos_for_docker/obiwan_out/chunk21_10deg2_test/logs/344//more_rs0/log.3441m005
logging to.../global/cscratch1/sd/huikong/obiwan_Aug/repos_for_docker/obiwan_out/chunk21_10deg2_test/logs/344//more_rs0/log.3441m007
FINISHED NOW!
logging to.../global/cscratch1/sd/huikong/obiwan_Aug/repos_for_docker/obiwan_out/chunk21_10deg2_test/logs/344//more_rs0/log.3441p000
FINISHED NOW!
FINISHED NOW!
logging to.../global/cscratch1/sd/huikong/obiwan_Aug/repos_for_docker/obiwan_out/chunk21_10deg2_test/logs/344//more_rs0/log.3441p002
logging to.../global/cscratch1/sd/huikong/obiwan_Aug/repos_for_docker/obiwan_out/chunk21_10deg2_test/logs/344//more_rs0/log.3441p005
FINISHED NOW!
logging to.../global/cscratch1/sd/huikong/obiwan_Aug/repos_for_docker/obiwan_out/chunk21_10deg2_test/logs/344//more_rs0/log.3441p007
FINISHED NOW!
logging to.../global/cscratch1/sd/huikong/obiwan_Aug/repos_for_docker/obiwan_out/chunk21_10deg2_test/logs/344//more_rs0/log.3443m002
FINISHED NOW!
logging to.../global/cscratch1/sd/huikong/obiwan_Aug/repos_for_docker/obiwan_out/chunk21_10deg2_test/logs/344//more_rs0/log.3443m005
FINISHED NOW!
FINISHED NOW!
FINISHED NOW!
logging to.../global/cscratch1/sd/huikong/obiwan_Aug/repos_for_docker/obiwan_out/chunk21_10deg2_test/logs/344//more_rs0/log.3443p000
logging to.../global/cscratch1/sd/huikong/obiwan_Aug/repos_for_docker/obiwan_out/chunk21_10deg2_test/logs/344//more_rs0/log.3443m007
logging to.../global/cscratch1/sd/huikong/obiwan_Aug/repos_for_docker/obiwan_out/chunk21_10deg2_test/logs/344//more_rs0/log.3443p002
FINISHED NOW!
FINISHED NOW!
logging to.../global/cscratch1/sd/huikong/obiwan_Aug/repos_for_docker/obiwan_out/chunk21_10deg2_test/logs/344//more_rs0/log.3443p007
logging to.../global/cscratch1/sd/huikong/obiwan_Aug/repos_for_docker/obiwan_out/chunk21_10deg2_test/logs/344//more_rs0/log.3443p005
FINISHED NOW!
logging to.../global/cscratch1/sd/huikong/obiwan_Aug/repos_for_docker/obiwan_out/chunk21_10deg2_test/logs/344//more_rs0/log.3446m002
FINISHED NOW!
FINISHED NOW!
FINISHED NOW!
logging to.../global/cscratch1/sd/huikong/obiwan_Aug/repos_for_docker/obiwan_out/chunk21_10deg2_test/logs/344//more_rs0/log.3446m005
logging to.../global/cscratch1/sd/huikong/obiwan_Aug/repos_for_docker/obiwan_out/chunk21_10deg2_test/logs/344//more_rs0/log.3446p000
logging to.../global/cscratch1/sd/huikong/obiwan_Aug/repos_for_docker/obiwan_out/chunk21_10deg2_test/logs/344//more_rs0/log.3446m007
FINISHED NOW!
FINISHED NOW!
FINISHED NOW!
logging to.../global/cscratch1/sd/huikong/obiwan_Aug/repos_for_docker/obiwan_out/chunk21_10deg2_test/logs/344//more_rs0/log.3446p002
logging to.../global/cscratch1/sd/huikong/obiwan_Aug/repos_for_docker/obiwan_out/chunk21_10deg2_test/logs/344//more_rs0/log.3446p005
logging to.../global/cscratch1/sd/huikong/obiwan_Aug/repos_for_docker/obiwan_out/chunk21_10deg2_test/logs/344//more_rs0/log.3446p007
FINISHED NOW!
FINISHED NOW!
logging to.../global/cscratch1/sd/huikong/obiwan_Aug/repos_for_docker/obiwan_out/chunk21_10deg2_test/logs/344//more_rs0/log.3448m002
FINISHED NOW!
logging to.../global/cscratch1/sd/huikong/obiwan_Aug/repos_for_docker/obiwan_out/chunk21_10deg2_test/logs/344//more_rs0/log.3448m005
logging to.../global/cscratch1/sd/huikong/obiwan_Aug/repos_for_docker/obiwan_out/chunk21_10deg2_test/logs/344//more_rs0/log.3448m007
FINISHED NOW!
logging to.../global/cscratch1/sd/huikong/obiwan_Aug/repos_for_docker/obiwan_out/chunk21_10deg2_test/logs/344//more_rs0/log.3448p000
FINISHED NOW!
FINISHED NOW!
logging to.../global/cscratch1/sd/huikong/obiwan_Aug/repos_for_docker/obiwan_out/chunk21_10deg2_test/logs/344//more_rs0/log.3448p002
logging to.../global/cscratch1/sd/huikong/obiwan_Aug/repos_for_docker/obiwan_out/chunk21_10deg2_test/logs/344//more_rs0/log.3448p005
FINISHED NOW!
FINISHED NOW!
FINISHED NOW!
logging to.../global/cscratch1/sd/huikong/obiwan_Aug/repos_for_docker/obiwan_out/chunk21_10deg2_test/logs/344//more_rs0/log.3448p007
FINISHED NOW!
Master: slave finished is task and says "I completed my task (243)"
Master: slave finished is task and says "I completed my task (242)"
Master: slave finished is task and says "I completed my task (244)"
Master: slave finished is task and says "I completed my task (245)"
Master: slave finished is task and says "I completed my task (246)"
Master: slave finished is task and says "I completed my task (247)"
Master: slave finished is task and says "I completed my task (248)"
Master: slave finished is task and says "I completed my task (249)"
Master: slave finished is task and says "I completed my task (250)"
Master: slave finished is task and says "I completed my task (252)"
Master: slave finished is task and says "I completed my task (251)"
Master: slave finished is task and says "I completed my task (253)"
Master: slave finished is task and says "I completed my task (254)"
Master: slave finished is task and says "I completed my task (255)"
Master: slave finished is task and says "I completed my task (258)"
Master: slave finished is task and says "I completed my task (256)"
Master: slave finished is task and says "I completed my task (257)"
Master: slave finished is task and says "I completed my task (259)"
Master: slave finished is task and says "I completed my task (260)"
Master: slave finished is task and says "I completed my task (261)"
Master: slave finished is task and says "I completed my task (263)"
Master: slave finished is task and says "I completed my task (262)"
Master: slave finished is task and says "I completed my task (264)"
Master: slave finished is task and says "I completed my task (265)"
Master: slave finished is task and says "I completed my task (267)"
Master: slave finished is task and says "I completed my task (266)"
Master: slave finished is task and says "I completed my task (270)"
Master: slave finished is task and says "I completed my task (268)"
Master: slave finished is task and says "I completed my task (269)"
Master: slave finished is task and says "I completed my task (271)"
I am  nid01395 rank 2 (total 4)
  Slave nid01395 rank 2 executing "3351m005" task_id "1"
  Slave nid01395 rank 2 executing "3351p002" task_id "4"
  Slave nid01395 rank 2 executing "3353m002" task_id "7"
  Slave nid01395 rank 2 executing "3353p000" task_id "10"
  Slave nid01395 rank 2 executing "3353p007" task_id "13"
  Slave nid01395 rank 2 executing "3356m007" task_id "16"
  Slave nid01395 rank 2 executing "3356p005" task_id "19"
  Slave nid01395 rank 2 executing "3358m005" task_id "22"
  Slave nid01395 rank 2 executing "3358p002" task_id "25"
  Slave nid01395 rank 2 executing "3361m002" task_id "28"
  Slave nid01395 rank 2 executing "3361p000" task_id "31"
  Slave nid01395 rank 2 executing "3361p007" task_id "34"
  Slave nid01395 rank 2 executing "3363m007" task_id "37"
  Slave nid01395 rank 2 executing "3363p005" task_id "40"
  Slave nid01395 rank 2 executing "3366m005" task_id "43"
  Slave nid01395 rank 2 executing "3366p002" task_id "46"
  Slave nid01395 rank 2 executing "3368m002" task_id "49"
Master: slave finished is task and says "I completed my task (272)"
Master: slave finished is task and says "I completed my task (273)"
Master: slave finished is task and says "I completed my task (274)"
Master: slave finished is task and says "I completed my task (275)"
Master: slave finished is task and says "I completed my task (276)"
Master: slave finished is task and says "I completed my task (277)"
Task completed (rank 0)
  Slave nid01395 rank 2 executing "3368p000" task_id "52"
  Slave nid01395 rank 2 executing "3368p005" task_id "54"
  Slave nid01395 rank 2 executing "3371m005" task_id "57"
  Slave nid01395 rank 2 executing "3371p007" task_id "61"
  Slave nid01395 rank 2 executing "3373m007" task_id "64"
  Slave nid01395 rank 2 executing "3373p007" task_id "67"
  Slave nid01395 rank 2 executing "3376m007" task_id "70"
  Slave nid01395 rank 2 executing "3376p005" task_id "73"
  Slave nid01395 rank 2 executing "3378m005" task_id "76"
  Slave nid01395 rank 2 executing "3378p002" task_id "79"
  Slave nid01395 rank 2 executing "3381m002" task_id "82"
  Slave nid01395 rank 2 executing "3381p000" task_id "85"
  Slave nid01395 rank 2 executing "3381p007" task_id "88"
  Slave nid01395 rank 2 executing "3383m007" task_id "91"
  Slave nid01395 rank 2 executing "3383p005" task_id "94"
  Slave nid01395 rank 2 executing "3386m005" task_id "97"
  Slave nid01395 rank 2 executing "3386p000" task_id "99"
I am  nid01394 rank 1 (total 4)
  Slave nid01394 rank 1 executing "3351m002" task_id "0"
  Slave nid01394 rank 1 executing "3351p000" task_id "3"
  Slave nid01394 rank 1 executing "3351p007" task_id "6"
  Slave nid01394 rank 1 executing "3353m007" task_id "9"
  Slave nid01394 rank 1 executing "3353p005" task_id "12"
  Slave nid01394 rank 1 executing "3356m005" task_id "15"
  Slave nid01394 rank 1 executing "3356p002" task_id "18"
  Slave nid01394 rank 1 executing "3358m002" task_id "21"
  Slave nid01394 rank 1 executing "3358p000" task_id "24"
  Slave nid01394 rank 1 executing "3358p007" task_id "27"
  Slave nid01394 rank 1 executing "3361m007" task_id "30"
  Slave nid01394 rank 1 executing "3361p005" task_id "33"
  Slave nid01394 rank 1 executing "3363m005" task_id "36"
  Slave nid01394 rank 1 executing "3363p002" task_id "39"
  Slave nid01394 rank 1 executing "3366m002" task_id "42"
  Slave nid01394 rank 1 executing "3366p000" task_id "45"
  Slave nid01394 rank 1 executing "3366p007" task_id "48"
  Slave nid01395 rank 2 executing "3386p007" task_id "102"
  Slave nid01395 rank 2 executing "3388m007" task_id "105"
  Slave nid01395 rank 2 executing "3388p005" task_id "108"
  Slave nid01395 rank 2 executing "3391m005" task_id "111"
  Slave nid01395 rank 2 executing "3391p002" task_id "114"
  Slave nid01395 rank 2 executing "3393m002" task_id "117"
  Slave nid01395 rank 2 executing "3393p000" task_id "120"
  Slave nid01395 rank 2 executing "3393p007" task_id "123"
  Slave nid01395 rank 2 executing "3396m007" task_id "126"
  Slave nid01395 rank 2 executing "3396p005" task_id "129"
  Slave nid01395 rank 2 executing "3398p000" task_id "134"
  Slave nid01395 rank 2 executing "3398p007" task_id "137"
  Slave nid01395 rank 2 executing "3401m007" task_id "140"
  Slave nid01395 rank 2 executing "3401p005" task_id "143"
  Slave nid01395 rank 2 executing "3403m005" task_id "146"
  Slave nid01395 rank 2 executing "3403p002" task_id "149"
  Slave nid01395 rank 2 executing "3406m002" task_id "152"
  Slave nid01394 rank 1 executing "3368m007" task_id "51"
  Slave nid01394 rank 1 executing "3368p007" task_id "55"
  Slave nid01394 rank 1 executing "3371m007" task_id "58"
  Slave nid01394 rank 1 executing "3371p005" task_id "60"
  Slave nid01394 rank 1 executing "3373m005" task_id "63"
  Slave nid01394 rank 1 executing "3373p005" task_id "66"
  Slave nid01394 rank 1 executing "3376m005" task_id "69"
  Slave nid01394 rank 1 executing "3376p002" task_id "72"
  Slave nid01394 rank 1 executing "3378m002" task_id "75"
  Slave nid01394 rank 1 executing "3378p000" task_id "78"
  Slave nid01394 rank 1 executing "3378p007" task_id "81"
  Slave nid01394 rank 1 executing "3381m007" task_id "84"
  Slave nid01394 rank 1 executing "3381p005" task_id "87"
  Slave nid01394 rank 1 executing "3383m005" task_id "90"
  Slave nid01394 rank 1 executing "3383p002" task_id "93"
  Slave nid01394 rank 1 executing "3386m002" task_id "96"
  Slave nid01394 rank 1 executing "3386p002" task_id "100"
  Slave nid01395 rank 2 executing "3406p000" task_id "155"
  Slave nid01395 rank 2 executing "3406p007" task_id "158"
  Slave nid01395 rank 2 executing "3408m007" task_id "161"
  Slave nid01395 rank 2 executing "3408p005" task_id "164"
  Slave nid01395 rank 2 executing "3411m005" task_id "167"
  Slave nid01395 rank 2 executing "3411p002" task_id "170"
  Slave nid01395 rank 2 executing "3413m002" task_id "173"
  Slave nid01395 rank 2 executing "3413p000" task_id "176"
  Slave nid01395 rank 2 executing "3413p007" task_id "179"
  Slave nid01395 rank 2 executing "3416m007" task_id "182"
  Slave nid01395 rank 2 executing "3416p005" task_id "185"
  Slave nid01395 rank 2 executing "3418m005" task_id "188"
  Slave nid01395 rank 2 executing "3418p002" task_id "191"
  Slave nid01395 rank 2 executing "3421m002" task_id "194"
  Slave nid01395 rank 2 executing "3421p000" task_id "197"
  Slave nid01395 rank 2 executing "3421p007" task_id "200"
  Slave nid01395 rank 2 executing "3423m007" task_id "203"
  Slave nid01394 rank 1 executing "3388m002" task_id "103"
  Slave nid01394 rank 1 executing "3388p000" task_id "106"
  Slave nid01394 rank 1 executing "3388p007" task_id "109"
  Slave nid01394 rank 1 executing "3391m007" task_id "112"
  Slave nid01394 rank 1 executing "3391p005" task_id "115"
  Slave nid01394 rank 1 executing "3393m005" task_id "118"
  Slave nid01394 rank 1 executing "3393p002" task_id "121"
  Slave nid01394 rank 1 executing "3396m002" task_id "124"
  Slave nid01394 rank 1 executing "3396p000" task_id "127"
  Slave nid01394 rank 1 executing "3396p007" task_id "130"
  Slave nid01394 rank 1 executing "3398m005" task_id "132"
  Slave nid01394 rank 1 executing "3398p002" task_id "135"
  Slave nid01394 rank 1 executing "3401m002" task_id "138"
  Slave nid01394 rank 1 executing "3401p000" task_id "141"
  Slave nid01394 rank 1 executing "3401p007" task_id "144"
  Slave nid01394 rank 1 executing "3403m007" task_id "147"
  Slave nid01394 rank 1 executing "3403p005" task_id "150"
  Slave nid01395 rank 2 executing "3423p005" task_id "206"
  Slave nid01394 rank 1 executing "3406m005" task_id "153"
  Slave nid01394 rank 1 executing "3406p002" task_id "156"
  Slave nid01394 rank 1 executing "3408m002" task_id "159"
  Slave nid01394 rank 1 executing "3408p000" task_id "162"
  Slave nid01394 rank 1 executing "3408p007" task_id "165"
  Slave nid01394 rank 1 executing "3411m007" task_id "168"
  Slave nid01394 rank 1 executing "3411p005" task_id "171"
  Slave nid01394 rank 1 executing "3413m005" task_id "174"
  Slave nid01394 rank 1 executing "3413p005" task_id "178"
  Slave nid01394 rank 1 executing "3416m005" task_id "181"
  Slave nid01394 rank 1 executing "3416p002" task_id "184"
  Slave nid01394 rank 1 executing "3418m002" task_id "187"
  Slave nid01394 rank 1 executing "3418p000" task_id "190"
  Slave nid01394 rank 1 executing "3418p007" task_id "193"
  Slave nid01394 rank 1 executing "3421m007" task_id "196"
  Slave nid01394 rank 1 executing "3421p005" task_id "199"
  Slave nid01394 rank 1 executing "3423m005" task_id "202"
I am  nid01395 rank 3 (total 4)
  Slave nid01395 rank 3 executing "3351m007" task_id "2"
  Slave nid01395 rank 3 executing "3351p005" task_id "5"
  Slave nid01395 rank 3 executing "3353m005" task_id "8"
  Slave nid01395 rank 3 executing "3353p002" task_id "11"
  Slave nid01395 rank 3 executing "3356m002" task_id "14"
  Slave nid01395 rank 3 executing "3356p000" task_id "17"
  Slave nid01395 rank 3 executing "3356p007" task_id "20"
  Slave nid01395 rank 3 executing "3358m007" task_id "23"
  Slave nid01395 rank 3 executing "3358p005" task_id "26"
  Slave nid01395 rank 3 executing "3361m005" task_id "29"
  Slave nid01395 rank 3 executing "3361p002" task_id "32"
  Slave nid01395 rank 3 executing "3363m002" task_id "35"
  Slave nid01395 rank 3 executing "3363p000" task_id "38"
  Slave nid01395 rank 3 executing "3363p007" task_id "41"
  Slave nid01395 rank 3 executing "3366m007" task_id "44"
  Slave nid01395 rank 3 executing "3366p005" task_id "47"
  Slave nid01395 rank 3 executing "3368m005" task_id "50"
  Slave nid01394 rank 1 executing "3423p002" task_id "205"
  Slave nid01395 rank 3 executing "3368p002" task_id "53"
  Slave nid01395 rank 3 executing "3371m002" task_id "56"
  Slave nid01395 rank 3 executing "3371p002" task_id "59"
  Slave nid01395 rank 3 executing "3373m002" task_id "62"
  Slave nid01395 rank 3 executing "3373p002" task_id "65"
  Slave nid01395 rank 3 executing "3376m002" task_id "68"
  Slave nid01395 rank 3 executing "3376p000" task_id "71"
  Slave nid01395 rank 3 executing "3376p007" task_id "74"
  Slave nid01395 rank 3 executing "3378m007" task_id "77"
  Slave nid01395 rank 3 executing "3378p005" task_id "80"
  Slave nid01395 rank 3 executing "3381m005" task_id "83"
  Slave nid01395 rank 3 executing "3381p002" task_id "86"
  Slave nid01395 rank 3 executing "3383m002" task_id "89"
  Slave nid01395 rank 3 executing "3383p000" task_id "92"
  Slave nid01395 rank 3 executing "3383p007" task_id "95"
  Slave nid01395 rank 3 executing "3386m007" task_id "98"
  Slave nid01395 rank 3 executing "3386p005" task_id "101"
  Slave nid01394 rank 1 executing "3426m002" task_id "208"
  Slave nid01394 rank 1 executing "3426p000" task_id "211"
  Slave nid01394 rank 1 executing "3426p007" task_id "214"
  Slave nid01394 rank 1 executing "3428p000" task_id "218"
  Slave nid01394 rank 1 executing "3428p005" task_id "220"
  Slave nid01394 rank 1 executing "3431m007" task_id "224"
  Slave nid01394 rank 1 executing "3431p005" task_id "227"
  Slave nid01394 rank 1 executing "3433m005" task_id "230"
  Slave nid01394 rank 1 executing "3433p002" task_id "233"
  Slave nid01394 rank 1 executing "3436m005" task_id "237"
  Slave nid01394 rank 1 executing "3436p002" task_id "240"
  Slave nid01394 rank 1 executing "3438m002" task_id "243"
  Slave nid01394 rank 1 executing "3438m007" task_id "245"
  Slave nid01394 rank 1 executing "3438p005" task_id "248"
  Slave nid01394 rank 1 executing "3441m005" task_id "251"
  Slave nid01394 rank 1 executing "3441p005" task_id "255"
  Slave nid01394 rank 1 executing "3443m005" task_id "258"
  Slave nid01395 rank 3 executing "3388m005" task_id "104"
  Slave nid01395 rank 3 executing "3388p002" task_id "107"
  Slave nid01395 rank 3 executing "3391m002" task_id "110"
  Slave nid01395 rank 3 executing "3391p000" task_id "113"
  Slave nid01395 rank 3 executing "3391p007" task_id "116"
  Slave nid01395 rank 3 executing "3393m007" task_id "119"
  Slave nid01395 rank 3 executing "3393p005" task_id "122"
  Slave nid01395 rank 3 executing "3396m005" task_id "125"
  Slave nid01395 rank 3 executing "3396p002" task_id "128"
  Slave nid01395 rank 3 executing "3398m002" task_id "131"
  Slave nid01395 rank 3 executing "3398m007" task_id "133"
  Slave nid01395 rank 3 executing "3398p005" task_id "136"
  Slave nid01395 rank 3 executing "3401m005" task_id "139"
  Slave nid01395 rank 3 executing "3401p002" task_id "142"
  Slave nid01395 rank 3 executing "3403m002" task_id "145"
  Slave nid01395 rank 3 executing "3403p000" task_id "148"
  Slave nid01395 rank 3 executing "3403p007" task_id "151"
  Slave nid01394 rank 1 executing "3443m007" task_id "259"
  Slave nid01394 rank 1 executing "3443p005" task_id "262"
  Slave nid01394 rank 1 executing "3446m007" task_id "266"
  Slave nid01394 rank 1 executing "3446p007" task_id "270"
  Slave nid01394 rank 1 executing "3448m002" task_id "271"
  Slave nid01394 rank 1 executing "3448p000" task_id "274"
  Slave nid01394 rank 1 executing "3448p007" task_id "277"
Task completed (rank 1)
  Slave nid01395 rank 3 executing "3406m007" task_id "154"
  Slave nid01395 rank 3 executing "3406p005" task_id "157"
  Slave nid01395 rank 3 executing "3408m005" task_id "160"
  Slave nid01395 rank 3 executing "3408p002" task_id "163"
  Slave nid01395 rank 3 executing "3411m002" task_id "166"
  Slave nid01395 rank 3 executing "3411p000" task_id "169"
  Slave nid01395 rank 3 executing "3411p007" task_id "172"
  Slave nid01395 rank 3 executing "3413m007" task_id "175"
  Slave nid01395 rank 3 executing "3413p002" task_id "177"
  Slave nid01395 rank 3 executing "3416m002" task_id "180"
  Slave nid01395 rank 3 executing "3416p000" task_id "183"
  Slave nid01395 rank 3 executing "3416p007" task_id "186"
  Slave nid01395 rank 3 executing "3418m007" task_id "189"
  Slave nid01395 rank 3 executing "3418p005" task_id "192"
  Slave nid01395 rank 3 executing "3421m005" task_id "195"
  Slave nid01395 rank 3 executing "3421p002" task_id "198"
  Slave nid01395 rank 3 executing "3423m002" task_id "201"
  Slave nid01395 rank 3 executing "3423p000" task_id "204"
  Slave nid01395 rank 2 executing "3426m005" task_id "209"
  Slave nid01395 rank 2 executing "3426p002" task_id "212"
  Slave nid01395 rank 2 executing "3428m002" task_id "215"
  Slave nid01395 rank 2 executing "3428m007" task_id "217"
  Slave nid01395 rank 2 executing "3428p007" task_id "221"
  Slave nid01395 rank 2 executing "3431m005" task_id "223"
  Slave nid01395 rank 2 executing "3431p002" task_id "226"
  Slave nid01395 rank 2 executing "3433m002" task_id "229"
  Slave nid01395 rank 2 executing "3433p000" task_id "232"
  Slave nid01395 rank 2 executing "3433p007" task_id "235"
  Slave nid01395 rank 2 executing "3436m007" task_id "238"
  Slave nid01395 rank 2 executing "3436p005" task_id "241"
  Slave nid01395 rank 2 executing "3438m005" task_id "244"
  Slave nid01395 rank 2 executing "3438p002" task_id "247"
  Slave nid01395 rank 2 executing "3441m002" task_id "250"
  Slave nid01395 rank 2 executing "3441p000" task_id "253"
  Slave nid01395 rank 2 executing "3441p007" task_id "256"
  Slave nid01395 rank 2 executing "3443p000" task_id "260"
  Slave nid01395 rank 2 executing "3443p007" task_id "263"
  Slave nid01395 rank 2 executing "3446m005" task_id "265"
  Slave nid01395 rank 2 executing "3446p002" task_id "268"
  Slave nid01395 rank 2 executing "3448m005" task_id "272"
  Slave nid01395 rank 2 executing "3448p002" task_id "275"
Task completed (rank 2)
  Slave nid01395 rank 3 executing "3423p007" task_id "207"
  Slave nid01395 rank 3 executing "3426m007" task_id "210"
  Slave nid01395 rank 3 executing "3426p005" task_id "213"
  Slave nid01395 rank 3 executing "3428m005" task_id "216"
  Slave nid01395 rank 3 executing "3428p002" task_id "219"
  Slave nid01395 rank 3 executing "3431m002" task_id "222"
  Slave nid01395 rank 3 executing "3431p000" task_id "225"
  Slave nid01395 rank 3 executing "3431p007" task_id "228"
  Slave nid01395 rank 3 executing "3433m007" task_id "231"
  Slave nid01395 rank 3 executing "3433p005" task_id "234"
  Slave nid01395 rank 3 executing "3436m002" task_id "236"
  Slave nid01395 rank 3 executing "3436p000" task_id "239"
  Slave nid01395 rank 3 executing "3436p007" task_id "242"
  Slave nid01395 rank 3 executing "3438p000" task_id "246"
  Slave nid01395 rank 3 executing "3438p007" task_id "249"
  Slave nid01395 rank 3 executing "3441m007" task_id "252"
  Slave nid01395 rank 3 executing "3441p002" task_id "254"
  Slave nid01395 rank 3 executing "3443m002" task_id "257"
  Slave nid01395 rank 3 executing "3443p002" task_id "261"
  Slave nid01395 rank 3 executing "3446m002" task_id "264"
  Slave nid01395 rank 3 executing "3446p000" task_id "267"
  Slave nid01395 rank 3 executing "3446p005" task_id "269"
  Slave nid01395 rank 3 executing "3448m007" task_id "273"
  Slave nid01395 rank 3 executing "3448p005" task_id "276"
Task completed (rank 3)
