logging to.../global/cscratch1/sd/huikong/obiwan_Aug/repos_for_docker/obiwan_out/mpi4py_run_chunk21_new_calib_new/logs/356//more_rs0/log.3563p002
logging to.../global/cscratch1/sd/huikong/obiwan_Aug/repos_for_docker/obiwan_out/mpi4py_run_chunk21_new_calib_new/logs/353//more_rs0/log.3531m015
logging to.../global/cscratch1/sd/huikong/obiwan_Aug/repos_for_docker/obiwan_out/mpi4py_run_chunk21_new_calib_new/logs/342//more_rs0/log.3428p000
FINISHED NOW!
logging to.../global/cscratch1/sd/huikong/obiwan_Aug/repos_for_docker/obiwan_out/mpi4py_run_chunk21_new_calib_new/logs/350//more_rs0/log.3508m015
FINISHED NOW!
logging to.../global/cscratch1/sd/huikong/obiwan_Aug/repos_for_docker/obiwan_out/mpi4py_run_chunk21_new_calib_new/logs/323//more_rs0/log.3231p000
FINISHED NOW!
logging to.../global/cscratch1/sd/huikong/obiwan_Aug/repos_for_docker/obiwan_out/mpi4py_run_chunk21_new_calib_new/logs/352//more_rs0/log.3526p007
FINISHED NOW!
logging to.../global/cscratch1/sd/huikong/obiwan_Aug/repos_for_docker/obiwan_out/mpi4py_run_chunk21_new_calib_new/logs/356//more_rs0/log.3568p005
FINISHED NOW!
logging to.../global/cscratch1/sd/huikong/obiwan_Aug/repos_for_docker/obiwan_out/mpi4py_run_chunk21_new_calib_new/logs/347//more_rs0/log.3476p000
FINISHED NOW!
logging to.../global/cscratch1/sd/huikong/obiwan_Aug/repos_for_docker/obiwan_out/mpi4py_run_chunk21_new_calib_new/logs/345//more_rs0/log.3456m015
FINISHED NOW!
logging to.../global/cscratch1/sd/huikong/obiwan_Aug/repos_for_docker/obiwan_out/mpi4py_run_chunk21_new_calib_new/logs/320//more_rs0/log.3206m010
FINISHED NOW!
logging to.../global/cscratch1/sd/huikong/obiwan_Aug/repos_for_docker/obiwan_out/mpi4py_run_chunk21_new_calib_new/logs/351//more_rs0/log.3516p002
FINISHED NOW!
logging to.../global/cscratch1/sd/huikong/obiwan_Aug/repos_for_docker/obiwan_out/mpi4py_run_chunk21_new_calib_new/logs/358//more_rs0/log.3586m010
FINISHED NOW!
logging to.../global/cscratch1/sd/huikong/obiwan_Aug/repos_for_docker/obiwan_out/mpi4py_run_chunk21_new_calib_new/logs/331//more_rs0/log.3316p002
FINISHED NOW!
logging to.../global/cscratch1/sd/huikong/obiwan_Aug/repos_for_docker/obiwan_out/mpi4py_run_chunk21_new_calib_new/logs/352//more_rs0/log.3526p000
FINISHED NOW!
logging to.../global/cscratch1/sd/huikong/obiwan_Aug/repos_for_docker/obiwan_out/mpi4py_run_chunk21_new_calib_new/logs/345//more_rs0/log.3453p012
FINISHED NOW!
logging to.../global/cscratch1/sd/huikong/obiwan_Aug/repos_for_docker/obiwan_out/mpi4py_run_chunk21_new_calib_new/logs/341//more_rs0/log.3411p000
FINISHED NOW!
logging to.../global/cscratch1/sd/huikong/obiwan_Aug/repos_for_docker/obiwan_out/mpi4py_run_chunk21_new_calib_new/logs/325//more_rs0/log.3253p017
FINISHED NOW!
logging to.../global/cscratch1/sd/huikong/obiwan_Aug/repos_for_docker/obiwan_out/mpi4py_run_chunk21_new_calib_new/logs/344//more_rs0/log.3443p010
FINISHED NOW!
logging to.../global/cscratch1/sd/huikong/obiwan_Aug/repos_for_docker/obiwan_out/mpi4py_run_chunk21_new_calib_new/logs/331//more_rs0/log.3313m020
FINISHED NOW!
logging to.../global/cscratch1/sd/huikong/obiwan_Aug/repos_for_docker/obiwan_out/mpi4py_run_chunk21_new_calib_new/logs/341//more_rs0/log.3411p015
FINISHED NOW!
logging to.../global/cscratch1/sd/huikong/obiwan_Aug/repos_for_docker/obiwan_out/mpi4py_run_chunk21_new_calib_new/logs/321//more_rs0/log.3218m005
FINISHED NOW!
logging to.../global/cscratch1/sd/huikong/obiwan_Aug/repos_for_docker/obiwan_out/mpi4py_run_chunk21_new_calib_new/logs/355//more_rs0/log.3556p000
FINISHED NOW!
logging to.../global/cscratch1/sd/huikong/obiwan_Aug/repos_for_docker/obiwan_out/mpi4py_run_chunk21_new_calib_new/logs/345//more_rs0/log.3456m017
FINISHED NOW!
logging to.../global/cscratch1/sd/huikong/obiwan_Aug/repos_for_docker/obiwan_out/mpi4py_run_chunk21_new_calib_new/logs/343//more_rs0/log.3433p015
FINISHED NOW!
logging to.../global/cscratch1/sd/huikong/obiwan_Aug/repos_for_docker/obiwan_out/mpi4py_run_chunk21_new_calib_new/logs/339//more_rs0/log.3398m007
slurmstepd: error: *** STEP 21976117.1 ON nid02109 CANCELLED AT 2019-06-03T12:36:39 DUE TO TIME LIMIT ***
srun: got SIGCONT
srun: forcing job termination
