Traceback (most recent call last):
  File "collect_mpi.py", line 6, in <module>
    from collect import *
  File "/global/u2/h/huikong/obiwan_codes/obiwan_Aug/obiwan_code/py/obiwan/Drones/obiwan_analysis/preprocess/collect/collect.py", line 435
    def nn_redshit_match_all()
                             ^
SyntaxError: invalid syntax
Traceback (most recent call last):
  File "collect_mpi.py", line 6, in <module>
    from collect import *
  File "/global/u2/h/huikong/obiwan_codes/obiwan_Aug/obiwan_code/py/obiwan/Drones/obiwan_analysis/preprocess/collect/collect.py", line 435
    def nn_redshit_match_all()
                             ^
SyntaxError: invalid syntax
Traceback (most recent call last):
  File "collect_mpi.py", line 6, in <module>
    from collect import *
  File "/global/u2/h/huikong/obiwan_codes/obiwan_Aug/obiwan_code/py/obiwan/Drones/obiwan_analysis/preprocess/collect/collect.py", line 435
    def nn_redshit_match_all()
                             ^
SyntaxError: invalid syntax
Traceback (most recent call last):
  File "collect_mpi.py", line 6, in <module>
    from collect import *
  File "/global/u2/h/huikong/obiwan_codes/obiwan_Aug/obiwan_code/py/obiwan/Drones/obiwan_analysis/preprocess/collect/collect.py", line 435
    def nn_redshit_match_all()
                             ^
SyntaxError: invalid syntax
Traceback (most recent call last):
  File "collect_mpi.py", line 6, in <module>
    from collect import *
  File "/global/u2/h/huikong/obiwan_codes/obiwan_Aug/obiwan_code/py/obiwan/Drones/obiwan_analysis/preprocess/collect/collect.py", line 435
    def nn_redshit_match_all()
                             ^
SyntaxError: invalid syntax
Traceback (most recent call last):
  File "collect_mpi.py", line 6, in <module>
    from collect import *
  File "/global/u2/h/huikong/obiwan_codes/obiwan_Aug/obiwan_code/py/obiwan/Drones/obiwan_analysis/preprocess/collect/collect.py", line 435
    def nn_redshit_match_all()
                             ^
SyntaxError: invalid syntax
Traceback (most recent call last):
  File "collect_mpi.py", line 6, in <module>
    from collect import *
  File "/global/u2/h/huikong/obiwan_codes/obiwan_Aug/obiwan_code/py/obiwan/Drones/obiwan_analysis/preprocess/collect/collect.py", line 435
    def nn_redshit_match_all()
                             ^
SyntaxError: invalid syntax
Traceback (most recent call last):
  File "collect_mpi.py", line 6, in <module>
    from collect import *
  File "/global/u2/h/huikong/obiwan_codes/obiwan_Aug/obiwan_code/py/obiwan/Drones/obiwan_analysis/preprocess/collect/collect.py", line 435
    def nn_redshit_match_all()
                             ^
SyntaxError: invalid syntax
Traceback (most recent call last):
  File "collect_mpi.py", line 6, in <module>
    from collect import *
  File "/global/u2/h/huikong/obiwan_codes/obiwan_Aug/obiwan_code/py/obiwan/Drones/obiwan_analysis/preprocess/collect/collect.py", line 435
    def nn_redshit_match_all()
                             ^
SyntaxError: invalid syntax
Traceback (most recent call last):
  File "collect_mpi.py", line 6, in <module>
    from collect import *
  File "/global/u2/h/huikong/obiwan_codes/obiwan_Aug/obiwan_code/py/obiwan/Drones/obiwan_analysis/preprocess/collect/collect.py", line 435
    def nn_redshit_match_all()
                             ^
SyntaxError: invalid syntax
Traceback (most recent call last):
  File "collect_mpi.py", line 6, in <module>
    from collect import *
  File "/global/u2/h/huikong/obiwan_codes/obiwan_Aug/obiwan_code/py/obiwan/Drones/obiwan_analysis/preprocess/collect/collect.py", line 435
    def nn_redshit_match_all()
                             ^
SyntaxError: invalid syntax
Traceback (most recent call last):
  File "collect_mpi.py", line 6, in <module>
    from collect import *
  File "/global/u2/h/huikong/obiwan_codes/obiwan_Aug/obiwan_code/py/obiwan/Drones/obiwan_analysis/preprocess/collect/collect.py", line 435
    def nn_redshit_match_all()
                             ^
SyntaxError: invalid syntax
Traceback (most recent call last):
  File "collect_mpi.py", line 6, in <module>
    from collect import *
  File "/global/u2/h/huikong/obiwan_codes/obiwan_Aug/obiwan_code/py/obiwan/Drones/obiwan_analysis/preprocess/collect/collect.py", line 435
    def nn_redshit_match_all()
                             ^
SyntaxError: invalid syntax
Traceback (most recent call last):
  File "collect_mpi.py", line 6, in <module>
    from collect import *
  File "/global/u2/h/huikong/obiwan_codes/obiwan_Aug/obiwan_code/py/obiwan/Drones/obiwan_analysis/preprocess/collect/collect.py", line 435
    def nn_redshit_match_all()
                             ^
SyntaxError: invalid syntax
Traceback (most recent call last):
  File "collect_mpi.py", line 6, in <module>
    from collect import *
  File "/global/u2/h/huikong/obiwan_codes/obiwan_Aug/obiwan_code/py/obiwan/Drones/obiwan_analysis/preprocess/collect/collect.py", line 435
    def nn_redshit_match_all()
                             ^
SyntaxError: invalid syntax
Traceback (most recent call last):
  File "collect_mpi.py", line 6, in <module>
    from collect import *
  File "/global/u2/h/huikong/obiwan_codes/obiwan_Aug/obiwan_code/py/obiwan/Drones/obiwan_analysis/preprocess/collect/collect.py", line 435
    def nn_redshit_match_all()
                             ^
SyntaxError: invalid syntax
Traceback (most recent call last):
  File "collect_mpi.py", line 6, in <module>
    from collect import *
  File "/global/u2/h/huikong/obiwan_codes/obiwan_Aug/obiwan_code/py/obiwan/Drones/obiwan_analysis/preprocess/collect/collect.py", line 435
    def nn_redshit_match_all()
                             ^
SyntaxError: invalid syntax
Traceback (most recent call last):
  File "collect_mpi.py", line 6, in <module>
    from collect import *
  File "/global/u2/h/huikong/obiwan_codes/obiwan_Aug/obiwan_code/py/obiwan/Drones/obiwan_analysis/preprocess/collect/collect.py", line 435
    def nn_redshit_match_all()
                             ^
SyntaxError: invalid syntax
Traceback (most recent call last):
  File "collect_mpi.py", line 6, in <module>
    from collect import *
  File "/global/u2/h/huikong/obiwan_codes/obiwan_Aug/obiwan_code/py/obiwan/Drones/obiwan_analysis/preprocess/collect/collect.py", line 435
    def nn_redshit_match_all()
                             ^
SyntaxError: invalid syntax
Traceback (most recent call last):
  File "collect_mpi.py", line 6, in <module>
    from collect import *
  File "/global/u2/h/huikong/obiwan_codes/obiwan_Aug/obiwan_code/py/obiwan/Drones/obiwan_analysis/preprocess/collect/collect.py", line 435
    def nn_redshit_match_all()
                             ^
SyntaxError: invalid syntax
Traceback (most recent call last):
  File "collect_mpi.py", line 6, in <module>
    from collect import *
  File "/global/u2/h/huikong/obiwan_codes/obiwan_Aug/obiwan_code/py/obiwan/Drones/obiwan_analysis/preprocess/collect/collect.py", line 435
    def nn_redshit_match_all()
                             ^
SyntaxError: invalid syntax
Traceback (most recent call last):
  File "collect_mpi.py", line 6, in <module>
    from collect import *
  File "/global/u2/h/huikong/obiwan_codes/obiwan_Aug/obiwan_code/py/obiwan/Drones/obiwan_analysis/preprocess/collect/collect.py", line 435
    def nn_redshit_match_all()
                             ^
SyntaxError: invalid syntax
Traceback (most recent call last):
  File "collect_mpi.py", line 6, in <module>
    from collect import *
  File "/global/u2/h/huikong/obiwan_codes/obiwan_Aug/obiwan_code/py/obiwan/Drones/obiwan_analysis/preprocess/collect/collect.py", line 435
    def nn_redshit_match_all()
                             ^
SyntaxError: invalid syntax
Traceback (most recent call last):
  File "collect_mpi.py", line 6, in <module>
    from collect import *
  File "/global/u2/h/huikong/obiwan_codes/obiwan_Aug/obiwan_code/py/obiwan/Drones/obiwan_analysis/preprocess/collect/collect.py", line 435
    def nn_redshit_match_all()
                             ^
SyntaxError: invalid syntax
Traceback (most recent call last):
  File "collect_mpi.py", line 6, in <module>
    from collect import *
  File "/global/u2/h/huikong/obiwan_codes/obiwan_Aug/obiwan_code/py/obiwan/Drones/obiwan_analysis/preprocess/collect/collect.py", line 435
    def nn_redshit_match_all()
                             ^
SyntaxError: invalid syntax
Traceback (most recent call last):
  File "collect_mpi.py", line 6, in <module>
    from collect import *
  File "/global/u2/h/huikong/obiwan_codes/obiwan_Aug/obiwan_code/py/obiwan/Drones/obiwan_analysis/preprocess/collect/collect.py", line 435
    def nn_redshit_match_all()
                             ^
SyntaxError: invalid syntax
Traceback (most recent call last):
  File "collect_mpi.py", line 6, in <module>
    from collect import *
  File "/global/u2/h/huikong/obiwan_codes/obiwan_Aug/obiwan_code/py/obiwan/Drones/obiwan_analysis/preprocess/collect/collect.py", line 435
    def nn_redshit_match_all()
                             ^
SyntaxError: invalid syntax
Traceback (most recent call last):
  File "collect_mpi.py", line 6, in <module>
    from collect import *
  File "/global/u2/h/huikong/obiwan_codes/obiwan_Aug/obiwan_code/py/obiwan/Drones/obiwan_analysis/preprocess/collect/collect.py", line 435
    def nn_redshit_match_all()
                             ^
SyntaxError: invalid syntax
Traceback (most recent call last):
  File "collect_mpi.py", line 6, in <module>
    from collect import *
  File "/global/u2/h/huikong/obiwan_codes/obiwan_Aug/obiwan_code/py/obiwan/Drones/obiwan_analysis/preprocess/collect/collect.py", line 435
    def nn_redshit_match_all()
                             ^
SyntaxError: invalid syntax
Traceback (most recent call last):
  File "collect_mpi.py", line 6, in <module>
    from collect import *
  File "/global/u2/h/huikong/obiwan_codes/obiwan_Aug/obiwan_code/py/obiwan/Drones/obiwan_analysis/preprocess/collect/collect.py", line 435
    def nn_redshit_match_all()
                             ^
SyntaxError: invalid syntax
Traceback (most recent call last):
  File "collect_mpi.py", line 6, in <module>
    from collect import *
  File "/global/u2/h/huikong/obiwan_codes/obiwan_Aug/obiwan_code/py/obiwan/Drones/obiwan_analysis/preprocess/collect/collect.py", line 435
    def nn_redshit_match_all()
                             ^
SyntaxError: invalid syntax
Traceback (most recent call last):
  File "collect_mpi.py", line 6, in <module>
    from collect import *
  File "/global/u2/h/huikong/obiwan_codes/obiwan_Aug/obiwan_code/py/obiwan/Drones/obiwan_analysis/preprocess/collect/collect.py", line 435
    def nn_redshit_match_all()
                             ^
SyntaxError: invalid syntax
Traceback (most recent call last):
  File "collect_mpi.py", line 6, in <module>
    from collect import *
  File "/global/u2/h/huikong/obiwan_codes/obiwan_Aug/obiwan_code/py/obiwan/Drones/obiwan_analysis/preprocess/collect/collect.py", line 435
    def nn_redshit_match_all()
                             ^
SyntaxError: invalid syntax
Traceback (most recent call last):
  File "collect_mpi.py", line 6, in <module>
    from collect import *
  File "/global/u2/h/huikong/obiwan_codes/obiwan_Aug/obiwan_code/py/obiwan/Drones/obiwan_analysis/preprocess/collect/collect.py", line 435
    def nn_redshit_match_all()
                             ^
SyntaxError: invalid syntax
Traceback (most recent call last):
  File "collect_mpi.py", line 6, in <module>
    from collect import *
  File "/global/u2/h/huikong/obiwan_codes/obiwan_Aug/obiwan_code/py/obiwan/Drones/obiwan_analysis/preprocess/collect/collect.py", line 435
    def nn_redshit_match_all()
                             ^
SyntaxError: invalid syntax
Traceback (most recent call last):
  File "collect_mpi.py", line 6, in <module>
    from collect import *
  File "/global/u2/h/huikong/obiwan_codes/obiwan_Aug/obiwan_code/py/obiwan/Drones/obiwan_analysis/preprocess/collect/collect.py", line 435
    def nn_redshit_match_all()
                             ^
SyntaxError: invalid syntax
Traceback (most recent call last):
  File "collect_mpi.py", line 6, in <module>
    from collect import *
  File "/global/u2/h/huikong/obiwan_codes/obiwan_Aug/obiwan_code/py/obiwan/Drones/obiwan_analysis/preprocess/collect/collect.py", line 435
    def nn_redshit_match_all()
                             ^
SyntaxError: invalid syntax
Traceback (most recent call last):
  File "collect_mpi.py", line 6, in <module>
    from collect import *
  File "/global/u2/h/huikong/obiwan_codes/obiwan_Aug/obiwan_code/py/obiwan/Drones/obiwan_analysis/preprocess/collect/collect.py", line 435
    def nn_redshit_match_all()
                             ^
SyntaxError: invalid syntax
Traceback (most recent call last):
  File "collect_mpi.py", line 6, in <module>
    from collect import *
  File "/global/u2/h/huikong/obiwan_codes/obiwan_Aug/obiwan_code/py/obiwan/Drones/obiwan_analysis/preprocess/collect/collect.py", line 435
    def nn_redshit_match_all()
                             ^
SyntaxError: invalid syntax
Traceback (most recent call last):
  File "collect_mpi.py", line 6, in <module>
    from collect import *
  File "/global/u2/h/huikong/obiwan_codes/obiwan_Aug/obiwan_code/py/obiwan/Drones/obiwan_analysis/preprocess/collect/collect.py", line 435
    def nn_redshit_match_all()
                             ^
SyntaxError: invalid syntax
Traceback (most recent call last):
  File "collect_mpi.py", line 6, in <module>
    from collect import *
  File "/global/u2/h/huikong/obiwan_codes/obiwan_Aug/obiwan_code/py/obiwan/Drones/obiwan_analysis/preprocess/collect/collect.py", line 435
    def nn_redshit_match_all()
                             ^
SyntaxError: invalid syntax
Traceback (most recent call last):
  File "collect_mpi.py", line 6, in <module>
    from collect import *
  File "/global/u2/h/huikong/obiwan_codes/obiwan_Aug/obiwan_code/py/obiwan/Drones/obiwan_analysis/preprocess/collect/collect.py", line 435
    def nn_redshit_match_all()
                             ^
SyntaxError: invalid syntax
Traceback (most recent call last):
  File "collect_mpi.py", line 6, in <module>
    from collect import *
  File "/global/u2/h/huikong/obiwan_codes/obiwan_Aug/obiwan_code/py/obiwan/Drones/obiwan_analysis/preprocess/collect/collect.py", line 435
    def nn_redshit_match_all()
                             ^
SyntaxError: invalid syntax
Traceback (most recent call last):
  File "collect_mpi.py", line 6, in <module>
    from collect import *
  File "/global/u2/h/huikong/obiwan_codes/obiwan_Aug/obiwan_code/py/obiwan/Drones/obiwan_analysis/preprocess/collect/collect.py", line 435
    def nn_redshit_match_all()
                             ^
SyntaxError: invalid syntax
Traceback (most recent call last):
  File "collect_mpi.py", line 6, in <module>
    from collect import *
  File "/global/u2/h/huikong/obiwan_codes/obiwan_Aug/obiwan_code/py/obiwan/Drones/obiwan_analysis/preprocess/collect/collect.py", line 435
    def nn_redshit_match_all()
                             ^
SyntaxError: invalid syntax
Traceback (most recent call last):
  File "collect_mpi.py", line 6, in <module>
    from collect import *
  File "/global/u2/h/huikong/obiwan_codes/obiwan_Aug/obiwan_code/py/obiwan/Drones/obiwan_analysis/preprocess/collect/collect.py", line 435
    def nn_redshit_match_all()
                             ^
SyntaxError: invalid syntax
Traceback (most recent call last):
  File "collect_mpi.py", line 6, in <module>
    from collect import *
  File "/global/u2/h/huikong/obiwan_codes/obiwan_Aug/obiwan_code/py/obiwan/Drones/obiwan_analysis/preprocess/collect/collect.py", line 435
    def nn_redshit_match_all()
                             ^
SyntaxError: invalid syntax
Traceback (most recent call last):
  File "collect_mpi.py", line 6, in <module>
    from collect import *
  File "/global/u2/h/huikong/obiwan_codes/obiwan_Aug/obiwan_code/py/obiwan/Drones/obiwan_analysis/preprocess/collect/collect.py", line 435
    def nn_redshit_match_all()
                             ^
SyntaxError: invalid syntax
Traceback (most recent call last):
  File "collect_mpi.py", line 6, in <module>
    from collect import *
  File "/global/u2/h/huikong/obiwan_codes/obiwan_Aug/obiwan_code/py/obiwan/Drones/obiwan_analysis/preprocess/collect/collect.py", line 435
    def nn_redshit_match_all()
                             ^
SyntaxError: invalid syntax
Traceback (most recent call last):
  File "collect_mpi.py", line 6, in <module>
    from collect import *
  File "/global/u2/h/huikong/obiwan_codes/obiwan_Aug/obiwan_code/py/obiwan/Drones/obiwan_analysis/preprocess/collect/collect.py", line 435
    def nn_redshit_match_all()
                             ^
SyntaxError: invalid syntax
Traceback (most recent call last):
  File "collect_mpi.py", line 6, in <module>
    from collect import *
  File "/global/u2/h/huikong/obiwan_codes/obiwan_Aug/obiwan_code/py/obiwan/Drones/obiwan_analysis/preprocess/collect/collect.py", line 435
    def nn_redshit_match_all()
                             ^
SyntaxError: invalid syntax
Traceback (most recent call last):
  File "collect_mpi.py", line 6, in <module>
    from collect import *
  File "/global/u2/h/huikong/obiwan_codes/obiwan_Aug/obiwan_code/py/obiwan/Drones/obiwan_analysis/preprocess/collect/collect.py", line 435
    def nn_redshit_match_all()
                             ^
SyntaxError: invalid syntax
Traceback (most recent call last):
  File "collect_mpi.py", line 6, in <module>
    from collect import *
  File "/global/u2/h/huikong/obiwan_codes/obiwan_Aug/obiwan_code/py/obiwan/Drones/obiwan_analysis/preprocess/collect/collect.py", line 435
    def nn_redshit_match_all()
                             ^
SyntaxError: invalid syntax
Traceback (most recent call last):
  File "collect_mpi.py", line 6, in <module>
    from collect import *
  File "/global/u2/h/huikong/obiwan_codes/obiwan_Aug/obiwan_code/py/obiwan/Drones/obiwan_analysis/preprocess/collect/collect.py", line 435
    def nn_redshit_match_all()
                             ^
SyntaxError: invalid syntax
Traceback (most recent call last):
  File "collect_mpi.py", line 6, in <module>
    from collect import *
  File "/global/u2/h/huikong/obiwan_codes/obiwan_Aug/obiwan_code/py/obiwan/Drones/obiwan_analysis/preprocess/collect/collect.py", line 435
    def nn_redshit_match_all()
                             ^
SyntaxError: invalid syntax
Traceback (most recent call last):
  File "collect_mpi.py", line 6, in <module>
    from collect import *
  File "/global/u2/h/huikong/obiwan_codes/obiwan_Aug/obiwan_code/py/obiwan/Drones/obiwan_analysis/preprocess/collect/collect.py", line 435
    def nn_redshit_match_all()
                             ^
SyntaxError: invalid syntax
Traceback (most recent call last):
  File "collect_mpi.py", line 6, in <module>
    from collect import *
  File "/global/u2/h/huikong/obiwan_codes/obiwan_Aug/obiwan_code/py/obiwan/Drones/obiwan_analysis/preprocess/collect/collect.py", line 435
    def nn_redshit_match_all()
                             ^
SyntaxError: invalid syntax
Traceback (most recent call last):
  File "collect_mpi.py", line 6, in <module>
    from collect import *
  File "/global/u2/h/huikong/obiwan_codes/obiwan_Aug/obiwan_code/py/obiwan/Drones/obiwan_analysis/preprocess/collect/collect.py", line 435
    def nn_redshit_match_all()
                             ^
SyntaxError: invalid syntax
Traceback (most recent call last):
  File "collect_mpi.py", line 6, in <module>
    from collect import *
  File "/global/u2/h/huikong/obiwan_codes/obiwan_Aug/obiwan_code/py/obiwan/Drones/obiwan_analysis/preprocess/collect/collect.py", line 435
    def nn_redshit_match_all()
                             ^
SyntaxError: invalid syntax
Traceback (most recent call last):
  File "collect_mpi.py", line 6, in <module>
    from collect import *
  File "/global/u2/h/huikong/obiwan_codes/obiwan_Aug/obiwan_code/py/obiwan/Drones/obiwan_analysis/preprocess/collect/collect.py", line 435
    def nn_redshit_match_all()
                             ^
SyntaxError: invalid syntax
Traceback (most recent call last):
  File "collect_mpi.py", line 6, in <module>
    from collect import *
  File "/global/u2/h/huikong/obiwan_codes/obiwan_Aug/obiwan_code/py/obiwan/Drones/obiwan_analysis/preprocess/collect/collect.py", line 435
    def nn_redshit_match_all()
                             ^
SyntaxError: invalid syntax
Traceback (most recent call last):
  File "collect_mpi.py", line 6, in <module>
    from collect import *
  File "/global/u2/h/huikong/obiwan_codes/obiwan_Aug/obiwan_code/py/obiwan/Drones/obiwan_analysis/preprocess/collect/collect.py", line 435
    def nn_redshit_match_all()
                             ^
SyntaxError: invalid syntax
Traceback (most recent call last):
  File "collect_mpi.py", line 6, in <module>
    from collect import *
  File "/global/u2/h/huikong/obiwan_codes/obiwan_Aug/obiwan_code/py/obiwan/Drones/obiwan_analysis/preprocess/collect/collect.py", line 435
    def nn_redshit_match_all()
                             ^
SyntaxError: invalid syntax
Traceback (most recent call last):
  File "collect_mpi.py", line 6, in <module>
    from collect import *
  File "/global/u2/h/huikong/obiwan_codes/obiwan_Aug/obiwan_code/py/obiwan/Drones/obiwan_analysis/preprocess/collect/collect.py", line 435
    def nn_redshit_match_all()
                             ^
SyntaxError: invalid syntax
srun: error: nid12803: tasks 40-47: Exited with exit code 1
srun: Terminating job step 19393820.0
srun: error: nid12804: tasks 48-55: Exited with exit code 1
srun: error: nid12801: tasks 24-31: Exited with exit code 1
srun: error: nid12800: tasks 16-23: Exited with exit code 1
srun: error: nid12799: tasks 8-15: Exited with exit code 1
srun: error: nid12805: tasks 56-63: Exited with exit code 1
srun: error: nid12802: tasks 32-39: Exited with exit code 1
srun: error: nid12798: tasks 0-7: Exited with exit code 1
