Namespace(N_split=1, name_for_run='elg_ngc_run', split_idx=0)
replacing:
/global/cscratch1/sd/huikong/obiwan_Aug/repos_for_docker/obiwan_code/py/obiwan/Drones/obiwan_analysis/preprocess/brickstat/elg_ngc_run/FinishedBricks.txt
I am  nid01737 rank 1 (total 8)
  Slave nid01737 rank 1 executing "1381p140" task_id "4"
  Slave nid01737 rank 1 executing "1391p140" task_id "8"
  Slave nid01737 rank 1 executing "1427p140" task_id "21"
  Slave nid01737 rank 1 executing "1448p140" task_id "29"
  Slave nid01737 rank 1 executing "1469p140" task_id "37"
  Slave nid01737 rank 1 executing "1489p140" task_id "44"
  Slave nid01737 rank 1 executing "1494p140" task_id "46"
  Slave nid01737 rank 1 executing "1515p140" task_id "54"
  Slave nid01737 rank 1 executing "1533p140" task_id "61"
Task completed (rank 1)
/global/u2/h/huikong/obiwan_codes/obiwan_Aug/obiwan_code/py/obiwan/Drones/obiwan_analysis/preprocess/collect/collect.py:45: RuntimeWarning: invalid value encountered in log10
  g     = 22.5 - 2.5 * n.log10(dat['flux_g'] / dat['mw_transmission_g'])
/global/u2/h/huikong/obiwan_codes/obiwan_Aug/obiwan_code/py/obiwan/Drones/obiwan_analysis/preprocess/collect/collect.py:46: RuntimeWarning: invalid value encountered in log10
  r_mag = 22.5 - 2.5 * n.log10(dat['flux_r'] / dat['mw_transmission_r'])
/global/u2/h/huikong/obiwan_codes/obiwan_Aug/obiwan_code/py/obiwan/Drones/obiwan_analysis/preprocess/collect/collect.py:47: RuntimeWarning: divide by zero encountered in log10
  z_mag = 22.5 - 2.5 * n.log10(dat['flux_z'] / dat['mw_transmission_z'])
/global/u2/h/huikong/obiwan_codes/obiwan_Aug/obiwan_code/py/obiwan/Drones/obiwan_analysis/preprocess/collect/collect.py:47: RuntimeWarning: invalid value encountered in log10
  z_mag = 22.5 - 2.5 * n.log10(dat['flux_z'] / dat['mw_transmission_z'])
/global/u2/h/huikong/obiwan_codes/obiwan_Aug/obiwan_code/py/obiwan/Drones/obiwan_analysis/preprocess/collect/collect.py:50: RuntimeWarning: invalid value encountered in greater
  color_sgc = (g>21.825)&(g<22.825)&(-0.068*rz+0.457<gr)&(gr< 0.112*rz+0.773) &(0.218*gr+0.571<rz)&(rz<-0.555*gr+1.901)
/global/u2/h/huikong/obiwan_codes/obiwan_Aug/obiwan_code/py/obiwan/Drones/obiwan_analysis/preprocess/collect/collect.py:50: RuntimeWarning: invalid value encountered in less
  color_sgc = (g>21.825)&(g<22.825)&(-0.068*rz+0.457<gr)&(gr< 0.112*rz+0.773) &(0.218*gr+0.571<rz)&(rz<-0.555*gr+1.901)
/global/u2/h/huikong/obiwan_codes/obiwan_Aug/obiwan_code/py/obiwan/Drones/obiwan_analysis/preprocess/collect/collect.py:51: RuntimeWarning: invalid value encountered in greater
  color_ngc = (g>21.825)&(g<22.9)  &(-0.068*rz+0.457<gr)&(gr< 0.112*rz+0.773) &(0.637*gr+0.399<rz)&(rz<-0.555*gr+1.901)
/global/u2/h/huikong/obiwan_codes/obiwan_Aug/obiwan_code/py/obiwan/Drones/obiwan_analysis/preprocess/collect/collect.py:51: RuntimeWarning: invalid value encountered in less
  color_ngc = (g>21.825)&(g<22.9)  &(-0.068*rz+0.457<gr)&(gr< 0.112*rz+0.773) &(0.637*gr+0.399<rz)&(rz<-0.555*gr+1.901)
/global/u2/h/huikong/obiwan_codes/obiwan_Aug/obiwan_code/py/obiwan/Drones/obiwan_analysis/preprocess/collect/collect.py:45: RuntimeWarning: divide by zero encountered in log10
  g     = 22.5 - 2.5 * n.log10(dat['flux_g'] / dat['mw_transmission_g'])
/global/u2/h/huikong/obiwan_codes/obiwan_Aug/obiwan_code/py/obiwan/Drones/obiwan_analysis/preprocess/collect/collect.py:46: RuntimeWarning: divide by zero encountered in log10
  r_mag = 22.5 - 2.5 * n.log10(dat['flux_r'] / dat['mw_transmission_r'])
/global/u2/h/huikong/obiwan_codes/obiwan_Aug/obiwan_code/py/obiwan/Drones/obiwan_analysis/preprocess/collect/collect.py:48: RuntimeWarning: invalid value encountered in subtract
  gr = g - r_mag
/global/u2/h/huikong/obiwan_codes/obiwan_Aug/obiwan_code/py/obiwan/Drones/obiwan_analysis/preprocess/collect/collect.py:46: RuntimeWarning: divide by zero encountered in log10
  r_mag = 22.5 - 2.5 * n.log10(dat['flux_r'] / dat['mw_transmission_r'])
/global/u2/h/huikong/obiwan_codes/obiwan_Aug/obiwan_code/py/obiwan/Drones/obiwan_analysis/preprocess/collect/collect.py:47: RuntimeWarning: divide by zero encountered in log10
  z_mag = 22.5 - 2.5 * n.log10(dat['flux_z'] / dat['mw_transmission_z'])
/global/u2/h/huikong/obiwan_codes/obiwan_Aug/obiwan_code/py/obiwan/Drones/obiwan_analysis/preprocess/collect/collect.py:47: RuntimeWarning: invalid value encountered in log10
  z_mag = 22.5 - 2.5 * n.log10(dat['flux_z'] / dat['mw_transmission_z'])
/global/u2/h/huikong/obiwan_codes/obiwan_Aug/obiwan_code/py/obiwan/Drones/obiwan_analysis/preprocess/collect/collect.py:50: RuntimeWarning: invalid value encountered in less
  color_sgc = (g>21.825)&(g<22.825)&(-0.068*rz+0.457<gr)&(gr< 0.112*rz+0.773) &(0.218*gr+0.571<rz)&(rz<-0.555*gr+1.901)
/global/u2/h/huikong/obiwan_codes/obiwan_Aug/obiwan_code/py/obiwan/Drones/obiwan_analysis/preprocess/collect/collect.py:51: RuntimeWarning: invalid value encountered in less
  color_ngc = (g>21.825)&(g<22.9)  &(-0.068*rz+0.457<gr)&(gr< 0.112*rz+0.773) &(0.637*gr+0.399<rz)&(rz<-0.555*gr+1.901)
/global/u2/h/huikong/obiwan_codes/obiwan_Aug/obiwan_code/py/obiwan/Drones/obiwan_analysis/preprocess/collect/collect.py:45: RuntimeWarning: invalid value encountered in log10
  g     = 22.5 - 2.5 * n.log10(dat['flux_g'] / dat['mw_transmission_g'])
/global/u2/h/huikong/obiwan_codes/obiwan_Aug/obiwan_code/py/obiwan/Drones/obiwan_analysis/preprocess/collect/collect.py:46: RuntimeWarning: invalid value encountered in log10
  r_mag = 22.5 - 2.5 * n.log10(dat['flux_r'] / dat['mw_transmission_r'])
/global/u2/h/huikong/obiwan_codes/obiwan_Aug/obiwan_code/py/obiwan/Drones/obiwan_analysis/preprocess/collect/collect.py:50: RuntimeWarning: invalid value encountered in greater
  color_sgc = (g>21.825)&(g<22.825)&(-0.068*rz+0.457<gr)&(gr< 0.112*rz+0.773) &(0.218*gr+0.571<rz)&(rz<-0.555*gr+1.901)
/global/u2/h/huikong/obiwan_codes/obiwan_Aug/obiwan_code/py/obiwan/Drones/obiwan_analysis/preprocess/collect/collect.py:51: RuntimeWarning: invalid value encountered in greater
  color_ngc = (g>21.825)&(g<22.9)  &(-0.068*rz+0.457<gr)&(gr< 0.112*rz+0.773) &(0.637*gr+0.399<rz)&(rz<-0.555*gr+1.901)
/global/u2/h/huikong/obiwan_codes/obiwan_Aug/obiwan_code/py/obiwan/Drones/obiwan_analysis/preprocess/collect/collect.py:45: RuntimeWarning: divide by zero encountered in log10
  g     = 22.5 - 2.5 * n.log10(dat['flux_g'] / dat['mw_transmission_g'])
/global/u2/h/huikong/obiwan_codes/obiwan_Aug/obiwan_code/py/obiwan/Drones/obiwan_analysis/preprocess/collect/collect.py:48: RuntimeWarning: invalid value encountered in subtract
  gr = g - r_mag
Namespace(N_split=1, name_for_run='elg_ngc_run', split_idx=0)
replacing:
/global/cscratch1/sd/huikong/obiwan_Aug/repos_for_docker/obiwan_code/py/obiwan/Drones/obiwan_analysis/preprocess/brickstat/elg_ngc_run/FinishedBricks.txt
I am  nid01737 rank 3 (total 8)
  Slave nid01737 rank 3 executing "1386p140" task_id "6"
  Slave nid01737 rank 3 executing "1396p140" task_id "10"
  Slave nid01737 rank 3 executing "1417p140" task_id "18"
  Slave nid01737 rank 3 executing "1435p140" task_id "24"
  Slave nid01737 rank 3 executing "1453p140" task_id "31"
  Slave nid01737 rank 3 executing "1474p140" task_id "39"
  Slave nid01737 rank 3 executing "1497p140" task_id "47"
  Slave nid01737 rank 3 executing "1520p140" task_id "56"
Task completed (rank 3)
/global/u2/h/huikong/obiwan_codes/obiwan_Aug/obiwan_code/py/obiwan/Drones/obiwan_analysis/preprocess/collect/collect.py:45: RuntimeWarning: invalid value encountered in log10
  g     = 22.5 - 2.5 * n.log10(dat['flux_g'] / dat['mw_transmission_g'])
/global/u2/h/huikong/obiwan_codes/obiwan_Aug/obiwan_code/py/obiwan/Drones/obiwan_analysis/preprocess/collect/collect.py:46: RuntimeWarning: invalid value encountered in log10
  r_mag = 22.5 - 2.5 * n.log10(dat['flux_r'] / dat['mw_transmission_r'])
/global/u2/h/huikong/obiwan_codes/obiwan_Aug/obiwan_code/py/obiwan/Drones/obiwan_analysis/preprocess/collect/collect.py:47: RuntimeWarning: divide by zero encountered in log10
  z_mag = 22.5 - 2.5 * n.log10(dat['flux_z'] / dat['mw_transmission_z'])
/global/u2/h/huikong/obiwan_codes/obiwan_Aug/obiwan_code/py/obiwan/Drones/obiwan_analysis/preprocess/collect/collect.py:47: RuntimeWarning: invalid value encountered in log10
  z_mag = 22.5 - 2.5 * n.log10(dat['flux_z'] / dat['mw_transmission_z'])
/global/u2/h/huikong/obiwan_codes/obiwan_Aug/obiwan_code/py/obiwan/Drones/obiwan_analysis/preprocess/collect/collect.py:50: RuntimeWarning: invalid value encountered in greater
  color_sgc = (g>21.825)&(g<22.825)&(-0.068*rz+0.457<gr)&(gr< 0.112*rz+0.773) &(0.218*gr+0.571<rz)&(rz<-0.555*gr+1.901)
/global/u2/h/huikong/obiwan_codes/obiwan_Aug/obiwan_code/py/obiwan/Drones/obiwan_analysis/preprocess/collect/collect.py:50: RuntimeWarning: invalid value encountered in less
  color_sgc = (g>21.825)&(g<22.825)&(-0.068*rz+0.457<gr)&(gr< 0.112*rz+0.773) &(0.218*gr+0.571<rz)&(rz<-0.555*gr+1.901)
/global/u2/h/huikong/obiwan_codes/obiwan_Aug/obiwan_code/py/obiwan/Drones/obiwan_analysis/preprocess/collect/collect.py:51: RuntimeWarning: invalid value encountered in greater
  color_ngc = (g>21.825)&(g<22.9)  &(-0.068*rz+0.457<gr)&(gr< 0.112*rz+0.773) &(0.637*gr+0.399<rz)&(rz<-0.555*gr+1.901)
/global/u2/h/huikong/obiwan_codes/obiwan_Aug/obiwan_code/py/obiwan/Drones/obiwan_analysis/preprocess/collect/collect.py:51: RuntimeWarning: invalid value encountered in less
  color_ngc = (g>21.825)&(g<22.9)  &(-0.068*rz+0.457<gr)&(gr< 0.112*rz+0.773) &(0.637*gr+0.399<rz)&(rz<-0.555*gr+1.901)
/global/u2/h/huikong/obiwan_codes/obiwan_Aug/obiwan_code/py/obiwan/Drones/obiwan_analysis/preprocess/collect/collect.py:45: RuntimeWarning: divide by zero encountered in log10
  g     = 22.5 - 2.5 * n.log10(dat['flux_g'] / dat['mw_transmission_g'])
/global/u2/h/huikong/obiwan_codes/obiwan_Aug/obiwan_code/py/obiwan/Drones/obiwan_analysis/preprocess/collect/collect.py:46: RuntimeWarning: divide by zero encountered in log10
  r_mag = 22.5 - 2.5 * n.log10(dat['flux_r'] / dat['mw_transmission_r'])
/global/u2/h/huikong/obiwan_codes/obiwan_Aug/obiwan_code/py/obiwan/Drones/obiwan_analysis/preprocess/collect/collect.py:48: RuntimeWarning: invalid value encountered in subtract
  gr = g - r_mag
Namespace(N_split=1, name_for_run='elg_ngc_run', split_idx=0)
replacing:
/global/cscratch1/sd/huikong/obiwan_Aug/repos_for_docker/obiwan_code/py/obiwan/Drones/obiwan_analysis/preprocess/brickstat/elg_ngc_run/FinishedBricks.txt
I am  nid01737 rank 4 (total 8)
  Slave nid01737 rank 4 executing "1371p140" task_id "0"
  Slave nid01737 rank 4 executing "1389p140" task_id "7"
  Slave nid01737 rank 4 executing "1407p140" task_id "14"
  Slave nid01737 rank 4 executing "1420p140" task_id "19"
  Slave nid01737 rank 4 executing "1443p140" task_id "27"
  Slave nid01737 rank 4 executing "1458p140" task_id "33"
  Slave nid01737 rank 4 executing "1479p140" task_id "40"
  Slave nid01737 rank 4 executing "1500p140" task_id "48"
  Slave nid01737 rank 4 executing "1512p140" task_id "53"
  Slave nid01737 rank 4 executing "1530p140" task_id "60"
Task completed (rank 4)
/global/u2/h/huikong/obiwan_codes/obiwan_Aug/obiwan_code/py/obiwan/Drones/obiwan_analysis/preprocess/collect/collect.py:45: RuntimeWarning: divide by zero encountered in log10
  g     = 22.5 - 2.5 * n.log10(dat['flux_g'] / dat['mw_transmission_g'])
/global/u2/h/huikong/obiwan_codes/obiwan_Aug/obiwan_code/py/obiwan/Drones/obiwan_analysis/preprocess/collect/collect.py:45: RuntimeWarning: invalid value encountered in log10
  g     = 22.5 - 2.5 * n.log10(dat['flux_g'] / dat['mw_transmission_g'])
/global/u2/h/huikong/obiwan_codes/obiwan_Aug/obiwan_code/py/obiwan/Drones/obiwan_analysis/preprocess/collect/collect.py:46: RuntimeWarning: invalid value encountered in log10
  r_mag = 22.5 - 2.5 * n.log10(dat['flux_r'] / dat['mw_transmission_r'])
/global/u2/h/huikong/obiwan_codes/obiwan_Aug/obiwan_code/py/obiwan/Drones/obiwan_analysis/preprocess/collect/collect.py:47: RuntimeWarning: divide by zero encountered in log10
  z_mag = 22.5 - 2.5 * n.log10(dat['flux_z'] / dat['mw_transmission_z'])
/global/u2/h/huikong/obiwan_codes/obiwan_Aug/obiwan_code/py/obiwan/Drones/obiwan_analysis/preprocess/collect/collect.py:47: RuntimeWarning: invalid value encountered in log10
  z_mag = 22.5 - 2.5 * n.log10(dat['flux_z'] / dat['mw_transmission_z'])
/global/u2/h/huikong/obiwan_codes/obiwan_Aug/obiwan_code/py/obiwan/Drones/obiwan_analysis/preprocess/collect/collect.py:50: RuntimeWarning: invalid value encountered in greater
  color_sgc = (g>21.825)&(g<22.825)&(-0.068*rz+0.457<gr)&(gr< 0.112*rz+0.773) &(0.218*gr+0.571<rz)&(rz<-0.555*gr+1.901)
/global/u2/h/huikong/obiwan_codes/obiwan_Aug/obiwan_code/py/obiwan/Drones/obiwan_analysis/preprocess/collect/collect.py:50: RuntimeWarning: invalid value encountered in less
  color_sgc = (g>21.825)&(g<22.825)&(-0.068*rz+0.457<gr)&(gr< 0.112*rz+0.773) &(0.218*gr+0.571<rz)&(rz<-0.555*gr+1.901)
/global/u2/h/huikong/obiwan_codes/obiwan_Aug/obiwan_code/py/obiwan/Drones/obiwan_analysis/preprocess/collect/collect.py:51: RuntimeWarning: invalid value encountered in greater
  color_ngc = (g>21.825)&(g<22.9)  &(-0.068*rz+0.457<gr)&(gr< 0.112*rz+0.773) &(0.637*gr+0.399<rz)&(rz<-0.555*gr+1.901)
/global/u2/h/huikong/obiwan_codes/obiwan_Aug/obiwan_code/py/obiwan/Drones/obiwan_analysis/preprocess/collect/collect.py:51: RuntimeWarning: invalid value encountered in less
  color_ngc = (g>21.825)&(g<22.9)  &(-0.068*rz+0.457<gr)&(gr< 0.112*rz+0.773) &(0.637*gr+0.399<rz)&(rz<-0.555*gr+1.901)
/global/u2/h/huikong/obiwan_codes/obiwan_Aug/obiwan_code/py/obiwan/Drones/obiwan_analysis/preprocess/collect/collect.py:46: RuntimeWarning: divide by zero encountered in log10
  r_mag = 22.5 - 2.5 * n.log10(dat['flux_r'] / dat['mw_transmission_r'])
/global/u2/h/huikong/obiwan_codes/obiwan_Aug/obiwan_code/py/obiwan/Drones/obiwan_analysis/preprocess/collect/collect.py:48: RuntimeWarning: invalid value encountered in subtract
  gr = g - r_mag
Namespace(N_split=1, name_for_run='elg_ngc_run', split_idx=0)
replacing:
/global/cscratch1/sd/huikong/obiwan_Aug/repos_for_docker/obiwan_code/py/obiwan/Drones/obiwan_analysis/preprocess/brickstat/elg_ngc_run/FinishedBricks.txt
I am  nid01737 rank 5 (total 8)
  Slave nid01737 rank 5 executing "1373p140" task_id "1"
  Slave nid01737 rank 5 executing "1399p140" task_id "11"
  Slave nid01737 rank 5 executing "1412p140" task_id "16"
  Slave nid01737 rank 5 executing "1433p140" task_id "23"
  Slave nid01737 rank 5 executing "1445p140" task_id "28"
  Slave nid01737 rank 5 executing "1461p140" task_id "34"
  Slave nid01737 rank 5 executing "1484p140" task_id "42"
  Slave nid01737 rank 5 executing "1502p140" task_id "49"
  Slave nid01737 rank 5 executing "1523p140" task_id "57"
Task completed (rank 5)
/global/u2/h/huikong/obiwan_codes/obiwan_Aug/obiwan_code/py/obiwan/Drones/obiwan_analysis/preprocess/collect/collect.py:47: RuntimeWarning: divide by zero encountered in log10
  z_mag = 22.5 - 2.5 * n.log10(dat['flux_z'] / dat['mw_transmission_z'])
/global/u2/h/huikong/obiwan_codes/obiwan_Aug/obiwan_code/py/obiwan/Drones/obiwan_analysis/preprocess/collect/collect.py:45: RuntimeWarning: invalid value encountered in log10
  g     = 22.5 - 2.5 * n.log10(dat['flux_g'] / dat['mw_transmission_g'])
/global/u2/h/huikong/obiwan_codes/obiwan_Aug/obiwan_code/py/obiwan/Drones/obiwan_analysis/preprocess/collect/collect.py:47: RuntimeWarning: invalid value encountered in log10
  z_mag = 22.5 - 2.5 * n.log10(dat['flux_z'] / dat['mw_transmission_z'])
/global/u2/h/huikong/obiwan_codes/obiwan_Aug/obiwan_code/py/obiwan/Drones/obiwan_analysis/preprocess/collect/collect.py:50: RuntimeWarning: invalid value encountered in greater
  color_sgc = (g>21.825)&(g<22.825)&(-0.068*rz+0.457<gr)&(gr< 0.112*rz+0.773) &(0.218*gr+0.571<rz)&(rz<-0.555*gr+1.901)
/global/u2/h/huikong/obiwan_codes/obiwan_Aug/obiwan_code/py/obiwan/Drones/obiwan_analysis/preprocess/collect/collect.py:50: RuntimeWarning: invalid value encountered in less
  color_sgc = (g>21.825)&(g<22.825)&(-0.068*rz+0.457<gr)&(gr< 0.112*rz+0.773) &(0.218*gr+0.571<rz)&(rz<-0.555*gr+1.901)
/global/u2/h/huikong/obiwan_codes/obiwan_Aug/obiwan_code/py/obiwan/Drones/obiwan_analysis/preprocess/collect/collect.py:51: RuntimeWarning: invalid value encountered in greater
  color_ngc = (g>21.825)&(g<22.9)  &(-0.068*rz+0.457<gr)&(gr< 0.112*rz+0.773) &(0.637*gr+0.399<rz)&(rz<-0.555*gr+1.901)
/global/u2/h/huikong/obiwan_codes/obiwan_Aug/obiwan_code/py/obiwan/Drones/obiwan_analysis/preprocess/collect/collect.py:51: RuntimeWarning: invalid value encountered in less
  color_ngc = (g>21.825)&(g<22.9)  &(-0.068*rz+0.457<gr)&(gr< 0.112*rz+0.773) &(0.637*gr+0.399<rz)&(rz<-0.555*gr+1.901)
/global/u2/h/huikong/obiwan_codes/obiwan_Aug/obiwan_code/py/obiwan/Drones/obiwan_analysis/preprocess/collect/collect.py:45: RuntimeWarning: divide by zero encountered in log10
  g     = 22.5 - 2.5 * n.log10(dat['flux_g'] / dat['mw_transmission_g'])
/global/u2/h/huikong/obiwan_codes/obiwan_Aug/obiwan_code/py/obiwan/Drones/obiwan_analysis/preprocess/collect/collect.py:46: RuntimeWarning: divide by zero encountered in log10
  r_mag = 22.5 - 2.5 * n.log10(dat['flux_r'] / dat['mw_transmission_r'])
/global/u2/h/huikong/obiwan_codes/obiwan_Aug/obiwan_code/py/obiwan/Drones/obiwan_analysis/preprocess/collect/collect.py:46: RuntimeWarning: invalid value encountered in log10
  r_mag = 22.5 - 2.5 * n.log10(dat['flux_r'] / dat['mw_transmission_r'])
/global/u2/h/huikong/obiwan_codes/obiwan_Aug/obiwan_code/py/obiwan/Drones/obiwan_analysis/preprocess/collect/collect.py:48: RuntimeWarning: invalid value encountered in subtract
  gr = g - r_mag
/global/u2/h/huikong/obiwan_codes/obiwan_Aug/obiwan_code/py/obiwan/Drones/obiwan_analysis/preprocess/collect/collect.py:45: RuntimeWarning: invalid value encountered in log10
  g     = 22.5 - 2.5 * n.log10(dat['flux_g'] / dat['mw_transmission_g'])
/global/u2/h/huikong/obiwan_codes/obiwan_Aug/obiwan_code/py/obiwan/Drones/obiwan_analysis/preprocess/collect/collect.py:47: RuntimeWarning: divide by zero encountered in log10
  z_mag = 22.5 - 2.5 * n.log10(dat['flux_z'] / dat['mw_transmission_z'])
/global/u2/h/huikong/obiwan_codes/obiwan_Aug/obiwan_code/py/obiwan/Drones/obiwan_analysis/preprocess/collect/collect.py:50: RuntimeWarning: invalid value encountered in greater
  color_sgc = (g>21.825)&(g<22.825)&(-0.068*rz+0.457<gr)&(gr< 0.112*rz+0.773) &(0.218*gr+0.571<rz)&(rz<-0.555*gr+1.901)
/global/u2/h/huikong/obiwan_codes/obiwan_Aug/obiwan_code/py/obiwan/Drones/obiwan_analysis/preprocess/collect/collect.py:50: RuntimeWarning: invalid value encountered in less
  color_sgc = (g>21.825)&(g<22.825)&(-0.068*rz+0.457<gr)&(gr< 0.112*rz+0.773) &(0.218*gr+0.571<rz)&(rz<-0.555*gr+1.901)
/global/u2/h/huikong/obiwan_codes/obiwan_Aug/obiwan_code/py/obiwan/Drones/obiwan_analysis/preprocess/collect/collect.py:51: RuntimeWarning: invalid value encountered in greater
  color_ngc = (g>21.825)&(g<22.9)  &(-0.068*rz+0.457<gr)&(gr< 0.112*rz+0.773) &(0.637*gr+0.399<rz)&(rz<-0.555*gr+1.901)
/global/u2/h/huikong/obiwan_codes/obiwan_Aug/obiwan_code/py/obiwan/Drones/obiwan_analysis/preprocess/collect/collect.py:51: RuntimeWarning: invalid value encountered in less
  color_ngc = (g>21.825)&(g<22.9)  &(-0.068*rz+0.457<gr)&(gr< 0.112*rz+0.773) &(0.637*gr+0.399<rz)&(rz<-0.555*gr+1.901)
/global/u2/h/huikong/obiwan_codes/obiwan_Aug/obiwan_code/py/obiwan/Drones/obiwan_analysis/preprocess/collect/collect.py:46: RuntimeWarning: divide by zero encountered in log10
  r_mag = 22.5 - 2.5 * n.log10(dat['flux_r'] / dat['mw_transmission_r'])
/global/u2/h/huikong/obiwan_codes/obiwan_Aug/obiwan_code/py/obiwan/Drones/obiwan_analysis/preprocess/collect/collect.py:47: RuntimeWarning: invalid value encountered in log10
  z_mag = 22.5 - 2.5 * n.log10(dat['flux_z'] / dat['mw_transmission_z'])
/global/u2/h/huikong/obiwan_codes/obiwan_Aug/obiwan_code/py/obiwan/Drones/obiwan_analysis/preprocess/collect/collect.py:45: RuntimeWarning: divide by zero encountered in log10
  g     = 22.5 - 2.5 * n.log10(dat['flux_g'] / dat['mw_transmission_g'])
/global/u2/h/huikong/obiwan_codes/obiwan_Aug/obiwan_code/py/obiwan/Drones/obiwan_analysis/preprocess/collect/collect.py:46: RuntimeWarning: invalid value encountered in log10
  r_mag = 22.5 - 2.5 * n.log10(dat['flux_r'] / dat['mw_transmission_r'])
/global/u2/h/huikong/obiwan_codes/obiwan_Aug/obiwan_code/py/obiwan/Drones/obiwan_analysis/preprocess/collect/collect.py:48: RuntimeWarning: invalid value encountered in subtract
  gr = g - r_mag
Namespace(N_split=1, name_for_run='elg_ngc_run', split_idx=0)
replacing:
/global/cscratch1/sd/huikong/obiwan_Aug/repos_for_docker/obiwan_code/py/obiwan/Drones/obiwan_analysis/preprocess/brickstat/elg_ngc_run/FinishedBricks.txt
I am  nid01737 rank 7 (total 8)
  Slave nid01737 rank 7 executing "1378p140" task_id "3"
  Slave nid01737 rank 7 executing "1404p140" task_id "13"
  Slave nid01737 rank 7 executing "1425p140" task_id "20"
  Slave nid01737 rank 7 executing "1440p140" task_id "26"
  Slave nid01737 rank 7 executing "1463p140" task_id "35"
  Slave nid01737 rank 7 executing "1481p140" task_id "41"
  Slave nid01737 rank 7 executing "1507p140" task_id "51"
  Slave nid01737 rank 7 executing "1528p140" task_id "59"
Task completed (rank 7)
/global/u2/h/huikong/obiwan_codes/obiwan_Aug/obiwan_code/py/obiwan/Drones/obiwan_analysis/preprocess/collect/collect.py:45: RuntimeWarning: invalid value encountered in log10
  g     = 22.5 - 2.5 * n.log10(dat['flux_g'] / dat['mw_transmission_g'])
/global/u2/h/huikong/obiwan_codes/obiwan_Aug/obiwan_code/py/obiwan/Drones/obiwan_analysis/preprocess/collect/collect.py:46: RuntimeWarning: invalid value encountered in log10
  r_mag = 22.5 - 2.5 * n.log10(dat['flux_r'] / dat['mw_transmission_r'])
/global/u2/h/huikong/obiwan_codes/obiwan_Aug/obiwan_code/py/obiwan/Drones/obiwan_analysis/preprocess/collect/collect.py:47: RuntimeWarning: divide by zero encountered in log10
  z_mag = 22.5 - 2.5 * n.log10(dat['flux_z'] / dat['mw_transmission_z'])
/global/u2/h/huikong/obiwan_codes/obiwan_Aug/obiwan_code/py/obiwan/Drones/obiwan_analysis/preprocess/collect/collect.py:50: RuntimeWarning: invalid value encountered in greater
  color_sgc = (g>21.825)&(g<22.825)&(-0.068*rz+0.457<gr)&(gr< 0.112*rz+0.773) &(0.218*gr+0.571<rz)&(rz<-0.555*gr+1.901)
/global/u2/h/huikong/obiwan_codes/obiwan_Aug/obiwan_code/py/obiwan/Drones/obiwan_analysis/preprocess/collect/collect.py:50: RuntimeWarning: invalid value encountered in less
  color_sgc = (g>21.825)&(g<22.825)&(-0.068*rz+0.457<gr)&(gr< 0.112*rz+0.773) &(0.218*gr+0.571<rz)&(rz<-0.555*gr+1.901)
/global/u2/h/huikong/obiwan_codes/obiwan_Aug/obiwan_code/py/obiwan/Drones/obiwan_analysis/preprocess/collect/collect.py:51: RuntimeWarning: invalid value encountered in greater
  color_ngc = (g>21.825)&(g<22.9)  &(-0.068*rz+0.457<gr)&(gr< 0.112*rz+0.773) &(0.637*gr+0.399<rz)&(rz<-0.555*gr+1.901)
/global/u2/h/huikong/obiwan_codes/obiwan_Aug/obiwan_code/py/obiwan/Drones/obiwan_analysis/preprocess/collect/collect.py:51: RuntimeWarning: invalid value encountered in less
  color_ngc = (g>21.825)&(g<22.9)  &(-0.068*rz+0.457<gr)&(gr< 0.112*rz+0.773) &(0.637*gr+0.399<rz)&(rz<-0.555*gr+1.901)
/global/u2/h/huikong/obiwan_codes/obiwan_Aug/obiwan_code/py/obiwan/Drones/obiwan_analysis/preprocess/collect/collect.py:45: RuntimeWarning: divide by zero encountered in log10
  g     = 22.5 - 2.5 * n.log10(dat['flux_g'] / dat['mw_transmission_g'])
/global/u2/h/huikong/obiwan_codes/obiwan_Aug/obiwan_code/py/obiwan/Drones/obiwan_analysis/preprocess/collect/collect.py:46: RuntimeWarning: divide by zero encountered in log10
  r_mag = 22.5 - 2.5 * n.log10(dat['flux_r'] / dat['mw_transmission_r'])
/global/u2/h/huikong/obiwan_codes/obiwan_Aug/obiwan_code/py/obiwan/Drones/obiwan_analysis/preprocess/collect/collect.py:48: RuntimeWarning: invalid value encountered in subtract
  gr = g - r_mag
/global/u2/h/huikong/obiwan_codes/obiwan_Aug/obiwan_code/py/obiwan/Drones/obiwan_analysis/preprocess/collect/collect.py:47: RuntimeWarning: invalid value encountered in log10
  z_mag = 22.5 - 2.5 * n.log10(dat['flux_z'] / dat['mw_transmission_z'])
Namespace(N_split=1, name_for_run='elg_ngc_run', split_idx=0)
replacing:
/global/cscratch1/sd/huikong/obiwan_Aug/repos_for_docker/obiwan_code/py/obiwan/Drones/obiwan_analysis/preprocess/brickstat/elg_ngc_run/FinishedBricks.txt
I am  nid01737 rank 0 (total 8)
/global/cscratch1/sd/huikong/obiwan_Aug/repos_for_docker/obiwan_code/py/obiwan/Drones/obiwan_analysis/preprocess/brickstat/elg_ngc_run/FinishedBricks.txt
No 6 is done
No 0 is done
No 4 is done
No 5 is done
No 1 is done
No 2 is done
No 3 is done
No 7 is done
No 9 is done
No 11 is done
No 12 is done
No 10 is done
No 14 is done
No 13 is done
No 8 is done
No 15 is done
No 16 is done
No 18 is done
No 17 is done
No 20 is done
No 19 is done
No 23 is done
No 21 is done
No 22 is done
No 24 is done
No 25 is done
No 27 is done
No 28 is done
No 26 is done
No 32 is done
No 29 is done
No 30 is done
No 31 is done
No 33 is done
No 35 is done
No 34 is done
No 36 is done
No 37 is done
No 38 is done
No 44 is done
No 39 is done
No 40 is done
No 42 is done
No 43 is done
No 41 is done
No 45 is done
No 47 is done
No 48 is done
No 46 is done
No 52 is done
No 49 is done
No 50 is done
No 51 is done
No 53 is done
No 54 is done
No 55 is done
No 56 is done
No 61 is done
No 60 is done
No 57 is done
No 58 is done
No 59 is done
/global/cscratch1/sd/huikong/obiwan_Aug/repos_for_docker/obiwan_out/ subset elg_ngc_run_part0_of_1.fits
writing all the output to one table...
done!
Task completed (rank 0)
Namespace(N_split=1, name_for_run='elg_ngc_run', split_idx=0)
replacing:
/global/cscratch1/sd/huikong/obiwan_Aug/repos_for_docker/obiwan_code/py/obiwan/Drones/obiwan_analysis/preprocess/brickstat/elg_ngc_run/FinishedBricks.txt
I am  nid01737 rank 2 (total 8)
  Slave nid01737 rank 2 executing "1384p140" task_id "5"
  Slave nid01737 rank 2 executing "1394p140" task_id "9"
  Slave nid01737 rank 2 executing "1409p140" task_id "15"
  Slave nid01737 rank 2 executing "1430p140" task_id "22"
  Slave nid01737 rank 2 executing "1451p140" task_id "30"
  Slave nid01737 rank 2 executing "1471p140" task_id "38"
  Slave nid01737 rank 2 executing "1492p140" task_id "45"
  Slave nid01737 rank 2 executing "1510p140" task_id "52"
  Slave nid01737 rank 2 executing "1518p140" task_id "55"
Task completed (rank 2)
Namespace(N_split=1, name_for_run='elg_ngc_run', split_idx=0)
replacing:
/global/cscratch1/sd/huikong/obiwan_Aug/repos_for_docker/obiwan_code/py/obiwan/Drones/obiwan_analysis/preprocess/brickstat/elg_ngc_run/FinishedBricks.txt
I am  nid01737 rank 6 (total 8)
  Slave nid01737 rank 6 executing "1376p140" task_id "2"
  Slave nid01737 rank 6 executing "1402p140" task_id "12"
  Slave nid01737 rank 6 executing "1415p140" task_id "17"
  Slave nid01737 rank 6 executing "1438p140" task_id "25"
  Slave nid01737 rank 6 executing "1456p140" task_id "32"
  Slave nid01737 rank 6 executing "1466p140" task_id "36"
  Slave nid01737 rank 6 executing "1487p140" task_id "43"
  Slave nid01737 rank 6 executing "1505p140" task_id "50"
  Slave nid01737 rank 6 executing "1525p140" task_id "58"
Task completed (rank 6)
start stacking finished images, this might be a long time...
/global/cscratch1/sd/huikong/obiwan_Aug/repos_for_docker/obiwan_out/subset/elg_ngc_run_part0_of_1.fits
writing
/global/cscratch1/sd/huikong/obiwan_Aug/repos_for_docker/obiwan_out/subset/sim_elg_ngc_run_part0_of_1.fits
writing
cut images with vetomask
cp: '/global/cscratch1/sd/huikong/obiwan_Aug/repos_for_docker/obiwan_code/py/obiwan/Drones/obiwan_analysis/preprocess/brickmask/brickmask.conf' and './brickmask.conf' are the same file
Loading configuration ... 
  Filename: brickmask.conf
  [36;1mBRICK_LIST[0m = /global/cscratch1/sd/huikong/obiwan_Aug/repos_for_docker/obiwan_code/py/obiwan/more/brickmask/survey-bricks.fits
  [36;1mBRICK_DIR[0m  = /global/cscratch1/sd/raichoor/ELG_maskbrick_v4
  [36;1mINPUT[0m      = /global/cscratch1/sd/huikong/obiwan_Aug/repos_for_docker/obiwan_out/subset/elg_ngc_run_chunk23.fits
  [36;1mFILE_TYPE[0m  = 1
  [36;1mOUTPUT[0m     = /global/cscratch1/sd/huikong/obiwan_Aug/repos_for_docker/obiwan_out/subset/elg_ngc_run_chunk23_masked.fits
  [36;1mFORCE[0m      = 1
  [36;1mVERBOSE[0m    = 1
[70C[[32;1mDONE[0m]
Reading the list of bricks ... 
  Filename: /global/cscratch1/sd/huikong/obiwan_Aug/repos_for_docker/obiwan_code/py/obiwan/more/brickmask/survey-bricks.fits
  Number of bricks: 662174.
  Allocating memory ...   ~ 30.94 Mb memory allocated for the list of bricks.
[70C[[32;1mDONE[0m]
Reading input data file ... 
  Filename: /global/cscratch1/sd/huikong/obiwan_Aug/repos_for_docker/obiwan_out/subset/elg_ngc_run_chunk23.fits
  Number of records: 1262.
  Allocating memory ...   ~ 0.3562 Mb memory allocated for the input data.
Associating inputs with bricks ... 
  Bricks assigned to all inputs successfully
  Inputs indexed by bricks.
[70C[[32;1mDONE[0m]
Reading and assigning masks ...[70C[[32;1mDONE[0m]
Saving output ...
  Filename: /global/cscratch1/sd/huikong/obiwan_Aug/repos_for_docker/obiwan_out/subset/elg_ngc_run_chunk23_masked.fits
[70C[[32;1mDONE[0m]
Releasing memory ...[70C[[32;1mDONE[0m]
cp: '/global/cscratch1/sd/huikong/obiwan_Aug/repos_for_docker/obiwan_code/py/obiwan/Drones/obiwan_analysis/preprocess/brickmask/brickmask.conf' and './brickmask.conf' are the same file
Loading configuration ... 
  Filename: brickmask.conf
  [36;1mBRICK_LIST[0m = /global/cscratch1/sd/huikong/obiwan_Aug/repos_for_docker/obiwan_code/py/obiwan/more/brickmask/survey-bricks.fits
  [36;1mBRICK_DIR[0m  = /global/cscratch1/sd/raichoor/ELG_maskbrick_v4
  [36;1mINPUT[0m      = /global/cscratch1/sd/huikong/obiwan_Aug/repos_for_docker/obiwan_out/subset/sim_elg_ngc_run_chunk23.fits
  [36;1mFILE_TYPE[0m  = 1
  [36;1mOUTPUT[0m     = /global/cscratch1/sd/huikong/obiwan_Aug/repos_for_docker/obiwan_out/subset/sim_elg_ngc_run_chunk23_masked.fits
  [36;1mFORCE[0m      = 1
  [36;1mVERBOSE[0m    = 1
[70C[[32;1mDONE[0m]
Reading the list of bricks ... 
  Filename: /global/cscratch1/sd/huikong/obiwan_Aug/repos_for_docker/obiwan_code/py/obiwan/more/brickmask/survey-bricks.fits
  Number of bricks: 662174.
  Allocating memory ...   ~ 30.94 Mb memory allocated for the list of bricks.
[70C[[32;1mDONE[0m]
Reading input data file ... 
  Filename: /global/cscratch1/sd/huikong/obiwan_Aug/repos_for_docker/obiwan_out/subset/sim_elg_ngc_run_chunk23.fits
  Number of records: 6171.
  Allocating memory ...   ~ 1.742 Mb memory allocated for the input data.
Associating inputs with bricks ... 
  Bricks assigned to all inputs successfully
  Inputs indexed by bricks.
[70C[[32;1mDONE[0m]
Reading and assigning masks ...[70C[[32;1mDONE[0m]
Saving output ...
  Filename: /global/cscratch1/sd/huikong/obiwan_Aug/repos_for_docker/obiwan_out/subset/sim_elg_ngc_run_chunk23_masked.fits
[70C[[32;1mDONE[0m]
Releasing memory ...[70C[[32;1mDONE[0m]
mv: missing destination file operand after './brickmask.conf'
Try 'mv --help' for more information.
really_mask images
1014
/global/cscratch1/sd/huikong/obiwan_Aug/repos_for_docker/obiwan_out/subset/elg_ngc_run_chunk23_really_masked.fits
3930
/global/cscratch1/sd/huikong/obiwan_Aug/repos_for_docker/obiwan_out/subset/sim_elg_ngc_run_chunk23_really_masked.fits
cut data files to the same footprint
/global/cscratch1/sd/huikong/obiwan_Aug/repos_for_docker/obiwan_out/subset/eBOSS_ELG_full_ALL_v4.dat_really_masked_chunk23.fits
/global/cscratch1/sd/huikong/obiwan_Aug/repos_for_docker/obiwan_out/subset/eBOSS_ELG_full_ALL_v4.dat_really_masked_chunk23_elg_ngc_run.fits
ALL Done
