logging to.../global/cscratch1/sd/huikong/obiwan_Aug/repos_for_docker/obiwan_out/elg_like_run/logs/341//more_rs0/log.3416p007
logging to.../global/cscratch1/sd/huikong/obiwan_Aug/repos_for_docker/obiwan_out/elg_like_run/logs/357//more_rs0/log.3578p000
logging to.../global/cscratch1/sd/huikong/obiwan_Aug/repos_for_docker/obiwan_out/elg_like_run/logs/321//more_rs0/log.3211p012
logging to.../global/cscratch1/sd/huikong/obiwan_Aug/repos_for_docker/obiwan_out/elg_like_run/logs/340//more_rs0/log.3401p002
logging to.../global/cscratch1/sd/huikong/obiwan_Aug/repos_for_docker/obiwan_out/elg_like_run/logs/324//more_rs0/log.3241p015
logging to.../global/cscratch1/sd/huikong/obiwan_Aug/repos_for_docker/obiwan_out/elg_like_run/logs/344//more_rs0/log.3446p002
logging to.../global/cscratch1/sd/huikong/obiwan_Aug/repos_for_docker/obiwan_out/elg_like_run/logs/343//more_rs0/log.3438m002
logging to.../global/cscratch1/sd/huikong/obiwan_Aug/repos_for_docker/obiwan_out/elg_like_run/logs/349//more_rs0/log.3491p005
logging to.../global/cscratch1/sd/huikong/obiwan_Aug/repos_for_docker/obiwan_out/elg_like_run/logs/328//more_rs0/log.3281p015
logging to.../global/cscratch1/sd/huikong/obiwan_Aug/repos_for_docker/obiwan_out/elg_like_run/logs/348//more_rs0/log.3481p005
logging to.../global/cscratch1/sd/huikong/obiwan_Aug/repos_for_docker/obiwan_out/elg_like_run/logs/335//more_rs0/log.3353p017
logging to.../global/cscratch1/sd/huikong/obiwan_Aug/repos_for_docker/obiwan_out/elg_like_run/logs/348//more_rs0/log.3486p000
logging to.../global/cscratch1/sd/huikong/obiwan_Aug/repos_for_docker/obiwan_out/elg_like_run/logs/349//more_rs0/log.3491p007
FINISHED NOW!
logging to.../global/cscratch1/sd/huikong/obiwan_Aug/repos_for_docker/obiwan_out/elg_like_run/logs/337//more_rs0/log.3378m002
FINISHED NOW!
logging to.../global/cscratch1/sd/huikong/obiwan_Aug/repos_for_docker/obiwan_out/elg_like_run/logs/325//more_rs0/log.3253m002
FINISHED NOW!
logging to.../global/cscratch1/sd/huikong/obiwan_Aug/repos_for_docker/obiwan_out/elg_like_run/logs/344//more_rs0/log.3441p017
FINISHED NOW!
logging to.../global/cscratch1/sd/huikong/obiwan_Aug/repos_for_docker/obiwan_out/elg_like_run/logs/325//more_rs0/log.3253p005
FINISHED NOW!
logging to.../global/cscratch1/sd/huikong/obiwan_Aug/repos_for_docker/obiwan_out/elg_like_run/logs/317//more_rs0/log.3173p002
FINISHED NOW!
logging to.../global/cscratch1/sd/huikong/obiwan_Aug/repos_for_docker/obiwan_out/elg_like_run/logs/320//more_rs0/log.3201p010
FINISHED NOW!
logging to.../global/cscratch1/sd/huikong/obiwan_Aug/repos_for_docker/obiwan_out/elg_like_run/logs/320//more_rs0/log.3201p007
FINISHED NOW!
FINISHED NOW!
logging to.../global/cscratch1/sd/huikong/obiwan_Aug/repos_for_docker/obiwan_out/elg_like_run/logs/355//more_rs0/log.3553p007
logging to.../global/cscratch1/sd/huikong/obiwan_Aug/repos_for_docker/obiwan_out/elg_like_run/logs/347//more_rs0/log.3473p010
FINISHED NOW!
logging to.../global/cscratch1/sd/huikong/obiwan_Aug/repos_for_docker/obiwan_out/elg_like_run/logs/345//more_rs0/log.3458p002
FINISHED NOW!
logging to.../global/cscratch1/sd/huikong/obiwan_Aug/repos_for_docker/obiwan_out/elg_like_run/logs/357//more_rs0/log.3573p015
FINISHED NOW!
logging to.../global/cscratch1/sd/huikong/obiwan_Aug/repos_for_docker/obiwan_out/elg_like_run/logs/346//more_rs0/log.3463p012
FINISHED NOW!
logging to.../global/cscratch1/sd/huikong/obiwan_Aug/repos_for_docker/obiwan_out/elg_like_run/logs/327//more_rs0/log.3273m005
FINISHED NOW!
logging to.../global/cscratch1/sd/huikong/obiwan_Aug/repos_for_docker/obiwan_out/elg_like_run/logs/355//more_rs0/log.3551p005
FINISHED NOW!
logging to.../global/cscratch1/sd/huikong/obiwan_Aug/repos_for_docker/obiwan_out/elg_like_run/logs/359//more_rs0/log.3593p000
FINISHED NOW!
logging to.../global/cscratch1/sd/huikong/obiwan_Aug/repos_for_docker/obiwan_out/elg_like_run/logs/336//more_rs0/log.3363p012
FINISHED NOW!
logging to.../global/cscratch1/sd/huikong/obiwan_Aug/repos_for_docker/obiwan_out/elg_like_run/logs/334//more_rs0/log.3341p007
FINISHED NOW!
logging to.../global/cscratch1/sd/huikong/obiwan_Aug/repos_for_docker/obiwan_out/elg_like_run/logs/328//more_rs0/log.3283p015
FINISHED NOW!
logging to.../global/cscratch1/sd/huikong/obiwan_Aug/repos_for_docker/obiwan_out/elg_like_run/logs/330//more_rs0/log.3301p015
FINISHED NOW!
logging to.../global/cscratch1/sd/huikong/obiwan_Aug/repos_for_docker/obiwan_out/elg_like_run/logs/338//more_rs0/log.3388p015
FINISHED NOW!
logging to.../global/cscratch1/sd/huikong/obiwan_Aug/repos_for_docker/obiwan_out/elg_like_run/logs/355//more_rs0/log.3551p012
FINISHED NOW!
logging to.../global/cscratch1/sd/huikong/obiwan_Aug/repos_for_docker/obiwan_out/elg_like_run/logs/339//more_rs0/log.3396p010
FINISHED NOW!
logging to.../global/cscratch1/sd/huikong/obiwan_Aug/repos_for_docker/obiwan_out/elg_like_run/logs/344//more_rs0/log.3446p000
srun: Job step aborted: Waiting up to 32 seconds for job step to finish.
slurmstepd: error: *** STEP 21052655.1 ON nid01471 CANCELLED AT 2019-05-03T12:52:47 DUE TO TIME LIMIT ***
srun: got SIGCONT
srun: forcing job termination
