logging to.../global/cscratch1/sd/huikong/obiwan_Aug/repos_for_docker/obiwan_out/elg_ngc_run/logs/140//more_rs202/log.1404p140
logging to.../global/cscratch1/sd/huikong/obiwan_Aug/repos_for_docker/obiwan_out/elg_ngc_run/logs/139//more_rs202/log.1396p140
logging to.../global/cscratch1/sd/huikong/obiwan_Aug/repos_for_docker/obiwan_out/elg_ngc_run/logs/143//more_rs202/log.1438p140
logging to.../global/cscratch1/sd/huikong/obiwan_Aug/repos_for_docker/obiwan_out/elg_ngc_run/logs/147//more_rs202/log.1474p140
logging to.../global/cscratch1/sd/huikong/obiwan_Aug/repos_for_docker/obiwan_out/elg_ngc_run/logs/137//more_rs202/log.1373p140
logging to.../global/cscratch1/sd/huikong/obiwan_Aug/repos_for_docker/obiwan_out/elg_ngc_run/logs/141//more_rs202/log.1415p140
logging to.../global/cscratch1/sd/huikong/obiwan_Aug/repos_for_docker/obiwan_out/elg_ngc_run/logs/149//more_rs202/log.1492p140
logging to.../global/cscratch1/sd/huikong/obiwan_Aug/repos_for_docker/obiwan_out/elg_ngc_run/logs/148//more_rs202/log.1484p140
logging to.../global/cscratch1/sd/huikong/obiwan_Aug/repos_for_docker/obiwan_out/elg_ngc_run/logs/148//more_rs202/log.1489p140
logging to.../global/cscratch1/sd/huikong/obiwan_Aug/repos_for_docker/obiwan_out/elg_ngc_run/logs/152//more_rs202/log.1520p140
logging to.../global/cscratch1/sd/huikong/obiwan_Aug/repos_for_docker/obiwan_out/elg_ngc_run/logs/150//more_rs202/log.1502p140
logging to.../global/cscratch1/sd/huikong/obiwan_Aug/repos_for_docker/obiwan_out/elg_ngc_run/logs/152//more_rs202/log.1528p140
logging to.../global/cscratch1/sd/huikong/obiwan_Aug/repos_for_docker/obiwan_out/elg_ngc_run/logs/148//more_rs202/log.1481p140
logging to.../global/cscratch1/sd/huikong/obiwan_Aug/repos_for_docker/obiwan_out/elg_ngc_run/logs/141//more_rs202/log.1412p140
logging to.../global/cscratch1/sd/huikong/obiwan_Aug/repos_for_docker/obiwan_out/elg_ngc_run/logs/139//more_rs202/log.1394p140
logging to.../global/cscratch1/sd/huikong/obiwan_Aug/repos_for_docker/obiwan_out/elg_ngc_run/logs/149//more_rs202/log.1497p140
logging to.../global/cscratch1/sd/huikong/obiwan_Aug/repos_for_docker/obiwan_out/elg_ngc_run/logs/150//more_rs202/log.1507p140
logging to.../global/cscratch1/sd/huikong/obiwan_Aug/repos_for_docker/obiwan_out/elg_ngc_run/logs/144//more_rs202/log.1448p140
logging to.../global/cscratch1/sd/huikong/obiwan_Aug/repos_for_docker/obiwan_out/elg_ngc_run/logs/138//more_rs202/log.1381p140
logging to.../global/cscratch1/sd/huikong/obiwan_Aug/repos_for_docker/obiwan_out/elg_ngc_run/logs/146//more_rs202/log.1469p140
logging to.../global/cscratch1/sd/huikong/obiwan_Aug/repos_for_docker/obiwan_out/elg_ngc_run/logs/143//more_rs202/log.1430p140
logging to.../global/cscratch1/sd/huikong/obiwan_Aug/repos_for_docker/obiwan_out/elg_ngc_run/logs/152//more_rs202/log.1525p140
logging to.../global/cscratch1/sd/huikong/obiwan_Aug/repos_for_docker/obiwan_out/elg_ngc_run/logs/142//more_rs202/log.1420p140
logging to.../global/cscratch1/sd/huikong/obiwan_Aug/repos_for_docker/obiwan_out/elg_ngc_run/logs/140//more_rs202/log.1409p140
logging to.../global/cscratch1/sd/huikong/obiwan_Aug/repos_for_docker/obiwan_out/elg_ngc_run/logs/137//more_rs202/log.1378p140
logging to.../global/cscratch1/sd/huikong/obiwan_Aug/repos_for_docker/obiwan_out/elg_ngc_run/logs/146//more_rs202/log.1466p140
logging to.../global/cscratch1/sd/huikong/obiwan_Aug/repos_for_docker/obiwan_out/elg_ngc_run/logs/146//more_rs202/log.1461p140
logging to.../global/cscratch1/sd/huikong/obiwan_Aug/repos_for_docker/obiwan_out/elg_ngc_run/logs/143//more_rs202/log.1433p140
logging to.../global/cscratch1/sd/huikong/obiwan_Aug/repos_for_docker/obiwan_out/elg_ngc_run/logs/142//more_rs202/log.1425p140
logging to.../global/cscratch1/sd/huikong/obiwan_Aug/repos_for_docker/obiwan_out/elg_ngc_run/logs/151//more_rs202/log.1510p140
logging to.../global/cscratch1/sd/huikong/obiwan_Aug/repos_for_docker/obiwan_out/elg_ngc_run/logs/151//more_rs202/log.1515p140
logging to.../global/cscratch1/sd/huikong/obiwan_Aug/repos_for_docker/obiwan_out/elg_ngc_run/logs/145//more_rs202/log.1453p140
logging to.../global/cscratch1/sd/huikong/obiwan_Aug/repos_for_docker/obiwan_out/elg_ngc_run/logs/151//more_rs202/log.1512p140
logging to.../global/cscratch1/sd/huikong/obiwan_Aug/repos_for_docker/obiwan_out/elg_ngc_run/logs/148//more_rs202/log.1487p140
logging to.../global/cscratch1/sd/huikong/obiwan_Aug/repos_for_docker/obiwan_out/elg_ngc_run/logs/145//more_rs202/log.1456p140
logging to.../global/cscratch1/sd/huikong/obiwan_Aug/repos_for_docker/obiwan_out/elg_ngc_run/logs/138//more_rs202/log.1389p140
logging to.../global/cscratch1/sd/huikong/obiwan_Aug/repos_for_docker/obiwan_out/elg_ngc_run/logs/145//more_rs202/log.1458p140
logging to.../global/cscratch1/sd/huikong/obiwan_Aug/repos_for_docker/obiwan_out/elg_ngc_run/logs/153//more_rs202/log.1533p140
logging to.../global/cscratch1/sd/huikong/obiwan_Aug/repos_for_docker/obiwan_out/elg_ngc_run/logs/138//more_rs202/log.1386p140
FINISHED NOW!
FINISHED NOW!
logging to.../global/cscratch1/sd/huikong/obiwan_Aug/repos_for_docker/obiwan_out/elg_ngc_run/logs/151//more_rs202/log.1518p140
logging to.../global/cscratch1/sd/huikong/obiwan_Aug/repos_for_docker/obiwan_out/elg_ngc_run/logs/137//more_rs202/log.1371p140
FINISHED NOW!
logging to.../global/cscratch1/sd/huikong/obiwan_Aug/repos_for_docker/obiwan_out/elg_ngc_run/logs/139//more_rs202/log.1399p140
FINISHED NOW!
FINISHED NOW!
logging to.../global/cscratch1/sd/huikong/obiwan_Aug/repos_for_docker/obiwan_out/elg_ngc_run/logs/152//more_rs202/log.1523p140
logging to.../global/cscratch1/sd/huikong/obiwan_Aug/repos_for_docker/obiwan_out/elg_ngc_run/logs/147//more_rs202/log.1479p140
FINISHED NOW!
logging to.../global/cscratch1/sd/huikong/obiwan_Aug/repos_for_docker/obiwan_out/elg_ngc_run/logs/141//more_rs202/log.1417p140
FINISHED NOW!
FINISHED NOW!
logging to.../global/cscratch1/sd/huikong/obiwan_Aug/repos_for_docker/obiwan_out/elg_ngc_run/logs/137//more_rs202/log.1376p140
logging to.../global/cscratch1/sd/huikong/obiwan_Aug/repos_for_docker/obiwan_out/elg_ngc_run/logs/142//more_rs202/log.1427p140
FINISHED NOW!
logging to.../global/cscratch1/sd/huikong/obiwan_Aug/repos_for_docker/obiwan_out/elg_ngc_run/logs/144//more_rs202/log.1443p140
FINISHED NOW!
logging to.../global/cscratch1/sd/huikong/obiwan_Aug/repos_for_docker/obiwan_out/elg_ngc_run/logs/139//more_rs202/log.1391p140
FINISHED NOW!
logging to.../global/cscratch1/sd/huikong/obiwan_Aug/repos_for_docker/obiwan_out/elg_ngc_run/logs/147//more_rs202/log.1471p140
FINISHED NOW!
logging to.../global/cscratch1/sd/huikong/obiwan_Aug/repos_for_docker/obiwan_out/elg_ngc_run/logs/149//more_rs202/log.1494p140
FINISHED NOW!
logging to.../global/cscratch1/sd/huikong/obiwan_Aug/repos_for_docker/obiwan_out/elg_ngc_run/logs/140//more_rs202/log.1402p140
FINISHED NOW!
logging to.../global/cscratch1/sd/huikong/obiwan_Aug/repos_for_docker/obiwan_out/elg_ngc_run/logs/145//more_rs202/log.1451p140
FINISHED NOW!
logging to.../global/cscratch1/sd/huikong/obiwan_Aug/repos_for_docker/obiwan_out/elg_ngc_run/logs/146//more_rs202/log.1463p140
FINISHED NOW!
logging to.../global/cscratch1/sd/huikong/obiwan_Aug/repos_for_docker/obiwan_out/elg_ngc_run/logs/153//more_rs202/log.1530p140
FINISHED NOW!
logging to.../global/cscratch1/sd/huikong/obiwan_Aug/repos_for_docker/obiwan_out/elg_ngc_run/logs/144//more_rs202/log.1440p140
FINISHED NOW!
FINISHED NOW!
logging to.../global/cscratch1/sd/huikong/obiwan_Aug/repos_for_docker/obiwan_out/elg_ngc_run/logs/138//more_rs202/log.1384p140
logging to.../global/cscratch1/sd/huikong/obiwan_Aug/repos_for_docker/obiwan_out/elg_ngc_run/logs/150//more_rs202/log.1505p140
FINISHED NOW!
logging to.../global/cscratch1/sd/huikong/obiwan_Aug/repos_for_docker/obiwan_out/elg_ngc_run/logs/144//more_rs202/log.1445p140
FINISHED NOW!
logging to.../global/cscratch1/sd/huikong/obiwan_Aug/repos_for_docker/obiwan_out/elg_ngc_run/logs/143//more_rs202/log.1435p140
FINISHED NOW!
logging to.../global/cscratch1/sd/huikong/obiwan_Aug/repos_for_docker/obiwan_out/elg_ngc_run/logs/150//more_rs202/log.1500p140
FINISHED NOW!
logging to.../global/cscratch1/sd/huikong/obiwan_Aug/repos_for_docker/obiwan_out/elg_ngc_run/logs/140//more_rs202/log.1407p140
FINISHED NOW!
FINISHED NOW!
FINISHED NOW!
FINISHED NOW!
FINISHED NOW!
FINISHED NOW!
FINISHED NOW!
FINISHED NOW!
FINISHED NOW!
FINISHED NOW!
FINISHED NOW!
FINISHED NOW!
FINISHED NOW!
FINISHED NOW!
FINISHED NOW!
FINISHED NOW!
FINISHED NOW!
FINISHED NOW!
FINISHED NOW!
FINISHED NOW!
FINISHED NOW!
FINISHED NOW!
FINISHED NOW!
FINISHED NOW!
FINISHED NOW!
FINISHED NOW!
FINISHED NOW!
FINISHED NOW!
FINISHED NOW!
FINISHED NOW!
FINISHED NOW!
FINISHED NOW!
FINISHED NOW!
FINISHED NOW!
FINISHED NOW!
FINISHED NOW!
FINISHED NOW!
FINISHED NOW!
FINISHED NOW!
I am  nid00618 rank 1 (total 40)
  Slave nid00618 rank 1 executing "1396p140" task_id "1"
Task completed (rank 1)
I am  nid00620 rank 4 (total 40)
  Slave nid00620 rank 4 executing "1373p140" task_id "3"
Task completed (rank 4)
I am  nid00619 rank 2 (total 40)
  Slave nid00619 rank 2 executing "1520p140" task_id "7"
  Slave nid00619 rank 2 executing "1443p140" task_id "47"
Task completed (rank 2)
I am  nid00621 rank 6 (total 40)
  Slave nid00621 rank 6 executing "1484p140" task_id "9"
  Slave nid00621 rank 6 executing "1435p140" task_id "59"
Task completed (rank 6)
I am  nid00618 rank 0 (total 40)
Master: slave finished is task and says "I completed my task (34)"
Master: slave finished is task and says "I completed my task (16)"
Master: slave finished is task and says "I completed my task (19)"
Master: slave finished is task and says "I completed my task (2)"
Master: slave finished is task and says "I completed my task (11)"
Master: slave finished is task and says "I completed my task (22)"
Master: slave finished is task and says "I completed my task (28)"
Master: slave finished is task and says "I completed my task (29)"
Master: slave finished is task and says "I completed my task (7)"
Master: slave finished is task and says "I completed my task (31)"
Master: slave finished is task and says "I completed my task (0)"
Master: slave finished is task and says "I completed my task (6)"
Master: slave finished is task and says "I completed my task (32)"
Master: slave finished is task and says "I completed my task (21)"
I am  nid00622 rank 8 (total 40)
  Slave nid00622 rank 8 executing "1415p140" task_id "4"
Task completed (rank 8)
I am  nid00635 rank 34 (total 40)
  Slave nid00635 rank 34 executing "1378p140" task_id "24"
Task completed (rank 34)
I am  nid00629 rank 22 (total 40)
  Slave nid00629 rank 22 executing "1487p140" task_id "33"
  Slave nid00629 rank 22 executing "1440p140" task_id "55"
Task completed (rank 22)
I am  nid00630 rank 24 (total 40)
  Slave nid00630 rank 24 executing "1438p140" task_id "5"
Task completed (rank 24)
I am  nid00628 rank 20 (total 40)
  Slave nid00628 rank 20 executing "1510p140" task_id "29"
  Slave nid00628 rank 20 executing "1427p140" task_id "46"
Task completed (rank 20)
I am  nid00623 rank 10 (total 40)
  Slave nid00623 rank 10 executing "1507p140" task_id "16"
  Slave nid00623 rank 10 executing "1518p140" task_id "40"
Task completed (rank 10)
I am  nid00634 rank 32 (total 40)
  Slave nid00634 rank 32 executing "1404p140" task_id "0"
  Slave nid00634 rank 32 executing "1471p140" task_id "49"
Task completed (rank 32)
I am  nid00637 rank 38 (total 40)
  Slave nid00637 rank 38 executing "1533p140" task_id "37"
Task completed (rank 38)
I am  nid00620 rank 5 (total 40)
  Slave nid00620 rank 5 executing "1515p140" task_id "30"
Task completed (rank 5)
I am  nid00631 rank 26 (total 40)
  Slave nid00631 rank 26 executing "1394p140" task_id "14"
Task completed (rank 26)
I am  nid00627 rank 18 (total 40)
  Slave nid00627 rank 18 executing "1502p140" task_id "10"
  Slave nid00627 rank 18 executing "1463p140" task_id "53"
Task completed (rank 18)
I am  nid00619 rank 3 (total 40)
  Slave nid00619 rank 3 executing "1453p140" task_id "31"
  Slave nid00619 rank 3 executing "1391p140" task_id "48"
Task completed (rank 3)
I am  nid00633 rank 30 (total 40)
  Slave nid00633 rank 30 executing "1433p140" task_id "27"
  Slave nid00633 rank 30 executing "1505p140" task_id "57"
Task completed (rank 30)
I am  nid00632 rank 28 (total 40)
  Slave nid00632 rank 28 executing "1528p140" task_id "11"
  Slave nid00632 rank 28 executing "1479p140" task_id "43"
Task completed (rank 28)
I am  nid00626 rank 17 (total 40)
  Slave nid00626 rank 17 executing "1456p140" task_id "34"
  Slave nid00626 rank 17 executing "1371p140" task_id "39"
Task completed (rank 17)
I am  nid00625 rank 14 (total 40)
  Slave nid00625 rank 14 executing "1430p140" task_id "20"
Task completed (rank 14)
I am  nid00624 rank 12 (total 40)
  Slave nid00624 rank 12 executing "1381p140" task_id "18"
Task completed (rank 12)
I am  nid00636 rank 36 (total 40)
  Slave nid00636 rank 36 executing "1409p140" task_id "23"
  Slave nid00636 rank 36 executing "1500p140" task_id "60"
Task completed (rank 36)
I am  nid00621 rank 7 (total 40)
  Slave nid00621 rank 7 executing "1386p140" task_id "38"
Task completed (rank 7)
Master: slave finished is task and says "I completed my task (10)"
Master: slave finished is task and says "I completed my task (26)"
Master: slave finished is task and says "I completed my task (33)"
Master: slave finished is task and says "I completed my task (8)"
Master: slave finished is task and says "I completed my task (27)"
Master: slave finished is task and says "I completed my task (25)"
Master: slave finished is task and says "I completed my task (9)"
Master: slave finished is task and says "I completed my task (23)"
Master: slave finished is task and says "I completed my task (15)"
Master: slave finished is task and says "I completed my task (17)"
Master: slave finished is task and says "I completed my task (30)"
Master: slave finished is task and says "I completed my task (5)"
Master: slave finished is task and says "I completed my task (13)"
Master: slave finished is task and says "I completed my task (4)"
Master: slave finished is task and says "I completed my task (12)"
I am  nid00622 rank 9 (total 40)
  Slave nid00622 rank 9 executing "1492p140" task_id "6"
  Slave nid00622 rank 9 executing "1494p140" task_id "50"
Task completed (rank 9)
I am  nid00635 rank 35 (total 40)
  Slave nid00635 rank 35 executing "1466p140" task_id "25"
  Slave nid00635 rank 35 executing "1445p140" task_id "58"
Task completed (rank 35)
I am  nid00629 rank 23 (total 40)
  Slave nid00629 rank 23 executing "1512p140" task_id "32"
  Slave nid00629 rank 23 executing "1402p140" task_id "51"
Task completed (rank 23)
I am  nid00630 rank 25 (total 40)
  Slave nid00630 rank 25 executing "1412p140" task_id "13"
Task completed (rank 25)
I am  nid00628 rank 21 (total 40)
  Slave nid00628 rank 21 executing "1425p140" task_id "28"
  Slave nid00628 rank 21 executing "1376p140" task_id "45"
Task completed (rank 21)
I am  nid00623 rank 11 (total 40)
  Slave nid00623 rank 11 executing "1448p140" task_id "17"
Task completed (rank 11)
I am  nid00634 rank 33 (total 40)
  Slave nid00634 rank 33 executing "1389p140" task_id "35"
Task completed (rank 33)
I am  nid00637 rank 39 (total 40)
  Slave nid00637 rank 39 executing "1458p140" task_id "36"
Task completed (rank 39)
I am  nid00631 rank 27 (total 40)
  Slave nid00631 rank 27 executing "1497p140" task_id "15"
  Slave nid00631 rank 27 executing "1407p140" task_id "61"
Task completed (rank 27)
I am  nid00627 rank 19 (total 40)
  Slave nid00627 rank 19 executing "1489p140" task_id "8"
  Slave nid00627 rank 19 executing "1384p140" task_id "56"
Task completed (rank 19)
I am  nid00633 rank 31 (total 40)
  Slave nid00633 rank 31 executing "1461p140" task_id "26"
  Slave nid00633 rank 31 executing "1530p140" task_id "54"
Task completed (rank 31)
I am  nid00632 rank 29 (total 40)
  Slave nid00632 rank 29 executing "1481p140" task_id "12"
Task completed (rank 29)
I am  nid00626 rank 16 (total 40)
  Slave nid00626 rank 16 executing "1474p140" task_id "2"
  Slave nid00626 rank 16 executing "1523p140" task_id "42"
Task completed (rank 16)
I am  nid00625 rank 15 (total 40)
  Slave nid00625 rank 15 executing "1525p140" task_id "21"
  Slave nid00625 rank 15 executing "1451p140" task_id "52"
Task completed (rank 15)
I am  nid00624 rank 13 (total 40)
  Slave nid00624 rank 13 executing "1469p140" task_id "19"
  Slave nid00624 rank 13 executing "1399p140" task_id "41"
Task completed (rank 13)
I am  nid00636 rank 37 (total 40)
  Slave nid00636 rank 37 executing "1420p140" task_id "22"
  Slave nid00636 rank 37 executing "1417p140" task_id "44"
Task completed (rank 37)
Master: slave finished is task and says "I completed my task (35)"
Master: slave finished is task and says "I completed my task (3)"
Master: slave finished is task and says "I completed my task (20)"
Master: slave finished is task and says "I completed my task (37)"
Master: slave finished is task and says "I completed my task (38)"
Master: slave finished is task and says "I completed my task (14)"
Master: slave finished is task and says "I completed my task (18)"
Master: slave finished is task and says "I completed my task (49)"
Master: slave finished is task and says "I completed my task (1)"
Master: slave finished is task and says "I completed my task (44)"
Master: slave finished is task and says "I completed my task (57)"
Master: slave finished is task and says "I completed my task (24)"
Master: slave finished is task and says "I completed my task (47)"
Master: slave finished is task and says "I completed my task (55)"
Master: slave finished is task and says "I completed my task (46)"
Master: slave finished is task and says "I completed my task (50)"
Master: slave finished is task and says "I completed my task (42)"
Master: slave finished is task and says "I completed my task (36)"
Master: slave finished is task and says "I completed my task (52)"
Master: slave finished is task and says "I completed my task (59)"
Master: slave finished is task and says "I completed my task (48)"
Master: slave finished is task and says "I completed my task (51)"
Master: slave finished is task and says "I completed my task (41)"
Master: slave finished is task and says "I completed my task (54)"
Master: slave finished is task and says "I completed my task (53)"
Master: slave finished is task and says "I completed my task (61)"
Master: slave finished is task and says "I completed my task (40)"
Master: slave finished is task and says "I completed my task (58)"
Master: slave finished is task and says "I completed my task (56)"
Master: slave finished is task and says "I completed my task (43)"
Master: slave finished is task and says "I completed my task (45)"
Master: slave finished is task and says "I completed my task (60)"
Master: slave finished is task and says "I completed my task (39)"
Task completed (rank 0)
