srun: Job 19797252 step creation temporarily disabled, retrying
srun: Step created for job 19797252
I am  nid00957 rank 0 (total 10)
Traceback (most recent call last):
  File "./example1.py", line 104, in <module>
    main()
  File "./example1.py", line 94, in main
    app.run()
  File "./example1.py", line 35, in run
    task_list = np.loadtxt(BRICKSTAT_DIR + 'UnfinishedBricks.txt', dtype=np.str)
  File "/srv/py3_venv/lib/python3.5/site-packages/numpy/lib/npyio.py", line 926, in loadtxt
    fh = np.lib._datasource.open(fname, 'rt', encoding=encoding)
  File "/srv/py3_venv/lib/python3.5/site-packages/numpy/lib/_datasource.py", line 260, in open
    return ds.open(path, mode, encoding=encoding, newline=newline)
  File "/srv/py3_venv/lib/python3.5/site-packages/numpy/lib/_datasource.py", line 616, in open
    raise IOError("%s not found." % path)
OSError: /global/cscratch1/sd/huikong/obiwan_Aug/repos_for_docker/obiwan_code/py/obiwan/more/obiwan_run/brickstat/elg_like_run/UnfinishedBricks.txt not found.
srun: Job step aborted: Waiting up to 32 seconds for job step to finish.
slurmstepd: error: *** STEP 19797252.1 ON nid00957 CANCELLED AT 2019-03-19T14:35:43 DUE TO TIME LIMIT ***
srun: got SIGCONT
srun: forcing job termination
