logging to.../global/cscratch1/sd/huikong/obiwan_Aug/repos_for_docker/obiwan_out/elg_like_run/logs/350//more_rs0/log.3506m010
logging to.../global/cscratch1/sd/huikong/obiwan_Aug/repos_for_docker/obiwan_out/elg_like_run/logs/350//more_rs0/log.3508m010
logging to.../global/cscratch1/sd/huikong/obiwan_Aug/repos_for_docker/obiwan_out/elg_like_run/logs/350//more_rs0/log.3503m010
logging to.../global/cscratch1/sd/huikong/obiwan_Aug/repos_for_docker/obiwan_out/elg_like_run/logs/329//more_rs0/log.3293m005
logging to.../global/cscratch1/sd/huikong/obiwan_Aug/repos_for_docker/obiwan_out/elg_like_run/logs/329//more_rs0/log.3296m005
logging to.../global/cscratch1/sd/huikong/obiwan_Aug/repos_for_docker/obiwan_out/elg_like_run/logs/339//more_rs0/log.3398m005
logging to.../global/cscratch1/sd/huikong/obiwan_Aug/repos_for_docker/obiwan_out/elg_like_run/logs/330//more_rs0/log.3301m005
logging to.../global/cscratch1/sd/huikong/obiwan_Aug/repos_for_docker/obiwan_out/elg_like_run/logs/330//more_rs0/log.3303m005
logging to.../global/cscratch1/sd/huikong/obiwan_Aug/repos_for_docker/obiwan_out/elg_like_run/logs/329//more_rs0/log.3298m005
logging to.../global/cscratch1/sd/huikong/obiwan_Aug/repos_for_docker/obiwan_out/elg_like_run/logs/330//more_rs0/log.3306m005
logging to.../global/cscratch1/sd/huikong/obiwan_Aug/repos_for_docker/obiwan_out/elg_like_run/logs/330//more_rs0/log.3308m005
logging to.../global/cscratch1/sd/huikong/obiwan_Aug/repos_for_docker/obiwan_out/elg_like_run/logs/340//more_rs0/log.3401m005
logging to.../global/cscratch1/sd/huikong/obiwan_Aug/repos_for_docker/obiwan_out/elg_like_run/logs/340//more_rs0/log.3403m005
FINISHED NOW!
logging to.../global/cscratch1/sd/huikong/obiwan_Aug/repos_for_docker/obiwan_out/elg_like_run/logs/331//more_rs0/log.3311m005
FINISHED NOW!
logging to.../global/cscratch1/sd/huikong/obiwan_Aug/repos_for_docker/obiwan_out/elg_like_run/logs/331//more_rs0/log.3316m005
FINISHED NOW!
logging to.../global/cscratch1/sd/huikong/obiwan_Aug/repos_for_docker/obiwan_out/elg_like_run/logs/340//more_rs0/log.3406m005
FINISHED NOW!
logging to.../global/cscratch1/sd/huikong/obiwan_Aug/repos_for_docker/obiwan_out/elg_like_run/logs/331//more_rs0/log.3318m005
FINISHED NOW!
logging to.../global/cscratch1/sd/huikong/obiwan_Aug/repos_for_docker/obiwan_out/elg_like_run/logs/340//more_rs0/log.3408m005
FINISHED NOW!
logging to.../global/cscratch1/sd/huikong/obiwan_Aug/repos_for_docker/obiwan_out/elg_like_run/logs/332//more_rs0/log.3321m005
FINISHED NOW!
logging to.../global/cscratch1/sd/huikong/obiwan_Aug/repos_for_docker/obiwan_out/elg_like_run/logs/341//more_rs0/log.3411m005
FINISHED NOW!
logging to.../global/cscratch1/sd/huikong/obiwan_Aug/repos_for_docker/obiwan_out/elg_like_run/logs/332//more_rs0/log.3323m005
FINISHED NOW!
logging to.../global/cscratch1/sd/huikong/obiwan_Aug/repos_for_docker/obiwan_out/elg_like_run/logs/341//more_rs0/log.3413m005
FINISHED NOW!
logging to.../global/cscratch1/sd/huikong/obiwan_Aug/repos_for_docker/obiwan_out/elg_like_run/logs/332//more_rs0/log.3326m005
FINISHED NOW!
logging to.../global/cscratch1/sd/huikong/obiwan_Aug/repos_for_docker/obiwan_out/elg_like_run/logs/332//more_rs0/log.3328m005
FINISHED NOW!
logging to.../global/cscratch1/sd/huikong/obiwan_Aug/repos_for_docker/obiwan_out/elg_like_run/logs/333//more_rs0/log.3331m005
FINISHED NOW!
logging to.../global/cscratch1/sd/huikong/obiwan_Aug/repos_for_docker/obiwan_out/elg_like_run/logs/333//more_rs0/log.3333m005
FINISHED NOW!
logging to.../global/cscratch1/sd/huikong/obiwan_Aug/repos_for_docker/obiwan_out/elg_like_run/logs/333//more_rs0/log.3336m005
FINISHED NOW!
logging to.../global/cscratch1/sd/huikong/obiwan_Aug/repos_for_docker/obiwan_out/elg_like_run/logs/341//more_rs0/log.3416m005
FINISHED NOW!
logging to.../global/cscratch1/sd/huikong/obiwan_Aug/repos_for_docker/obiwan_out/elg_like_run/logs/341//more_rs0/log.3418m005
FINISHED NOW!
logging to.../global/cscratch1/sd/huikong/obiwan_Aug/repos_for_docker/obiwan_out/elg_like_run/logs/333//more_rs0/log.3338m005
FINISHED NOW!
logging to.../global/cscratch1/sd/huikong/obiwan_Aug/repos_for_docker/obiwan_out/elg_like_run/logs/334//more_rs0/log.3341m005
FINISHED NOW!
logging to.../global/cscratch1/sd/huikong/obiwan_Aug/repos_for_docker/obiwan_out/elg_like_run/logs/334//more_rs0/log.3343m005
FINISHED NOW!
logging to.../global/cscratch1/sd/huikong/obiwan_Aug/repos_for_docker/obiwan_out/elg_like_run/logs/350//more_rs0/log.3503m005
FINISHED NOW!
logging to.../global/cscratch1/sd/huikong/obiwan_Aug/repos_for_docker/obiwan_out/elg_like_run/logs/342//more_rs0/log.3421m005
FINISHED NOW!
logging to.../global/cscratch1/sd/huikong/obiwan_Aug/repos_for_docker/obiwan_out/elg_like_run/logs/334//more_rs0/log.3346m005
FINISHED NOW!
logging to.../global/cscratch1/sd/huikong/obiwan_Aug/repos_for_docker/obiwan_out/elg_like_run/logs/342//more_rs0/log.3423m005
FINISHED NOW!
logging to.../global/cscratch1/sd/huikong/obiwan_Aug/repos_for_docker/obiwan_out/elg_like_run/logs/342//more_rs0/log.3426m005
FINISHED NOW!
logging to.../global/cscratch1/sd/huikong/obiwan_Aug/repos_for_docker/obiwan_out/elg_like_run/logs/334//more_rs0/log.3348m005
FINISHED NOW!
logging to.../global/cscratch1/sd/huikong/obiwan_Aug/repos_for_docker/obiwan_out/elg_like_run/logs/342//more_rs0/log.3428m005
FINISHED NOW!
logging to.../global/cscratch1/sd/huikong/obiwan_Aug/repos_for_docker/obiwan_out/elg_like_run/logs/335//more_rs0/log.3351m005
FINISHED NOW!
logging to.../global/cscratch1/sd/huikong/obiwan_Aug/repos_for_docker/obiwan_out/elg_like_run/logs/350//more_rs0/log.3506m005
FINISHED NOW!
logging to.../global/cscratch1/sd/huikong/obiwan_Aug/repos_for_docker/obiwan_out/elg_like_run/logs/317//more_rs0/log.3173m002
FINISHED NOW!
logging to.../global/cscratch1/sd/huikong/obiwan_Aug/repos_for_docker/obiwan_out/elg_like_run/logs/335//more_rs0/log.3353m005
FINISHED NOW!
logging to.../global/cscratch1/sd/huikong/obiwan_Aug/repos_for_docker/obiwan_out/elg_like_run/logs/317//more_rs0/log.3176m002
FINISHED NOW!
logging to.../global/cscratch1/sd/huikong/obiwan_Aug/repos_for_docker/obiwan_out/elg_like_run/logs/343//more_rs0/log.3431m005
FINISHED NOW!
logging to.../global/cscratch1/sd/huikong/obiwan_Aug/repos_for_docker/obiwan_out/elg_like_run/logs/317//more_rs0/log.3178m002
FINISHED NOW!
logging to.../global/cscratch1/sd/huikong/obiwan_Aug/repos_for_docker/obiwan_out/elg_like_run/logs/335//more_rs0/log.3356m005
FINISHED NOW!
logging to.../global/cscratch1/sd/huikong/obiwan_Aug/repos_for_docker/obiwan_out/elg_like_run/logs/343//more_rs0/log.3433m005
FINISHED NOW!
logging to.../global/cscratch1/sd/huikong/obiwan_Aug/repos_for_docker/obiwan_out/elg_like_run/logs/350//more_rs0/log.3508m005
FINISHED NOW!
logging to.../global/cscratch1/sd/huikong/obiwan_Aug/repos_for_docker/obiwan_out/elg_like_run/logs/318//more_rs0/log.3181m002
FINISHED NOW!
logging to.../global/cscratch1/sd/huikong/obiwan_Aug/repos_for_docker/obiwan_out/elg_like_run/logs/335//more_rs0/log.3358m005
FINISHED NOW!
logging to.../global/cscratch1/sd/huikong/obiwan_Aug/repos_for_docker/obiwan_out/elg_like_run/logs/343//more_rs0/log.3436m005
FINISHED NOW!
logging to.../global/cscratch1/sd/huikong/obiwan_Aug/repos_for_docker/obiwan_out/elg_like_run/logs/318//more_rs0/log.3183m002
FINISHED NOW!
logging to.../global/cscratch1/sd/huikong/obiwan_Aug/repos_for_docker/obiwan_out/elg_like_run/logs/318//more_rs0/log.3186m002
FINISHED NOW!
logging to.../global/cscratch1/sd/huikong/obiwan_Aug/repos_for_docker/obiwan_out/elg_like_run/logs/338//more_rs0/log.3383m002
FINISHED NOW!
logging to.../global/cscratch1/sd/huikong/obiwan_Aug/repos_for_docker/obiwan_out/elg_like_run/logs/351//more_rs0/log.3511m005
FINISHED NOW!
logging to.../global/cscratch1/sd/huikong/obiwan_Aug/repos_for_docker/obiwan_out/elg_like_run/logs/343//more_rs0/log.3438m005
FINISHED NOW!
logging to.../global/cscratch1/sd/huikong/obiwan_Aug/repos_for_docker/obiwan_out/elg_like_run/logs/336//more_rs0/log.3361m005
FINISHED NOW!
logging to.../global/cscratch1/sd/huikong/obiwan_Aug/repos_for_docker/obiwan_out/elg_like_run/logs/344//more_rs0/log.3441m005
FINISHED NOW!
logging to.../global/cscratch1/sd/huikong/obiwan_Aug/repos_for_docker/obiwan_out/elg_like_run/logs/351//more_rs0/log.3513m005
FINISHED NOW!
logging to.../global/cscratch1/sd/huikong/obiwan_Aug/repos_for_docker/obiwan_out/elg_like_run/logs/336//more_rs0/log.3363m005
FINISHED NOW!
logging to.../global/cscratch1/sd/huikong/obiwan_Aug/repos_for_docker/obiwan_out/elg_like_run/logs/318//more_rs0/log.3188m002
FINISHED NOW!
logging to.../global/cscratch1/sd/huikong/obiwan_Aug/repos_for_docker/obiwan_out/elg_like_run/logs/351//more_rs0/log.3516m005
FINISHED NOW!
logging to.../global/cscratch1/sd/huikong/obiwan_Aug/repos_for_docker/obiwan_out/elg_like_run/logs/327//more_rs0/log.3276m002
FINISHED NOW!
logging to.../global/cscratch1/sd/huikong/obiwan_Aug/repos_for_docker/obiwan_out/elg_like_run/logs/336//more_rs0/log.3366m005
FINISHED NOW!
logging to.../global/cscratch1/sd/huikong/obiwan_Aug/repos_for_docker/obiwan_out/elg_like_run/logs/344//more_rs0/log.3443m005
FINISHED NOW!
logging to.../global/cscratch1/sd/huikong/obiwan_Aug/repos_for_docker/obiwan_out/elg_like_run/logs/336//more_rs0/log.3368m005
FINISHED NOW!
logging to.../global/cscratch1/sd/huikong/obiwan_Aug/repos_for_docker/obiwan_out/elg_like_run/logs/344//more_rs0/log.3446m005
FINISHED NOW!
logging to.../global/cscratch1/sd/huikong/obiwan_Aug/repos_for_docker/obiwan_out/elg_like_run/logs/351//more_rs0/log.3518m005
FINISHED NOW!
logging to.../global/cscratch1/sd/huikong/obiwan_Aug/repos_for_docker/obiwan_out/elg_like_run/logs/348//more_rs0/log.3486m002
FINISHED NOW!
logging to.../global/cscratch1/sd/huikong/obiwan_Aug/repos_for_docker/obiwan_out/elg_like_run/logs/319//more_rs0/log.3191m002
FINISHED NOW!
logging to.../global/cscratch1/sd/huikong/obiwan_Aug/repos_for_docker/obiwan_out/elg_like_run/logs/344//more_rs0/log.3448m005
FINISHED NOW!
logging to.../global/cscratch1/sd/huikong/obiwan_Aug/repos_for_docker/obiwan_out/elg_like_run/logs/337//more_rs0/log.3371m005
FINISHED NOW!
logging to.../global/cscratch1/sd/huikong/obiwan_Aug/repos_for_docker/obiwan_out/elg_like_run/logs/327//more_rs0/log.3278m002
FINISHED NOW!
logging to.../global/cscratch1/sd/huikong/obiwan_Aug/repos_for_docker/obiwan_out/elg_like_run/logs/348//more_rs0/log.3488m002
FINISHED NOW!
logging to.../global/cscratch1/sd/huikong/obiwan_Aug/repos_for_docker/obiwan_out/elg_like_run/logs/352//more_rs0/log.3521m005
FINISHED NOW!
logging to.../global/cscratch1/sd/huikong/obiwan_Aug/repos_for_docker/obiwan_out/elg_like_run/logs/319//more_rs0/log.3193m002
FINISHED NOW!
logging to.../global/cscratch1/sd/huikong/obiwan_Aug/repos_for_docker/obiwan_out/elg_like_run/logs/349//more_rs0/log.3491m002
FINISHED NOW!
logging to.../global/cscratch1/sd/huikong/obiwan_Aug/repos_for_docker/obiwan_out/elg_like_run/logs/337//more_rs0/log.3373m005
FINISHED NOW!
logging to.../global/cscratch1/sd/huikong/obiwan_Aug/repos_for_docker/obiwan_out/elg_like_run/logs/352//more_rs0/log.3523m005
FINISHED NOW!
logging to.../global/cscratch1/sd/huikong/obiwan_Aug/repos_for_docker/obiwan_out/elg_like_run/logs/345//more_rs0/log.3451m005
FINISHED NOW!
FINISHED NOW!
logging to.../global/cscratch1/sd/huikong/obiwan_Aug/repos_for_docker/obiwan_out/elg_like_run/logs/328//more_rs0/log.3281m002
logging to.../global/cscratch1/sd/huikong/obiwan_Aug/repos_for_docker/obiwan_out/elg_like_run/logs/319//more_rs0/log.3196m002
FINISHED NOW!
logging to.../global/cscratch1/sd/huikong/obiwan_Aug/repos_for_docker/obiwan_out/elg_like_run/logs/349//more_rs0/log.3493m002
FINISHED NOW!
logging to.../global/cscratch1/sd/huikong/obiwan_Aug/repos_for_docker/obiwan_out/elg_like_run/logs/337//more_rs0/log.3376m005
FINISHED NOW!
logging to.../global/cscratch1/sd/huikong/obiwan_Aug/repos_for_docker/obiwan_out/elg_like_run/logs/338//more_rs0/log.3386m002
FINISHED NOW!
logging to.../global/cscratch1/sd/huikong/obiwan_Aug/repos_for_docker/obiwan_out/elg_like_run/logs/352//more_rs0/log.3526m005
FINISHED NOW!
logging to.../global/cscratch1/sd/huikong/obiwan_Aug/repos_for_docker/obiwan_out/elg_like_run/logs/328//more_rs0/log.3283m002
FINISHED NOW!
logging to.../global/cscratch1/sd/huikong/obiwan_Aug/repos_for_docker/obiwan_out/elg_like_run/logs/345//more_rs0/log.3453m005
FINISHED NOW!
logging to.../global/cscratch1/sd/huikong/obiwan_Aug/repos_for_docker/obiwan_out/elg_like_run/logs/349//more_rs0/log.3496m002
FINISHED NOW!
logging to.../global/cscratch1/sd/huikong/obiwan_Aug/repos_for_docker/obiwan_out/elg_like_run/logs/319//more_rs0/log.3198m002
FINISHED NOW!
FINISHED NOW!
logging to.../global/cscratch1/sd/huikong/obiwan_Aug/repos_for_docker/obiwan_out/elg_like_run/logs/328//more_rs0/log.3286m002
logging to.../global/cscratch1/sd/huikong/obiwan_Aug/repos_for_docker/obiwan_out/elg_like_run/logs/337//more_rs0/log.3378m005
FINISHED NOW!
logging to.../global/cscratch1/sd/huikong/obiwan_Aug/repos_for_docker/obiwan_out/elg_like_run/logs/352//more_rs0/log.3528m005
FINISHED NOW!
logging to.../global/cscratch1/sd/huikong/obiwan_Aug/repos_for_docker/obiwan_out/elg_like_run/logs/345//more_rs0/log.3456m005
FINISHED NOW!
logging to.../global/cscratch1/sd/huikong/obiwan_Aug/repos_for_docker/obiwan_out/elg_like_run/logs/338//more_rs0/log.3381m005
FINISHED NOW!
logging to.../global/cscratch1/sd/huikong/obiwan_Aug/repos_for_docker/obiwan_out/elg_like_run/logs/320//more_rs0/log.3201m002
FINISHED NOW!
logging to.../global/cscratch1/sd/huikong/obiwan_Aug/repos_for_docker/obiwan_out/elg_like_run/logs/328//more_rs0/log.3288m002
FINISHED NOW!
logging to.../global/cscratch1/sd/huikong/obiwan_Aug/repos_for_docker/obiwan_out/elg_like_run/logs/349//more_rs0/log.3498m002
FINISHED NOW!
logging to.../global/cscratch1/sd/huikong/obiwan_Aug/repos_for_docker/obiwan_out/elg_like_run/logs/338//more_rs0/log.3383m005
FINISHED NOW!
logging to.../global/cscratch1/sd/huikong/obiwan_Aug/repos_for_docker/obiwan_out/elg_like_run/logs/329//more_rs0/log.3291m002
FINISHED NOW!
logging to.../global/cscratch1/sd/huikong/obiwan_Aug/repos_for_docker/obiwan_out/elg_like_run/logs/353//more_rs0/log.3531m005
FINISHED NOW!
logging to.../global/cscratch1/sd/huikong/obiwan_Aug/repos_for_docker/obiwan_out/elg_like_run/logs/320//more_rs0/log.3203m002
FINISHED NOW!
logging to.../global/cscratch1/sd/huikong/obiwan_Aug/repos_for_docker/obiwan_out/elg_like_run/logs/338//more_rs0/log.3386m005
FINISHED NOW!
logging to.../global/cscratch1/sd/huikong/obiwan_Aug/repos_for_docker/obiwan_out/elg_like_run/logs/358//more_rs0/log.3588m002
FINISHED NOW!
logging to.../global/cscratch1/sd/huikong/obiwan_Aug/repos_for_docker/obiwan_out/elg_like_run/logs/320//more_rs0/log.3206m002
FINISHED NOW!
logging to.../global/cscratch1/sd/huikong/obiwan_Aug/repos_for_docker/obiwan_out/elg_like_run/logs/329//more_rs0/log.3293m002
FINISHED NOW!
logging to.../global/cscratch1/sd/huikong/obiwan_Aug/repos_for_docker/obiwan_out/elg_like_run/logs/332//more_rs0/log.3323m010
FINISHED NOW!
logging to.../global/cscratch1/sd/huikong/obiwan_Aug/repos_for_docker/obiwan_out/elg_like_run/logs/350//more_rs0/log.3501m002
FINISHED NOW!
logging to.../global/cscratch1/sd/huikong/obiwan_Aug/repos_for_docker/obiwan_out/elg_like_run/logs/353//more_rs0/log.3533m005
FINISHED NOW!
logging to.../global/cscratch1/sd/huikong/obiwan_Aug/repos_for_docker/obiwan_out/elg_like_run/logs/338//more_rs0/log.3388m005
FINISHED NOW!
logging to.../global/cscratch1/sd/huikong/obiwan_Aug/repos_for_docker/obiwan_out/elg_like_run/logs/345//more_rs0/log.3458m005
FINISHED NOW!
logging to.../global/cscratch1/sd/huikong/obiwan_Aug/repos_for_docker/obiwan_out/elg_like_run/logs/359//more_rs0/log.3591m002
FINISHED NOW!
logging to.../global/cscratch1/sd/huikong/obiwan_Aug/repos_for_docker/obiwan_out/elg_like_run/logs/326//more_rs0/log.3261p000
FINISHED NOW!
logging to.../global/cscratch1/sd/huikong/obiwan_Aug/repos_for_docker/obiwan_out/elg_like_run/logs/338//more_rs0/log.3388m002
FINISHED NOW!
logging to.../global/cscratch1/sd/huikong/obiwan_Aug/repos_for_docker/obiwan_out/elg_like_run/logs/320//more_rs0/log.3208m002
FINISHED NOW!
logging to.../global/cscratch1/sd/huikong/obiwan_Aug/repos_for_docker/obiwan_out/elg_like_run/logs/329//more_rs0/log.3296m002
FINISHED NOW!
logging to.../global/cscratch1/sd/huikong/obiwan_Aug/repos_for_docker/obiwan_out/elg_like_run/logs/346//more_rs0/log.3461m005
FINISHED NOW!
logging to.../global/cscratch1/sd/huikong/obiwan_Aug/repos_for_docker/obiwan_out/elg_like_run/logs/339//more_rs0/log.3391m005
FINISHED NOW!
logging to.../global/cscratch1/sd/huikong/obiwan_Aug/repos_for_docker/obiwan_out/elg_like_run/logs/359//more_rs0/log.3593m002
FINISHED NOW!
logging to.../global/cscratch1/sd/huikong/obiwan_Aug/repos_for_docker/obiwan_out/elg_like_run/logs/339//more_rs0/log.3391m002
FINISHED NOW!
logging to.../global/cscratch1/sd/huikong/obiwan_Aug/repos_for_docker/obiwan_out/elg_like_run/logs/326//more_rs0/log.3263p000
FINISHED NOW!
logging to.../global/cscratch1/sd/huikong/obiwan_Aug/repos_for_docker/obiwan_out/elg_like_run/logs/353//more_rs0/log.3536m005
FINISHED NOW!
logging to.../global/cscratch1/sd/huikong/obiwan_Aug/repos_for_docker/obiwan_out/elg_like_run/logs/346//more_rs0/log.3463m005
FINISHED NOW!
logging to.../global/cscratch1/sd/huikong/obiwan_Aug/repos_for_docker/obiwan_out/elg_like_run/logs/359//more_rs0/log.3596m002
FINISHED NOW!
logging to.../global/cscratch1/sd/huikong/obiwan_Aug/repos_for_docker/obiwan_out/elg_like_run/logs/321//more_rs0/log.3211m002
FINISHED NOW!
logging to.../global/cscratch1/sd/huikong/obiwan_Aug/repos_for_docker/obiwan_out/elg_like_run/logs/329//more_rs0/log.3298m002
FINISHED NOW!
logging to.../global/cscratch1/sd/huikong/obiwan_Aug/repos_for_docker/obiwan_out/elg_like_run/logs/339//more_rs0/log.3393m005
FINISHED NOW!
logging to.../global/cscratch1/sd/huikong/obiwan_Aug/repos_for_docker/obiwan_out/elg_like_run/logs/353//more_rs0/log.3538m005
FINISHED NOW!
logging to.../global/cscratch1/sd/huikong/obiwan_Aug/repos_for_docker/obiwan_out/elg_like_run/logs/339//more_rs0/log.3393m002
FINISHED NOW!
logging to.../global/cscratch1/sd/huikong/obiwan_Aug/repos_for_docker/obiwan_out/elg_like_run/logs/350//more_rs0/log.3503m002
FINISHED NOW!
logging to.../global/cscratch1/sd/huikong/obiwan_Aug/repos_for_docker/obiwan_out/elg_like_run/logs/346//more_rs0/log.3466m005
FINISHED NOW!
logging to.../global/cscratch1/sd/huikong/obiwan_Aug/repos_for_docker/obiwan_out/elg_like_run/logs/330//more_rs0/log.3301m002
FINISHED NOW!
logging to.../global/cscratch1/sd/huikong/obiwan_Aug/repos_for_docker/obiwan_out/elg_like_run/logs/321//more_rs0/log.3213m002
FINISHED NOW!
I am  nid00926 rank 0 (total 14)
Master: slave finished is task and says "I completed my task (9)"
Master: slave finished is task and says "I completed my task (6)"
Master: slave finished is task and says "I completed my task (8)"
Master: slave finished is task and says "I completed my task (10)"
Master: slave finished is task and says "I completed my task (1)"
Master: slave finished is task and says "I completed my task (7)"
Master: slave finished is task and says "I completed my task (0)"
Master: slave finished is task and says "I completed my task (11)"
Master: slave finished is task and says "I completed my task (5)"
Master: slave finished is task and says "I completed my task (18)"
Master: slave finished is task and says "I completed my task (2)"
Master: slave finished is task and says "I completed my task (16)"
Master: slave finished is task and says "I completed my task (20)"
Master: slave finished is task and says "I completed my task (17)"
Master: slave finished is task and says "I completed my task (19)"
Master: slave finished is task and says "I completed my task (15)"
Master: slave finished is task and says "I completed my task (27)"
Master: slave finished is task and says "I completed my task (22)"
Master: slave finished is task and says "I completed my task (23)"
Master: slave finished is task and says "I completed my task (25)"
Master: slave finished is task and says "I completed my task (24)"
Master: slave finished is task and says "I completed my task (21)"
Master: slave finished is task and says "I completed my task (29)"
Master: slave finished is task and says "I completed my task (4)"
Master: slave finished is task and says "I completed my task (12)"
Master: slave finished is task and says "I completed my task (26)"
Master: slave finished is task and says "I completed my task (30)"
Master: slave finished is task and says "I completed my task (3)"
Master: slave finished is task and says "I completed my task (37)"
Master: slave finished is task and says "I completed my task (33)"
Master: slave finished is task and says "I completed my task (28)"
Master: slave finished is task and says "I completed my task (31)"
Master: slave finished is task and says "I completed my task (38)"
Master: slave finished is task and says "I completed my task (34)"
Master: slave finished is task and says "I completed my task (32)"
Master: slave finished is task and says "I completed my task (35)"
Master: slave finished is task and says "I completed my task (44)"
Master: slave finished is task and says "I completed my task (43)"
Master: slave finished is task and says "I completed my task (36)"
Master: slave finished is task and says "I completed my task (39)"
Master: slave finished is task and says "I completed my task (42)"
Master: slave finished is task and says "I completed my task (52)"
Master: slave finished is task and says "I completed my task (47)"
Master: slave finished is task and says "I completed my task (45)"
Master: slave finished is task and says "I completed my task (48)"
Master: slave finished is task and says "I completed my task (40)"
Master: slave finished is task and says "I completed my task (46)"
Master: slave finished is task and says "I completed my task (41)"
Master: slave finished is task and says "I completed my task (49)"
Master: slave finished is task and says "I completed my task (53)"
Master: slave finished is task and says "I completed my task (13)"
Master: slave finished is task and says "I completed my task (50)"
Master: slave finished is task and says "I completed my task (55)"
Master: slave finished is task and says "I completed my task (60)"
Master: slave finished is task and says "I completed my task (57)"
Master: slave finished is task and says "I completed my task (62)"
Master: slave finished is task and says "I completed my task (61)"
Master: slave finished is task and says "I completed my task (56)"
Master: slave finished is task and says "I completed my task (58)"
Master: slave finished is task and says "I completed my task (51)"
Master: slave finished is task and says "I completed my task (63)"
Master: slave finished is task and says "I completed my task (59)"
Master: slave finished is task and says "I completed my task (14)"
Master: slave finished is task and says "I completed my task (66)"
Master: slave finished is task and says "I completed my task (54)"
Master: slave finished is task and says "I completed my task (65)"
Master: slave finished is task and says "I completed my task (67)"
Master: slave finished is task and says "I completed my task (64)"
Master: slave finished is task and says "I completed my task (70)"
Master: slave finished is task and says "I completed my task (68)"
Master: slave finished is task and says "I completed my task (74)"
Master: slave finished is task and says "I completed my task (75)"
Master: slave finished is task and says "I completed my task (72)"
Master: slave finished is task and says "I completed my task (73)"
Master: slave finished is task and says "I completed my task (78)"
Master: slave finished is task and says "I completed my task (76)"
Master: slave finished is task and says "I completed my task (77)"
Master: slave finished is task and says "I completed my task (69)"
Master: slave finished is task and says "I completed my task (83)"
Master: slave finished is task and says "I completed my task (82)"
Master: slave finished is task and says "I completed my task (81)"
Master: slave finished is task and says "I completed my task (84)"
Master: slave finished is task and says "I completed my task (85)"
Master: slave finished is task and says "I completed my task (79)"
Master: slave finished is task and says "I completed my task (86)"
Master: slave finished is task and says "I completed my task (90)"
Master: slave finished is task and says "I completed my task (71)"
Master: slave finished is task and says "I completed my task (93)"
Master: slave finished is task and says "I completed my task (95)"
Master: slave finished is task and says "I completed my task (91)"
Master: slave finished is task and says "I completed my task (88)"
Master: slave finished is task and says "I completed my task (87)"
Master: slave finished is task and says "I completed my task (80)"
Master: slave finished is task and says "I completed my task (96)"
Master: slave finished is task and says "I completed my task (92)"
Master: slave finished is task and says "I completed my task (99)"
Master: slave finished is task and says "I completed my task (89)"
Master: slave finished is task and says "I completed my task (98)"
Master: slave finished is task and says "I completed my task (103)"
Master: slave finished is task and says "I completed my task (94)"
Master: slave finished is task and says "I completed my task (102)"
Master: slave finished is task and says "I completed my task (104)"
Master: slave finished is task and says "I completed my task (100)"
Master: slave finished is task and says "I completed my task (105)"
Master: slave finished is task and says "I completed my task (101)"
Master: slave finished is task and says "I completed my task (110)"
Master: slave finished is task and says "I completed my task (111)"
Master: slave finished is task and says "I completed my task (107)"
Master: slave finished is task and says "I completed my task (108)"
Master: slave finished is task and says "I completed my task (118)"
Master: slave finished is task and says "I completed my task (117)"
Master: slave finished is task and says "I completed my task (113)"
Master: slave finished is task and says "I completed my task (106)"
Master: slave finished is task and says "I completed my task (114)"
Master: slave finished is task and says "I completed my task (115)"
Master: slave finished is task and says "I completed my task (119)"
Master: slave finished is task and says "I completed my task (116)"
Master: slave finished is task and says "I completed my task (120)"
Master: slave finished is task and says "I completed my task (123)"
Master: slave finished is task and says "I completed my task (121)"
Master: slave finished is task and says "I completed my task (124)"
logging to.../global/cscratch1/sd/huikong/obiwan_Aug/repos_for_docker/obiwan_out/elg_like_run/logs/359//more_rs0/log.3598m002
FINISHED NOW!
logging to.../global/cscratch1/sd/huikong/obiwan_Aug/repos_for_docker/obiwan_out/elg_like_run/logs/350//more_rs0/log.3506m002
FINISHED NOW!
logging to.../global/cscratch1/sd/huikong/obiwan_Aug/repos_for_docker/obiwan_out/elg_like_run/logs/354//more_rs0/log.3541m005
FINISHED NOW!
logging to.../global/cscratch1/sd/huikong/obiwan_Aug/repos_for_docker/obiwan_out/elg_like_run/logs/339//more_rs0/log.3396m005
FINISHED NOW!
logging to.../global/cscratch1/sd/huikong/obiwan_Aug/repos_for_docker/obiwan_out/elg_like_run/logs/326//more_rs0/log.3266p000
FINISHED NOW!
logging to.../global/cscratch1/sd/huikong/obiwan_Aug/repos_for_docker/obiwan_out/elg_like_run/logs/339//more_rs0/log.3396m002
FINISHED NOW!
logging to.../global/cscratch1/sd/huikong/obiwan_Aug/repos_for_docker/obiwan_out/elg_like_run/logs/346//more_rs0/log.3468m005
FINISHED NOW!
logging to.../global/cscratch1/sd/huikong/obiwan_Aug/repos_for_docker/obiwan_out/elg_like_run/logs/317//more_rs0/log.3171p000
FINISHED NOW!
logging to.../global/cscratch1/sd/huikong/obiwan_Aug/repos_for_docker/obiwan_out/elg_like_run/logs/326//more_rs0/log.3268p000
FINISHED NOW!
logging to.../global/cscratch1/sd/huikong/obiwan_Aug/repos_for_docker/obiwan_out/elg_like_run/logs/350//more_rs0/log.3508m002
FINISHED NOW!
logging to.../global/cscratch1/sd/huikong/obiwan_Aug/repos_for_docker/obiwan_out/elg_like_run/logs/321//more_rs0/log.3216m002
FINISHED NOW!
logging to.../global/cscratch1/sd/huikong/obiwan_Aug/repos_for_docker/obiwan_out/elg_like_run/logs/336//more_rs0/log.3363p000
FINISHED NOW!
logging to.../global/cscratch1/sd/huikong/obiwan_Aug/repos_for_docker/obiwan_out/elg_like_run/logs/330//more_rs0/log.3303m002
FINISHED NOW!
logging to.../global/cscratch1/sd/huikong/obiwan_Aug/repos_for_docker/obiwan_out/elg_like_run/logs/354//more_rs0/log.3543m005
FINISHED NOW!
logging to.../global/cscratch1/sd/huikong/obiwan_Aug/repos_for_docker/obiwan_out/elg_like_run/logs/347//more_rs0/log.3471m005
FINISHED NOW!
logging to.../global/cscratch1/sd/huikong/obiwan_Aug/repos_for_docker/obiwan_out/elg_like_run/logs/330//more_rs0/log.3306m002
FINISHED NOW!
logging to.../global/cscratch1/sd/huikong/obiwan_Aug/repos_for_docker/obiwan_out/elg_like_run/logs/327//more_rs0/log.3271p000
FINISHED NOW!
logging to.../global/cscratch1/sd/huikong/obiwan_Aug/repos_for_docker/obiwan_out/elg_like_run/logs/321//more_rs0/log.3218m002
FINISHED NOW!
logging to.../global/cscratch1/sd/huikong/obiwan_Aug/repos_for_docker/obiwan_out/elg_like_run/logs/339//more_rs0/log.3398m002
FINISHED NOW!
logging to.../global/cscratch1/sd/huikong/obiwan_Aug/repos_for_docker/obiwan_out/elg_like_run/logs/327//more_rs0/log.3273p000
FINISHED NOW!
logging to.../global/cscratch1/sd/huikong/obiwan_Aug/repos_for_docker/obiwan_out/elg_like_run/logs/336//more_rs0/log.3366p000
FINISHED NOW!
logging to.../global/cscratch1/sd/huikong/obiwan_Aug/repos_for_docker/obiwan_out/elg_like_run/logs/354//more_rs0/log.3546m005
FINISHED NOW!
logging to.../global/cscratch1/sd/huikong/obiwan_Aug/repos_for_docker/obiwan_out/elg_like_run/logs/317//more_rs0/log.3173p000
FINISHED NOW!
logging to.../global/cscratch1/sd/huikong/obiwan_Aug/repos_for_docker/obiwan_out/elg_like_run/logs/351//more_rs0/log.3511m002
FINISHED NOW!
logging to.../global/cscratch1/sd/huikong/obiwan_Aug/repos_for_docker/obiwan_out/elg_like_run/logs/347//more_rs0/log.3473m005
FINISHED NOW!
logging to.../global/cscratch1/sd/huikong/obiwan_Aug/repos_for_docker/obiwan_out/elg_like_run/logs/327//more_rs0/log.3276p000
FINISHED NOW!
logging to.../global/cscratch1/sd/huikong/obiwan_Aug/repos_for_docker/obiwan_out/elg_like_run/logs/340//more_rs0/log.3401m002
FINISHED NOW!
logging to.../global/cscratch1/sd/huikong/obiwan_Aug/repos_for_docker/obiwan_out/elg_like_run/logs/330//more_rs0/log.3308m002
FINISHED NOW!
logging to.../global/cscratch1/sd/huikong/obiwan_Aug/repos_for_docker/obiwan_out/elg_like_run/logs/354//more_rs0/log.3548m005
FINISHED NOW!
logging to.../global/cscratch1/sd/huikong/obiwan_Aug/repos_for_docker/obiwan_out/elg_like_run/logs/322//more_rs0/log.3221m002
FINISHED NOW!
logging to.../global/cscratch1/sd/huikong/obiwan_Aug/repos_for_docker/obiwan_out/elg_like_run/logs/327//more_rs0/log.3278p000
FINISHED NOW!
logging to.../global/cscratch1/sd/huikong/obiwan_Aug/repos_for_docker/obiwan_out/elg_like_run/logs/317//more_rs0/log.3176p000
FINISHED NOW!
logging to.../global/cscratch1/sd/huikong/obiwan_Aug/repos_for_docker/obiwan_out/elg_like_run/logs/340//more_rs0/log.3403m002
FINISHED NOW!
logging to.../global/cscratch1/sd/huikong/obiwan_Aug/repos_for_docker/obiwan_out/elg_like_run/logs/336//more_rs0/log.3368p000
FINISHED NOW!
logging to.../global/cscratch1/sd/huikong/obiwan_Aug/repos_for_docker/obiwan_out/elg_like_run/logs/331//more_rs0/log.3311m002
FINISHED NOW!
logging to.../global/cscratch1/sd/huikong/obiwan_Aug/repos_for_docker/obiwan_out/elg_like_run/logs/347//more_rs0/log.3476m005
FINISHED NOW!
logging to.../global/cscratch1/sd/huikong/obiwan_Aug/repos_for_docker/obiwan_out/elg_like_run/logs/351//more_rs0/log.3513m002
FINISHED NOW!
logging to.../global/cscratch1/sd/huikong/obiwan_Aug/repos_for_docker/obiwan_out/elg_like_run/logs/355//more_rs0/log.3551m005
FINISHED NOW!
logging to.../global/cscratch1/sd/huikong/obiwan_Aug/repos_for_docker/obiwan_out/elg_like_run/logs/337//more_rs0/log.3376p000
FINISHED NOW!
logging to.../global/cscratch1/sd/huikong/obiwan_Aug/repos_for_docker/obiwan_out/elg_like_run/logs/317//more_rs0/log.3178p000
FINISHED NOW!
logging to.../global/cscratch1/sd/huikong/obiwan_Aug/repos_for_docker/obiwan_out/elg_like_run/logs/347//more_rs0/log.3478m005
FINISHED NOW!
logging to.../global/cscratch1/sd/huikong/obiwan_Aug/repos_for_docker/obiwan_out/elg_like_run/logs/351//more_rs0/log.3516m002
FINISHED NOW!
logging to.../global/cscratch1/sd/huikong/obiwan_Aug/repos_for_docker/obiwan_out/elg_like_run/logs/331//more_rs0/log.3318m002
FINISHED NOW!
FINISHED NOW!
logging to.../global/cscratch1/sd/huikong/obiwan_Aug/repos_for_docker/obiwan_out/elg_like_run/logs/340//more_rs0/log.3406m002
logging to.../global/cscratch1/sd/huikong/obiwan_Aug/repos_for_docker/obiwan_out/elg_like_run/logs/328//more_rs0/log.3281p000
FINISHED NOW!
logging to.../global/cscratch1/sd/huikong/obiwan_Aug/repos_for_docker/obiwan_out/elg_like_run/logs/322//more_rs0/log.3223m002
FINISHED NOW!
logging to.../global/cscratch1/sd/huikong/obiwan_Aug/repos_for_docker/obiwan_out/elg_like_run/logs/337//more_rs0/log.3378p000
FINISHED NOW!
logging to.../global/cscratch1/sd/huikong/obiwan_Aug/repos_for_docker/obiwan_out/elg_like_run/logs/318//more_rs0/log.3181p000
FINISHED NOW!
logging to.../global/cscratch1/sd/huikong/obiwan_Aug/repos_for_docker/obiwan_out/elg_like_run/logs/351//more_rs0/log.3518m002
FINISHED NOW!
logging to.../global/cscratch1/sd/huikong/obiwan_Aug/repos_for_docker/obiwan_out/elg_like_run/logs/322//more_rs0/log.3226m002
FINISHED NOW!
logging to.../global/cscratch1/sd/huikong/obiwan_Aug/repos_for_docker/obiwan_out/elg_like_run/logs/355//more_rs0/log.3553m005
FINISHED NOW!
logging to.../global/cscratch1/sd/huikong/obiwan_Aug/repos_for_docker/obiwan_out/elg_like_run/logs/338//more_rs0/log.3381p000
FINISHED NOW!
logging to.../global/cscratch1/sd/huikong/obiwan_Aug/repos_for_docker/obiwan_out/elg_like_run/logs/340//more_rs0/log.3408m002
FINISHED NOW!
logging to.../global/cscratch1/sd/huikong/obiwan_Aug/repos_for_docker/obiwan_out/elg_like_run/logs/328//more_rs0/log.3283p000
FINISHED NOW!
logging to.../global/cscratch1/sd/huikong/obiwan_Aug/repos_for_docker/obiwan_out/elg_like_run/logs/348//more_rs0/log.3481m005
FINISHED NOW!
logging to.../global/cscratch1/sd/huikong/obiwan_Aug/repos_for_docker/obiwan_out/elg_like_run/logs/355//more_rs0/log.3556m005
FINISHED NOW!
logging to.../global/cscratch1/sd/huikong/obiwan_Aug/repos_for_docker/obiwan_out/elg_like_run/logs/352//more_rs0/log.3521m002
FINISHED NOW!
logging to.../global/cscratch1/sd/huikong/obiwan_Aug/repos_for_docker/obiwan_out/elg_like_run/logs/318//more_rs0/log.3183p000
FINISHED NOW!
logging to.../global/cscratch1/sd/huikong/obiwan_Aug/repos_for_docker/obiwan_out/elg_like_run/logs/322//more_rs0/log.3228m002
FINISHED NOW!
logging to.../global/cscratch1/sd/huikong/obiwan_Aug/repos_for_docker/obiwan_out/elg_like_run/logs/348//more_rs0/log.3483m005
FINISHED NOW!
logging to.../global/cscratch1/sd/huikong/obiwan_Aug/repos_for_docker/obiwan_out/elg_like_run/logs/341//more_rs0/log.3411m002
FINISHED NOW!
logging to.../global/cscratch1/sd/huikong/obiwan_Aug/repos_for_docker/obiwan_out/elg_like_run/logs/355//more_rs0/log.3558m005
FINISHED NOW!
logging to.../global/cscratch1/sd/huikong/obiwan_Aug/repos_for_docker/obiwan_out/elg_like_run/logs/328//more_rs0/log.3286p000
FINISHED NOW!
logging to.../global/cscratch1/sd/huikong/obiwan_Aug/repos_for_docker/obiwan_out/elg_like_run/logs/332//more_rs0/log.3321m002
FINISHED NOW!
logging to.../global/cscratch1/sd/huikong/obiwan_Aug/repos_for_docker/obiwan_out/elg_like_run/logs/318//more_rs0/log.3186p000
FINISHED NOW!
logging to.../global/cscratch1/sd/huikong/obiwan_Aug/repos_for_docker/obiwan_out/elg_like_run/logs/338//more_rs0/log.3383p000
FINISHED NOW!
logging to.../global/cscratch1/sd/huikong/obiwan_Aug/repos_for_docker/obiwan_out/elg_like_run/logs/352//more_rs0/log.3523m002
FINISHED NOW!
logging to.../global/cscratch1/sd/huikong/obiwan_Aug/repos_for_docker/obiwan_out/elg_like_run/logs/348//more_rs0/log.3486m005
FINISHED NOW!
logging to.../global/cscratch1/sd/huikong/obiwan_Aug/repos_for_docker/obiwan_out/elg_like_run/logs/323//more_rs0/log.3231m002
FINISHED NOW!
logging to.../global/cscratch1/sd/huikong/obiwan_Aug/repos_for_docker/obiwan_out/elg_like_run/logs/356//more_rs0/log.3561m005
FINISHED NOW!
logging to.../global/cscratch1/sd/huikong/obiwan_Aug/repos_for_docker/obiwan_out/elg_like_run/logs/341//more_rs0/log.3413m002
FINISHED NOW!
logging to.../global/cscratch1/sd/huikong/obiwan_Aug/repos_for_docker/obiwan_out/elg_like_run/logs/318//more_rs0/log.3188p000
FINISHED NOW!
logging to.../global/cscratch1/sd/huikong/obiwan_Aug/repos_for_docker/obiwan_out/elg_like_run/logs/328//more_rs0/log.3288p000
FINISHED NOW!
logging to.../global/cscratch1/sd/huikong/obiwan_Aug/repos_for_docker/obiwan_out/elg_like_run/logs/332//more_rs0/log.3323m002
FINISHED NOW!
logging to.../global/cscratch1/sd/huikong/obiwan_Aug/repos_for_docker/obiwan_out/elg_like_run/logs/341//more_rs0/log.3416m002
FINISHED NOW!
logging to.../global/cscratch1/sd/huikong/obiwan_Aug/repos_for_docker/obiwan_out/elg_like_run/logs/329//more_rs0/log.3291p000
FINISHED NOW!
logging to.../global/cscratch1/sd/huikong/obiwan_Aug/repos_for_docker/obiwan_out/elg_like_run/logs/352//more_rs0/log.3526m002
FINISHED NOW!
logging to.../global/cscratch1/sd/huikong/obiwan_Aug/repos_for_docker/obiwan_out/elg_like_run/logs/323//more_rs0/log.3233m002
FINISHED NOW!
logging to.../global/cscratch1/sd/huikong/obiwan_Aug/repos_for_docker/obiwan_out/elg_like_run/logs/338//more_rs0/log.3386p000
FINISHED NOW!
logging to.../global/cscratch1/sd/huikong/obiwan_Aug/repos_for_docker/obiwan_out/elg_like_run/logs/319//more_rs0/log.3191p000
FINISHED NOW!
logging to.../global/cscratch1/sd/huikong/obiwan_Aug/repos_for_docker/obiwan_out/elg_like_run/logs/348//more_rs0/log.3488m005
FINISHED NOW!
logging to.../global/cscratch1/sd/huikong/obiwan_Aug/repos_for_docker/obiwan_out/elg_like_run/logs/356//more_rs0/log.3563m005
FINISHED NOW!
logging to.../global/cscratch1/sd/huikong/obiwan_Aug/repos_for_docker/obiwan_out/elg_like_run/logs/338//more_rs0/log.3388p000
FINISHED NOW!
logging to.../global/cscratch1/sd/huikong/obiwan_Aug/repos_for_docker/obiwan_out/elg_like_run/logs/356//more_rs0/log.3566m005
FINISHED NOW!
logging to.../global/cscratch1/sd/huikong/obiwan_Aug/repos_for_docker/obiwan_out/elg_like_run/logs/349//more_rs0/log.3491m005
FINISHED NOW!
logging to.../global/cscratch1/sd/huikong/obiwan_Aug/repos_for_docker/obiwan_out/elg_like_run/logs/341//more_rs0/log.3418m002
FINISHED NOW!
logging to.../global/cscratch1/sd/huikong/obiwan_Aug/repos_for_docker/obiwan_out/elg_like_run/logs/323//more_rs0/log.3236m002
FINISHED NOW!
logging to.../global/cscratch1/sd/huikong/obiwan_Aug/repos_for_docker/obiwan_out/elg_like_run/logs/319//more_rs0/log.3193p000
FINISHED NOW!
logging to.../global/cscratch1/sd/huikong/obiwan_Aug/repos_for_docker/obiwan_out/elg_like_run/logs/352//more_rs0/log.3528m002
FINISHED NOW!
logging to.../global/cscratch1/sd/huikong/obiwan_Aug/repos_for_docker/obiwan_out/elg_like_run/logs/329//more_rs0/log.3293p000
FINISHED NOW!
logging to.../global/cscratch1/sd/huikong/obiwan_Aug/repos_for_docker/obiwan_out/elg_like_run/logs/332//more_rs0/log.3326m002
FINISHED NOW!
logging to.../global/cscratch1/sd/huikong/obiwan_Aug/repos_for_docker/obiwan_out/elg_like_run/logs/339//more_rs0/log.3391p000
FINISHED NOW!
logging to.../global/cscratch1/sd/huikong/obiwan_Aug/repos_for_docker/obiwan_out/elg_like_run/logs/349//more_rs0/log.3493m005
FINISHED NOW!
logging to.../global/cscratch1/sd/huikong/obiwan_Aug/repos_for_docker/obiwan_out/elg_like_run/logs/319//more_rs0/log.3196p000
FINISHED NOW!
logging to.../global/cscratch1/sd/huikong/obiwan_Aug/repos_for_docker/obiwan_out/elg_like_run/logs/356//more_rs0/log.3568m005
FINISHED NOW!
logging to.../global/cscratch1/sd/huikong/obiwan_Aug/repos_for_docker/obiwan_out/elg_like_run/logs/323//more_rs0/log.3238m002
FINISHED NOW!
logging to.../global/cscratch1/sd/huikong/obiwan_Aug/repos_for_docker/obiwan_out/elg_like_run/logs/349//more_rs0/log.3496m005
FINISHED NOW!
logging to.../global/cscratch1/sd/huikong/obiwan_Aug/repos_for_docker/obiwan_out/elg_like_run/logs/332//more_rs0/log.3328m002
FINISHED NOW!
logging to.../global/cscratch1/sd/huikong/obiwan_Aug/repos_for_docker/obiwan_out/elg_like_run/logs/319//more_rs0/log.3198p000
FINISHED NOW!
logging to.../global/cscratch1/sd/huikong/obiwan_Aug/repos_for_docker/obiwan_out/elg_like_run/logs/353//more_rs0/log.3531m002
FINISHED NOW!
logging to.../global/cscratch1/sd/huikong/obiwan_Aug/repos_for_docker/obiwan_out/elg_like_run/logs/342//more_rs0/log.3421m002
FINISHED NOW!
logging to.../global/cscratch1/sd/huikong/obiwan_Aug/repos_for_docker/obiwan_out/elg_like_run/logs/324//more_rs0/log.3241m002
FINISHED NOW!
logging to.../global/cscratch1/sd/huikong/obiwan_Aug/repos_for_docker/obiwan_out/elg_like_run/logs/329//more_rs0/log.3296p000
FINISHED NOW!
logging to.../global/cscratch1/sd/huikong/obiwan_Aug/repos_for_docker/obiwan_out/elg_like_run/logs/339//more_rs0/log.3393p000
FINISHED NOW!
logging to.../global/cscratch1/sd/huikong/obiwan_Aug/repos_for_docker/obiwan_out/elg_like_run/logs/342//more_rs0/log.3423m002
FINISHED NOW!
logging to.../global/cscratch1/sd/huikong/obiwan_Aug/repos_for_docker/obiwan_out/elg_like_run/logs/357//more_rs0/log.3571m005
FINISHED NOW!
logging to.../global/cscratch1/sd/huikong/obiwan_Aug/repos_for_docker/obiwan_out/elg_like_run/logs/353//more_rs0/log.3533m002
FINISHED NOW!
logging to.../global/cscratch1/sd/huikong/obiwan_Aug/repos_for_docker/obiwan_out/elg_like_run/logs/349//more_rs0/log.3498m005
FINISHED NOW!
FINISHED NOW!
logging to.../global/cscratch1/sd/huikong/obiwan_Aug/repos_for_docker/obiwan_out/elg_like_run/logs/333//more_rs0/log.3331m002
logging to.../global/cscratch1/sd/huikong/obiwan_Aug/repos_for_docker/obiwan_out/elg_like_run/logs/329//more_rs0/log.3298p000
FINISHED NOW!
logging to.../global/cscratch1/sd/huikong/obiwan_Aug/repos_for_docker/obiwan_out/elg_like_run/logs/320//more_rs0/log.3201p000
FINISHED NOW!
logging to.../global/cscratch1/sd/huikong/obiwan_Aug/repos_for_docker/obiwan_out/elg_like_run/logs/342//more_rs0/log.3426m002
FINISHED NOW!
logging to.../global/cscratch1/sd/huikong/obiwan_Aug/repos_for_docker/obiwan_out/elg_like_run/logs/324//more_rs0/log.3243m002
FINISHED NOW!
logging to.../global/cscratch1/sd/huikong/obiwan_Aug/repos_for_docker/obiwan_out/elg_like_run/logs/353//more_rs0/log.3536m002
FINISHED NOW!
logging to.../global/cscratch1/sd/huikong/obiwan_Aug/repos_for_docker/obiwan_out/elg_like_run/logs/339//more_rs0/log.3396p000
FINISHED NOW!
logging to.../global/cscratch1/sd/huikong/obiwan_Aug/repos_for_docker/obiwan_out/elg_like_run/logs/347//more_rs0/log.3471p000
FINISHED NOW!
logging to.../global/cscratch1/sd/huikong/obiwan_Aug/repos_for_docker/obiwan_out/elg_like_run/logs/357//more_rs0/log.3573m005
FINISHED NOW!
FINISHED NOW!
logging to.../global/cscratch1/sd/huikong/obiwan_Aug/repos_for_docker/obiwan_out/elg_like_run/logs/330//more_rs0/log.3301p000
logging to.../global/cscratch1/sd/huikong/obiwan_Aug/repos_for_docker/obiwan_out/elg_like_run/logs/342//more_rs0/log.3428m002
FINISHED NOW!
logging to.../global/cscratch1/sd/huikong/obiwan_Aug/repos_for_docker/obiwan_out/elg_like_run/logs/320//more_rs0/log.3203p000
FINISHED NOW!
logging to.../global/cscratch1/sd/huikong/obiwan_Aug/repos_for_docker/obiwan_out/elg_like_run/logs/339//more_rs0/log.3398p000
FINISHED NOW!
Master: slave finished is task and says "I completed my task (126)"
Master: slave finished is task and says "I completed my task (112)"
Master: slave finished is task and says "I completed my task (125)"
Master: slave finished is task and says "I completed my task (109)"
Master: slave finished is task and says "I completed my task (127)"
Master: slave finished is task and says "I completed my task (122)"
Master: slave finished is task and says "I completed my task (130)"
Master: slave finished is task and says "I completed my task (129)"
Master: slave finished is task and says "I completed my task (97)"
Master: slave finished is task and says "I completed my task (132)"
Master: slave finished is task and says "I completed my task (138)"
Master: slave finished is task and says "I completed my task (128)"
Master: slave finished is task and says "I completed my task (136)"
Master: slave finished is task and says "I completed my task (140)"
Master: slave finished is task and says "I completed my task (142)"
Master: slave finished is task and says "I completed my task (141)"
Master: slave finished is task and says "I completed my task (135)"
Master: slave finished is task and says "I completed my task (131)"
Master: slave finished is task and says "I completed my task (137)"
Master: slave finished is task and says "I completed my task (139)"
Master: slave finished is task and says "I completed my task (146)"
Master: slave finished is task and says "I completed my task (148)"
Master: slave finished is task and says "I completed my task (144)"
Master: slave finished is task and says "I completed my task (145)"
Master: slave finished is task and says "I completed my task (134)"
Master: slave finished is task and says "I completed my task (153)"
Master: slave finished is task and says "I completed my task (150)"
Master: slave finished is task and says "I completed my task (154)"
Master: slave finished is task and says "I completed my task (133)"
Master: slave finished is task and says "I completed my task (149)"
Master: slave finished is task and says "I completed my task (152)"
Master: slave finished is task and says "I completed my task (156)"
Master: slave finished is task and says "I completed my task (147)"
Master: slave finished is task and says "I completed my task (143)"
Master: slave finished is task and says "I completed my task (151)"
Master: slave finished is task and says "I completed my task (158)"
Master: slave finished is task and says "I completed my task (165)"
Master: slave finished is task and says "I completed my task (161)"
Master: slave finished is task and says "I completed my task (168)"
Master: slave finished is task and says "I completed my task (169)"
Master: slave finished is task and says "I completed my task (160)"
Master: slave finished is task and says "I completed my task (162)"
Master: slave finished is task and says "I completed my task (155)"
Master: slave finished is task and says "I completed my task (171)"
Master: slave finished is task and says "I completed my task (170)"
Master: slave finished is task and says "I completed my task (172)"
Master: slave finished is task and says "I completed my task (166)"
Master: slave finished is task and says "I completed my task (174)"
Master: slave finished is task and says "I completed my task (173)"
Master: slave finished is task and says "I completed my task (163)"
Master: slave finished is task and says "I completed my task (175)"
Master: slave finished is task and says "I completed my task (176)"
Master: slave finished is task and says "I completed my task (159)"
Master: slave finished is task and says "I completed my task (180)"
Master: slave finished is task and says "I completed my task (177)"
Master: slave finished is task and says "I completed my task (182)"
Master: slave finished is task and says "I completed my task (164)"
Master: slave finished is task and says "I completed my task (181)"
Master: slave finished is task and says "I completed my task (185)"
Master: slave finished is task and says "I completed my task (188)"
Master: slave finished is task and says "I completed my task (183)"
Master: slave finished is task and says "I completed my task (184)"
Master: slave finished is task and says "I completed my task (191)"
Master: slave finished is task and says "I completed my task (189)"
Master: slave finished is task and says "I completed my task (178)"
Master: slave finished is task and says "I completed my task (190)"
Master: slave finished is task and says "I completed my task (193)"
Master: slave finished is task and says "I completed my task (198)"
Master: slave finished is task and says "I completed my task (179)"
Master: slave finished is task and says "I completed my task (195)"
Master: slave finished is task and says "I completed my task (199)"
Master: slave finished is task and says "I completed my task (197)"
Master: slave finished is task and says "I completed my task (187)"
Master: slave finished is task and says "I completed my task (186)"
Master: slave finished is task and says "I completed my task (192)"
Master: slave finished is task and says "I completed my task (196)"
Master: slave finished is task and says "I completed my task (201)"
Master: slave finished is task and says "I completed my task (204)"
Master: slave finished is task and says "I completed my task (203)"
Master: slave finished is task and says "I completed my task (205)"
Master: slave finished is task and says "I completed my task (207)"
Master: slave finished is task and says "I completed my task (200)"
Master: slave finished is task and says "I completed my task (208)"
Master: slave finished is task and says "I completed my task (210)"
Master: slave finished is task and says "I completed my task (212)"
Master: slave finished is task and says "I completed my task (194)"
Master: slave finished is task and says "I completed my task (206)"
Master: slave finished is task and says "I completed my task (215)"
Master: slave finished is task and says "I completed my task (213)"
Master: slave finished is task and says "I completed my task (219)"
Master: slave finished is task and says "I completed my task (217)"
Master: slave finished is task and says "I completed my task (202)"
Master: slave finished is task and says "I completed my task (214)"
Master: slave finished is task and says "I completed my task (222)"
Master: slave finished is task and says "I completed my task (224)"
Master: slave finished is task and says "I completed my task (221)"
Master: slave finished is task and says "I completed my task (220)"
Master: slave finished is task and says "I completed my task (228)"
Master: slave finished is task and says "I completed my task (227)"
Master: slave finished is task and says "I completed my task (211)"
Master: slave finished is task and says "I completed my task (209)"
Master: slave finished is task and says "I completed my task (225)"
Master: slave finished is task and says "I completed my task (157)"
Master: slave finished is task and says "I completed my task (226)"
Master: slave finished is task and says "I completed my task (218)"
Master: slave finished is task and says "I completed my task (231)"
Master: slave finished is task and says "I completed my task (230)"
Master: slave finished is task and says "I completed my task (232)"
Master: slave finished is task and says "I completed my task (234)"
Master: slave finished is task and says "I completed my task (233)"
Master: slave finished is task and says "I completed my task (223)"
Master: slave finished is task and says "I completed my task (238)"
Master: slave finished is task and says "I completed my task (167)"
Master: slave finished is task and says "I completed my task (236)"
Master: slave finished is task and says "I completed my task (229)"
Master: slave finished is task and says "I completed my task (243)"
Master: slave finished is task and says "I completed my task (239)"
Master: slave finished is task and says "I completed my task (244)"
Master: slave finished is task and says "I completed my task (245)"
Master: slave finished is task and says "I completed my task (242)"
Master: slave finished is task and says "I completed my task (240)"
FINISHED NOW!
logging to.../global/cscratch1/sd/huikong/obiwan_Aug/repos_for_docker/obiwan_out/elg_like_run/logs/353//more_rs0/log.3538m002
logging to.../global/cscratch1/sd/huikong/obiwan_Aug/repos_for_docker/obiwan_out/elg_like_run/logs/333//more_rs0/log.3333m002
FINISHED NOW!
logging to.../global/cscratch1/sd/huikong/obiwan_Aug/repos_for_docker/obiwan_out/elg_like_run/logs/357//more_rs0/log.3576m005
FINISHED NOW!
logging to.../global/cscratch1/sd/huikong/obiwan_Aug/repos_for_docker/obiwan_out/elg_like_run/logs/324//more_rs0/log.3246m002
FINISHED NOW!
logging to.../global/cscratch1/sd/huikong/obiwan_Aug/repos_for_docker/obiwan_out/elg_like_run/logs/333//more_rs0/log.3336m002
FINISHED NOW!
logging to.../global/cscratch1/sd/huikong/obiwan_Aug/repos_for_docker/obiwan_out/elg_like_run/logs/347//more_rs0/log.3473p000
FINISHED NOW!
logging to.../global/cscratch1/sd/huikong/obiwan_Aug/repos_for_docker/obiwan_out/elg_like_run/logs/343//more_rs0/log.3431m002
FINISHED NOW!
logging to.../global/cscratch1/sd/huikong/obiwan_Aug/repos_for_docker/obiwan_out/elg_like_run/logs/330//more_rs0/log.3303p000
FINISHED NOW!
logging to.../global/cscratch1/sd/huikong/obiwan_Aug/repos_for_docker/obiwan_out/elg_like_run/logs/333//more_rs0/log.3338m002
FINISHED NOW!
logging to.../global/cscratch1/sd/huikong/obiwan_Aug/repos_for_docker/obiwan_out/elg_like_run/logs/354//more_rs0/log.3541m002
FINISHED NOW!
logging to.../global/cscratch1/sd/huikong/obiwan_Aug/repos_for_docker/obiwan_out/elg_like_run/logs/324//more_rs0/log.3248m002
FINISHED NOW!
logging to.../global/cscratch1/sd/huikong/obiwan_Aug/repos_for_docker/obiwan_out/elg_like_run/logs/320//more_rs0/log.3206p000
FINISHED NOW!
logging to.../global/cscratch1/sd/huikong/obiwan_Aug/repos_for_docker/obiwan_out/elg_like_run/logs/347//more_rs0/log.3476p000
FINISHED NOW!
logging to.../global/cscratch1/sd/huikong/obiwan_Aug/repos_for_docker/obiwan_out/elg_like_run/logs/357//more_rs0/log.3578m005
FINISHED NOW!
logging to.../global/cscratch1/sd/huikong/obiwan_Aug/repos_for_docker/obiwan_out/elg_like_run/logs/340//more_rs0/log.3401p000
FINISHED NOW!
logging to.../global/cscratch1/sd/huikong/obiwan_Aug/repos_for_docker/obiwan_out/elg_like_run/logs/330//more_rs0/log.3306p000
FINISHED NOW!
logging to.../global/cscratch1/sd/huikong/obiwan_Aug/repos_for_docker/obiwan_out/elg_like_run/logs/343//more_rs0/log.3433m002
FINISHED NOW!
logging to.../global/cscratch1/sd/huikong/obiwan_Aug/repos_for_docker/obiwan_out/elg_like_run/logs/320//more_rs0/log.3208p000
FINISHED NOW!
logging to.../global/cscratch1/sd/huikong/obiwan_Aug/repos_for_docker/obiwan_out/elg_like_run/logs/325//more_rs0/log.3251m002
srun: Job step aborted: Waiting up to 32 seconds for job step to finish.
slurmstepd: error: *** STEP 20375364.1 ON nid00926 CANCELLED AT 2019-04-13T14:44:53 DUE TO TIME LIMIT ***
srun: got SIGCONT
srun: forcing job termination
