logging to.../global/cscratch1/sd/huikong/obiwan_Aug/repos_for_docker/obiwan_out/elg_ngc_run/logs/130//more_rs0/log.1303p235
logging to.../global/cscratch1/sd/huikong/obiwan_Aug/repos_for_docker/obiwan_out/elg_ngc_run/logs/130//more_rs0/log.1305p235
logging to.../global/cscratch1/sd/huikong/obiwan_Aug/repos_for_docker/obiwan_out/elg_ngc_run/logs/148//more_rs0/log.1487p175
logging to.../global/cscratch1/sd/huikong/obiwan_Aug/repos_for_docker/obiwan_out/elg_ngc_run/logs/148//more_rs0/log.1489p177
logging to.../global/cscratch1/sd/huikong/obiwan_Aug/repos_for_docker/obiwan_out/elg_ngc_run/logs/148//more_rs0/log.1489p175
logging to.../global/cscratch1/sd/huikong/obiwan_Aug/repos_for_docker/obiwan_out/elg_ngc_run/logs/132//more_rs0/log.1324p235
logging to.../global/cscratch1/sd/huikong/obiwan_Aug/repos_for_docker/obiwan_out/elg_ngc_run/logs/132//more_rs0/log.1327p235
logging to.../global/cscratch1/sd/huikong/obiwan_Aug/repos_for_docker/obiwan_out/elg_ngc_run/logs/154//more_rs0/log.1541p242
logging to.../global/cscratch1/sd/huikong/obiwan_Aug/repos_for_docker/obiwan_out/elg_ngc_run/logs/155//more_rs0/log.1552p242
FINISHED NOW!
logging to.../global/cscratch1/sd/huikong/obiwan_Aug/repos_for_docker/obiwan_out/elg_ngc_run/logs/155//more_rs0/log.1555p242
FINISHED NOW!
logging to.../global/cscratch1/sd/huikong/obiwan_Aug/repos_for_docker/obiwan_out/elg_ngc_run/logs/155//more_rs0/log.1557p242
FINISHED NOW!
logging to.../global/cscratch1/sd/huikong/obiwan_Aug/repos_for_docker/obiwan_out/elg_ngc_run/logs/156//more_rs0/log.1560p242
FINISHED NOW!
logging to.../global/cscratch1/sd/huikong/obiwan_Aug/repos_for_docker/obiwan_out/elg_ngc_run/logs/156//more_rs0/log.1566p242
FINISHED NOW!
logging to.../global/cscratch1/sd/huikong/obiwan_Aug/repos_for_docker/obiwan_out/elg_ngc_run/logs/156//more_rs0/log.1568p242
FINISHED NOW!
FINISHED NOW!
logging to.../global/cscratch1/sd/huikong/obiwan_Aug/repos_for_docker/obiwan_out/elg_ngc_run/logs/157//more_rs0/log.1571p242
logging to.../global/cscratch1/sd/huikong/obiwan_Aug/repos_for_docker/obiwan_out/elg_ngc_run/logs/157//more_rs0/log.1574p242
FINISHED NOW!
logging to.../global/cscratch1/sd/huikong/obiwan_Aug/repos_for_docker/obiwan_out/elg_ngc_run/logs/126//more_rs0/log.1266p245
FINISHED NOW!
logging to.../global/cscratch1/sd/huikong/obiwan_Aug/repos_for_docker/obiwan_out/elg_ngc_run/logs/127//more_rs0/log.1271p245
FINISHED NOW!
logging to.../global/cscratch1/sd/huikong/obiwan_Aug/repos_for_docker/obiwan_out/elg_ngc_run/logs/141//more_rs0/log.1411p245
FINISHED NOW!
logging to.../global/cscratch1/sd/huikong/obiwan_Aug/repos_for_docker/obiwan_out/elg_ngc_run/logs/141//more_rs0/log.1417p245
FINISHED NOW!
logging to.../global/cscratch1/sd/huikong/obiwan_Aug/repos_for_docker/obiwan_out/elg_ngc_run/logs/144//more_rs0/log.1441p245
FINISHED NOW!
logging to.../global/cscratch1/sd/huikong/obiwan_Aug/repos_for_docker/obiwan_out/elg_ngc_run/logs/144//more_rs0/log.1444p245
FINISHED NOW!
logging to.../global/cscratch1/sd/huikong/obiwan_Aug/repos_for_docker/obiwan_out/elg_ngc_run/logs/145//more_rs0/log.1450p245
FINISHED NOW!
logging to.../global/cscratch1/sd/huikong/obiwan_Aug/repos_for_docker/obiwan_out/elg_ngc_run/logs/146//more_rs0/log.1466p245
FINISHED NOW!
logging to.../global/cscratch1/sd/huikong/obiwan_Aug/repos_for_docker/obiwan_out/elg_ngc_run/logs/151//more_rs0/log.1518p245
FINISHED NOW!
logging to.../global/cscratch1/sd/huikong/obiwan_Aug/repos_for_docker/obiwan_out/elg_ngc_run/logs/152//more_rs0/log.1526p245
FINISHED NOW!
logging to.../global/cscratch1/sd/huikong/obiwan_Aug/repos_for_docker/obiwan_out/elg_ngc_run/logs/152//more_rs0/log.1529p245
FINISHED NOW!
logging to.../global/cscratch1/sd/huikong/obiwan_Aug/repos_for_docker/obiwan_out/elg_ngc_run/logs/153//more_rs0/log.1535p245
FINISHED NOW!
logging to.../global/cscratch1/sd/huikong/obiwan_Aug/repos_for_docker/obiwan_out/elg_ngc_run/logs/153//more_rs0/log.1537p245
FINISHED NOW!
logging to.../global/cscratch1/sd/huikong/obiwan_Aug/repos_for_docker/obiwan_out/elg_ngc_run/logs/154//more_rs0/log.1540p245
FINISHED NOW!
logging to.../global/cscratch1/sd/huikong/obiwan_Aug/repos_for_docker/obiwan_out/elg_ngc_run/logs/155//more_rs0/log.1551p245
FINISHED NOW!
logging to.../global/cscratch1/sd/huikong/obiwan_Aug/repos_for_docker/obiwan_out/elg_ngc_run/logs/155//more_rs0/log.1554p245
FINISHED NOW!
logging to.../global/cscratch1/sd/huikong/obiwan_Aug/repos_for_docker/obiwan_out/elg_ngc_run/logs/155//more_rs0/log.1557p245
FINISHED NOW!
logging to.../global/cscratch1/sd/huikong/obiwan_Aug/repos_for_docker/obiwan_out/elg_ngc_run/logs/155//more_rs0/log.1559p245
FINISHED NOW!
logging to.../global/cscratch1/sd/huikong/obiwan_Aug/repos_for_docker/obiwan_out/elg_ngc_run/logs/156//more_rs0/log.1562p245
FINISHED NOW!
logging to.../global/cscratch1/sd/huikong/obiwan_Aug/repos_for_docker/obiwan_out/elg_ngc_run/logs/157//more_rs0/log.1570p245
FINISHED NOW!
logging to.../global/cscratch1/sd/huikong/obiwan_Aug/repos_for_docker/obiwan_out/elg_ngc_run/logs/157//more_rs0/log.1573p245
FINISHED NOW!
logging to.../global/cscratch1/sd/huikong/obiwan_Aug/repos_for_docker/obiwan_out/elg_ngc_run/logs/126//more_rs0/log.1262p247
FINISHED NOW!
logging to.../global/cscratch1/sd/huikong/obiwan_Aug/repos_for_docker/obiwan_out/elg_ngc_run/logs/126//more_rs0/log.1265p247
FINISHED NOW!
logging to.../global/cscratch1/sd/huikong/obiwan_Aug/repos_for_docker/obiwan_out/elg_ngc_run/logs/127//more_rs0/log.1276p247
FINISHED NOW!
logging to.../global/cscratch1/sd/huikong/obiwan_Aug/repos_for_docker/obiwan_out/elg_ngc_run/logs/127//more_rs0/log.1279p247
FINISHED NOW!
logging to.../global/cscratch1/sd/huikong/obiwan_Aug/repos_for_docker/obiwan_out/elg_ngc_run/logs/128//more_rs0/log.1281p247
FINISHED NOW!
logging to.../global/cscratch1/sd/huikong/obiwan_Aug/repos_for_docker/obiwan_out/elg_ngc_run/logs/128//more_rs0/log.1284p247
FINISHED NOW!
logging to.../global/cscratch1/sd/huikong/obiwan_Aug/repos_for_docker/obiwan_out/elg_ngc_run/logs/128//more_rs0/log.1287p247
FINISHED NOW!
logging to.../global/cscratch1/sd/huikong/obiwan_Aug/repos_for_docker/obiwan_out/elg_ngc_run/logs/129//more_rs0/log.1290p247
FINISHED NOW!
logging to.../global/cscratch1/sd/huikong/obiwan_Aug/repos_for_docker/obiwan_out/elg_ngc_run/logs/129//more_rs0/log.1292p247
FINISHED NOW!
logging to.../global/cscratch1/sd/huikong/obiwan_Aug/repos_for_docker/obiwan_out/elg_ngc_run/logs/129//more_rs0/log.1295p247
FINISHED NOW!
logging to.../global/cscratch1/sd/huikong/obiwan_Aug/repos_for_docker/obiwan_out/elg_ngc_run/logs/130//more_rs0/log.1306p247
FINISHED NOW!
logging to.../global/cscratch1/sd/huikong/obiwan_Aug/repos_for_docker/obiwan_out/elg_ngc_run/logs/130//more_rs0/log.1309p247
FINISHED NOW!
logging to.../global/cscratch1/sd/huikong/obiwan_Aug/repos_for_docker/obiwan_out/elg_ngc_run/logs/131//more_rs0/log.1312p247
FINISHED NOW!
logging to.../global/cscratch1/sd/huikong/obiwan_Aug/repos_for_docker/obiwan_out/elg_ngc_run/logs/131//more_rs0/log.1314p247
FINISHED NOW!
logging to.../global/cscratch1/sd/huikong/obiwan_Aug/repos_for_docker/obiwan_out/elg_ngc_run/logs/131//more_rs0/log.1317p247
FINISHED NOW!
logging to.../global/cscratch1/sd/huikong/obiwan_Aug/repos_for_docker/obiwan_out/elg_ngc_run/logs/132//more_rs0/log.1320p247
FINISHED NOW!
logging to.../global/cscratch1/sd/huikong/obiwan_Aug/repos_for_docker/obiwan_out/elg_ngc_run/logs/132//more_rs0/log.1325p247
FINISHED NOW!
logging to.../global/cscratch1/sd/huikong/obiwan_Aug/repos_for_docker/obiwan_out/elg_ngc_run/logs/132//more_rs0/log.1328p247
FINISHED NOW!
logging to.../global/cscratch1/sd/huikong/obiwan_Aug/repos_for_docker/obiwan_out/elg_ngc_run/logs/133//more_rs0/log.1331p247
FINISHED NOW!
logging to.../global/cscratch1/sd/huikong/obiwan_Aug/repos_for_docker/obiwan_out/elg_ngc_run/logs/133//more_rs0/log.1334p247
FINISHED NOW!
logging to.../global/cscratch1/sd/huikong/obiwan_Aug/repos_for_docker/obiwan_out/elg_ngc_run/logs/133//more_rs0/log.1336p247
FINISHED NOW!
logging to.../global/cscratch1/sd/huikong/obiwan_Aug/repos_for_docker/obiwan_out/elg_ngc_run/logs/134//more_rs0/log.1342p247
FINISHED NOW!
logging to.../global/cscratch1/sd/huikong/obiwan_Aug/repos_for_docker/obiwan_out/elg_ngc_run/logs/135//more_rs0/log.1356p247
FINISHED NOW!
logging to.../global/cscratch1/sd/huikong/obiwan_Aug/repos_for_docker/obiwan_out/elg_ngc_run/logs/151//more_rs0/log.1518p247
FINISHED NOW!
logging to.../global/cscratch1/sd/huikong/obiwan_Aug/repos_for_docker/obiwan_out/elg_ngc_run/logs/152//more_rs0/log.1521p247
FINISHED NOW!
logging to.../global/cscratch1/sd/huikong/obiwan_Aug/repos_for_docker/obiwan_out/elg_ngc_run/logs/152//more_rs0/log.1523p247
FINISHED NOW!
logging to.../global/cscratch1/sd/huikong/obiwan_Aug/repos_for_docker/obiwan_out/elg_ngc_run/logs/152//more_rs0/log.1526p247
FINISHED NOW!
logging to.../global/cscratch1/sd/huikong/obiwan_Aug/repos_for_docker/obiwan_out/elg_ngc_run/logs/153//more_rs0/log.1534p247
FINISHED NOW!
logging to.../global/cscratch1/sd/huikong/obiwan_Aug/repos_for_docker/obiwan_out/elg_ngc_run/logs/153//more_rs0/log.1537p247
FINISHED NOW!
logging to.../global/cscratch1/sd/huikong/obiwan_Aug/repos_for_docker/obiwan_out/elg_ngc_run/logs/154//more_rs0/log.1540p247
FINISHED NOW!
logging to.../global/cscratch1/sd/huikong/obiwan_Aug/repos_for_docker/obiwan_out/elg_ngc_run/logs/154//more_rs0/log.1543p247
FINISHED NOW!
logging to.../global/cscratch1/sd/huikong/obiwan_Aug/repos_for_docker/obiwan_out/elg_ngc_run/logs/155//more_rs0/log.1554p247
FINISHED NOW!
logging to.../global/cscratch1/sd/huikong/obiwan_Aug/repos_for_docker/obiwan_out/elg_ngc_run/logs/155//more_rs0/log.1556p247
FINISHED NOW!
logging to.../global/cscratch1/sd/huikong/obiwan_Aug/repos_for_docker/obiwan_out/elg_ngc_run/logs/155//more_rs0/log.1559p247
FINISHED NOW!
logging to.../global/cscratch1/sd/huikong/obiwan_Aug/repos_for_docker/obiwan_out/elg_ngc_run/logs/125//more_rs0/log.1259p250
FINISHED NOW!
logging to.../global/cscratch1/sd/huikong/obiwan_Aug/repos_for_docker/obiwan_out/elg_ngc_run/logs/126//more_rs0/log.1261p250
FINISHED NOW!
logging to.../global/cscratch1/sd/huikong/obiwan_Aug/repos_for_docker/obiwan_out/elg_ngc_run/logs/126//more_rs0/log.1264p250
FINISHED NOW!
logging to.../global/cscratch1/sd/huikong/obiwan_Aug/repos_for_docker/obiwan_out/elg_ngc_run/logs/126//more_rs0/log.1267p250
FINISHED NOW!
logging to.../global/cscratch1/sd/huikong/obiwan_Aug/repos_for_docker/obiwan_out/elg_ngc_run/logs/127//more_rs0/log.1272p250
FINISHED NOW!
logging to.../global/cscratch1/sd/huikong/obiwan_Aug/repos_for_docker/obiwan_out/elg_ngc_run/logs/127//more_rs0/log.1278p250
FINISHED NOW!
logging to.../global/cscratch1/sd/huikong/obiwan_Aug/repos_for_docker/obiwan_out/elg_ngc_run/logs/128//more_rs0/log.1281p250
FINISHED NOW!
logging to.../global/cscratch1/sd/huikong/obiwan_Aug/repos_for_docker/obiwan_out/elg_ngc_run/logs/128//more_rs0/log.1283p250
FINISHED NOW!
logging to.../global/cscratch1/sd/huikong/obiwan_Aug/repos_for_docker/obiwan_out/elg_ngc_run/logs/128//more_rs0/log.1286p250
FINISHED NOW!
logging to.../global/cscratch1/sd/huikong/obiwan_Aug/repos_for_docker/obiwan_out/elg_ngc_run/logs/129//more_rs0/log.1294p250
FINISHED NOW!
logging to.../global/cscratch1/sd/huikong/obiwan_Aug/repos_for_docker/obiwan_out/elg_ngc_run/logs/130//more_rs0/log.1300p250
FINISHED NOW!
logging to.../global/cscratch1/sd/huikong/obiwan_Aug/repos_for_docker/obiwan_out/elg_ngc_run/logs/130//more_rs0/log.1303p250
FINISHED NOW!
logging to.../global/cscratch1/sd/huikong/obiwan_Aug/repos_for_docker/obiwan_out/elg_ngc_run/logs/130//more_rs0/log.1305p250
FINISHED NOW!
logging to.../global/cscratch1/sd/huikong/obiwan_Aug/repos_for_docker/obiwan_out/elg_ngc_run/logs/130//more_rs0/log.1308p250
FINISHED NOW!
logging to.../global/cscratch1/sd/huikong/obiwan_Aug/repos_for_docker/obiwan_out/elg_ngc_run/logs/131//more_rs0/log.1311p250
FINISHED NOW!
logging to.../global/cscratch1/sd/huikong/obiwan_Aug/repos_for_docker/obiwan_out/elg_ngc_run/logs/131//more_rs0/log.1314p250
FINISHED NOW!
logging to.../global/cscratch1/sd/huikong/obiwan_Aug/repos_for_docker/obiwan_out/elg_ngc_run/logs/131//more_rs0/log.1316p250
FINISHED NOW!
logging to.../global/cscratch1/sd/huikong/obiwan_Aug/repos_for_docker/obiwan_out/elg_ngc_run/logs/131//more_rs0/log.1319p250
FINISHED NOW!
logging to.../global/cscratch1/sd/huikong/obiwan_Aug/repos_for_docker/obiwan_out/elg_ngc_run/logs/132//more_rs0/log.1322p250
FINISHED NOW!
logging to.../global/cscratch1/sd/huikong/obiwan_Aug/repos_for_docker/obiwan_out/elg_ngc_run/logs/132//more_rs0/log.1325p250
FINISHED NOW!
logging to.../global/cscratch1/sd/huikong/obiwan_Aug/repos_for_docker/obiwan_out/elg_ngc_run/logs/132//more_rs0/log.1327p250
FINISHED NOW!
logging to.../global/cscratch1/sd/huikong/obiwan_Aug/repos_for_docker/obiwan_out/elg_ngc_run/logs/133//more_rs0/log.1330p250
FINISHED NOW!
logging to.../global/cscratch1/sd/huikong/obiwan_Aug/repos_for_docker/obiwan_out/elg_ngc_run/logs/133//more_rs0/log.1333p250
FINISHED NOW!
logging to.../global/cscratch1/sd/huikong/obiwan_Aug/repos_for_docker/obiwan_out/elg_ngc_run/logs/133//more_rs0/log.1338p250
FINISHED NOW!
logging to.../global/cscratch1/sd/huikong/obiwan_Aug/repos_for_docker/obiwan_out/elg_ngc_run/logs/134//more_rs0/log.1344p250
FINISHED NOW!
logging to.../global/cscratch1/sd/huikong/obiwan_Aug/repos_for_docker/obiwan_out/elg_ngc_run/logs/134//more_rs0/log.1347p250
FINISHED NOW!
logging to.../global/cscratch1/sd/huikong/obiwan_Aug/repos_for_docker/obiwan_out/elg_ngc_run/logs/135//more_rs0/log.1350p250
FINISHED NOW!
logging to.../global/cscratch1/sd/huikong/obiwan_Aug/repos_for_docker/obiwan_out/elg_ngc_run/logs/135//more_rs0/log.1352p250
FINISHED NOW!
logging to.../global/cscratch1/sd/huikong/obiwan_Aug/repos_for_docker/obiwan_out/elg_ngc_run/logs/136//more_rs0/log.1363p250
FINISHED NOW!
logging to.../global/cscratch1/sd/huikong/obiwan_Aug/repos_for_docker/obiwan_out/elg_ngc_run/logs/136//more_rs0/log.1366p250
FINISHED NOW!
logging to.../global/cscratch1/sd/huikong/obiwan_Aug/repos_for_docker/obiwan_out/elg_ngc_run/logs/136//more_rs0/log.1369p250
FINISHED NOW!
logging to.../global/cscratch1/sd/huikong/obiwan_Aug/repos_for_docker/obiwan_out/elg_ngc_run/logs/137//more_rs0/log.1372p250
FINISHED NOW!
logging to.../global/cscratch1/sd/huikong/obiwan_Aug/repos_for_docker/obiwan_out/elg_ngc_run/logs/137//more_rs0/log.1374p250
FINISHED NOW!
logging to.../global/cscratch1/sd/huikong/obiwan_Aug/repos_for_docker/obiwan_out/elg_ngc_run/logs/137//more_rs0/log.1377p250
FINISHED NOW!
logging to.../global/cscratch1/sd/huikong/obiwan_Aug/repos_for_docker/obiwan_out/elg_ngc_run/logs/138//more_rs0/log.1385p250
FINISHED NOW!
logging to.../global/cscratch1/sd/huikong/obiwan_Aug/repos_for_docker/obiwan_out/elg_ngc_run/logs/138//more_rs0/log.1388p250
FINISHED NOW!
logging to.../global/cscratch1/sd/huikong/obiwan_Aug/repos_for_docker/obiwan_out/elg_ngc_run/logs/139//more_rs0/log.1391p250
FINISHED NOW!
logging to.../global/cscratch1/sd/huikong/obiwan_Aug/repos_for_docker/obiwan_out/elg_ngc_run/logs/144//more_rs0/log.1443p250
FINISHED NOW!
logging to.../global/cscratch1/sd/huikong/obiwan_Aug/repos_for_docker/obiwan_out/elg_ngc_run/logs/126//more_rs0/log.1260p252
FINISHED NOW!
logging to.../global/cscratch1/sd/huikong/obiwan_Aug/repos_for_docker/obiwan_out/elg_ngc_run/logs/126//more_rs0/log.1263p252
FINISHED NOW!
logging to.../global/cscratch1/sd/huikong/obiwan_Aug/repos_for_docker/obiwan_out/elg_ngc_run/logs/127//more_rs0/log.1279p252
FINISHED NOW!
logging to.../global/cscratch1/sd/huikong/obiwan_Aug/repos_for_docker/obiwan_out/elg_ngc_run/logs/128//more_rs0/log.1282p252
FINISHED NOW!
logging to.../global/cscratch1/sd/huikong/obiwan_Aug/repos_for_docker/obiwan_out/elg_ngc_run/logs/128//more_rs0/log.1285p252
FINISHED NOW!
logging to.../global/cscratch1/sd/huikong/obiwan_Aug/repos_for_docker/obiwan_out/elg_ngc_run/logs/128//more_rs0/log.1287p252
FINISHED NOW!
logging to.../global/cscratch1/sd/huikong/obiwan_Aug/repos_for_docker/obiwan_out/elg_ngc_run/logs/129//more_rs0/log.1296p252
FINISHED NOW!
logging to.../global/cscratch1/sd/huikong/obiwan_Aug/repos_for_docker/obiwan_out/elg_ngc_run/logs/129//more_rs0/log.1298p252
FINISHED NOW!
logging to.../global/cscratch1/sd/huikong/obiwan_Aug/repos_for_docker/obiwan_out/elg_ngc_run/logs/130//more_rs0/log.1301p252
FINISHED NOW!
logging to.../global/cscratch1/sd/huikong/obiwan_Aug/repos_for_docker/obiwan_out/elg_ngc_run/logs/130//more_rs0/log.1304p252
FINISHED NOW!
logging to.../global/cscratch1/sd/huikong/obiwan_Aug/repos_for_docker/obiwan_out/elg_ngc_run/logs/131//more_rs0/log.1315p252
FINISHED NOW!
logging to.../global/cscratch1/sd/huikong/obiwan_Aug/repos_for_docker/obiwan_out/elg_ngc_run/logs/131//more_rs0/log.1318p252
FINISHED NOW!
logging to.../global/cscratch1/sd/huikong/obiwan_Aug/repos_for_docker/obiwan_out/elg_ngc_run/logs/132//more_rs0/log.1321p252
FINISHED NOW!
logging to.../global/cscratch1/sd/huikong/obiwan_Aug/repos_for_docker/obiwan_out/elg_ngc_run/logs/132//more_rs0/log.1323p252
FINISHED NOW!
FINISHED NOW!
logging to.../global/cscratch1/sd/huikong/obiwan_Aug/repos_for_docker/obiwan_out/elg_ngc_run/logs/132//more_rs0/log.1326p252
logging to.../global/cscratch1/sd/huikong/obiwan_Aug/repos_for_docker/obiwan_out/elg_ngc_run/logs/132//more_rs0/log.1329p252
FINISHED NOW!
logging to.../global/cscratch1/sd/huikong/obiwan_Aug/repos_for_docker/obiwan_out/elg_ngc_run/logs/133//more_rs0/log.1332p252
FINISHED NOW!
logging to.../global/cscratch1/sd/huikong/obiwan_Aug/repos_for_docker/obiwan_out/elg_ngc_run/logs/133//more_rs0/log.1334p252
FINISHED NOW!
logging to.../global/cscratch1/sd/huikong/obiwan_Aug/repos_for_docker/obiwan_out/elg_ngc_run/logs/133//more_rs0/log.1337p252
FINISHED NOW!
logging to.../global/cscratch1/sd/huikong/obiwan_Aug/repos_for_docker/obiwan_out/elg_ngc_run/logs/134//more_rs0/log.1340p252
FINISHED NOW!
logging to.../global/cscratch1/sd/huikong/obiwan_Aug/repos_for_docker/obiwan_out/elg_ngc_run/logs/134//more_rs0/log.1343p252
FINISHED NOW!
I am  nid02079 rank 0 (total 10)
Master: slave finished is task and says "I completed my task (2)"
Master: slave finished is task and says "I completed my task (0)"
Master: slave finished is task and says "I completed my task (1)"
Master: slave finished is task and says "I completed my task (4)"
Master: slave finished is task and says "I completed my task (6)"
Master: slave finished is task and says "I completed my task (8)"
Master: slave finished is task and says "I completed my task (3)"
Master: slave finished is task and says "I completed my task (15)"
Master: slave finished is task and says "I completed my task (7)"
Master: slave finished is task and says "I completed my task (5)"
Master: slave finished is task and says "I completed my task (14)"
Master: slave finished is task and says "I completed my task (12)"
Master: slave finished is task and says "I completed my task (11)"
Master: slave finished is task and says "I completed my task (9)"
Master: slave finished is task and says "I completed my task (10)"
Master: slave finished is task and says "I completed my task (13)"
Master: slave finished is task and says "I completed my task (18)"
Master: slave finished is task and says "I completed my task (19)"
Master: slave finished is task and says "I completed my task (21)"
Master: slave finished is task and says "I completed my task (20)"
Master: slave finished is task and says "I completed my task (22)"
Master: slave finished is task and says "I completed my task (23)"
Master: slave finished is task and says "I completed my task (16)"
Master: slave finished is task and says "I completed my task (17)"
Master: slave finished is task and says "I completed my task (24)"
Master: slave finished is task and says "I completed my task (26)"
Master: slave finished is task and says "I completed my task (25)"
Master: slave finished is task and says "I completed my task (27)"
Master: slave finished is task and says "I completed my task (28)"
Master: slave finished is task and says "I completed my task (30)"
Master: slave finished is task and says "I completed my task (29)"
Master: slave finished is task and says "I completed my task (36)"
Master: slave finished is task and says "I completed my task (33)"
Master: slave finished is task and says "I completed my task (31)"
Master: slave finished is task and says "I completed my task (35)"
Master: slave finished is task and says "I completed my task (34)"
Master: slave finished is task and says "I completed my task (32)"
Master: slave finished is task and says "I completed my task (37)"
Master: slave finished is task and says "I completed my task (39)"
Master: slave finished is task and says "I completed my task (38)"
Master: slave finished is task and says "I completed my task (40)"
Master: slave finished is task and says "I completed my task (43)"
Master: slave finished is task and says "I completed my task (41)"
Master: slave finished is task and says "I completed my task (44)"
Master: slave finished is task and says "I completed my task (42)"
Master: slave finished is task and says "I completed my task (46)"
Master: slave finished is task and says "I completed my task (45)"
Master: slave finished is task and says "I completed my task (47)"
Master: slave finished is task and says "I completed my task (48)"
Master: slave finished is task and says "I completed my task (50)"
Master: slave finished is task and says "I completed my task (49)"
Master: slave finished is task and says "I completed my task (53)"
Master: slave finished is task and says "I completed my task (52)"
Master: slave finished is task and says "I completed my task (51)"
Master: slave finished is task and says "I completed my task (54)"
Master: slave finished is task and says "I completed my task (56)"
Master: slave finished is task and says "I completed my task (55)"
Master: slave finished is task and says "I completed my task (58)"
Master: slave finished is task and says "I completed my task (57)"
Master: slave finished is task and says "I completed my task (60)"
Master: slave finished is task and says "I completed my task (59)"
Master: slave finished is task and says "I completed my task (61)"
Master: slave finished is task and says "I completed my task (63)"
Master: slave finished is task and says "I completed my task (62)"
Master: slave finished is task and says "I completed my task (64)"
Master: slave finished is task and says "I completed my task (67)"
Master: slave finished is task and says "I completed my task (68)"
Master: slave finished is task and says "I completed my task (69)"
Master: slave finished is task and says "I completed my task (65)"
Master: slave finished is task and says "I completed my task (71)"
Master: slave finished is task and says "I completed my task (70)"
Master: slave finished is task and says "I completed my task (66)"
Master: slave finished is task and says "I completed my task (72)"
Master: slave finished is task and says "I completed my task (74)"
Master: slave finished is task and says "I completed my task (73)"
Master: slave finished is task and says "I completed my task (75)"
Master: slave finished is task and says "I completed my task (77)"
Master: slave finished is task and says "I completed my task (79)"
Master: slave finished is task and says "I completed my task (76)"
Master: slave finished is task and says "I completed my task (78)"
Master: slave finished is task and says "I completed my task (81)"
Master: slave finished is task and says "I completed my task (82)"
Master: slave finished is task and says "I completed my task (80)"
Master: slave finished is task and says "I completed my task (86)"
Master: slave finished is task and says "I completed my task (87)"
Master: slave finished is task and says "I completed my task (84)"
Master: slave finished is task and says "I completed my task (85)"
Master: slave finished is task and says "I completed my task (88)"
Master: slave finished is task and says "I completed my task (89)"
Master: slave finished is task and says "I completed my task (90)"
Master: slave finished is task and says "I completed my task (94)"
Master: slave finished is task and says "I completed my task (95)"
Master: slave finished is task and says "I completed my task (93)"
Master: slave finished is task and says "I completed my task (83)"
Master: slave finished is task and says "I completed my task (98)"
Master: slave finished is task and says "I completed my task (92)"
Master: slave finished is task and says "I completed my task (91)"
Master: slave finished is task and says "I completed my task (96)"
Master: slave finished is task and says "I completed my task (97)"
Master: slave finished is task and says "I completed my task (99)"
Master: slave finished is task and says "I completed my task (100)"
Master: slave finished is task and says "I completed my task (101)"
Master: slave finished is task and says "I completed my task (104)"
Master: slave finished is task and says "I completed my task (102)"
Master: slave finished is task and says "I completed my task (103)"
Master: slave finished is task and says "I completed my task (106)"
Master: slave finished is task and says "I completed my task (108)"
Master: slave finished is task and says "I completed my task (107)"
Master: slave finished is task and says "I completed my task (109)"
Master: slave finished is task and says "I completed my task (110)"
Master: slave finished is task and says "I completed my task (112)"
Master: slave finished is task and says "I completed my task (111)"
Master: slave finished is task and says "I completed my task (113)"
Master: slave finished is task and says "I completed my task (114)"
Master: slave finished is task and says "I completed my task (105)"
Master: slave finished is task and says "I completed my task (116)"
Master: slave finished is task and says "I completed my task (117)"
Master: slave finished is task and says "I completed my task (115)"
Master: slave finished is task and says "I completed my task (119)"
Master: slave finished is task and says "I completed my task (120)"
Master: slave finished is task and says "I completed my task (118)"
logging to.../global/cscratch1/sd/huikong/obiwan_Aug/repos_for_docker/obiwan_out/elg_ngc_run/logs/134//more_rs0/log.1345p252
FINISHED NOW!
logging to.../global/cscratch1/sd/huikong/obiwan_Aug/repos_for_docker/obiwan_out/elg_ngc_run/logs/134//more_rs0/log.1348p252
FINISHED NOW!
logging to.../global/cscratch1/sd/huikong/obiwan_Aug/repos_for_docker/obiwan_out/elg_ngc_run/logs/135//more_rs0/log.1351p252
FINISHED NOW!
logging to.../global/cscratch1/sd/huikong/obiwan_Aug/repos_for_docker/obiwan_out/elg_ngc_run/logs/135//more_rs0/log.1354p252
FINISHED NOW!
logging to.../global/cscratch1/sd/huikong/obiwan_Aug/repos_for_docker/obiwan_out/elg_ngc_run/logs/135//more_rs0/log.1356p252
FINISHED NOW!
logging to.../global/cscratch1/sd/huikong/obiwan_Aug/repos_for_docker/obiwan_out/elg_ngc_run/logs/136//more_rs0/log.1362p252
FINISHED NOW!
logging to.../global/cscratch1/sd/huikong/obiwan_Aug/repos_for_docker/obiwan_out/elg_ngc_run/logs/136//more_rs0/log.1365p252
FINISHED NOW!
logging to.../global/cscratch1/sd/huikong/obiwan_Aug/repos_for_docker/obiwan_out/elg_ngc_run/logs/136//more_rs0/log.1367p252
FINISHED NOW!
logging to.../global/cscratch1/sd/huikong/obiwan_Aug/repos_for_docker/obiwan_out/elg_ngc_run/logs/137//more_rs0/log.1376p252
FINISHED NOW!
logging to.../global/cscratch1/sd/huikong/obiwan_Aug/repos_for_docker/obiwan_out/elg_ngc_run/logs/138//more_rs0/log.1387p252
FINISHED NOW!
logging to.../global/cscratch1/sd/huikong/obiwan_Aug/repos_for_docker/obiwan_out/elg_ngc_run/logs/139//more_rs0/log.1390p252
FINISHED NOW!
logging to.../global/cscratch1/sd/huikong/obiwan_Aug/repos_for_docker/obiwan_out/elg_ngc_run/logs/139//more_rs0/log.1398p252
FINISHED NOW!
logging to.../global/cscratch1/sd/huikong/obiwan_Aug/repos_for_docker/obiwan_out/elg_ngc_run/logs/140//more_rs0/log.1406p252
FINISHED NOW!
logging to.../global/cscratch1/sd/huikong/obiwan_Aug/repos_for_docker/obiwan_out/elg_ngc_run/logs/140//more_rs0/log.1409p252
FINISHED NOW!
logging to.../global/cscratch1/sd/huikong/obiwan_Aug/repos_for_docker/obiwan_out/elg_ngc_run/logs/141//more_rs0/log.1412p252
FINISHED NOW!
logging to.../global/cscratch1/sd/huikong/obiwan_Aug/repos_for_docker/obiwan_out/elg_ngc_run/logs/141//more_rs0/log.1414p252
FINISHED NOW!
logging to.../global/cscratch1/sd/huikong/obiwan_Aug/repos_for_docker/obiwan_out/elg_ngc_run/logs/142//more_rs0/log.1420p252
FINISHED NOW!
logging to.../global/cscratch1/sd/huikong/obiwan_Aug/repos_for_docker/obiwan_out/elg_ngc_run/logs/142//more_rs0/log.1423p252
FINISHED NOW!
logging to.../global/cscratch1/sd/huikong/obiwan_Aug/repos_for_docker/obiwan_out/elg_ngc_run/logs/142//more_rs0/log.1425p252
FINISHED NOW!
logging to.../global/cscratch1/sd/huikong/obiwan_Aug/repos_for_docker/obiwan_out/elg_ngc_run/logs/142//more_rs0/log.1428p252
FINISHED NOW!
logging to.../global/cscratch1/sd/huikong/obiwan_Aug/repos_for_docker/obiwan_out/elg_ngc_run/logs/143//more_rs0/log.1431p252
FINISHED NOW!
logging to.../global/cscratch1/sd/huikong/obiwan_Aug/repos_for_docker/obiwan_out/elg_ngc_run/logs/143//more_rs0/log.1434p252
FINISHED NOW!
logging to.../global/cscratch1/sd/huikong/obiwan_Aug/repos_for_docker/obiwan_out/elg_ngc_run/logs/144//more_rs0/log.1445p252
FINISHED NOW!
logging to.../global/cscratch1/sd/huikong/obiwan_Aug/repos_for_docker/obiwan_out/elg_ngc_run/logs/144//more_rs0/log.1448p252
FINISHED NOW!
logging to.../global/cscratch1/sd/huikong/obiwan_Aug/repos_for_docker/obiwan_out/elg_ngc_run/logs/145//more_rs0/log.1450p252
FINISHED NOW!
logging to.../global/cscratch1/sd/huikong/obiwan_Aug/repos_for_docker/obiwan_out/elg_ngc_run/logs/146//more_rs0/log.1461p252
FINISHED NOW!
logging to.../global/cscratch1/sd/huikong/obiwan_Aug/repos_for_docker/obiwan_out/elg_ngc_run/logs/146//more_rs0/log.1464p252
FINISHED NOW!
logging to.../global/cscratch1/sd/huikong/obiwan_Aug/repos_for_docker/obiwan_out/elg_ngc_run/logs/151//more_rs0/log.1519p252
FINISHED NOW!
logging to.../global/cscratch1/sd/huikong/obiwan_Aug/repos_for_docker/obiwan_out/elg_ngc_run/logs/155//more_rs0/log.1555p252
FINISHED NOW!
logging to.../global/cscratch1/sd/huikong/obiwan_Aug/repos_for_docker/obiwan_out/elg_ngc_run/logs/127//more_rs0/log.1278p255
FINISHED NOW!
logging to.../global/cscratch1/sd/huikong/obiwan_Aug/repos_for_docker/obiwan_out/elg_ngc_run/logs/128//more_rs0/log.1281p255
FINISHED NOW!
logging to.../global/cscratch1/sd/huikong/obiwan_Aug/repos_for_docker/obiwan_out/elg_ngc_run/logs/128//more_rs0/log.1284p255
FINISHED NOW!
logging to.../global/cscratch1/sd/huikong/obiwan_Aug/repos_for_docker/obiwan_out/elg_ngc_run/logs/130//more_rs0/log.1300p255
FINISHED NOW!
logging to.../global/cscratch1/sd/huikong/obiwan_Aug/repos_for_docker/obiwan_out/elg_ngc_run/logs/130//more_rs0/log.1303p255
FINISHED NOW!
logging to.../global/cscratch1/sd/huikong/obiwan_Aug/repos_for_docker/obiwan_out/elg_ngc_run/logs/132//more_rs0/log.1325p255
FINISHED NOW!
logging to.../global/cscratch1/sd/huikong/obiwan_Aug/repos_for_docker/obiwan_out/elg_ngc_run/logs/133//more_rs0/log.1339p255
FINISHED NOW!
logging to.../global/cscratch1/sd/huikong/obiwan_Aug/repos_for_docker/obiwan_out/elg_ngc_run/logs/134//more_rs0/log.1342p255
FINISHED NOW!
logging to.../global/cscratch1/sd/huikong/obiwan_Aug/repos_for_docker/obiwan_out/elg_ngc_run/logs/134//more_rs0/log.1345p255
FINISHED NOW!
logging to.../global/cscratch1/sd/huikong/obiwan_Aug/repos_for_docker/obiwan_out/elg_ngc_run/logs/134//more_rs0/log.1347p255
FINISHED NOW!
logging to.../global/cscratch1/sd/huikong/obiwan_Aug/repos_for_docker/obiwan_out/elg_ngc_run/logs/135//more_rs0/log.1350p255
FINISHED NOW!
logging to.../global/cscratch1/sd/huikong/obiwan_Aug/repos_for_docker/obiwan_out/elg_ngc_run/logs/135//more_rs0/log.1353p255
FINISHED NOW!
logging to.../global/cscratch1/sd/huikong/obiwan_Aug/repos_for_docker/obiwan_out/elg_ngc_run/logs/135//more_rs0/log.1356p255
FINISHED NOW!
logging to.../global/cscratch1/sd/huikong/obiwan_Aug/repos_for_docker/obiwan_out/elg_ngc_run/logs/135//more_rs0/log.1358p255
FINISHED NOW!
logging to.../global/cscratch1/sd/huikong/obiwan_Aug/repos_for_docker/obiwan_out/elg_ngc_run/logs/136//more_rs0/log.1361p255
FINISHED NOW!
logging to.../global/cscratch1/sd/huikong/obiwan_Aug/repos_for_docker/obiwan_out/elg_ngc_run/logs/136//more_rs0/log.1364p255
FINISHED NOW!
logging to.../global/cscratch1/sd/huikong/obiwan_Aug/repos_for_docker/obiwan_out/elg_ngc_run/logs/136//more_rs0/log.1367p255
FINISHED NOW!
logging to.../global/cscratch1/sd/huikong/obiwan_Aug/repos_for_docker/obiwan_out/elg_ngc_run/logs/137//more_rs0/log.1370p255
FINISHED NOW!
logging to.../global/cscratch1/sd/huikong/obiwan_Aug/repos_for_docker/obiwan_out/elg_ngc_run/logs/137//more_rs0/log.1372p255
FINISHED NOW!
logging to.../global/cscratch1/sd/huikong/obiwan_Aug/repos_for_docker/obiwan_out/elg_ngc_run/logs/137//more_rs0/log.1375p255
FINISHED NOW!
logging to.../global/cscratch1/sd/huikong/obiwan_Aug/repos_for_docker/obiwan_out/elg_ngc_run/logs/137//more_rs0/log.1378p255
FINISHED NOW!
logging to.../global/cscratch1/sd/huikong/obiwan_Aug/repos_for_docker/obiwan_out/elg_ngc_run/logs/138//more_rs0/log.1381p255
FINISHED NOW!
logging to.../global/cscratch1/sd/huikong/obiwan_Aug/repos_for_docker/obiwan_out/elg_ngc_run/logs/138//more_rs0/log.1383p255
FINISHED NOW!
logging to.../global/cscratch1/sd/huikong/obiwan_Aug/repos_for_docker/obiwan_out/elg_ngc_run/logs/138//more_rs0/log.1386p255
FINISHED NOW!
logging to.../global/cscratch1/sd/huikong/obiwan_Aug/repos_for_docker/obiwan_out/elg_ngc_run/logs/138//more_rs0/log.1389p255
FINISHED NOW!
logging to.../global/cscratch1/sd/huikong/obiwan_Aug/repos_for_docker/obiwan_out/elg_ngc_run/logs/139//more_rs0/log.1394p255
FINISHED NOW!
logging to.../global/cscratch1/sd/huikong/obiwan_Aug/repos_for_docker/obiwan_out/elg_ngc_run/logs/139//more_rs0/log.1397p255
FINISHED NOW!
logging to.../global/cscratch1/sd/huikong/obiwan_Aug/repos_for_docker/obiwan_out/elg_ngc_run/logs/140//more_rs0/log.1400p255
FINISHED NOW!
logging to.../global/cscratch1/sd/huikong/obiwan_Aug/repos_for_docker/obiwan_out/elg_ngc_run/logs/140//more_rs0/log.1403p255
FINISHED NOW!
logging to.../global/cscratch1/sd/huikong/obiwan_Aug/repos_for_docker/obiwan_out/elg_ngc_run/logs/140//more_rs0/log.1405p255
FINISHED NOW!
logging to.../global/cscratch1/sd/huikong/obiwan_Aug/repos_for_docker/obiwan_out/elg_ngc_run/logs/140//more_rs0/log.1408p255
FINISHED NOW!
logging to.../global/cscratch1/sd/huikong/obiwan_Aug/repos_for_docker/obiwan_out/elg_ngc_run/logs/141//more_rs0/log.1419p255
FINISHED NOW!
logging to.../global/cscratch1/sd/huikong/obiwan_Aug/repos_for_docker/obiwan_out/elg_ngc_run/logs/142//more_rs0/log.1422p255
FINISHED NOW!
logging to.../global/cscratch1/sd/huikong/obiwan_Aug/repos_for_docker/obiwan_out/elg_ngc_run/logs/142//more_rs0/log.1425p255
FINISHED NOW!
logging to.../global/cscratch1/sd/huikong/obiwan_Aug/repos_for_docker/obiwan_out/elg_ngc_run/logs/142//more_rs0/log.1428p255
FINISHED NOW!
logging to.../global/cscratch1/sd/huikong/obiwan_Aug/repos_for_docker/obiwan_out/elg_ngc_run/logs/143//more_rs0/log.1430p255
FINISHED NOW!
logging to.../global/cscratch1/sd/huikong/obiwan_Aug/repos_for_docker/obiwan_out/elg_ngc_run/logs/143//more_rs0/log.1433p255
FINISHED NOW!
logging to.../global/cscratch1/sd/huikong/obiwan_Aug/repos_for_docker/obiwan_out/elg_ngc_run/logs/144//more_rs0/log.1441p255
FINISHED NOW!
logging to.../global/cscratch1/sd/huikong/obiwan_Aug/repos_for_docker/obiwan_out/elg_ngc_run/logs/144//more_rs0/log.1444p255
FINISHED NOW!
logging to.../global/cscratch1/sd/huikong/obiwan_Aug/repos_for_docker/obiwan_out/elg_ngc_run/logs/145//more_rs0/log.1450p255
FINISHED NOW!
logging to.../global/cscratch1/sd/huikong/obiwan_Aug/repos_for_docker/obiwan_out/elg_ngc_run/logs/145//more_rs0/log.1452p255
FINISHED NOW!
logging to.../global/cscratch1/sd/huikong/obiwan_Aug/repos_for_docker/obiwan_out/elg_ngc_run/logs/151//more_rs0/log.1513p255
FINISHED NOW!
logging to.../global/cscratch1/sd/huikong/obiwan_Aug/repos_for_docker/obiwan_out/elg_ngc_run/logs/151//more_rs0/log.1516p255
FINISHED NOW!
logging to.../global/cscratch1/sd/huikong/obiwan_Aug/repos_for_docker/obiwan_out/elg_ngc_run/logs/151//more_rs0/log.1519p255
FINISHED NOW!
logging to.../global/cscratch1/sd/huikong/obiwan_Aug/repos_for_docker/obiwan_out/elg_ngc_run/logs/152//more_rs0/log.1522p255
FINISHED NOW!
logging to.../global/cscratch1/sd/huikong/obiwan_Aug/repos_for_docker/obiwan_out/elg_ngc_run/logs/152//more_rs0/log.1524p255
FINISHED NOW!
logging to.../global/cscratch1/sd/huikong/obiwan_Aug/repos_for_docker/obiwan_out/elg_ngc_run/logs/152//more_rs0/log.1527p255
FINISHED NOW!
logging to.../global/cscratch1/sd/huikong/obiwan_Aug/repos_for_docker/obiwan_out/elg_ngc_run/logs/153//more_rs0/log.1530p255
FINISHED NOW!
logging to.../global/cscratch1/sd/huikong/obiwan_Aug/repos_for_docker/obiwan_out/elg_ngc_run/logs/153//more_rs0/log.1535p255
FINISHED NOW!
logging to.../global/cscratch1/sd/huikong/obiwan_Aug/repos_for_docker/obiwan_out/elg_ngc_run/logs/154//more_rs0/log.1541p255
FINISHED NOW!
logging to.../global/cscratch1/sd/huikong/obiwan_Aug/repos_for_docker/obiwan_out/elg_ngc_run/logs/154//more_rs0/log.1547p255
FINISHED NOW!
logging to.../global/cscratch1/sd/huikong/obiwan_Aug/repos_for_docker/obiwan_out/elg_ngc_run/logs/154//more_rs0/log.1549p255
FINISHED NOW!
logging to.../global/cscratch1/sd/huikong/obiwan_Aug/repos_for_docker/obiwan_out/elg_ngc_run/logs/155//more_rs0/log.1552p255
FINISHED NOW!
logging to.../global/cscratch1/sd/huikong/obiwan_Aug/repos_for_docker/obiwan_out/elg_ngc_run/logs/156//more_rs0/log.1566p255
FINISHED NOW!
logging to.../global/cscratch1/sd/huikong/obiwan_Aug/repos_for_docker/obiwan_out/elg_ngc_run/logs/132//more_rs0/log.1322p257
FINISHED NOW!
logging to.../global/cscratch1/sd/huikong/obiwan_Aug/repos_for_docker/obiwan_out/elg_ngc_run/logs/132//more_rs0/log.1325p257
FINISHED NOW!
logging to.../global/cscratch1/sd/huikong/obiwan_Aug/repos_for_docker/obiwan_out/elg_ngc_run/logs/133//more_rs0/log.1338p257
FINISHED NOW!
logging to.../global/cscratch1/sd/huikong/obiwan_Aug/repos_for_docker/obiwan_out/elg_ngc_run/logs/134//more_rs0/log.1341p257
FINISHED NOW!
logging to.../global/cscratch1/sd/huikong/obiwan_Aug/repos_for_docker/obiwan_out/elg_ngc_run/logs/136//more_rs0/log.1363p257
FINISHED NOW!
logging to.../global/cscratch1/sd/huikong/obiwan_Aug/repos_for_docker/obiwan_out/elg_ngc_run/logs/136//more_rs0/log.1366p257
FINISHED NOW!
logging to.../global/cscratch1/sd/huikong/obiwan_Aug/repos_for_docker/obiwan_out/elg_ngc_run/logs/137//more_rs0/log.1377p257
FINISHED NOW!
logging to.../global/cscratch1/sd/huikong/obiwan_Aug/repos_for_docker/obiwan_out/elg_ngc_run/logs/138//more_rs0/log.1380p257
FINISHED NOW!
logging to.../global/cscratch1/sd/huikong/obiwan_Aug/repos_for_docker/obiwan_out/elg_ngc_run/logs/138//more_rs0/log.1383p257
FINISHED NOW!
logging to.../global/cscratch1/sd/huikong/obiwan_Aug/repos_for_docker/obiwan_out/elg_ngc_run/logs/138//more_rs0/log.1386p257
slurmstepd: error: *** STEP 19564306.1 ON nid02079 CANCELLED AT 2019-03-08T02:40:55 DUE TO TIME LIMIT ***
srun: got SIGCONT
srun: forcing job termination
