srun: Job 20553512 step creation temporarily disabled, retrying
srun: Step created for job 20553512
logging to.../global/cscratch1/sd/huikong/obiwan_Aug/repos_for_docker/obiwan_out/elg_dr5_eboss/logs/131//rs0/log.1310p302
logging to.../global/cscratch1/sd/huikong/obiwan_Aug/repos_for_docker/obiwan_out/elg_dr5_eboss/logs/131//rs0/log.1310p290
logging to.../global/cscratch1/sd/huikong/obiwan_Aug/repos_for_docker/obiwan_out/elg_dr5_eboss/logs/130//rs0/log.1309p305
logging to.../global/cscratch1/sd/huikong/obiwan_Aug/repos_for_docker/obiwan_out/elg_dr5_eboss/logs/130//rs0/log.1308p317
logging to.../global/cscratch1/sd/huikong/obiwan_Aug/repos_for_docker/obiwan_out/elg_dr5_eboss/logs/131//rs0/log.1310p325
logging to.../global/cscratch1/sd/huikong/obiwan_Aug/repos_for_docker/obiwan_out/elg_dr5_eboss/logs/131//rs0/log.1311p317
FINISHED NOW!
logging to.../global/cscratch1/sd/huikong/obiwan_Aug/repos_for_docker/obiwan_out/elg_dr5_eboss/logs/131//rs0/log.1311p322
logging to.../global/cscratch1/sd/huikong/obiwan_Aug/repos_for_docker/obiwan_out/elg_dr5_eboss/logs/131//rs0/log.1312p305
FINISHED NOW!
FINISHED NOW!
logging to.../global/cscratch1/sd/huikong/obiwan_Aug/repos_for_docker/obiwan_out/elg_dr5_eboss/logs/131//rs0/log.1313p290
logging to.../global/cscratch1/sd/huikong/obiwan_Aug/repos_for_docker/obiwan_out/elg_dr5_eboss/logs/131//rs0/log.1313p302
FINISHED NOW!
FINISHED NOW!
logging to.../global/cscratch1/sd/huikong/obiwan_Aug/repos_for_docker/obiwan_out/elg_dr5_eboss/logs/131//rs0/log.1314p295
logging to.../global/cscratch1/sd/huikong/obiwan_Aug/repos_for_docker/obiwan_out/elg_dr5_eboss/logs/131//rs0/log.1313p325
FINISHED NOW!
logging to.../global/cscratch1/sd/huikong/obiwan_Aug/repos_for_docker/obiwan_out/elg_dr5_eboss/logs/131//rs0/log.1314p312
FINISHED NOW!
logging to.../global/cscratch1/sd/huikong/obiwan_Aug/repos_for_docker/obiwan_out/elg_dr5_eboss/logs/131//rs0/log.1314p317
FINISHED NOW!
logging to.../global/cscratch1/sd/huikong/obiwan_Aug/repos_for_docker/obiwan_out/elg_dr5_eboss/logs/131//rs0/log.1314p322
FINISHED NOW!
logging to.../global/cscratch1/sd/huikong/obiwan_Aug/repos_for_docker/obiwan_out/elg_dr5_eboss/logs/131//rs0/log.1315p297
FINISHED NOW!
logging to.../global/cscratch1/sd/huikong/obiwan_Aug/repos_for_docker/obiwan_out/elg_dr5_eboss/logs/131//rs0/log.1315p305
FINISHED NOW!
logging to.../global/cscratch1/sd/huikong/obiwan_Aug/repos_for_docker/obiwan_out/elg_dr5_eboss/logs/131//rs0/log.1316p290
FINISHED NOW!
logging to.../global/cscratch1/sd/huikong/obiwan_Aug/repos_for_docker/obiwan_out/elg_dr5_eboss/logs/131//rs0/log.1316p320
FINISHED NOW!
logging to.../global/cscratch1/sd/huikong/obiwan_Aug/repos_for_docker/obiwan_out/elg_dr5_eboss/logs/131//rs0/log.1317p292
FINISHED NOW!
FINISHED NOW!
logging to.../global/cscratch1/sd/huikong/obiwan_Aug/repos_for_docker/obiwan_out/elg_dr5_eboss/logs/131//rs0/log.1317p295
logging to.../global/cscratch1/sd/huikong/obiwan_Aug/repos_for_docker/obiwan_out/elg_dr5_eboss/logs/131//rs0/log.1317p300
FINISHED NOW!
logging to.../global/cscratch1/sd/huikong/obiwan_Aug/repos_for_docker/obiwan_out/elg_dr5_eboss/logs/131//rs0/log.1317p312
FINISHED NOW!
FINISHED NOW!
logging to.../global/cscratch1/sd/huikong/obiwan_Aug/repos_for_docker/obiwan_out/elg_dr5_eboss/logs/131//rs0/log.1317p317
logging to.../global/cscratch1/sd/huikong/obiwan_Aug/repos_for_docker/obiwan_out/elg_dr5_eboss/logs/131//rs0/log.1317p322
FINISHED NOW!
logging to.../global/cscratch1/sd/huikong/obiwan_Aug/repos_for_docker/obiwan_out/elg_dr5_eboss/logs/131//rs0/log.1318p297
FINISHED NOW!
FINISHED NOW!
logging to.../global/cscratch1/sd/huikong/obiwan_Aug/repos_for_docker/obiwan_out/elg_dr5_eboss/logs/131//rs0/log.1319p295
logging to.../global/cscratch1/sd/huikong/obiwan_Aug/repos_for_docker/obiwan_out/elg_dr5_eboss/logs/131//rs0/log.1318p305
FINISHED NOW!
logging to.../global/cscratch1/sd/huikong/obiwan_Aug/repos_for_docker/obiwan_out/elg_dr5_eboss/logs/131//rs0/log.1319p320
FINISHED NOW!
FINISHED NOW!
logging to.../global/cscratch1/sd/huikong/obiwan_Aug/repos_for_docker/obiwan_out/elg_dr5_eboss/logs/132//rs0/log.1320p292
logging to.../global/cscratch1/sd/huikong/obiwan_Aug/repos_for_docker/obiwan_out/elg_dr5_eboss/logs/132//rs0/log.1320p312
FINISHED NOW!
logging to.../global/cscratch1/sd/huikong/obiwan_Aug/repos_for_docker/obiwan_out/elg_dr5_eboss/logs/132//rs0/log.1320p317
FINISHED NOW!
logging to.../global/cscratch1/sd/huikong/obiwan_Aug/repos_for_docker/obiwan_out/elg_dr5_eboss/logs/132//rs0/log.1320p322
FINISHED NOW!
logging to.../global/cscratch1/sd/huikong/obiwan_Aug/repos_for_docker/obiwan_out/elg_dr5_eboss/logs/132//rs0/log.1321p297
FINISHED NOW!
logging to.../global/cscratch1/sd/huikong/obiwan_Aug/repos_for_docker/obiwan_out/elg_dr5_eboss/logs/132//rs0/log.1321p315
FINISHED NOW!
logging to.../global/cscratch1/sd/huikong/obiwan_Aug/repos_for_docker/obiwan_out/elg_dr5_eboss/logs/132//rs0/log.1322p295
FINISHED NOW!
logging to.../global/cscratch1/sd/huikong/obiwan_Aug/repos_for_docker/obiwan_out/elg_dr5_eboss/logs/132//rs0/log.1322p320
FINISHED NOW!
logging to.../global/cscratch1/sd/huikong/obiwan_Aug/repos_for_docker/obiwan_out/elg_dr5_eboss/logs/132//rs0/log.1323p292
FINISHED NOW!
logging to.../global/cscratch1/sd/huikong/obiwan_Aug/repos_for_docker/obiwan_out/elg_dr5_eboss/logs/132//rs0/log.1323p312
FINISHED NOW!
logging to.../global/cscratch1/sd/huikong/obiwan_Aug/repos_for_docker/obiwan_out/elg_dr5_eboss/logs/132//rs0/log.1323p317
FINISHED NOW!
logging to.../global/cscratch1/sd/huikong/obiwan_Aug/repos_for_docker/obiwan_out/elg_dr5_eboss/logs/132//rs0/log.1323p322
FINISHED NOW!
logging to.../global/cscratch1/sd/huikong/obiwan_Aug/repos_for_docker/obiwan_out/elg_dr5_eboss/logs/132//rs0/log.1324p302
FINISHED NOW!
logging to.../global/cscratch1/sd/huikong/obiwan_Aug/repos_for_docker/obiwan_out/elg_dr5_eboss/logs/132//rs0/log.1324p315
FINISHED NOW!
logging to.../global/cscratch1/sd/huikong/obiwan_Aug/repos_for_docker/obiwan_out/elg_dr5_eboss/logs/132//rs0/log.1325p290
FINISHED NOW!
logging to.../global/cscratch1/sd/huikong/obiwan_Aug/repos_for_docker/obiwan_out/elg_dr5_eboss/logs/132//rs0/log.1325p307
FINISHED NOW!
logging to.../global/cscratch1/sd/huikong/obiwan_Aug/repos_for_docker/obiwan_out/elg_dr5_eboss/logs/132//rs0/log.1325p312
FINISHED NOW!
logging to.../global/cscratch1/sd/huikong/obiwan_Aug/repos_for_docker/obiwan_out/elg_dr5_eboss/logs/132//rs0/log.1326p292
FINISHED NOW!
logging to.../global/cscratch1/sd/huikong/obiwan_Aug/repos_for_docker/obiwan_out/elg_dr5_eboss/logs/132//rs0/log.1326p300
FINISHED NOW!
logging to.../global/cscratch1/sd/huikong/obiwan_Aug/repos_for_docker/obiwan_out/elg_dr5_eboss/logs/132//rs0/log.1326p310
FINISHED NOW!
logging to.../global/cscratch1/sd/huikong/obiwan_Aug/repos_for_docker/obiwan_out/elg_dr5_eboss/logs/132//rs0/log.1327p302
FINISHED NOW!
logging to.../global/cscratch1/sd/huikong/obiwan_Aug/repos_for_docker/obiwan_out/elg_dr5_eboss/logs/132//rs0/log.1327p315
FINISHED NOW!
logging to.../global/cscratch1/sd/huikong/obiwan_Aug/repos_for_docker/obiwan_out/elg_dr5_eboss/logs/132//rs0/log.1329p292
FINISHED NOW!
logging to.../global/cscratch1/sd/huikong/obiwan_Aug/repos_for_docker/obiwan_out/elg_dr5_eboss/logs/133//rs0/log.1330p315
FINISHED NOW!
logging to.../global/cscratch1/sd/huikong/obiwan_Aug/repos_for_docker/obiwan_out/elg_dr5_eboss/logs/133//rs0/log.1332p292
FINISHED NOW!
logging to.../global/cscratch1/sd/huikong/obiwan_Aug/repos_for_docker/obiwan_out/elg_dr5_eboss/logs/133//rs0/log.1332p297
FINISHED NOW!
logging to.../global/cscratch1/sd/huikong/obiwan_Aug/repos_for_docker/obiwan_out/elg_dr5_eboss/logs/133//rs0/log.1332p305
FINISHED NOW!
logging to.../global/cscratch1/sd/huikong/obiwan_Aug/repos_for_docker/obiwan_out/elg_dr5_eboss/logs/133//rs0/log.1332p317
FINISHED NOW!
logging to.../global/cscratch1/sd/huikong/obiwan_Aug/repos_for_docker/obiwan_out/elg_dr5_eboss/logs/133//rs0/log.1333p315
FINISHED NOW!
logging to.../global/cscratch1/sd/huikong/obiwan_Aug/repos_for_docker/obiwan_out/elg_dr5_eboss/logs/133//rs0/log.1333p320
FINISHED NOW!
logging to.../global/cscratch1/sd/huikong/obiwan_Aug/repos_for_docker/obiwan_out/elg_dr5_eboss/logs/133//rs0/log.1334p295
FINISHED NOW!
logging to.../global/cscratch1/sd/huikong/obiwan_Aug/repos_for_docker/obiwan_out/elg_dr5_eboss/logs/133//rs0/log.1334p307
FINISHED NOW!
logging to.../global/cscratch1/sd/huikong/obiwan_Aug/repos_for_docker/obiwan_out/elg_dr5_eboss/logs/133//rs0/log.1334p325
FINISHED NOW!
logging to.../global/cscratch1/sd/huikong/obiwan_Aug/repos_for_docker/obiwan_out/elg_dr5_eboss/logs/133//rs0/log.1335p297
FINISHED NOW!
logging to.../global/cscratch1/sd/huikong/obiwan_Aug/repos_for_docker/obiwan_out/elg_dr5_eboss/logs/133//rs0/log.1335p305
FINISHED NOW!
logging to.../global/cscratch1/sd/huikong/obiwan_Aug/repos_for_docker/obiwan_out/elg_dr5_eboss/logs/133//rs0/log.1336p302
FINISHED NOW!
logging to.../global/cscratch1/sd/huikong/obiwan_Aug/repos_for_docker/obiwan_out/elg_dr5_eboss/logs/133//rs0/log.1336p307
FINISHED NOW!
logging to.../global/cscratch1/sd/huikong/obiwan_Aug/repos_for_docker/obiwan_out/elg_dr5_eboss/logs/133//rs0/log.1336p315
FINISHED NOW!
logging to.../global/cscratch1/sd/huikong/obiwan_Aug/repos_for_docker/obiwan_out/elg_dr5_eboss/logs/133//rs0/log.1336p320
FINISHED NOW!
logging to.../global/cscratch1/sd/huikong/obiwan_Aug/repos_for_docker/obiwan_out/elg_dr5_eboss/logs/133//rs0/log.1337p295
FINISHED NOW!
logging to.../global/cscratch1/sd/huikong/obiwan_Aug/repos_for_docker/obiwan_out/elg_dr5_eboss/logs/133//rs0/log.1337p300
FINISHED NOW!
logging to.../global/cscratch1/sd/huikong/obiwan_Aug/repos_for_docker/obiwan_out/elg_dr5_eboss/logs/133//rs0/log.1337p325
FINISHED NOW!
logging to.../global/cscratch1/sd/huikong/obiwan_Aug/repos_for_docker/obiwan_out/elg_dr5_eboss/logs/133//rs0/log.1338p297
FINISHED NOW!
logging to.../global/cscratch1/sd/huikong/obiwan_Aug/repos_for_docker/obiwan_out/elg_dr5_eboss/logs/133//rs0/log.1338p322
FINISHED NOW!
logging to.../global/cscratch1/sd/huikong/obiwan_Aug/repos_for_docker/obiwan_out/elg_dr5_eboss/logs/133//rs0/log.1339p295
FINISHED NOW!
FINISHED NOW!
logging to.../global/cscratch1/sd/huikong/obiwan_Aug/repos_for_docker/obiwan_out/elg_dr5_eboss/logs/133//rs0/log.1339p302
logging to.../global/cscratch1/sd/huikong/obiwan_Aug/repos_for_docker/obiwan_out/elg_dr5_eboss/logs/133//rs0/log.1339p307
FINISHED NOW!
FINISHED NOW!
logging to.../global/cscratch1/sd/huikong/obiwan_Aug/repos_for_docker/obiwan_out/elg_dr5_eboss/logs/133//rs0/log.1339p315
FINISHED NOW!
logging to.../global/cscratch1/sd/huikong/obiwan_Aug/repos_for_docker/obiwan_out/elg_dr5_eboss/logs/133//rs0/log.1339p320
logging to.../global/cscratch1/sd/huikong/obiwan_Aug/repos_for_docker/obiwan_out/elg_dr5_eboss/logs/134//rs0/log.1340p300
FINISHED NOW!
logging to.../global/cscratch1/sd/huikong/obiwan_Aug/repos_for_docker/obiwan_out/elg_dr5_eboss/logs/134//rs0/log.1340p325
FINISHED NOW!
FINISHED NOW!
logging to.../global/cscratch1/sd/huikong/obiwan_Aug/repos_for_docker/obiwan_out/elg_dr5_eboss/logs/134//rs0/log.1341p297
logging to.../global/cscratch1/sd/huikong/obiwan_Aug/repos_for_docker/obiwan_out/elg_dr5_eboss/logs/134//rs0/log.1341p315
FINISHED NOW!
FINISHED NOW!
FINISHED NOW!
logging to.../global/cscratch1/sd/huikong/obiwan_Aug/repos_for_docker/obiwan_out/elg_dr5_eboss/logs/134//rs0/log.1342p290
FINISHED NOW!
logging to.../global/cscratch1/sd/huikong/obiwan_Aug/repos_for_docker/obiwan_out/elg_dr5_eboss/logs/134//rs0/log.1341p322
logging to.../global/cscratch1/sd/huikong/obiwan_Aug/repos_for_docker/obiwan_out/elg_dr5_eboss/logs/134//rs0/log.1341p317
logging to.../global/cscratch1/sd/huikong/obiwan_Aug/repos_for_docker/obiwan_out/elg_dr5_eboss/logs/134//rs0/log.1342p295
FINISHED NOW!
logging to.../global/cscratch1/sd/huikong/obiwan_Aug/repos_for_docker/obiwan_out/elg_dr5_eboss/logs/134//rs0/log.1342p302
FINISHED NOW!
logging to.../global/cscratch1/sd/huikong/obiwan_Aug/repos_for_docker/obiwan_out/elg_dr5_eboss/logs/134//rs0/log.1342p307
FINISHED NOW!
logging to.../global/cscratch1/sd/huikong/obiwan_Aug/repos_for_docker/obiwan_out/elg_dr5_eboss/logs/134//rs0/log.1343p300
FINISHED NOW!
logging to.../global/cscratch1/sd/huikong/obiwan_Aug/repos_for_docker/obiwan_out/elg_dr5_eboss/logs/134//rs0/log.1343p325
FINISHED NOW!
logging to.../global/cscratch1/sd/huikong/obiwan_Aug/repos_for_docker/obiwan_out/elg_dr5_eboss/logs/134//rs0/log.1344p302
FINISHED NOW!
logging to.../global/cscratch1/sd/huikong/obiwan_Aug/repos_for_docker/obiwan_out/elg_dr5_eboss/logs/134//rs0/log.1344p317
FINISHED NOW!
FINISHED NOW!
logging to.../global/cscratch1/sd/huikong/obiwan_Aug/repos_for_docker/obiwan_out/elg_dr5_eboss/logs/134//rs0/log.1345p290
logging to.../global/cscratch1/sd/huikong/obiwan_Aug/repos_for_docker/obiwan_out/elg_dr5_eboss/logs/134//rs0/log.1345p307
FINISHED NOW!
logging to.../global/cscratch1/sd/huikong/obiwan_Aug/repos_for_docker/obiwan_out/elg_dr5_eboss/logs/134//rs0/log.1347p302
FINISHED NOW!
logging to.../global/cscratch1/sd/huikong/obiwan_Aug/repos_for_docker/obiwan_out/elg_dr5_eboss/logs/134//rs0/log.1347p305
FINISHED NOW!
logging to.../global/cscratch1/sd/huikong/obiwan_Aug/repos_for_docker/obiwan_out/elg_dr5_eboss/logs/134//rs0/log.1347p317
FINISHED NOW!
logging to.../global/cscratch1/sd/huikong/obiwan_Aug/repos_for_docker/obiwan_out/elg_dr5_eboss/logs/134//rs0/log.1349p292
FINISHED NOW!
logging to.../global/cscratch1/sd/huikong/obiwan_Aug/repos_for_docker/obiwan_out/elg_dr5_eboss/logs/135//rs0/log.1350p302
FINISHED NOW!
logging to.../global/cscratch1/sd/huikong/obiwan_Aug/repos_for_docker/obiwan_out/elg_dr5_eboss/logs/135//rs0/log.1350p305
FINISHED NOW!
logging to.../global/cscratch1/sd/huikong/obiwan_Aug/repos_for_docker/obiwan_out/elg_dr5_eboss/logs/135//rs0/log.1351p295
FINISHED NOW!
logging to.../global/cscratch1/sd/huikong/obiwan_Aug/repos_for_docker/obiwan_out/elg_dr5_eboss/logs/135//rs0/log.1352p300
FINISHED NOW!
logging to.../global/cscratch1/sd/huikong/obiwan_Aug/repos_for_docker/obiwan_out/elg_dr5_eboss/logs/135//rs0/log.1352p305
FINISHED NOW!
logging to.../global/cscratch1/sd/huikong/obiwan_Aug/repos_for_docker/obiwan_out/elg_dr5_eboss/logs/135//rs0/log.1352p310
FINISHED NOW!
logging to.../global/cscratch1/sd/huikong/obiwan_Aug/repos_for_docker/obiwan_out/elg_dr5_eboss/logs/135//rs0/log.1352p322
FINISHED NOW!
logging to.../global/cscratch1/sd/huikong/obiwan_Aug/repos_for_docker/obiwan_out/elg_dr5_eboss/logs/135//rs0/log.1353p302
FINISHED NOW!
logging to.../global/cscratch1/sd/huikong/obiwan_Aug/repos_for_docker/obiwan_out/elg_dr5_eboss/logs/135//rs0/log.1354p295
FINISHED NOW!
logging to.../global/cscratch1/sd/huikong/obiwan_Aug/repos_for_docker/obiwan_out/elg_dr5_eboss/logs/135//rs0/log.1354p307
FINISHED NOW!
logging to.../global/cscratch1/sd/huikong/obiwan_Aug/repos_for_docker/obiwan_out/elg_dr5_eboss/logs/135//rs0/log.1355p300
FINISHED NOW!
logging to.../global/cscratch1/sd/huikong/obiwan_Aug/repos_for_docker/obiwan_out/elg_dr5_eboss/logs/135//rs0/log.1355p305
FINISHED NOW!
logging to.../global/cscratch1/sd/huikong/obiwan_Aug/repos_for_docker/obiwan_out/elg_dr5_eboss/logs/135//rs0/log.1355p310
FINISHED NOW!
logging to.../global/cscratch1/sd/huikong/obiwan_Aug/repos_for_docker/obiwan_out/elg_dr5_eboss/logs/135//rs0/log.1355p317
FINISHED NOW!
logging to.../global/cscratch1/sd/huikong/obiwan_Aug/repos_for_docker/obiwan_out/elg_dr5_eboss/logs/135//rs0/log.1355p322
FINISHED NOW!
logging to.../global/cscratch1/sd/huikong/obiwan_Aug/repos_for_docker/obiwan_out/elg_dr5_eboss/logs/135//rs0/log.1356p302
FINISHED NOW!
logging to.../global/cscratch1/sd/huikong/obiwan_Aug/repos_for_docker/obiwan_out/elg_dr5_eboss/logs/135//rs0/log.1357p292
FINISHED NOW!
logging to.../global/cscratch1/sd/huikong/obiwan_Aug/repos_for_docker/obiwan_out/elg_dr5_eboss/logs/135//rs0/log.1357p295
FINISHED NOW!
logging to.../global/cscratch1/sd/huikong/obiwan_Aug/repos_for_docker/obiwan_out/elg_dr5_eboss/logs/135//rs0/log.1357p300
FINISHED NOW!
logging to.../global/cscratch1/sd/huikong/obiwan_Aug/repos_for_docker/obiwan_out/elg_dr5_eboss/logs/135//rs0/log.1358p297
FINISHED NOW!
logging to.../global/cscratch1/sd/huikong/obiwan_Aug/repos_for_docker/obiwan_out/elg_dr5_eboss/logs/135//rs0/log.1358p310
FINISHED NOW!
FINISHED NOW!
logging to.../global/cscratch1/sd/huikong/obiwan_Aug/repos_for_docker/obiwan_out/elg_dr5_eboss/logs/135//rs0/log.1358p317
logging to.../global/cscratch1/sd/huikong/obiwan_Aug/repos_for_docker/obiwan_out/elg_dr5_eboss/logs/135//rs0/log.1358p322
FINISHED NOW!
logging to.../global/cscratch1/sd/huikong/obiwan_Aug/repos_for_docker/obiwan_out/elg_dr5_eboss/logs/135//rs0/log.1359p290
FINISHED NOW!
FINISHED NOW!
logging to.../global/cscratch1/sd/huikong/obiwan_Aug/repos_for_docker/obiwan_out/elg_dr5_eboss/logs/135//rs0/log.1359p302
logging to.../global/cscratch1/sd/huikong/obiwan_Aug/repos_for_docker/obiwan_out/elg_dr5_eboss/logs/136//rs0/log.1360p292
FINISHED NOW!
logging to.../global/cscratch1/sd/huikong/obiwan_Aug/repos_for_docker/obiwan_out/elg_dr5_eboss/logs/136//rs0/log.1360p320
FINISHED NOW!
logging to.../global/cscratch1/sd/huikong/obiwan_Aug/repos_for_docker/obiwan_out/elg_dr5_eboss/logs/136//rs0/log.1361p297
FINISHED NOW!
logging to.../global/cscratch1/sd/huikong/obiwan_Aug/repos_for_docker/obiwan_out/elg_dr5_eboss/logs/136//rs0/log.1361p310
FINISHED NOW!
logging to.../global/cscratch1/sd/huikong/obiwan_Aug/repos_for_docker/obiwan_out/elg_dr5_eboss/logs/136//rs0/log.1361p317
FINISHED NOW!
I am  nid00713 rank 0 (total 8)
Master: slave finished is task and says "I completed my task (4)"
Master: slave finished is task and says "I completed my task (1)"
Master: slave finished is task and says "I completed my task (5)"
Master: slave finished is task and says "I completed my task (0)"
Master: slave finished is task and says "I completed my task (6)"
Master: slave finished is task and says "I completed my task (10)"
Master: slave finished is task and says "I completed my task (3)"
Master: slave finished is task and says "I completed my task (7)"
Master: slave finished is task and says "I completed my task (9)"
Master: slave finished is task and says "I completed my task (11)"
Master: slave finished is task and says "I completed my task (12)"
Master: slave finished is task and says "I completed my task (13)"
Master: slave finished is task and says "I completed my task (14)"
Master: slave finished is task and says "I completed my task (15)"
Master: slave finished is task and says "I completed my task (16)"
Master: slave finished is task and says "I completed my task (18)"
Master: slave finished is task and says "I completed my task (20)"
Master: slave finished is task and says "I completed my task (21)"
Master: slave finished is task and says "I completed my task (22)"
Master: slave finished is task and says "I completed my task (23)"
Master: slave finished is task and says "I completed my task (24)"
Master: slave finished is task and says "I completed my task (25)"
Master: slave finished is task and says "I completed my task (26)"
Master: slave finished is task and says "I completed my task (27)"
Master: slave finished is task and says "I completed my task (28)"
Master: slave finished is task and says "I completed my task (30)"
Master: slave finished is task and says "I completed my task (31)"
Master: slave finished is task and says "I completed my task (32)"
Master: slave finished is task and says "I completed my task (33)"
Master: slave finished is task and says "I completed my task (34)"
Master: slave finished is task and says "I completed my task (35)"
Master: slave finished is task and says "I completed my task (36)"
Master: slave finished is task and says "I completed my task (38)"
Master: slave finished is task and says "I completed my task (39)"
Master: slave finished is task and says "I completed my task (40)"
Master: slave finished is task and says "I completed my task (41)"
Master: slave finished is task and says "I completed my task (42)"
Master: slave finished is task and says "I completed my task (29)"
Master: slave finished is task and says "I completed my task (44)"
Master: slave finished is task and says "I completed my task (45)"
Master: slave finished is task and says "I completed my task (19)"
Master: slave finished is task and says "I completed my task (47)"
Master: slave finished is task and says "I completed my task (48)"
Master: slave finished is task and says "I completed my task (49)"
Master: slave finished is task and says "I completed my task (37)"
Master: slave finished is task and says "I completed my task (50)"
Master: slave finished is task and says "I completed my task (52)"
Master: slave finished is task and says "I completed my task (46)"
Master: slave finished is task and says "I completed my task (17)"
Master: slave finished is task and says "I completed my task (54)"
Master: slave finished is task and says "I completed my task (55)"
Master: slave finished is task and says "I completed my task (56)"
Master: slave finished is task and says "I completed my task (57)"
Master: slave finished is task and says "I completed my task (58)"
Master: slave finished is task and says "I completed my task (59)"
Master: slave finished is task and says "I completed my task (60)"
Master: slave finished is task and says "I completed my task (61)"
Master: slave finished is task and says "I completed my task (62)"
Master: slave finished is task and says "I completed my task (63)"
Master: slave finished is task and says "I completed my task (64)"
Master: slave finished is task and says "I completed my task (43)"
Master: slave finished is task and says "I completed my task (65)"
Master: slave finished is task and says "I completed my task (66)"
Master: slave finished is task and says "I completed my task (67)"
Master: slave finished is task and says "I completed my task (68)"
Master: slave finished is task and says "I completed my task (69)"
Master: slave finished is task and says "I completed my task (70)"
Master: slave finished is task and says "I completed my task (71)"
Master: slave finished is task and says "I completed my task (8)"
Master: slave finished is task and says "I completed my task (2)"
Master: slave finished is task and says "I completed my task (51)"
Master: slave finished is task and says "I completed my task (72)"
Master: slave finished is task and says "I completed my task (73)"
Master: slave finished is task and says "I completed my task (74)"
Master: slave finished is task and says "I completed my task (75)"
Master: slave finished is task and says "I completed my task (76)"
Master: slave finished is task and says "I completed my task (77)"
Master: slave finished is task and says "I completed my task (78)"
Master: slave finished is task and says "I completed my task (79)"
Master: slave finished is task and says "I completed my task (81)"
Master: slave finished is task and says "I completed my task (80)"
Master: slave finished is task and says "I completed my task (86)"
Master: slave finished is task and says "I completed my task (82)"
Master: slave finished is task and says "I completed my task (83)"
Master: slave finished is task and says "I completed my task (85)"
Master: slave finished is task and says "I completed my task (88)"
Master: slave finished is task and says "I completed my task (87)"
Master: slave finished is task and says "I completed my task (53)"
Master: slave finished is task and says "I completed my task (89)"
Master: slave finished is task and says "I completed my task (90)"
Master: slave finished is task and says "I completed my task (91)"
Master: slave finished is task and says "I completed my task (93)"
Master: slave finished is task and says "I completed my task (94)"
Master: slave finished is task and says "I completed my task (95)"
Master: slave finished is task and says "I completed my task (96)"
Master: slave finished is task and says "I completed my task (98)"
Master: slave finished is task and says "I completed my task (99)"
Master: slave finished is task and says "I completed my task (100)"
Master: slave finished is task and says "I completed my task (101)"
Master: slave finished is task and says "I completed my task (102)"
Master: slave finished is task and says "I completed my task (103)"
Master: slave finished is task and says "I completed my task (104)"
Master: slave finished is task and says "I completed my task (105)"
Master: slave finished is task and says "I completed my task (106)"
Master: slave finished is task and says "I completed my task (107)"
Master: slave finished is task and says "I completed my task (108)"
Master: slave finished is task and says "I completed my task (109)"
Master: slave finished is task and says "I completed my task (110)"
Master: slave finished is task and says "I completed my task (111)"
Master: slave finished is task and says "I completed my task (113)"
Master: slave finished is task and says "I completed my task (112)"
Master: slave finished is task and says "I completed my task (115)"
Master: slave finished is task and says "I completed my task (116)"
Master: slave finished is task and says "I completed my task (117)"
Master: slave finished is task and says "I completed my task (118)"
Master: slave finished is task and says "I completed my task (119)"
Master: slave finished is task and says "I completed my task (120)"
Master: slave finished is task and says "I completed my task (122)"
Master: slave finished is task and says "I completed my task (124)"
Master: slave finished is task and says "I completed my task (125)"
Master: slave finished is task and says "I completed my task (126)"
logging to.../global/cscratch1/sd/huikong/obiwan_Aug/repos_for_docker/obiwan_out/elg_dr5_eboss/logs/136//rs0/log.1361p322
FINISHED NOW!
logging to.../global/cscratch1/sd/huikong/obiwan_Aug/repos_for_docker/obiwan_out/elg_dr5_eboss/logs/136//rs0/log.1361p325
FINISHED NOW!
logging to.../global/cscratch1/sd/huikong/obiwan_Aug/repos_for_docker/obiwan_out/elg_dr5_eboss/logs/136//rs0/log.1362p302
FINISHED NOW!
logging to.../global/cscratch1/sd/huikong/obiwan_Aug/repos_for_docker/obiwan_out/elg_dr5_eboss/logs/136//rs0/log.1363p292
FINISHED NOW!
logging to.../global/cscratch1/sd/huikong/obiwan_Aug/repos_for_docker/obiwan_out/elg_dr5_eboss/logs/136//rs0/log.1363p320
FINISHED NOW!
logging to.../global/cscratch1/sd/huikong/obiwan_Aug/repos_for_docker/obiwan_out/elg_dr5_eboss/logs/136//rs0/log.1364p297
FINISHED NOW!
logging to.../global/cscratch1/sd/huikong/obiwan_Aug/repos_for_docker/obiwan_out/elg_dr5_eboss/logs/136//rs0/log.1364p317
FINISHED NOW!
logging to.../global/cscratch1/sd/huikong/obiwan_Aug/repos_for_docker/obiwan_out/elg_dr5_eboss/logs/136//rs0/log.1365p295
FINISHED NOW!
logging to.../global/cscratch1/sd/huikong/obiwan_Aug/repos_for_docker/obiwan_out/elg_dr5_eboss/logs/136//rs0/log.1365p307
FINISHED NOW!
FINISHED NOW!
logging to.../global/cscratch1/sd/huikong/obiwan_Aug/repos_for_docker/obiwan_out/elg_dr5_eboss/logs/136//rs0/log.1365p315
logging to.../global/cscratch1/sd/huikong/obiwan_Aug/repos_for_docker/obiwan_out/elg_dr5_eboss/logs/136//rs0/log.1366p292
FINISHED NOW!
logging to.../global/cscratch1/sd/huikong/obiwan_Aug/repos_for_docker/obiwan_out/elg_dr5_eboss/logs/136//rs0/log.1366p320
FINISHED NOW!
logging to.../global/cscratch1/sd/huikong/obiwan_Aug/repos_for_docker/obiwan_out/elg_dr5_eboss/logs/136//rs0/log.1367p297
FINISHED NOW!
logging to.../global/cscratch1/sd/huikong/obiwan_Aug/repos_for_docker/obiwan_out/elg_dr5_eboss/logs/136//rs0/log.1367p305
FINISHED NOW!
logging to.../global/cscratch1/sd/huikong/obiwan_Aug/repos_for_docker/obiwan_out/elg_dr5_eboss/logs/136//rs0/log.1367p317
FINISHED NOW!
logging to.../global/cscratch1/sd/huikong/obiwan_Aug/repos_for_docker/obiwan_out/elg_dr5_eboss/logs/136//rs0/log.1368p295
FINISHED NOW!
logging to.../global/cscratch1/sd/huikong/obiwan_Aug/repos_for_docker/obiwan_out/elg_dr5_eboss/logs/136//rs0/log.1368p307
FINISHED NOW!
logging to.../global/cscratch1/sd/huikong/obiwan_Aug/repos_for_docker/obiwan_out/elg_dr5_eboss/logs/136//rs0/log.1368p315
FINISHED NOW!
logging to.../global/cscratch1/sd/huikong/obiwan_Aug/repos_for_docker/obiwan_out/elg_dr5_eboss/logs/136//rs0/log.1369p320
FINISHED NOW!
logging to.../global/cscratch1/sd/huikong/obiwan_Aug/repos_for_docker/obiwan_out/elg_dr5_eboss/logs/136//rs0/log.1369p325
FINISHED NOW!
logging to.../global/cscratch1/sd/huikong/obiwan_Aug/repos_for_docker/obiwan_out/elg_dr5_eboss/logs/137//rs0/log.1370p302
FINISHED NOW!
logging to.../global/cscratch1/sd/huikong/obiwan_Aug/repos_for_docker/obiwan_out/elg_dr5_eboss/logs/137//rs0/log.1370p305
FINISHED NOW!
logging to.../global/cscratch1/sd/huikong/obiwan_Aug/repos_for_docker/obiwan_out/elg_dr5_eboss/logs/137//rs0/log.1371p295
FINISHED NOW!
logging to.../global/cscratch1/sd/huikong/obiwan_Aug/repos_for_docker/obiwan_out/elg_dr5_eboss/logs/137//rs0/log.1371p307
FINISHED NOW!
logging to.../global/cscratch1/sd/huikong/obiwan_Aug/repos_for_docker/obiwan_out/elg_dr5_eboss/logs/137//rs0/log.1372p320
FINISHED NOW!
logging to.../global/cscratch1/sd/huikong/obiwan_Aug/repos_for_docker/obiwan_out/elg_dr5_eboss/logs/137//rs0/log.1373p302
FINISHED NOW!
logging to.../global/cscratch1/sd/huikong/obiwan_Aug/repos_for_docker/obiwan_out/elg_dr5_eboss/logs/137//rs0/log.1373p305
FINISHED NOW!
logging to.../global/cscratch1/sd/huikong/obiwan_Aug/repos_for_docker/obiwan_out/elg_dr5_eboss/logs/137//rs0/log.1373p310
FINISHED NOW!
logging to.../global/cscratch1/sd/huikong/obiwan_Aug/repos_for_docker/obiwan_out/elg_dr5_eboss/logs/137//rs0/log.1374p295
FINISHED NOW!
FINISHED NOW!
logging to.../global/cscratch1/sd/huikong/obiwan_Aug/repos_for_docker/obiwan_out/elg_dr5_eboss/logs/137//rs0/log.1374p307
logging to.../global/cscratch1/sd/huikong/obiwan_Aug/repos_for_docker/obiwan_out/elg_dr5_eboss/logs/137//rs0/log.1375p292
FINISHED NOW!
logging to.../global/cscratch1/sd/huikong/obiwan_Aug/repos_for_docker/obiwan_out/elg_dr5_eboss/logs/137//rs0/log.1375p312
FINISHED NOW!
logging to.../global/cscratch1/sd/huikong/obiwan_Aug/repos_for_docker/obiwan_out/elg_dr5_eboss/logs/137//rs0/log.1376p290
FINISHED NOW!
logging to.../global/cscratch1/sd/huikong/obiwan_Aug/repos_for_docker/obiwan_out/elg_dr5_eboss/logs/137//rs0/log.1376p302
FINISHED NOW!
logging to.../global/cscratch1/sd/huikong/obiwan_Aug/repos_for_docker/obiwan_out/elg_dr5_eboss/logs/137//rs0/log.1376p305
FINISHED NOW!
logging to.../global/cscratch1/sd/huikong/obiwan_Aug/repos_for_docker/obiwan_out/elg_dr5_eboss/logs/137//rs0/log.1376p310
FINISHED NOW!
logging to.../global/cscratch1/sd/huikong/obiwan_Aug/repos_for_docker/obiwan_out/elg_dr5_eboss/logs/137//rs0/log.1377p292
FINISHED NOW!
FINISHED NOW!
logging to.../global/cscratch1/sd/huikong/obiwan_Aug/repos_for_docker/obiwan_out/elg_dr5_eboss/logs/137//rs0/log.1377p295
logging to.../global/cscratch1/sd/huikong/obiwan_Aug/repos_for_docker/obiwan_out/elg_dr5_eboss/logs/137//rs0/log.1377p307
FINISHED NOW!
logging to.../global/cscratch1/sd/huikong/obiwan_Aug/repos_for_docker/obiwan_out/elg_dr5_eboss/logs/137//rs0/log.1378p300
FINISHED NOW!
logging to.../global/cscratch1/sd/huikong/obiwan_Aug/repos_for_docker/obiwan_out/elg_dr5_eboss/logs/137//rs0/log.1378p305
FINISHED NOW!
logging to.../global/cscratch1/sd/huikong/obiwan_Aug/repos_for_docker/obiwan_out/elg_dr5_eboss/logs/137//rs0/log.1378p312
FINISHED NOW!
logging to.../global/cscratch1/sd/huikong/obiwan_Aug/repos_for_docker/obiwan_out/elg_dr5_eboss/logs/137//rs0/log.1379p290
FINISHED NOW!
logging to.../global/cscratch1/sd/huikong/obiwan_Aug/repos_for_docker/obiwan_out/elg_dr5_eboss/logs/137//rs0/log.1379p302
FINISHED NOW!
logging to.../global/cscratch1/sd/huikong/obiwan_Aug/repos_for_docker/obiwan_out/elg_dr5_eboss/logs/137//rs0/log.1379p310
FINISHED NOW!
logging to.../global/cscratch1/sd/huikong/obiwan_Aug/repos_for_docker/obiwan_out/elg_dr5_eboss/logs/137//rs0/log.1379p317
FINISHED NOW!
logging to.../global/cscratch1/sd/huikong/obiwan_Aug/repos_for_docker/obiwan_out/elg_dr5_eboss/logs/138//rs0/log.1380p292
FINISHED NOW!
logging to.../global/cscratch1/sd/huikong/obiwan_Aug/repos_for_docker/obiwan_out/elg_dr5_eboss/logs/138//rs0/log.1380p307
FINISHED NOW!
logging to.../global/cscratch1/sd/huikong/obiwan_Aug/repos_for_docker/obiwan_out/elg_dr5_eboss/logs/138//rs0/log.1380p315
FINISHED NOW!
logging to.../global/cscratch1/sd/huikong/obiwan_Aug/repos_for_docker/obiwan_out/elg_dr5_eboss/logs/138//rs0/log.1381p305
FINISHED NOW!
logging to.../global/cscratch1/sd/huikong/obiwan_Aug/repos_for_docker/obiwan_out/elg_dr5_eboss/logs/138//rs0/log.1381p312
FINISHED NOW!
logging to.../global/cscratch1/sd/huikong/obiwan_Aug/repos_for_docker/obiwan_out/elg_dr5_eboss/logs/138//rs0/log.1382p310
FINISHED NOW!
logging to.../global/cscratch1/sd/huikong/obiwan_Aug/repos_for_docker/obiwan_out/elg_dr5_eboss/logs/138//rs0/log.1382p315
FINISHED NOW!
logging to.../global/cscratch1/sd/huikong/obiwan_Aug/repos_for_docker/obiwan_out/elg_dr5_eboss/logs/138//rs0/log.1382p317
FINISHED NOW!
logging to.../global/cscratch1/sd/huikong/obiwan_Aug/repos_for_docker/obiwan_out/elg_dr5_eboss/logs/138//rs0/log.1383p307
FINISHED NOW!
logging to.../global/cscratch1/sd/huikong/obiwan_Aug/repos_for_docker/obiwan_out/elg_dr5_eboss/logs/138//rs0/log.1384p305
FINISHED NOW!
logging to.../global/cscratch1/sd/huikong/obiwan_Aug/repos_for_docker/obiwan_out/elg_dr5_eboss/logs/138//rs0/log.1384p310
FINISHED NOW!
logging to.../global/cscratch1/sd/huikong/obiwan_Aug/repos_for_docker/obiwan_out/elg_dr5_eboss/logs/138//rs0/log.1385p295
FINISHED NOW!
logging to.../global/cscratch1/sd/huikong/obiwan_Aug/repos_for_docker/obiwan_out/elg_dr5_eboss/logs/138//rs0/log.1385p315
FINISHED NOW!
logging to.../global/cscratch1/sd/huikong/obiwan_Aug/repos_for_docker/obiwan_out/elg_dr5_eboss/logs/138//rs0/log.1385p322
FINISHED NOW!
logging to.../global/cscratch1/sd/huikong/obiwan_Aug/repos_for_docker/obiwan_out/elg_dr5_eboss/logs/138//rs0/log.1386p307
FINISHED NOW!
FINISHED NOW!
logging to.../global/cscratch1/sd/huikong/obiwan_Aug/repos_for_docker/obiwan_out/elg_dr5_eboss/logs/138//rs0/log.1387p305
logging to.../global/cscratch1/sd/huikong/obiwan_Aug/repos_for_docker/obiwan_out/elg_dr5_eboss/logs/138//rs0/log.1387p297
FINISHED NOW!
FINISHED NOW!
logging to.../global/cscratch1/sd/huikong/obiwan_Aug/repos_for_docker/obiwan_out/elg_dr5_eboss/logs/138//rs0/log.1387p310
logging to.../global/cscratch1/sd/huikong/obiwan_Aug/repos_for_docker/obiwan_out/elg_dr5_eboss/logs/138//rs0/log.1388p315
FINISHED NOW!
FINISHED NOW!
logging to.../global/cscratch1/sd/huikong/obiwan_Aug/repos_for_docker/obiwan_out/elg_dr5_eboss/logs/138//rs0/log.1388p322
logging to.../global/cscratch1/sd/huikong/obiwan_Aug/repos_for_docker/obiwan_out/elg_dr5_eboss/logs/138//rs0/log.1389p292
FINISHED NOW!
logging to.../global/cscratch1/sd/huikong/obiwan_Aug/repos_for_docker/obiwan_out/elg_dr5_eboss/logs/139//rs0/log.1390p290
FINISHED NOW!
logging to.../global/cscratch1/sd/huikong/obiwan_Aug/repos_for_docker/obiwan_out/elg_dr5_eboss/logs/139//rs0/log.1390p297
FINISHED NOW!
logging to.../global/cscratch1/sd/huikong/obiwan_Aug/repos_for_docker/obiwan_out/elg_dr5_eboss/logs/139//rs0/log.1390p305
FINISHED NOW!
logging to.../global/cscratch1/sd/huikong/obiwan_Aug/repos_for_docker/obiwan_out/elg_dr5_eboss/logs/139//rs0/log.1390p310
FINISHED NOW!
logging to.../global/cscratch1/sd/huikong/obiwan_Aug/repos_for_docker/obiwan_out/elg_dr5_eboss/logs/139//rs0/log.1390p312
FINISHED NOW!
logging to.../global/cscratch1/sd/huikong/obiwan_Aug/repos_for_docker/obiwan_out/elg_dr5_eboss/logs/139//rs0/log.1393p290
FINISHED NOW!
logging to.../global/cscratch1/sd/huikong/obiwan_Aug/repos_for_docker/obiwan_out/elg_dr5_eboss/logs/139//rs0/log.1393p305
FINISHED NOW!
logging to.../global/cscratch1/sd/huikong/obiwan_Aug/repos_for_docker/obiwan_out/elg_dr5_eboss/logs/139//rs0/log.1393p310
FINISHED NOW!
logging to.../global/cscratch1/sd/huikong/obiwan_Aug/repos_for_docker/obiwan_out/elg_dr5_eboss/logs/139//rs0/log.1393p312
FINISHED NOW!
logging to.../global/cscratch1/sd/huikong/obiwan_Aug/repos_for_docker/obiwan_out/elg_dr5_eboss/logs/139//rs0/log.1395p307
FINISHED NOW!
logging to.../global/cscratch1/sd/huikong/obiwan_Aug/repos_for_docker/obiwan_out/elg_dr5_eboss/logs/139//rs0/log.1395p320
FINISHED NOW!
logging to.../global/cscratch1/sd/huikong/obiwan_Aug/repos_for_docker/obiwan_out/elg_dr5_eboss/logs/139//rs0/log.1396p305
FINISHED NOW!
logging to.../global/cscratch1/sd/huikong/obiwan_Aug/repos_for_docker/obiwan_out/elg_dr5_eboss/logs/139//rs0/log.1397p307
FINISHED NOW!
logging to.../global/cscratch1/sd/huikong/obiwan_Aug/repos_for_docker/obiwan_out/elg_dr5_eboss/logs/139//rs0/log.1398p300
FINISHED NOW!
logging to.../global/cscratch1/sd/huikong/obiwan_Aug/repos_for_docker/obiwan_out/elg_dr5_eboss/logs/139//rs0/log.1398p320
FINISHED NOW!
logging to.../global/cscratch1/sd/huikong/obiwan_Aug/repos_for_docker/obiwan_out/elg_dr5_eboss/logs/139//rs0/log.1399p302
FINISHED NOW!
logging to.../global/cscratch1/sd/huikong/obiwan_Aug/repos_for_docker/obiwan_out/elg_dr5_eboss/logs/139//rs0/log.1399p305
FINISHED NOW!
logging to.../global/cscratch1/sd/huikong/obiwan_Aug/repos_for_docker/obiwan_out/elg_dr5_eboss/logs/140//rs0/log.1400p292
FINISHED NOW!
logging to.../global/cscratch1/sd/huikong/obiwan_Aug/repos_for_docker/obiwan_out/elg_dr5_eboss/logs/140//rs0/log.1400p295
slurmstepd: error: *** STEP 20553512.1 ON nid00713 CANCELLED AT 2019-04-16T15:18:01 DUE TO TIME LIMIT ***
Master: slave finished is task and says "I completed my task (127)"srun: got SIGCONT
srun: forcing job termination
