logging to.../global/cscratch1/sd/huikong/obiwan_Aug/repos_for_docker/obiwan_out/elg_ngc_run/logs/127//more_rs0/log.1270p267
logging to.../global/cscratch1/sd/huikong/obiwan_Aug/repos_for_docker/obiwan_out/elg_ngc_run/logs/137//more_rs0/log.1375p265
logging to.../global/cscratch1/sd/huikong/obiwan_Aug/repos_for_docker/obiwan_out/elg_ngc_run/logs/151//more_rs0/log.1514p262
logging to.../global/cscratch1/sd/huikong/obiwan_Aug/repos_for_docker/obiwan_out/elg_ngc_run/logs/126//more_rs0/log.1261p267
FINISHED NOW!
FINISHED NOW!
FINISHED NOW!
FINISHED NOW!
logging to.../global/cscratch1/sd/huikong/obiwan_Aug/repos_for_docker/obiwan_out/elg_ngc_run/logs/145//more_rs0/log.1455p265
logging to.../global/cscratch1/sd/huikong/obiwan_Aug/repos_for_docker/obiwan_out/elg_ngc_run/logs/151//more_rs0/log.1516p257
logging to.../global/cscratch1/sd/huikong/obiwan_Aug/repos_for_docker/obiwan_out/elg_ngc_run/logs/128//more_rs0/log.1283p275
logging to.../global/cscratch1/sd/huikong/obiwan_Aug/repos_for_docker/obiwan_out/elg_ngc_run/logs/141//more_rs0/log.1412p267
logging to.../global/cscratch1/sd/huikong/obiwan_Aug/repos_for_docker/obiwan_out/elg_ngc_run/logs/142//more_rs0/log.1422p257
FINISHED NOW!
FINISHED NOW!
FINISHED NOW!
logging to.../global/cscratch1/sd/huikong/obiwan_Aug/repos_for_docker/obiwan_out/elg_ngc_run/logs/151//more_rs0/log.1518p257
FINISHED NOW!
FINISHED NOW!
logging to.../global/cscratch1/sd/huikong/obiwan_Aug/repos_for_docker/obiwan_out/elg_ngc_run/logs/141//more_rs0/log.1416p257
logging to.../global/cscratch1/sd/huikong/obiwan_Aug/repos_for_docker/obiwan_out/elg_ngc_run/logs/145//more_rs0/log.1453p262
logging to.../global/cscratch1/sd/huikong/obiwan_Aug/repos_for_docker/obiwan_out/elg_ngc_run/logs/127//more_rs0/log.1278p267
logging to.../global/cscratch1/sd/huikong/obiwan_Aug/repos_for_docker/obiwan_out/elg_ngc_run/logs/138//more_rs0/log.1383p257
logging to.../global/cscratch1/sd/huikong/obiwan_Aug/repos_for_docker/obiwan_out/elg_ngc_run/logs/137//more_rs0/log.1377p265
FINISHED NOW!
FINISHED NOW!
FINISHED NOW!
logging to.../global/cscratch1/sd/huikong/obiwan_Aug/repos_for_docker/obiwan_out/elg_ngc_run/logs/150//more_rs0/log.1506p262
FINISHED NOW!
FINISHED NOW!
logging to.../global/cscratch1/sd/huikong/obiwan_Aug/repos_for_docker/obiwan_out/elg_ngc_run/logs/138//more_rs0/log.1381p277
logging to.../global/cscratch1/sd/huikong/obiwan_Aug/repos_for_docker/obiwan_out/elg_ngc_run/logs/137//more_rs0/log.1376p267
logging to.../global/cscratch1/sd/huikong/obiwan_Aug/repos_for_docker/obiwan_out/elg_ngc_run/logs/149//more_rs0/log.1494p265
logging to.../global/cscratch1/sd/huikong/obiwan_Aug/repos_for_docker/obiwan_out/elg_ngc_run/logs/156//more_rs0/log.1564p265
FINISHED NOW!
FINISHED NOW!
FINISHED NOW!
logging to.../global/cscratch1/sd/huikong/obiwan_Aug/repos_for_docker/obiwan_out/elg_ngc_run/logs/156//more_rs0/log.1562p260
FINISHED NOW!
FINISHED NOW!
logging to.../global/cscratch1/sd/huikong/obiwan_Aug/repos_for_docker/obiwan_out/elg_ngc_run/logs/139//more_rs0/log.1398p260
logging to.../global/cscratch1/sd/huikong/obiwan_Aug/repos_for_docker/obiwan_out/elg_ngc_run/logs/136//more_rs0/log.1368p267
logging to.../global/cscratch1/sd/huikong/obiwan_Aug/repos_for_docker/obiwan_out/elg_ngc_run/logs/128//more_rs0/log.1289p270
logging to.../global/cscratch1/sd/huikong/obiwan_Aug/repos_for_docker/obiwan_out/elg_ngc_run/logs/150//more_rs0/log.1507p267
logging to.../global/cscratch1/sd/huikong/obiwan_Aug/repos_for_docker/obiwan_out/elg_ngc_run/logs/126//more_rs0/log.1269p265
FINISHED NOW!
FINISHED NOW!
FINISHED NOW!
logging to.../global/cscratch1/sd/huikong/obiwan_Aug/repos_for_docker/obiwan_out/elg_ngc_run/logs/152//more_rs0/log.1527p267
FINISHED NOW!
logging to.../global/cscratch1/sd/huikong/obiwan_Aug/repos_for_docker/obiwan_out/elg_ngc_run/logs/133//more_rs0/log.1330p265
logging to.../global/cscratch1/sd/huikong/obiwan_Aug/repos_for_docker/obiwan_out/elg_ngc_run/logs/134//more_rs0/log.1341p257
logging to.../global/cscratch1/sd/huikong/obiwan_Aug/repos_for_docker/obiwan_out/elg_ngc_run/logs/156//more_rs0/log.1563p257
FINISHED NOW!
FINISHED NOW!
FINISHED NOW!
FINISHED NOW!
logging to.../global/cscratch1/sd/huikong/obiwan_Aug/repos_for_docker/obiwan_out/elg_ngc_run/logs/147//more_rs0/log.1472p265
logging to.../global/cscratch1/sd/huikong/obiwan_Aug/repos_for_docker/obiwan_out/elg_ngc_run/logs/131//more_rs0/log.1319p235
logging to.../global/cscratch1/sd/huikong/obiwan_Aug/repos_for_docker/obiwan_out/elg_ngc_run/logs/151//more_rs0/log.1511p265
logging to.../global/cscratch1/sd/huikong/obiwan_Aug/repos_for_docker/obiwan_out/elg_ngc_run/logs/156//more_rs0/log.1565p260
FINISHED NOW!
FINISHED NOW!
logging to.../global/cscratch1/sd/huikong/obiwan_Aug/repos_for_docker/obiwan_out/elg_ngc_run/logs/145//more_rs0/log.1450p262
logging to.../global/cscratch1/sd/huikong/obiwan_Aug/repos_for_docker/obiwan_out/elg_ngc_run/logs/130//more_rs0/log.1305p265
FINISHED NOW!
FINISHED NOW!
FINISHED NOW!
FINISHED NOW!
logging to.../global/cscratch1/sd/huikong/obiwan_Aug/repos_for_docker/obiwan_out/elg_ngc_run/logs/138//more_rs0/log.1381p260
logging to.../global/cscratch1/sd/huikong/obiwan_Aug/repos_for_docker/obiwan_out/elg_ngc_run/logs/127//more_rs0/log.1276p272
logging to.../global/cscratch1/sd/huikong/obiwan_Aug/repos_for_docker/obiwan_out/elg_ngc_run/logs/153//more_rs0/log.1530p257
logging to.../global/cscratch1/sd/huikong/obiwan_Aug/repos_for_docker/obiwan_out/elg_ngc_run/logs/143//more_rs0/log.1434p260
FINISHED NOW!
FINISHED NOW!
logging to.../global/cscratch1/sd/huikong/obiwan_Aug/repos_for_docker/obiwan_out/elg_ngc_run/logs/152//more_rs0/log.1521p267
logging to.../global/cscratch1/sd/huikong/obiwan_Aug/repos_for_docker/obiwan_out/elg_ngc_run/logs/139//more_rs0/log.1398p267
FINISHED NOW!
FINISHED NOW!
logging to.../global/cscratch1/sd/huikong/obiwan_Aug/repos_for_docker/obiwan_out/elg_ngc_run/logs/155//more_rs0/log.1550p265
FINISHED NOW!
logging to.../global/cscratch1/sd/huikong/obiwan_Aug/repos_for_docker/obiwan_out/elg_ngc_run/logs/155//more_rs0/log.1558p267
FINISHED NOW!
logging to.../global/cscratch1/sd/huikong/obiwan_Aug/repos_for_docker/obiwan_out/elg_ngc_run/logs/139//more_rs0/log.1396p267
logging to.../global/cscratch1/sd/huikong/obiwan_Aug/repos_for_docker/obiwan_out/elg_ngc_run/logs/152//more_rs0/log.1524p267
FINISHED NOW!
FINISHED NOW!
logging to.../global/cscratch1/sd/huikong/obiwan_Aug/repos_for_docker/obiwan_out/elg_ngc_run/logs/128//more_rs0/log.1284p267
logging to.../global/cscratch1/sd/huikong/obiwan_Aug/repos_for_docker/obiwan_out/elg_ngc_run/logs/126//more_rs0/log.1263p270
FINISHED NOW!
logging to.../global/cscratch1/sd/huikong/obiwan_Aug/repos_for_docker/obiwan_out/elg_ngc_run/logs/136//more_rs0/log.1366p265
FINISHED NOW!
logging to.../global/cscratch1/sd/huikong/obiwan_Aug/repos_for_docker/obiwan_out/elg_ngc_run/logs/143//more_rs0/log.1433p257
FINISHED NOW!
logging to.../global/cscratch1/sd/huikong/obiwan_Aug/repos_for_docker/obiwan_out/elg_ngc_run/logs/151//more_rs0/log.1510p267
FINISHED NOW!
logging to.../global/cscratch1/sd/huikong/obiwan_Aug/repos_for_docker/obiwan_out/elg_ngc_run/logs/142//more_rs0/log.1425p272
FINISHED NOW!
logging to.../global/cscratch1/sd/huikong/obiwan_Aug/repos_for_docker/obiwan_out/elg_ngc_run/logs/154//more_rs0/log.1545p262
FINISHED NOW!
logging to.../global/cscratch1/sd/huikong/obiwan_Aug/repos_for_docker/obiwan_out/elg_ngc_run/logs/136//more_rs0/log.1364p255
FINISHED NOW!
logging to.../global/cscratch1/sd/huikong/obiwan_Aug/repos_for_docker/obiwan_out/elg_ngc_run/logs/139//more_rs0/log.1397p265
FINISHED NOW!
logging to.../global/cscratch1/sd/huikong/obiwan_Aug/repos_for_docker/obiwan_out/elg_ngc_run/logs/156//more_rs0/log.1564p262
FINISHED NOW!
logging to.../global/cscratch1/sd/huikong/obiwan_Aug/repos_for_docker/obiwan_out/elg_ngc_run/logs/127//more_rs0/log.1270p262
FINISHED NOW!
FINISHED NOW!
logging to.../global/cscratch1/sd/huikong/obiwan_Aug/repos_for_docker/obiwan_out/elg_ngc_run/logs/141//more_rs0/log.1415p267
logging to.../global/cscratch1/sd/huikong/obiwan_Aug/repos_for_docker/obiwan_out/elg_ngc_run/logs/128//more_rs0/log.1284p272
FINISHED NOW!
logging to.../global/cscratch1/sd/huikong/obiwan_Aug/repos_for_docker/obiwan_out/elg_ngc_run/logs/144//more_rs0/log.1447p265
FINISHED NOW!
logging to.../global/cscratch1/sd/huikong/obiwan_Aug/repos_for_docker/obiwan_out/elg_ngc_run/logs/143//more_rs0/log.1433p265
FINISHED NOW!
logging to.../global/cscratch1/sd/huikong/obiwan_Aug/repos_for_docker/obiwan_out/elg_ngc_run/logs/128//more_rs0/log.1289p262
FINISHED NOW!
logging to.../global/cscratch1/sd/huikong/obiwan_Aug/repos_for_docker/obiwan_out/elg_ngc_run/logs/131//more_rs0/log.1310p265
FINISHED NOW!
logging to.../global/cscratch1/sd/huikong/obiwan_Aug/repos_for_docker/obiwan_out/elg_ngc_run/logs/143//more_rs0/log.1435p257
FINISHED NOW!
FINISHED NOW!
logging to.../global/cscratch1/sd/huikong/obiwan_Aug/repos_for_docker/obiwan_out/elg_ngc_run/logs/151//more_rs0/log.1513p257
logging to.../global/cscratch1/sd/huikong/obiwan_Aug/repos_for_docker/obiwan_out/elg_ngc_run/logs/152//more_rs0/log.1526p260
FINISHED NOW!
logging to.../global/cscratch1/sd/huikong/obiwan_Aug/repos_for_docker/obiwan_out/elg_ngc_run/logs/154//more_rs0/log.1545p260
FINISHED NOW!
logging to.../global/cscratch1/sd/huikong/obiwan_Aug/repos_for_docker/obiwan_out/elg_ngc_run/logs/128//more_rs0/log.1287p267
FINISHED NOW!
logging to.../global/cscratch1/sd/huikong/obiwan_Aug/repos_for_docker/obiwan_out/elg_ngc_run/logs/135//more_rs0/log.1351p267
FINISHED NOW!
logging to.../global/cscratch1/sd/huikong/obiwan_Aug/repos_for_docker/obiwan_out/elg_ngc_run/logs/140//more_rs0/log.1400p265
FINISHED NOW!
logging to.../global/cscratch1/sd/huikong/obiwan_Aug/repos_for_docker/obiwan_out/elg_ngc_run/logs/142//more_rs0/log.1429p267
FINISHED NOW!
logging to.../global/cscratch1/sd/huikong/obiwan_Aug/repos_for_docker/obiwan_out/elg_ngc_run/logs/135//more_rs0/log.1358p265
FINISHED NOW!
logging to.../global/cscratch1/sd/huikong/obiwan_Aug/repos_for_docker/obiwan_out/elg_ngc_run/logs/139//more_rs0/log.1394p257
FINISHED NOW!
logging to.../global/cscratch1/sd/huikong/obiwan_Aug/repos_for_docker/obiwan_out/elg_ngc_run/logs/145//more_rs0/log.1450p265
FINISHED NOW!
logging to.../global/cscratch1/sd/huikong/obiwan_Aug/repos_for_docker/obiwan_out/elg_ngc_run/logs/140//more_rs0/log.1405p257
FINISHED NOW!
logging to.../global/cscratch1/sd/huikong/obiwan_Aug/repos_for_docker/obiwan_out/elg_ngc_run/logs/156//more_rs0/log.1567p262
FINISHED NOW!
logging to.../global/cscratch1/sd/huikong/obiwan_Aug/repos_for_docker/obiwan_out/elg_ngc_run/logs/132//more_rs0/log.1322p235
FINISHED NOW!
logging to.../global/cscratch1/sd/huikong/obiwan_Aug/repos_for_docker/obiwan_out/elg_ngc_run/logs/144//more_rs0/log.1443p260
FINISHED NOW!
logging to.../global/cscratch1/sd/huikong/obiwan_Aug/repos_for_docker/obiwan_out/elg_ngc_run/logs/151//more_rs0/log.1518p260
FINISHED NOW!
logging to.../global/cscratch1/sd/huikong/obiwan_Aug/repos_for_docker/obiwan_out/elg_ngc_run/logs/153//more_rs0/log.1531p262
FINISHED NOW!
logging to.../global/cscratch1/sd/huikong/obiwan_Aug/repos_for_docker/obiwan_out/elg_ngc_run/logs/126//more_rs0/log.1263p287
FINISHED NOW!
logging to.../global/cscratch1/sd/huikong/obiwan_Aug/repos_for_docker/obiwan_out/elg_ngc_run/logs/144//more_rs0/log.1448p260
FINISHED NOW!
logging to.../global/cscratch1/sd/huikong/obiwan_Aug/repos_for_docker/obiwan_out/elg_ngc_run/logs/126//more_rs0/log.1260p265
FINISHED NOW!
logging to.../global/cscratch1/sd/huikong/obiwan_Aug/repos_for_docker/obiwan_out/elg_ngc_run/logs/127//more_rs0/log.1275p270
FINISHED NOW!
logging to.../global/cscratch1/sd/huikong/obiwan_Aug/repos_for_docker/obiwan_out/elg_ngc_run/logs/149//more_rs0/log.1496p257
FINISHED NOW!
logging to.../global/cscratch1/sd/huikong/obiwan_Aug/repos_for_docker/obiwan_out/elg_ngc_run/logs/151//more_rs0/log.1515p260
FINISHED NOW!
logging to.../global/cscratch1/sd/huikong/obiwan_Aug/repos_for_docker/obiwan_out/elg_ngc_run/logs/129//more_rs0/log.1295p275
FINISHED NOW!
logging to.../global/cscratch1/sd/huikong/obiwan_Aug/repos_for_docker/obiwan_out/elg_ngc_run/logs/145//more_rs0/log.1452p267
FINISHED NOW!
logging to.../global/cscratch1/sd/huikong/obiwan_Aug/repos_for_docker/obiwan_out/elg_ngc_run/logs/148//more_rs0/log.1489p262
FINISHED NOW!
logging to.../global/cscratch1/sd/huikong/obiwan_Aug/repos_for_docker/obiwan_out/elg_ngc_run/logs/129//more_rs0/log.1293p272
FINISHED NOW!
logging to.../global/cscratch1/sd/huikong/obiwan_Aug/repos_for_docker/obiwan_out/elg_ngc_run/logs/152//more_rs0/log.1520p260
FINISHED NOW!
logging to.../global/cscratch1/sd/huikong/obiwan_Aug/repos_for_docker/obiwan_out/elg_ngc_run/logs/146//more_rs0/log.1460p257
FINISHED NOW!
logging to.../global/cscratch1/sd/huikong/obiwan_Aug/repos_for_docker/obiwan_out/elg_ngc_run/logs/143//more_rs0/log.1439p265
FINISHED NOW!
logging to.../global/cscratch1/sd/huikong/obiwan_Aug/repos_for_docker/obiwan_out/elg_ngc_run/logs/145//more_rs0/log.1455p257
FINISHED NOW!
logging to.../global/cscratch1/sd/huikong/obiwan_Aug/repos_for_docker/obiwan_out/elg_ngc_run/logs/138//more_rs0/log.1380p257
FINISHED NOW!
FINISHED NOW!
logging to.../global/cscratch1/sd/huikong/obiwan_Aug/repos_for_docker/obiwan_out/elg_ngc_run/logs/134//more_rs0/log.1348p267
logging to.../global/cscratch1/sd/huikong/obiwan_Aug/repos_for_docker/obiwan_out/elg_ngc_run/logs/127//more_rs0/log.1271p265
FINISHED NOW!
logging to.../global/cscratch1/sd/huikong/obiwan_Aug/repos_for_docker/obiwan_out/elg_ngc_run/logs/151//more_rs0/log.1513p267
FINISHED NOW!
logging to.../global/cscratch1/sd/huikong/obiwan_Aug/repos_for_docker/obiwan_out/elg_ngc_run/logs/140//more_rs0/log.1408p257
FINISHED NOW!
logging to.../global/cscratch1/sd/huikong/obiwan_Aug/repos_for_docker/obiwan_out/elg_ngc_run/logs/143//more_rs0/log.1430p265
FINISHED NOW!
logging to.../global/cscratch1/sd/huikong/obiwan_Aug/repos_for_docker/obiwan_out/elg_ngc_run/logs/129//more_rs0/log.1298p267
FINISHED NOW!
logging to.../global/cscratch1/sd/huikong/obiwan_Aug/repos_for_docker/obiwan_out/elg_ngc_run/logs/129//more_rs0/log.1298p280
FINISHED NOW!
logging to.../global/cscratch1/sd/huikong/obiwan_Aug/repos_for_docker/obiwan_out/elg_ngc_run/logs/129//more_rs0/log.1299p277
FINISHED NOW!
logging to.../global/cscratch1/sd/huikong/obiwan_Aug/repos_for_docker/obiwan_out/elg_ngc_run/logs/129//more_rs0/log.1297p270
FINISHED NOW!
logging to.../global/cscratch1/sd/huikong/obiwan_Aug/repos_for_docker/obiwan_out/elg_ngc_run/logs/127//more_rs0/log.1275p267
FINISHED NOW!
logging to.../global/cscratch1/sd/huikong/obiwan_Aug/repos_for_docker/obiwan_out/elg_ngc_run/logs/139//more_rs0/log.1397p257
FINISHED NOW!
logging to.../global/cscratch1/sd/huikong/obiwan_Aug/repos_for_docker/obiwan_out/elg_ngc_run/logs/129//more_rs0/log.1292p275
FINISHED NOW!
logging to.../global/cscratch1/sd/huikong/obiwan_Aug/repos_for_docker/obiwan_out/elg_ngc_run/logs/137//more_rs0/log.1375p262
FINISHED NOW!
logging to.../global/cscratch1/sd/huikong/obiwan_Aug/repos_for_docker/obiwan_out/elg_ngc_run/logs/135//more_rs0/log.1355p265
FINISHED NOW!
logging to.../global/cscratch1/sd/huikong/obiwan_Aug/repos_for_docker/obiwan_out/elg_ngc_run/logs/141//more_rs0/log.1419p257
FINISHED NOW!
logging to.../global/cscratch1/sd/huikong/obiwan_Aug/repos_for_docker/obiwan_out/elg_ngc_run/logs/132//more_rs0/log.1320p260
FINISHED NOW!
logging to.../global/cscratch1/sd/huikong/obiwan_Aug/repos_for_docker/obiwan_out/elg_ngc_run/logs/136//more_rs0/log.1361p265
FINISHED NOW!
logging to.../global/cscratch1/sd/huikong/obiwan_Aug/repos_for_docker/obiwan_out/elg_ngc_run/logs/132//more_rs0/log.1323p260
FINISHED NOW!
logging to.../global/cscratch1/sd/huikong/obiwan_Aug/repos_for_docker/obiwan_out/elg_ngc_run/logs/126//more_rs0/log.1264p267
FINISHED NOW!
logging to.../global/cscratch1/sd/huikong/obiwan_Aug/repos_for_docker/obiwan_out/elg_ngc_run/logs/130//more_rs0/log.1301p247
FINISHED NOW!
FINISHED NOW!
logging to.../global/cscratch1/sd/huikong/obiwan_Aug/repos_for_docker/obiwan_out/elg_ngc_run/logs/136//more_rs0/log.1367p270
logging to.../global/cscratch1/sd/huikong/obiwan_Aug/repos_for_docker/obiwan_out/elg_ngc_run/logs/129//more_rs0/log.1297p262
FINISHED NOW!
logging to.../global/cscratch1/sd/huikong/obiwan_Aug/repos_for_docker/obiwan_out/elg_ngc_run/logs/141//more_rs0/log.1414p265
FINISHED NOW!
logging to.../global/cscratch1/sd/huikong/obiwan_Aug/repos_for_docker/obiwan_out/elg_ngc_run/logs/152//more_rs0/log.1521p270
FINISHED NOW!
logging to.../global/cscratch1/sd/huikong/obiwan_Aug/repos_for_docker/obiwan_out/elg_ngc_run/logs/156//more_rs0/log.1566p257
FINISHED NOW!
logging to.../global/cscratch1/sd/huikong/obiwan_Aug/repos_for_docker/obiwan_out/elg_ngc_run/logs/142//more_rs0/log.1420p260
FINISHED NOW!
logging to.../global/cscratch1/sd/huikong/obiwan_Aug/repos_for_docker/obiwan_out/elg_ngc_run/logs/143//more_rs0/log.1431p260
FINISHED NOW!
FINISHED NOW!
logging to.../global/cscratch1/sd/huikong/obiwan_Aug/repos_for_docker/obiwan_out/elg_ngc_run/logs/133//more_rs0/log.1338p257
logging to.../global/cscratch1/sd/huikong/obiwan_Aug/repos_for_docker/obiwan_out/elg_ngc_run/logs/143//more_rs0/log.1434p270
FINISHED NOW!
logging to.../global/cscratch1/sd/huikong/obiwan_Aug/repos_for_docker/obiwan_out/elg_ngc_run/logs/151//more_rs0/log.1519p267
FINISHED NOW!
logging to.../global/cscratch1/sd/huikong/obiwan_Aug/repos_for_docker/obiwan_out/elg_ngc_run/logs/130//more_rs0/log.1305p270
FINISHED NOW!
logging to.../global/cscratch1/sd/huikong/obiwan_Aug/repos_for_docker/obiwan_out/elg_ngc_run/logs/147//more_rs0/log.1477p257
FINISHED NOW!
logging to.../global/cscratch1/sd/huikong/obiwan_Aug/repos_for_docker/obiwan_out/elg_ngc_run/logs/130//more_rs0/log.1303p270
FINISHED NOW!
I am  nid01525 rank 0 (total 8)
Master: slave finished is task and says "I completed my task (1)"
Master: slave finished is task and says "I completed my task (2)"
Master: slave finished is task and says "I completed my task (0)"
Master: slave finished is task and says "I completed my task (3)"
Master: slave finished is task and says "I completed my task (4)"
Master: slave finished is task and says "I completed my task (5)"
Master: slave finished is task and says "I completed my task (6)"
Master: slave finished is task and says "I completed my task (7)"
Master: slave finished is task and says "I completed my task (8)"
Master: slave finished is task and says "I completed my task (9)"
Master: slave finished is task and says "I completed my task (10)"
Master: slave finished is task and says "I completed my task (11)"
Master: slave finished is task and says "I completed my task (12)"
Master: slave finished is task and says "I completed my task (13)"
Master: slave finished is task and says "I completed my task (15)"
Master: slave finished is task and says "I completed my task (16)"
Master: slave finished is task and says "I completed my task (17)"
Master: slave finished is task and says "I completed my task (18)"
Master: slave finished is task and says "I completed my task (19)"
Master: slave finished is task and says "I completed my task (20)"
Master: slave finished is task and says "I completed my task (21)"
Master: slave finished is task and says "I completed my task (22)"
Master: slave finished is task and says "I completed my task (23)"
Master: slave finished is task and says "I completed my task (28)"
Master: slave finished is task and says "I completed my task (26)"
Master: slave finished is task and says "I completed my task (29)"
Master: slave finished is task and says "I completed my task (27)"
Master: slave finished is task and says "I completed my task (32)"
Master: slave finished is task and says "I completed my task (33)"
Master: slave finished is task and says "I completed my task (25)"
Master: slave finished is task and says "I completed my task (14)"
Master: slave finished is task and says "I completed my task (34)"
Master: slave finished is task and says "I completed my task (35)"
Master: slave finished is task and says "I completed my task (30)"
Master: slave finished is task and says "I completed my task (31)"
Master: slave finished is task and says "I completed my task (37)"
Master: slave finished is task and says "I completed my task (36)"
Master: slave finished is task and says "I completed my task (38)"
Master: slave finished is task and says "I completed my task (39)"
Master: slave finished is task and says "I completed my task (40)"
Master: slave finished is task and says "I completed my task (42)"
Master: slave finished is task and says "I completed my task (43)"
Master: slave finished is task and says "I completed my task (44)"
Master: slave finished is task and says "I completed my task (45)"
Master: slave finished is task and says "I completed my task (41)"
Master: slave finished is task and says "I completed my task (48)"
Master: slave finished is task and says "I completed my task (47)"
Master: slave finished is task and says "I completed my task (46)"
Master: slave finished is task and says "I completed my task (24)"
Master: slave finished is task and says "I completed my task (50)"
Master: slave finished is task and says "I completed my task (51)"
Master: slave finished is task and says "I completed my task (49)"
Master: slave finished is task and says "I completed my task (52)"
Master: slave finished is task and says "I completed my task (55)"
Master: slave finished is task and says "I completed my task (54)"
Master: slave finished is task and says "I completed my task (57)"
Master: slave finished is task and says "I completed my task (58)"
Master: slave finished is task and says "I completed my task (59)"
Master: slave finished is task and says "I completed my task (56)"
Master: slave finished is task and says "I completed my task (61)"
Master: slave finished is task and says "I completed my task (60)"
Master: slave finished is task and says "I completed my task (62)"
Master: slave finished is task and says "I completed my task (64)"
Master: slave finished is task and says "I completed my task (65)"
Master: slave finished is task and says "I completed my task (63)"
Master: slave finished is task and says "I completed my task (68)"
Master: slave finished is task and says "I completed my task (66)"
Master: slave finished is task and says "I completed my task (69)"
Master: slave finished is task and says "I completed my task (70)"
Master: slave finished is task and says "I completed my task (67)"
Master: slave finished is task and says "I completed my task (71)"
Master: slave finished is task and says "I completed my task (72)"
Master: slave finished is task and says "I completed my task (73)"
Master: slave finished is task and says "I completed my task (74)"
Master: slave finished is task and says "I completed my task (75)"
Master: slave finished is task and says "I completed my task (80)"
Master: slave finished is task and says "I completed my task (76)"
Master: slave finished is task and says "I completed my task (79)"
Master: slave finished is task and says "I completed my task (78)"
Master: slave finished is task and says "I completed my task (81)"
Master: slave finished is task and says "I completed my task (83)"
Master: slave finished is task and says "I completed my task (82)"
Master: slave finished is task and says "I completed my task (77)"
Master: slave finished is task and says "I completed my task (84)"
Master: slave finished is task and says "I completed my task (85)"
Master: slave finished is task and says "I completed my task (87)"
Master: slave finished is task and says "I completed my task (86)"
Master: slave finished is task and says "I completed my task (88)"
Master: slave finished is task and says "I completed my task (90)"
Master: slave finished is task and says "I completed my task (89)"
Master: slave finished is task and says "I completed my task (91)"
Master: slave finished is task and says "I completed my task (53)"
Master: slave finished is task and says "I completed my task (92)"
Master: slave finished is task and says "I completed my task (94)"
Master: slave finished is task and says "I completed my task (95)"
Master: slave finished is task and says "I completed my task (93)"
Master: slave finished is task and says "I completed my task (96)"
Master: slave finished is task and says "I completed my task (97)"
Master: slave finished is task and says "I completed my task (98)"
Master: slave finished is task and says "I completed my task (100)"
Master: slave finished is task and says "I completed my task (99)"
Master: slave finished is task and says "I completed my task (101)"
Master: slave finished is task and says "I completed my task (102)"
Master: slave finished is task and says "I completed my task (103)"
Master: slave finished is task and says "I completed my task (104)"
Master: slave finished is task and says "I completed my task (105)"
Master: slave finished is task and says "I completed my task (107)"
Master: slave finished is task and says "I completed my task (108)"
Master: slave finished is task and says "I completed my task (109)"
Master: slave finished is task and says "I completed my task (106)"
Master: slave finished is task and says "I completed my task (111)"
Master: slave finished is task and says "I completed my task (112)"
Master: slave finished is task and says "I completed my task (110)"
Master: slave finished is task and says "I completed my task (115)"
Master: slave finished is task and says "I completed my task (113)"
Master: slave finished is task and says "I completed my task (118)"
Master: slave finished is task and says "I completed my task (117)"
Master: slave finished is task and says "I completed my task (114)"
Master: slave finished is task and says "I completed my task (119)"
Master: slave finished is task and says "I completed my task (120)"
Master: slave finished is task and says "I completed my task (121)"
logging to.../global/cscratch1/sd/huikong/obiwan_Aug/repos_for_docker/obiwan_out/elg_ngc_run/logs/129//more_rs0/log.1291p282
FINISHED NOW!
logging to.../global/cscratch1/sd/huikong/obiwan_Aug/repos_for_docker/obiwan_out/elg_ngc_run/logs/152//more_rs0/log.1521p257
FINISHED NOW!
logging to.../global/cscratch1/sd/huikong/obiwan_Aug/repos_for_docker/obiwan_out/elg_ngc_run/logs/150//more_rs0/log.1508p265
FINISHED NOW!
logging to.../global/cscratch1/sd/huikong/obiwan_Aug/repos_for_docker/obiwan_out/elg_ngc_run/logs/154//more_rs0/log.1548p262
FINISHED NOW!
logging to.../global/cscratch1/sd/huikong/obiwan_Aug/repos_for_docker/obiwan_out/elg_ngc_run/logs/127//more_rs0/log.1277p265
FINISHED NOW!
logging to.../global/cscratch1/sd/huikong/obiwan_Aug/repos_for_docker/obiwan_out/elg_ngc_run/logs/143//more_rs0/log.1438p267
FINISHED NOW!
logging to.../global/cscratch1/sd/huikong/obiwan_Aug/repos_for_docker/obiwan_out/elg_ngc_run/logs/129//more_rs0/log.1297p265
FINISHED NOW!
logging to.../global/cscratch1/sd/huikong/obiwan_Aug/repos_for_docker/obiwan_out/elg_ngc_run/logs/129//more_rs0/log.1290p272
FINISHED NOW!
logging to.../global/cscratch1/sd/huikong/obiwan_Aug/repos_for_docker/obiwan_out/elg_ngc_run/logs/130//more_rs0/log.1304p277
FINISHED NOW!
logging to.../global/cscratch1/sd/huikong/obiwan_Aug/repos_for_docker/obiwan_out/elg_ngc_run/logs/128//more_rs0/log.1288p265
FINISHED NOW!
FINISHED NOW!
logging to.../global/cscratch1/sd/huikong/obiwan_Aug/repos_for_docker/obiwan_out/elg_ngc_run/logs/143//more_rs0/log.1431p270
logging to.../global/cscratch1/sd/huikong/obiwan_Aug/repos_for_docker/obiwan_out/elg_ngc_run/logs/130//more_rs0/log.1302p265
FINISHED NOW!
logging to.../global/cscratch1/sd/huikong/obiwan_Aug/repos_for_docker/obiwan_out/elg_ngc_run/logs/129//more_rs0/log.1298p272
FINISHED NOW!
logging to.../global/cscratch1/sd/huikong/obiwan_Aug/repos_for_docker/obiwan_out/elg_ngc_run/logs/141//more_rs0/log.1419p265
FINISHED NOW!
logging to.../global/cscratch1/sd/huikong/obiwan_Aug/repos_for_docker/obiwan_out/elg_ngc_run/logs/144//more_rs0/log.1444p257
FINISHED NOW!
logging to.../global/cscratch1/sd/huikong/obiwan_Aug/repos_for_docker/obiwan_out/elg_ngc_run/logs/142//more_rs0/log.1429p270
FINISHED NOW!
logging to.../global/cscratch1/sd/huikong/obiwan_Aug/repos_for_docker/obiwan_out/elg_ngc_run/logs/151//more_rs0/log.1514p265
FINISHED NOW!
logging to.../global/cscratch1/sd/huikong/obiwan_Aug/repos_for_docker/obiwan_out/elg_ngc_run/logs/143//more_rs0/log.1436p265
FINISHED NOW!
logging to.../global/cscratch1/sd/huikong/obiwan_Aug/repos_for_docker/obiwan_out/elg_ngc_run/logs/128//more_rs0/log.1280p265
FINISHED NOW!
logging to.../global/cscratch1/sd/huikong/obiwan_Aug/repos_for_docker/obiwan_out/elg_ngc_run/logs/138//more_rs0/log.1383p277
FINISHED NOW!
logging to.../global/cscratch1/sd/huikong/obiwan_Aug/repos_for_docker/obiwan_out/elg_ngc_run/logs/143//more_rs0/log.1432p267
FINISHED NOW!
logging to.../global/cscratch1/sd/huikong/obiwan_Aug/repos_for_docker/obiwan_out/elg_ngc_run/logs/145//more_rs0/log.1458p257
FINISHED NOW!
logging to.../global/cscratch1/sd/huikong/obiwan_Aug/repos_for_docker/obiwan_out/elg_ngc_run/logs/136//more_rs0/log.1362p260
FINISHED NOW!
logging to.../global/cscratch1/sd/huikong/obiwan_Aug/repos_for_docker/obiwan_out/elg_ngc_run/logs/128//more_rs0/log.1283p262
FINISHED NOW!
logging to.../global/cscratch1/sd/huikong/obiwan_Aug/repos_for_docker/obiwan_out/elg_ngc_run/logs/125//more_rs0/log.1259p267
FINISHED NOW!
logging to.../global/cscratch1/sd/huikong/obiwan_Aug/repos_for_docker/obiwan_out/elg_ngc_run/logs/151//more_rs0/log.1512p260
FINISHED NOW!
logging to.../global/cscratch1/sd/huikong/obiwan_Aug/repos_for_docker/obiwan_out/elg_ngc_run/logs/136//more_rs0/log.1365p267
FINISHED NOW!
logging to.../global/cscratch1/sd/huikong/obiwan_Aug/repos_for_docker/obiwan_out/elg_ngc_run/logs/144//more_rs0/log.1441p265
FINISHED NOW!
logging to.../global/cscratch1/sd/huikong/obiwan_Aug/repos_for_docker/obiwan_out/elg_ngc_run/logs/138//more_rs0/log.1380p265
FINISHED NOW!
logging to.../global/cscratch1/sd/huikong/obiwan_Aug/repos_for_docker/obiwan_out/elg_ngc_run/logs/130//more_rs0/log.1300p275
FINISHED NOW!
FINISHED NOW!
logging to.../global/cscratch1/sd/huikong/obiwan_Aug/repos_for_docker/obiwan_out/elg_ngc_run/logs/126//more_rs0/log.1264p262
logging to.../global/cscratch1/sd/huikong/obiwan_Aug/repos_for_docker/obiwan_out/elg_ngc_run/logs/137//more_rs0/log.1379p260
FINISHED NOW!
logging to.../global/cscratch1/sd/huikong/obiwan_Aug/repos_for_docker/obiwan_out/elg_ngc_run/logs/128//more_rs0/log.1286p270
FINISHED NOW!
logging to.../global/cscratch1/sd/huikong/obiwan_Aug/repos_for_docker/obiwan_out/elg_ngc_run/logs/126//more_rs0/log.1267p272
FINISHED NOW!
logging to.../global/cscratch1/sd/huikong/obiwan_Aug/repos_for_docker/obiwan_out/elg_ngc_run/logs/137//more_rs0/log.1378p262
FINISHED NOW!
logging to.../global/cscratch1/sd/huikong/obiwan_Aug/repos_for_docker/obiwan_out/elg_ngc_run/logs/128//more_rs0/log.1285p265
FINISHED NOW!
logging to.../global/cscratch1/sd/huikong/obiwan_Aug/repos_for_docker/obiwan_out/elg_ngc_run/logs/152//more_rs0/log.1525p265
FINISHED NOW!
FINISHED NOW!
logging to.../global/cscratch1/sd/huikong/obiwan_Aug/repos_for_docker/obiwan_out/elg_ngc_run/logs/127//more_rs0/log.1279p272
logging to.../global/cscratch1/sd/huikong/obiwan_Aug/repos_for_docker/obiwan_out/elg_ngc_run/logs/144//more_rs0/log.1441p257
FINISHED NOW!
logging to.../global/cscratch1/sd/huikong/obiwan_Aug/repos_for_docker/obiwan_out/elg_ngc_run/logs/129//more_rs0/log.1295p267
FINISHED NOW!
logging to.../global/cscratch1/sd/huikong/obiwan_Aug/repos_for_docker/obiwan_out/elg_ngc_run/logs/128//more_rs0/log.1283p265
FINISHED NOW!
logging to.../global/cscratch1/sd/huikong/obiwan_Aug/repos_for_docker/obiwan_out/elg_ngc_run/logs/145//more_rs0/log.1453p265
FINISHED NOW!
logging to.../global/cscratch1/sd/huikong/obiwan_Aug/repos_for_docker/obiwan_out/elg_ngc_run/logs/126//more_rs0/log.1266p265
FINISHED NOW!
logging to.../global/cscratch1/sd/huikong/obiwan_Aug/repos_for_docker/obiwan_out/elg_ngc_run/logs/154//more_rs0/log.1547p265
FINISHED NOW!
logging to.../global/cscratch1/sd/huikong/obiwan_Aug/repos_for_docker/obiwan_out/elg_ngc_run/logs/129//more_rs0/log.1292p262
FINISHED NOW!
logging to.../global/cscratch1/sd/huikong/obiwan_Aug/repos_for_docker/obiwan_out/elg_ngc_run/logs/152//more_rs0/log.1525p262
FINISHED NOW!
logging to.../global/cscratch1/sd/huikong/obiwan_Aug/repos_for_docker/obiwan_out/elg_ngc_run/logs/154//more_rs0/log.1546p257
FINISHED NOW!
logging to.../global/cscratch1/sd/huikong/obiwan_Aug/repos_for_docker/obiwan_out/elg_ngc_run/logs/138//more_rs0/log.1381p262
FINISHED NOW!
logging to.../global/cscratch1/sd/huikong/obiwan_Aug/repos_for_docker/obiwan_out/elg_ngc_run/logs/145//more_rs0/log.1454p267
FINISHED NOW!
logging to.../global/cscratch1/sd/huikong/obiwan_Aug/repos_for_docker/obiwan_out/elg_ngc_run/logs/151//more_rs0/log.1518p270
FINISHED NOW!
logging to.../global/cscratch1/sd/huikong/obiwan_Aug/repos_for_docker/obiwan_out/elg_ngc_run/logs/126//more_rs0/log.1265p272
FINISHED NOW!
logging to.../global/cscratch1/sd/huikong/obiwan_Aug/repos_for_docker/obiwan_out/elg_ngc_run/logs/138//more_rs0/log.1387p270
FINISHED NOW!
logging to.../global/cscratch1/sd/huikong/obiwan_Aug/repos_for_docker/obiwan_out/elg_ngc_run/logs/142//more_rs0/log.1427p257
FINISHED NOW!
logging to.../global/cscratch1/sd/huikong/obiwan_Aug/repos_for_docker/obiwan_out/elg_ngc_run/logs/136//more_rs0/log.1366p257
FINISHED NOW!
logging to.../global/cscratch1/sd/huikong/obiwan_Aug/repos_for_docker/obiwan_out/elg_ngc_run/logs/137//more_rs0/log.1372p262
FINISHED NOW!
logging to.../global/cscratch1/sd/huikong/obiwan_Aug/repos_for_docker/obiwan_out/elg_ngc_run/logs/127//more_rs0/log.1278p275
FINISHED NOW!
logging to.../global/cscratch1/sd/huikong/obiwan_Aug/repos_for_docker/obiwan_out/elg_ngc_run/logs/144//more_rs0/log.1440p270
FINISHED NOW!
logging to.../global/cscratch1/sd/huikong/obiwan_Aug/repos_for_docker/obiwan_out/elg_ngc_run/logs/143//more_rs0/log.1437p260
FINISHED NOW!
logging to.../global/cscratch1/sd/huikong/obiwan_Aug/repos_for_docker/obiwan_out/elg_ngc_run/logs/137//more_rs0/log.1372p265
FINISHED NOW!
logging to.../global/cscratch1/sd/huikong/obiwan_Aug/repos_for_docker/obiwan_out/elg_ngc_run/logs/130//more_rs0/log.1303p267
FINISHED NOW!
logging to.../global/cscratch1/sd/huikong/obiwan_Aug/repos_for_docker/obiwan_out/elg_ngc_run/logs/132//more_rs0/log.1320p255
slurmstepd: error: *** STEP 19866132.1 ON nid01525 CANCELLED AT 2019-03-22T05:28:59 DUE TO TIME LIMIT ***
Master: slave finished is task and says "I completed my task (123)"srun: got SIGCONT
srun: forcing job termination
