logging to.../global/cscratch1/sd/huikong/obiwan_Aug/repos_for_docker/obiwan_out/elg_ngc_run/logs/126//more_rs0/log.1265p287
logging to.../global/cscratch1/sd/huikong/obiwan_Aug/repos_for_docker/obiwan_out/elg_ngc_run/logs/130//more_rs0/log.1302p277
logging to.../global/cscratch1/sd/huikong/obiwan_Aug/repos_for_docker/obiwan_out/elg_ngc_run/logs/129//more_rs0/log.1299p265
logging to.../global/cscratch1/sd/huikong/obiwan_Aug/repos_for_docker/obiwan_out/elg_ngc_run/logs/140//more_rs0/log.1402p257
logging to.../global/cscratch1/sd/huikong/obiwan_Aug/repos_for_docker/obiwan_out/elg_ngc_run/logs/136//more_rs0/log.1363p257
logging to.../global/cscratch1/sd/huikong/obiwan_Aug/repos_for_docker/obiwan_out/elg_ngc_run/logs/151//more_rs0/log.1512p262
logging to.../global/cscratch1/sd/huikong/obiwan_Aug/repos_for_docker/obiwan_out/elg_ngc_run/logs/137//more_rs0/log.1370p262
FINISHED NOW!
logging to.../global/cscratch1/sd/huikong/obiwan_Aug/repos_for_docker/obiwan_out/elg_ngc_run/logs/139//more_rs0/log.1393p267
FINISHED NOW!
logging to.../global/cscratch1/sd/huikong/obiwan_Aug/repos_for_docker/obiwan_out/elg_ngc_run/logs/151//more_rs0/log.1519p265
FINISHED NOW!
logging to.../global/cscratch1/sd/huikong/obiwan_Aug/repos_for_docker/obiwan_out/elg_ngc_run/logs/128//more_rs0/log.1281p262
FINISHED NOW!
logging to.../global/cscratch1/sd/huikong/obiwan_Aug/repos_for_docker/obiwan_out/elg_ngc_run/logs/152//more_rs0/log.1528p262
FINISHED NOW!
logging to.../global/cscratch1/sd/huikong/obiwan_Aug/repos_for_docker/obiwan_out/elg_ngc_run/logs/137//more_rs0/log.1370p270
FINISHED NOW!
logging to.../global/cscratch1/sd/huikong/obiwan_Aug/repos_for_docker/obiwan_out/elg_ngc_run/logs/154//more_rs0/log.1548p260
FINISHED NOW!
logging to.../global/cscratch1/sd/huikong/obiwan_Aug/repos_for_docker/obiwan_out/elg_ngc_run/logs/137//more_rs0/log.1372p265
FINISHED NOW!
logging to.../global/cscratch1/sd/huikong/obiwan_Aug/repos_for_docker/obiwan_out/elg_ngc_run/logs/145//more_rs0/log.1452p257
FINISHED NOW!
logging to.../global/cscratch1/sd/huikong/obiwan_Aug/repos_for_docker/obiwan_out/elg_ngc_run/logs/142//more_rs0/log.1427p257
FINISHED NOW!
logging to.../global/cscratch1/sd/huikong/obiwan_Aug/repos_for_docker/obiwan_out/elg_ngc_run/logs/130//more_rs0/log.1303p247
FINISHED NOW!
logging to.../global/cscratch1/sd/huikong/obiwan_Aug/repos_for_docker/obiwan_out/elg_ngc_run/logs/143//more_rs0/log.1436p262
FINISHED NOW!
logging to.../global/cscratch1/sd/huikong/obiwan_Aug/repos_for_docker/obiwan_out/elg_ngc_run/logs/125//more_rs0/log.1259p277
FINISHED NOW!
logging to.../global/cscratch1/sd/huikong/obiwan_Aug/repos_for_docker/obiwan_out/elg_ngc_run/logs/128//more_rs0/log.1283p270
FINISHED NOW!
logging to.../global/cscratch1/sd/huikong/obiwan_Aug/repos_for_docker/obiwan_out/elg_ngc_run/logs/129//more_rs0/log.1293p277
FINISHED NOW!
logging to.../global/cscratch1/sd/huikong/obiwan_Aug/repos_for_docker/obiwan_out/elg_ngc_run/logs/142//more_rs0/log.1424p257
FINISHED NOW!
logging to.../global/cscratch1/sd/huikong/obiwan_Aug/repos_for_docker/obiwan_out/elg_ngc_run/logs/130//more_rs0/log.1303p275
FINISHED NOW!
logging to.../global/cscratch1/sd/huikong/obiwan_Aug/repos_for_docker/obiwan_out/elg_ngc_run/logs/127//more_rs0/log.1278p275
FINISHED NOW!
logging to.../global/cscratch1/sd/huikong/obiwan_Aug/repos_for_docker/obiwan_out/elg_ngc_run/logs/143//more_rs0/log.1437p260
FINISHED NOW!
logging to.../global/cscratch1/sd/huikong/obiwan_Aug/repos_for_docker/obiwan_out/elg_ngc_run/logs/129//more_rs0/log.1295p272
FINISHED NOW!
logging to.../global/cscratch1/sd/huikong/obiwan_Aug/repos_for_docker/obiwan_out/elg_ngc_run/logs/129//more_rs0/log.1296p277
FINISHED NOW!
logging to.../global/cscratch1/sd/huikong/obiwan_Aug/repos_for_docker/obiwan_out/elg_ngc_run/logs/130//more_rs0/log.1301p272
FINISHED NOW!
logging to.../global/cscratch1/sd/huikong/obiwan_Aug/repos_for_docker/obiwan_out/elg_ngc_run/logs/128//more_rs0/log.1281p275
FINISHED NOW!
logging to.../global/cscratch1/sd/huikong/obiwan_Aug/repos_for_docker/obiwan_out/elg_ngc_run/logs/126//more_rs0/log.1267p267
FINISHED NOW!
logging to.../global/cscratch1/sd/huikong/obiwan_Aug/repos_for_docker/obiwan_out/elg_ngc_run/logs/128//more_rs0/log.1289p267
FINISHED NOW!
logging to.../global/cscratch1/sd/huikong/obiwan_Aug/repos_for_docker/obiwan_out/elg_ngc_run/logs/149//more_rs0/log.1492p262
FINISHED NOW!
logging to.../global/cscratch1/sd/huikong/obiwan_Aug/repos_for_docker/obiwan_out/elg_ngc_run/logs/127//more_rs0/log.1273p260
FINISHED NOW!
logging to.../global/cscratch1/sd/huikong/obiwan_Aug/repos_for_docker/obiwan_out/elg_ngc_run/logs/150//more_rs0/log.1506p265
FINISHED NOW!
logging to.../global/cscratch1/sd/huikong/obiwan_Aug/repos_for_docker/obiwan_out/elg_ngc_run/logs/132//more_rs0/log.1327p265
FINISHED NOW!
logging to.../global/cscratch1/sd/huikong/obiwan_Aug/repos_for_docker/obiwan_out/elg_ngc_run/logs/144//more_rs0/log.1440p270
FINISHED NOW!
logging to.../global/cscratch1/sd/huikong/obiwan_Aug/repos_for_docker/obiwan_out/elg_ngc_run/logs/144//more_rs0/log.1444p265
FINISHED NOW!
logging to.../global/cscratch1/sd/huikong/obiwan_Aug/repos_for_docker/obiwan_out/elg_ngc_run/logs/149//more_rs0/log.1492p265
FINISHED NOW!
logging to.../global/cscratch1/sd/huikong/obiwan_Aug/repos_for_docker/obiwan_out/elg_ngc_run/logs/127//more_rs0/log.1275p262
FINISHED NOW!
logging to.../global/cscratch1/sd/huikong/obiwan_Aug/repos_for_docker/obiwan_out/elg_ngc_run/logs/139//more_rs0/log.1391p265
FINISHED NOW!
logging to.../global/cscratch1/sd/huikong/obiwan_Aug/repos_for_docker/obiwan_out/elg_ngc_run/logs/155//more_rs0/log.1551p260
FINISHED NOW!
logging to.../global/cscratch1/sd/huikong/obiwan_Aug/repos_for_docker/obiwan_out/elg_ngc_run/logs/144//more_rs0/log.1446p257
FINISHED NOW!
logging to.../global/cscratch1/sd/huikong/obiwan_Aug/repos_for_docker/obiwan_out/elg_ngc_run/logs/137//more_rs0/log.1377p257
FINISHED NOW!
logging to.../global/cscratch1/sd/huikong/obiwan_Aug/repos_for_docker/obiwan_out/elg_ngc_run/logs/129//more_rs0/log.1291p265
FINISHED NOW!
logging to.../global/cscratch1/sd/huikong/obiwan_Aug/repos_for_docker/obiwan_out/elg_ngc_run/logs/150//more_rs0/log.1509p260
FINISHED NOW!
logging to.../global/cscratch1/sd/huikong/obiwan_Aug/repos_for_docker/obiwan_out/elg_ngc_run/logs/126//more_rs0/log.1267p262
FINISHED NOW!
logging to.../global/cscratch1/sd/huikong/obiwan_Aug/repos_for_docker/obiwan_out/elg_ngc_run/logs/141//more_rs0/log.1416p265
FINISHED NOW!
logging to.../global/cscratch1/sd/huikong/obiwan_Aug/repos_for_docker/obiwan_out/elg_ngc_run/logs/143//more_rs0/log.1434p262
FINISHED NOW!
logging to.../global/cscratch1/sd/huikong/obiwan_Aug/repos_for_docker/obiwan_out/elg_ngc_run/logs/154//more_rs0/log.1549p257
FINISHED NOW!
logging to.../global/cscratch1/sd/huikong/obiwan_Aug/repos_for_docker/obiwan_out/elg_ngc_run/logs/136//more_rs0/log.1363p265
FINISHED NOW!
logging to.../global/cscratch1/sd/huikong/obiwan_Aug/repos_for_docker/obiwan_out/elg_ngc_run/logs/127//more_rs0/log.1275p275
FINISHED NOW!
logging to.../global/cscratch1/sd/huikong/obiwan_Aug/repos_for_docker/obiwan_out/elg_ngc_run/logs/144//more_rs0/log.1443p270
FINISHED NOW!
logging to.../global/cscratch1/sd/huikong/obiwan_Aug/repos_for_docker/obiwan_out/elg_ngc_run/logs/125//more_rs0/log.1258p280
FINISHED NOW!
logging to.../global/cscratch1/sd/huikong/obiwan_Aug/repos_for_docker/obiwan_out/elg_ngc_run/logs/140//more_rs0/log.1408p272
FINISHED NOW!
logging to.../global/cscratch1/sd/huikong/obiwan_Aug/repos_for_docker/obiwan_out/elg_ngc_run/logs/154//more_rs0/log.1545p265
FINISHED NOW!
logging to.../global/cscratch1/sd/huikong/obiwan_Aug/repos_for_docker/obiwan_out/elg_ngc_run/logs/132//more_rs0/log.1320p255
FINISHED NOW!
logging to.../global/cscratch1/sd/huikong/obiwan_Aug/repos_for_docker/obiwan_out/elg_ngc_run/logs/144//more_rs0/log.1448p270
FINISHED NOW!
logging to.../global/cscratch1/sd/huikong/obiwan_Aug/repos_for_docker/obiwan_out/elg_ngc_run/logs/143//more_rs0/log.1435p267
FINISHED NOW!
logging to.../global/cscratch1/sd/huikong/obiwan_Aug/repos_for_docker/obiwan_out/elg_ngc_run/logs/142//more_rs0/log.1426p270
FINISHED NOW!
logging to.../global/cscratch1/sd/huikong/obiwan_Aug/repos_for_docker/obiwan_out/elg_ngc_run/logs/127//more_rs0/log.1272p262
FINISHED NOW!
FINISHED NOW!
logging to.../global/cscratch1/sd/huikong/obiwan_Aug/repos_for_docker/obiwan_out/elg_ngc_run/logs/133//more_rs0/log.1336p265
logging to.../global/cscratch1/sd/huikong/obiwan_Aug/repos_for_docker/obiwan_out/elg_ngc_run/logs/154//more_rs0/log.1543p260
FINISHED NOW!
logging to.../global/cscratch1/sd/huikong/obiwan_Aug/repos_for_docker/obiwan_out/elg_ngc_run/logs/156//more_rs0/log.1568p260
FINISHED NOW!
logging to.../global/cscratch1/sd/huikong/obiwan_Aug/repos_for_docker/obiwan_out/elg_ngc_run/logs/155//more_rs0/log.1551p262
FINISHED NOW!
logging to.../global/cscratch1/sd/huikong/obiwan_Aug/repos_for_docker/obiwan_out/elg_ngc_run/logs/145//more_rs0/log.1451p270
FINISHED NOW!
logging to.../global/cscratch1/sd/huikong/obiwan_Aug/repos_for_docker/obiwan_out/elg_ngc_run/logs/136//more_rs0/log.1364p262
FINISHED NOW!
logging to.../global/cscratch1/sd/huikong/obiwan_Aug/repos_for_docker/obiwan_out/elg_ngc_run/logs/129//more_rs0/log.1295p262
FINISHED NOW!
logging to.../global/cscratch1/sd/huikong/obiwan_Aug/repos_for_docker/obiwan_out/elg_ngc_run/logs/152//more_rs0/log.1529p260
FINISHED NOW!
logging to.../global/cscratch1/sd/huikong/obiwan_Aug/repos_for_docker/obiwan_out/elg_ngc_run/logs/125//more_rs0/log.1259p272
FINISHED NOW!
logging to.../global/cscratch1/sd/huikong/obiwan_Aug/repos_for_docker/obiwan_out/elg_ngc_run/logs/129//more_rs0/log.1298p247
FINISHED NOW!
logging to.../global/cscratch1/sd/huikong/obiwan_Aug/repos_for_docker/obiwan_out/elg_ngc_run/logs/130//more_rs0/log.1308p265
FINISHED NOW!
logging to.../global/cscratch1/sd/huikong/obiwan_Aug/repos_for_docker/obiwan_out/elg_ngc_run/logs/142//more_rs0/log.1421p267
FINISHED NOW!
logging to.../global/cscratch1/sd/huikong/obiwan_Aug/repos_for_docker/obiwan_out/elg_ngc_run/logs/130//more_rs0/log.1304p272
FINISHED NOW!
logging to.../global/cscratch1/sd/huikong/obiwan_Aug/repos_for_docker/obiwan_out/elg_ngc_run/logs/139//more_rs0/log.1394p265
FINISHED NOW!
logging to.../global/cscratch1/sd/huikong/obiwan_Aug/repos_for_docker/obiwan_out/elg_ngc_run/logs/151//more_rs0/log.1517p265
FINISHED NOW!
logging to.../global/cscratch1/sd/huikong/obiwan_Aug/repos_for_docker/obiwan_out/elg_ngc_run/logs/139//more_rs0/log.1391p257
FINISHED NOW!
logging to.../global/cscratch1/sd/huikong/obiwan_Aug/repos_for_docker/obiwan_out/elg_ngc_run/logs/130//more_rs0/log.1303p267
FINISHED NOW!
logging to.../global/cscratch1/sd/huikong/obiwan_Aug/repos_for_docker/obiwan_out/elg_ngc_run/logs/155//more_rs0/log.1559p260
FINISHED NOW!
logging to.../global/cscratch1/sd/huikong/obiwan_Aug/repos_for_docker/obiwan_out/elg_ngc_run/logs/132//more_rs0/log.1323p255
FINISHED NOW!
logging to.../global/cscratch1/sd/huikong/obiwan_Aug/repos_for_docker/obiwan_out/elg_ngc_run/logs/156//more_rs0/log.1561p265
FINISHED NOW!
logging to.../global/cscratch1/sd/huikong/obiwan_Aug/repos_for_docker/obiwan_out/elg_ngc_run/logs/138//more_rs0/log.1386p257
FINISHED NOW!
logging to.../global/cscratch1/sd/huikong/obiwan_Aug/repos_for_docker/obiwan_out/elg_ngc_run/logs/154//more_rs0/log.1542p262
FINISHED NOW!
logging to.../global/cscratch1/sd/huikong/obiwan_Aug/repos_for_docker/obiwan_out/elg_ngc_run/logs/139//more_rs0/log.1399p257
FINISHED NOW!
logging to.../global/cscratch1/sd/huikong/obiwan_Aug/repos_for_docker/obiwan_out/elg_ngc_run/logs/152//more_rs0/log.1528p265
FINISHED NOW!
FINISHED NOW!
FINISHED NOW!
FINISHED NOW!
FINISHED NOW!
FINISHED NOW!
FINISHED NOW!
I am  nid01521 rank 6 (total 8)
  Slave nid01521 rank 6 executing "1370p262" task_id "6"
  Slave nid01521 rank 6 executing "1519p265" task_id "8"
  Slave nid01521 rank 6 executing "1427p257" task_id "15"
  Slave nid01521 rank 6 executing "1295p272" task_id "25"
  Slave nid01521 rank 6 executing "1289p267" task_id "30"
  Slave nid01521 rank 6 executing "1275p262" task_id "38"
  Slave nid01521 rank 6 executing "1267p262" task_id "45"
  Slave nid01521 rank 6 executing "1443p270" task_id "51"
  Slave nid01521 rank 6 executing "1426p270" task_id "58"
  Slave nid01521 rank 6 executing "1551p262" task_id "63"
  Slave nid01521 rank 6 executing "1421p267" task_id "71"
  Slave nid01521 rank 6 executing "1559p260" task_id "77"
  Slave nid01521 rank 6 executing "1399p257" task_id "82"
Task completed (rank 6)
I am  nid00924 rank 1 (total 8)
  Slave nid00924 rank 1 executing "1299p265" task_id "0"
  Slave nid00924 rank 1 executing "1281p262" task_id "9"
  Slave nid00924 rank 1 executing "1259p277" task_id "18"
  Slave nid00924 rank 1 executing "1293p277" task_id "20"
  Slave nid00924 rank 1 executing "1301p272" task_id "27"
  Slave nid00924 rank 1 executing "1327p265" task_id "34"
  Slave nid00924 rank 1 executing "1446p257" task_id "41"
  Slave nid00924 rank 1 executing "1363p265" task_id "49"
  Slave nid00924 rank 1 executing "1448p270" task_id "56"
  Slave nid00924 rank 1 executing "1568p260" task_id "62"
  Slave nid00924 rank 1 executing "1298p247" task_id "69"
  Slave nid00924 rank 1 executing "1303p267" task_id "76"
Task completed (rank 1)
I am  nid01082 rank 3 (total 8)
  Slave nid01082 rank 3 executing "1402p257" task_id "3"
  Slave nid01082 rank 3 executing "1372p265" task_id "13"
  Slave nid01082 rank 3 executing "1278p275" task_id "23"
  Slave nid01082 rank 3 executing "1267p267" task_id "29"
  Slave nid01082 rank 3 executing "1444p265" task_id "36"
  Slave nid01082 rank 3 executing "1291p265" task_id "43"
  Slave nid01082 rank 3 executing "1275p275" task_id "50"
  Slave nid01082 rank 3 executing "1272p262" task_id "59"
  Slave nid01082 rank 3 executing "1364p262" task_id "65"
  Slave nid01082 rank 3 executing "1394p265" task_id "73"
  Slave nid01082 rank 3 executing "1561p265" task_id "79"
  Slave nid01082 rank 3 executing "1528p265" task_id "83"
Task completed (rank 3)
I am  nid01082 rank 2 (total 8)
  Slave nid01082 rank 2 executing "1265p287" task_id "1"
  Slave nid01082 rank 2 executing "1393p267" task_id "7"
  Slave nid01082 rank 2 executing "1452p257" task_id "14"
  Slave nid01082 rank 2 executing "1424p257" task_id "21"
  Slave nid01082 rank 2 executing "1281p275" task_id "28"
  Slave nid01082 rank 2 executing "1440p270" task_id "35"
  Slave nid01082 rank 2 executing "1377p257" task_id "42"
  Slave nid01082 rank 2 executing "1549p257" task_id "48"
  Slave nid01082 rank 2 executing "1435p267" task_id "57"
  Slave nid01082 rank 2 executing "1451p270" task_id "64"
  Slave nid01082 rank 2 executing "1308p265" task_id "70"
  Slave nid01082 rank 2 executing "1323p255" task_id "78"
Task completed (rank 2)
I am  nid01521 rank 7 (total 8)
  Slave nid01521 rank 7 executing "1512p262" task_id "5"
  Slave nid01521 rank 7 executing "1548p260" task_id "12"
  Slave nid01521 rank 7 executing "1436p262" task_id "17"
  Slave nid01521 rank 7 executing "1303p275" task_id "22"
  Slave nid01521 rank 7 executing "1273p260" task_id "32"
  Slave nid01521 rank 7 executing "1391p265" task_id "39"
  Slave nid01521 rank 7 executing "1509p260" task_id "44"
  Slave nid01521 rank 7 executing "1258p280" task_id "52"
  Slave nid01521 rank 7 executing "1545p265" task_id "54"
  Slave nid01521 rank 7 executing "1543p260" task_id "61"
  Slave nid01521 rank 7 executing "1259p272" task_id "68"
  Slave nid01521 rank 7 executing "1304p272" task_id "72"
Task completed (rank 7)
I am  nid01321 rank 4 (total 8)
  Slave nid01321 rank 4 executing "1302p277" task_id "2"
  Slave nid01321 rank 4 executing "1528p262" task_id "10"
  Slave nid01321 rank 4 executing "1283p270" task_id "19"
  Slave nid01321 rank 4 executing "1296p277" task_id "26"
  Slave nid01321 rank 4 executing "1506p265" task_id "33"
  Slave nid01321 rank 4 executing "1551p260" task_id "40"
  Slave nid01321 rank 4 executing "1434p262" task_id "47"
  Slave nid01321 rank 4 executing "1320p255" task_id "55"
  Slave nid01321 rank 4 executing "1295p262" task_id "66"
  Slave nid01321 rank 4 executing "1517p265" task_id "74"
  Slave nid01321 rank 4 executing "1386p257" task_id "80"
Task completed (rank 4)
I am  nid00924 rank 0 (total 8)
Master: slave finished is task and says "I completed my task (1)"
Master: slave finished is task and says "I completed my task (6)"
Master: slave finished is task and says "I completed my task (0)"
Master: slave finished is task and says "I completed my task (2)"
Master: slave finished is task and says "I completed my task (4)"
Master: slave finished is task and says "I completed my task (5)"
Master: slave finished is task and says "I completed my task (3)"
Master: slave finished is task and says "I completed my task (7)"
Master: slave finished is task and says "I completed my task (8)"
Master: slave finished is task and says "I completed my task (11)"
Master: slave finished is task and says "I completed my task (12)"
Master: slave finished is task and says "I completed my task (9)"
Master: slave finished is task and says "I completed my task (10)"
Master: slave finished is task and says "I completed my task (18)"
I am  nid01321 rank 5 (total 8)
  Slave nid01321 rank 5 executing "1363p257" task_id "4"
  Slave nid01321 rank 5 executing "1370p270" task_id "11"
  Slave nid01321 rank 5 executing "1303p247" task_id "16"
  Slave nid01321 rank 5 executing "1437p260" task_id "24"
  Slave nid01321 rank 5 executing "1492p262" task_id "31"
  Slave nid01321 rank 5 executing "1492p265" task_id "37"
  Slave nid01321 rank 5 executing "1416p265" task_id "46"
  Slave nid01321 rank 5 executing "1408p272" task_id "53"
  Slave nid01321 rank 5 executing "1336p265" task_id "60"
  Slave nid01321 rank 5 executing "1529p260" task_id "67"
  Slave nid01321 rank 5 executing "1391p257" task_id "75"
  Slave nid01321 rank 5 executing "1542p262" task_id "81"
Task completed (rank 5)
Master: slave finished is task and says "I completed my task (14)"
Master: slave finished is task and says "I completed my task (17)"
Master: slave finished is task and says "I completed my task (13)"
Master: slave finished is task and says "I completed my task (16)"
Master: slave finished is task and says "I completed my task (15)"
Master: slave finished is task and says "I completed my task (19)"
Master: slave finished is task and says "I completed my task (20)"
Master: slave finished is task and says "I completed my task (21)"
Master: slave finished is task and says "I completed my task (23)"
Master: slave finished is task and says "I completed my task (25)"
Master: slave finished is task and says "I completed my task (24)"
Master: slave finished is task and says "I completed my task (22)"
Master: slave finished is task and says "I completed my task (26)"
Master: slave finished is task and says "I completed my task (27)"
Master: slave finished is task and says "I completed my task (28)"
Master: slave finished is task and says "I completed my task (29)"
Master: slave finished is task and says "I completed my task (31)"
Master: slave finished is task and says "I completed my task (30)"
Master: slave finished is task and says "I completed my task (32)"
Master: slave finished is task and says "I completed my task (33)"
Master: slave finished is task and says "I completed my task (34)"
Master: slave finished is task and says "I completed my task (35)"
Master: slave finished is task and says "I completed my task (36)"
Master: slave finished is task and says "I completed my task (39)"
Master: slave finished is task and says "I completed my task (38)"
Master: slave finished is task and says "I completed my task (37)"
Master: slave finished is task and says "I completed my task (40)"
Master: slave finished is task and says "I completed my task (42)"
Master: slave finished is task and says "I completed my task (41)"
Master: slave finished is task and says "I completed my task (43)"
Master: slave finished is task and says "I completed my task (45)"
Master: slave finished is task and says "I completed my task (44)"
Master: slave finished is task and says "I completed my task (46)"
Master: slave finished is task and says "I completed my task (52)"
Master: slave finished is task and says "I completed my task (47)"
Master: slave finished is task and says "I completed my task (49)"
Master: slave finished is task and says "I completed my task (48)"
Master: slave finished is task and says "I completed my task (51)"
Master: slave finished is task and says "I completed my task (50)"
Master: slave finished is task and says "I completed my task (53)"
Master: slave finished is task and says "I completed my task (54)"
Master: slave finished is task and says "I completed my task (56)"
Master: slave finished is task and says "I completed my task (58)"
Master: slave finished is task and says "I completed my task (57)"
Master: slave finished is task and says "I completed my task (59)"
Master: slave finished is task and says "I completed my task (55)"
Master: slave finished is task and says "I completed my task (60)"
Master: slave finished is task and says "I completed my task (61)"
Master: slave finished is task and says "I completed my task (62)"
Master: slave finished is task and says "I completed my task (64)"
Master: slave finished is task and says "I completed my task (63)"
Master: slave finished is task and says "I completed my task (68)"
Master: slave finished is task and says "I completed my task (65)"
Master: slave finished is task and says "I completed my task (66)"
Master: slave finished is task and says "I completed my task (67)"
Master: slave finished is task and says "I completed my task (69)"
Master: slave finished is task and says "I completed my task (71)"
Master: slave finished is task and says "I completed my task (70)"
Master: slave finished is task and says "I completed my task (73)"
Master: slave finished is task and says "I completed my task (74)"
Master: slave finished is task and says "I completed my task (75)"
Master: slave finished is task and says "I completed my task (77)"
Master: slave finished is task and says "I completed my task (79)"
Master: slave finished is task and says "I completed my task (72)"
Master: slave finished is task and says "I completed my task (76)"
Master: slave finished is task and says "I completed my task (80)"
Master: slave finished is task and says "I completed my task (78)"
Master: slave finished is task and says "I completed my task (81)"
Master: slave finished is task and says "I completed my task (82)"
Master: slave finished is task and says "I completed my task (83)"
Task completed (rank 0)
