logging to.../global/cscratch1/sd/huikong/obiwan_Aug/repos_for_docker/obiwan_out/elg_like_run/logs/340//more_rs0/log.3408m017
logging to.../global/cscratch1/sd/huikong/obiwan_Aug/repos_for_docker/obiwan_out/elg_like_run/logs/355//more_rs0/log.3551m017
logging to.../global/cscratch1/sd/huikong/obiwan_Aug/repos_for_docker/obiwan_out/elg_like_run/logs/342//more_rs0/log.3426m015
logging to.../global/cscratch1/sd/huikong/obiwan_Aug/repos_for_docker/obiwan_out/elg_like_run/logs/335//more_rs0/log.3351m015
logging to.../global/cscratch1/sd/huikong/obiwan_Aug/repos_for_docker/obiwan_out/elg_like_run/logs/343//more_rs0/log.3436m015
logging to.../global/cscratch1/sd/huikong/obiwan_Aug/repos_for_docker/obiwan_out/elg_like_run/logs/343//more_rs0/log.3438m015
logging to.../global/cscratch1/sd/huikong/obiwan_Aug/repos_for_docker/obiwan_out/elg_like_run/logs/344//more_rs0/log.3441m015
FINISHED NOW!
logging to.../global/cscratch1/sd/huikong/obiwan_Aug/repos_for_docker/obiwan_out/elg_like_run/logs/344//more_rs0/log.3443m015
FINISHED NOW!
logging to.../global/cscratch1/sd/huikong/obiwan_Aug/repos_for_docker/obiwan_out/elg_like_run/logs/344//more_rs0/log.3446m015
FINISHED NOW!
logging to.../global/cscratch1/sd/huikong/obiwan_Aug/repos_for_docker/obiwan_out/elg_like_run/logs/344//more_rs0/log.3448m015
FINISHED NOW!
logging to.../global/cscratch1/sd/huikong/obiwan_Aug/repos_for_docker/obiwan_out/elg_like_run/logs/345//more_rs0/log.3451m015
FINISHED NOW!
logging to.../global/cscratch1/sd/huikong/obiwan_Aug/repos_for_docker/obiwan_out/elg_like_run/logs/345//more_rs0/log.3453m015
FINISHED NOW!
logging to.../global/cscratch1/sd/huikong/obiwan_Aug/repos_for_docker/obiwan_out/elg_like_run/logs/345//more_rs0/log.3456m015
FINISHED NOW!
logging to.../global/cscratch1/sd/huikong/obiwan_Aug/repos_for_docker/obiwan_out/elg_like_run/logs/345//more_rs0/log.3458m015
FINISHED NOW!
logging to.../global/cscratch1/sd/huikong/obiwan_Aug/repos_for_docker/obiwan_out/elg_like_run/logs/346//more_rs0/log.3461m015
FINISHED NOW!
logging to.../global/cscratch1/sd/huikong/obiwan_Aug/repos_for_docker/obiwan_out/elg_like_run/logs/346//more_rs0/log.3463m015
FINISHED NOW!
logging to.../global/cscratch1/sd/huikong/obiwan_Aug/repos_for_docker/obiwan_out/elg_like_run/logs/346//more_rs0/log.3466m015
FINISHED NOW!
logging to.../global/cscratch1/sd/huikong/obiwan_Aug/repos_for_docker/obiwan_out/elg_like_run/logs/346//more_rs0/log.3468m015
FINISHED NOW!
logging to.../global/cscratch1/sd/huikong/obiwan_Aug/repos_for_docker/obiwan_out/elg_like_run/logs/347//more_rs0/log.3471m015
FINISHED NOW!
logging to.../global/cscratch1/sd/huikong/obiwan_Aug/repos_for_docker/obiwan_out/elg_like_run/logs/347//more_rs0/log.3473m015
FINISHED NOW!
logging to.../global/cscratch1/sd/huikong/obiwan_Aug/repos_for_docker/obiwan_out/elg_like_run/logs/347//more_rs0/log.3476m015
FINISHED NOW!
logging to.../global/cscratch1/sd/huikong/obiwan_Aug/repos_for_docker/obiwan_out/elg_like_run/logs/347//more_rs0/log.3478m015
FINISHED NOW!
logging to.../global/cscratch1/sd/huikong/obiwan_Aug/repos_for_docker/obiwan_out/elg_like_run/logs/348//more_rs0/log.3481m015
FINISHED NOW!
logging to.../global/cscratch1/sd/huikong/obiwan_Aug/repos_for_docker/obiwan_out/elg_like_run/logs/348//more_rs0/log.3483m015
FINISHED NOW!
logging to.../global/cscratch1/sd/huikong/obiwan_Aug/repos_for_docker/obiwan_out/elg_like_run/logs/348//more_rs0/log.3486m015
FINISHED NOW!
logging to.../global/cscratch1/sd/huikong/obiwan_Aug/repos_for_docker/obiwan_out/elg_like_run/logs/348//more_rs0/log.3488m015
FINISHED NOW!
logging to.../global/cscratch1/sd/huikong/obiwan_Aug/repos_for_docker/obiwan_out/elg_like_run/logs/349//more_rs0/log.3491m015
FINISHED NOW!
logging to.../global/cscratch1/sd/huikong/obiwan_Aug/repos_for_docker/obiwan_out/elg_like_run/logs/349//more_rs0/log.3493m015
FINISHED NOW!
logging to.../global/cscratch1/sd/huikong/obiwan_Aug/repos_for_docker/obiwan_out/elg_like_run/logs/349//more_rs0/log.3496m015
FINISHED NOW!
logging to.../global/cscratch1/sd/huikong/obiwan_Aug/repos_for_docker/obiwan_out/elg_like_run/logs/349//more_rs0/log.3498m015
FINISHED NOW!
logging to.../global/cscratch1/sd/huikong/obiwan_Aug/repos_for_docker/obiwan_out/elg_like_run/logs/350//more_rs0/log.3501m015
FINISHED NOW!
logging to.../global/cscratch1/sd/huikong/obiwan_Aug/repos_for_docker/obiwan_out/elg_like_run/logs/350//more_rs0/log.3503m015
FINISHED NOW!
logging to.../global/cscratch1/sd/huikong/obiwan_Aug/repos_for_docker/obiwan_out/elg_like_run/logs/350//more_rs0/log.3506m015
FINISHED NOW!
FINISHED NOW!
logging to.../global/cscratch1/sd/huikong/obiwan_Aug/repos_for_docker/obiwan_out/elg_like_run/logs/350//more_rs0/log.3508m015
logging to.../global/cscratch1/sd/huikong/obiwan_Aug/repos_for_docker/obiwan_out/elg_like_run/logs/351//more_rs0/log.3511m015
FINISHED NOW!
logging to.../global/cscratch1/sd/huikong/obiwan_Aug/repos_for_docker/obiwan_out/elg_like_run/logs/351//more_rs0/log.3513m015
FINISHED NOW!
logging to.../global/cscratch1/sd/huikong/obiwan_Aug/repos_for_docker/obiwan_out/elg_like_run/logs/351//more_rs0/log.3516m015
FINISHED NOW!
logging to.../global/cscratch1/sd/huikong/obiwan_Aug/repos_for_docker/obiwan_out/elg_like_run/logs/351//more_rs0/log.3518m015
FINISHED NOW!
logging to.../global/cscratch1/sd/huikong/obiwan_Aug/repos_for_docker/obiwan_out/elg_like_run/logs/352//more_rs0/log.3521m015
FINISHED NOW!
logging to.../global/cscratch1/sd/huikong/obiwan_Aug/repos_for_docker/obiwan_out/elg_like_run/logs/352//more_rs0/log.3523m015
FINISHED NOW!
logging to.../global/cscratch1/sd/huikong/obiwan_Aug/repos_for_docker/obiwan_out/elg_like_run/logs/352//more_rs0/log.3526m015
FINISHED NOW!
logging to.../global/cscratch1/sd/huikong/obiwan_Aug/repos_for_docker/obiwan_out/elg_like_run/logs/352//more_rs0/log.3528m015
FINISHED NOW!
logging to.../global/cscratch1/sd/huikong/obiwan_Aug/repos_for_docker/obiwan_out/elg_like_run/logs/353//more_rs0/log.3531m015
FINISHED NOW!
logging to.../global/cscratch1/sd/huikong/obiwan_Aug/repos_for_docker/obiwan_out/elg_like_run/logs/353//more_rs0/log.3533m015
FINISHED NOW!
logging to.../global/cscratch1/sd/huikong/obiwan_Aug/repos_for_docker/obiwan_out/elg_like_run/logs/353//more_rs0/log.3536m015
FINISHED NOW!
logging to.../global/cscratch1/sd/huikong/obiwan_Aug/repos_for_docker/obiwan_out/elg_like_run/logs/353//more_rs0/log.3538m015
FINISHED NOW!
logging to.../global/cscratch1/sd/huikong/obiwan_Aug/repos_for_docker/obiwan_out/elg_like_run/logs/354//more_rs0/log.3541m015
FINISHED NOW!
logging to.../global/cscratch1/sd/huikong/obiwan_Aug/repos_for_docker/obiwan_out/elg_like_run/logs/354//more_rs0/log.3543m015
FINISHED NOW!
logging to.../global/cscratch1/sd/huikong/obiwan_Aug/repos_for_docker/obiwan_out/elg_like_run/logs/354//more_rs0/log.3546m015
FINISHED NOW!
logging to.../global/cscratch1/sd/huikong/obiwan_Aug/repos_for_docker/obiwan_out/elg_like_run/logs/354//more_rs0/log.3548m015
FINISHED NOW!
logging to.../global/cscratch1/sd/huikong/obiwan_Aug/repos_for_docker/obiwan_out/elg_like_run/logs/355//more_rs0/log.3551m015
FINISHED NOW!
logging to.../global/cscratch1/sd/huikong/obiwan_Aug/repos_for_docker/obiwan_out/elg_like_run/logs/355//more_rs0/log.3553m015
FINISHED NOW!
logging to.../global/cscratch1/sd/huikong/obiwan_Aug/repos_for_docker/obiwan_out/elg_like_run/logs/355//more_rs0/log.3556m015
FINISHED NOW!
logging to.../global/cscratch1/sd/huikong/obiwan_Aug/repos_for_docker/obiwan_out/elg_like_run/logs/355//more_rs0/log.3558m015
FINISHED NOW!
logging to.../global/cscratch1/sd/huikong/obiwan_Aug/repos_for_docker/obiwan_out/elg_like_run/logs/356//more_rs0/log.3561m015
FINISHED NOW!
logging to.../global/cscratch1/sd/huikong/obiwan_Aug/repos_for_docker/obiwan_out/elg_like_run/logs/356//more_rs0/log.3563m015
FINISHED NOW!
logging to.../global/cscratch1/sd/huikong/obiwan_Aug/repos_for_docker/obiwan_out/elg_like_run/logs/356//more_rs0/log.3566m015
FINISHED NOW!
logging to.../global/cscratch1/sd/huikong/obiwan_Aug/repos_for_docker/obiwan_out/elg_like_run/logs/356//more_rs0/log.3568m015
FINISHED NOW!
logging to.../global/cscratch1/sd/huikong/obiwan_Aug/repos_for_docker/obiwan_out/elg_like_run/logs/357//more_rs0/log.3571m015
FINISHED NOW!
logging to.../global/cscratch1/sd/huikong/obiwan_Aug/repos_for_docker/obiwan_out/elg_like_run/logs/357//more_rs0/log.3573m015
FINISHED NOW!
logging to.../global/cscratch1/sd/huikong/obiwan_Aug/repos_for_docker/obiwan_out/elg_like_run/logs/357//more_rs0/log.3576m015
FINISHED NOW!
logging to.../global/cscratch1/sd/huikong/obiwan_Aug/repos_for_docker/obiwan_out/elg_like_run/logs/357//more_rs0/log.3578m015
FINISHED NOW!
logging to.../global/cscratch1/sd/huikong/obiwan_Aug/repos_for_docker/obiwan_out/elg_like_run/logs/358//more_rs0/log.3581m015
FINISHED NOW!
logging to.../global/cscratch1/sd/huikong/obiwan_Aug/repos_for_docker/obiwan_out/elg_like_run/logs/358//more_rs0/log.3583m015
FINISHED NOW!
logging to.../global/cscratch1/sd/huikong/obiwan_Aug/repos_for_docker/obiwan_out/elg_like_run/logs/358//more_rs0/log.3586m015
FINISHED NOW!
logging to.../global/cscratch1/sd/huikong/obiwan_Aug/repos_for_docker/obiwan_out/elg_like_run/logs/358//more_rs0/log.3588m015
FINISHED NOW!
FINISHED NOW!
logging to.../global/cscratch1/sd/huikong/obiwan_Aug/repos_for_docker/obiwan_out/elg_like_run/logs/359//more_rs0/log.3591m015
logging to.../global/cscratch1/sd/huikong/obiwan_Aug/repos_for_docker/obiwan_out/elg_like_run/logs/359//more_rs0/log.3593m015
FINISHED NOW!
logging to.../global/cscratch1/sd/huikong/obiwan_Aug/repos_for_docker/obiwan_out/elg_like_run/logs/359//more_rs0/log.3596m015
FINISHED NOW!
logging to.../global/cscratch1/sd/huikong/obiwan_Aug/repos_for_docker/obiwan_out/elg_like_run/logs/317//more_rs0/log.3171m012
FINISHED NOW!
logging to.../global/cscratch1/sd/huikong/obiwan_Aug/repos_for_docker/obiwan_out/elg_like_run/logs/317//more_rs0/log.3173m012
FINISHED NOW!
logging to.../global/cscratch1/sd/huikong/obiwan_Aug/repos_for_docker/obiwan_out/elg_like_run/logs/317//more_rs0/log.3176m012
FINISHED NOW!
logging to.../global/cscratch1/sd/huikong/obiwan_Aug/repos_for_docker/obiwan_out/elg_like_run/logs/317//more_rs0/log.3178m012
FINISHED NOW!
logging to.../global/cscratch1/sd/huikong/obiwan_Aug/repos_for_docker/obiwan_out/elg_like_run/logs/318//more_rs0/log.3181m012
FINISHED NOW!
logging to.../global/cscratch1/sd/huikong/obiwan_Aug/repos_for_docker/obiwan_out/elg_like_run/logs/318//more_rs0/log.3183m012
FINISHED NOW!
logging to.../global/cscratch1/sd/huikong/obiwan_Aug/repos_for_docker/obiwan_out/elg_like_run/logs/318//more_rs0/log.3186m012
FINISHED NOW!
logging to.../global/cscratch1/sd/huikong/obiwan_Aug/repos_for_docker/obiwan_out/elg_like_run/logs/318//more_rs0/log.3188m012
FINISHED NOW!
logging to.../global/cscratch1/sd/huikong/obiwan_Aug/repos_for_docker/obiwan_out/elg_like_run/logs/319//more_rs0/log.3191m012
FINISHED NOW!
FINISHED NOW!
logging to.../global/cscratch1/sd/huikong/obiwan_Aug/repos_for_docker/obiwan_out/elg_like_run/logs/319//more_rs0/log.3193m012
logging to.../global/cscratch1/sd/huikong/obiwan_Aug/repos_for_docker/obiwan_out/elg_like_run/logs/319//more_rs0/log.3196m012
FINISHED NOW!
logging to.../global/cscratch1/sd/huikong/obiwan_Aug/repos_for_docker/obiwan_out/elg_like_run/logs/319//more_rs0/log.3198m012
FINISHED NOW!
logging to.../global/cscratch1/sd/huikong/obiwan_Aug/repos_for_docker/obiwan_out/elg_like_run/logs/320//more_rs0/log.3201m012
FINISHED NOW!
logging to.../global/cscratch1/sd/huikong/obiwan_Aug/repos_for_docker/obiwan_out/elg_like_run/logs/320//more_rs0/log.3203m012
FINISHED NOW!
logging to.../global/cscratch1/sd/huikong/obiwan_Aug/repos_for_docker/obiwan_out/elg_like_run/logs/320//more_rs0/log.3206m012
FINISHED NOW!
logging to.../global/cscratch1/sd/huikong/obiwan_Aug/repos_for_docker/obiwan_out/elg_like_run/logs/320//more_rs0/log.3208m012
FINISHED NOW!
logging to.../global/cscratch1/sd/huikong/obiwan_Aug/repos_for_docker/obiwan_out/elg_like_run/logs/321//more_rs0/log.3211m012
FINISHED NOW!
logging to.../global/cscratch1/sd/huikong/obiwan_Aug/repos_for_docker/obiwan_out/elg_like_run/logs/321//more_rs0/log.3213m012
FINISHED NOW!
logging to.../global/cscratch1/sd/huikong/obiwan_Aug/repos_for_docker/obiwan_out/elg_like_run/logs/321//more_rs0/log.3216m012
FINISHED NOW!
logging to.../global/cscratch1/sd/huikong/obiwan_Aug/repos_for_docker/obiwan_out/elg_like_run/logs/321//more_rs0/log.3218m012
FINISHED NOW!
logging to.../global/cscratch1/sd/huikong/obiwan_Aug/repos_for_docker/obiwan_out/elg_like_run/logs/322//more_rs0/log.3221m012
FINISHED NOW!
logging to.../global/cscratch1/sd/huikong/obiwan_Aug/repos_for_docker/obiwan_out/elg_like_run/logs/322//more_rs0/log.3223m012
FINISHED NOW!
logging to.../global/cscratch1/sd/huikong/obiwan_Aug/repos_for_docker/obiwan_out/elg_like_run/logs/322//more_rs0/log.3226m012
FINISHED NOW!
logging to.../global/cscratch1/sd/huikong/obiwan_Aug/repos_for_docker/obiwan_out/elg_like_run/logs/322//more_rs0/log.3228m012
FINISHED NOW!
logging to.../global/cscratch1/sd/huikong/obiwan_Aug/repos_for_docker/obiwan_out/elg_like_run/logs/323//more_rs0/log.3231m012
FINISHED NOW!
logging to.../global/cscratch1/sd/huikong/obiwan_Aug/repos_for_docker/obiwan_out/elg_like_run/logs/323//more_rs0/log.3233m012
FINISHED NOW!
logging to.../global/cscratch1/sd/huikong/obiwan_Aug/repos_for_docker/obiwan_out/elg_like_run/logs/323//more_rs0/log.3236m012
FINISHED NOW!
logging to.../global/cscratch1/sd/huikong/obiwan_Aug/repos_for_docker/obiwan_out/elg_like_run/logs/323//more_rs0/log.3238m012
FINISHED NOW!
logging to.../global/cscratch1/sd/huikong/obiwan_Aug/repos_for_docker/obiwan_out/elg_like_run/logs/324//more_rs0/log.3241m012
FINISHED NOW!
logging to.../global/cscratch1/sd/huikong/obiwan_Aug/repos_for_docker/obiwan_out/elg_like_run/logs/324//more_rs0/log.3243m012
FINISHED NOW!
logging to.../global/cscratch1/sd/huikong/obiwan_Aug/repos_for_docker/obiwan_out/elg_like_run/logs/324//more_rs0/log.3246m012
FINISHED NOW!
logging to.../global/cscratch1/sd/huikong/obiwan_Aug/repos_for_docker/obiwan_out/elg_like_run/logs/324//more_rs0/log.3248m012
FINISHED NOW!
logging to.../global/cscratch1/sd/huikong/obiwan_Aug/repos_for_docker/obiwan_out/elg_like_run/logs/325//more_rs0/log.3251m012
FINISHED NOW!
logging to.../global/cscratch1/sd/huikong/obiwan_Aug/repos_for_docker/obiwan_out/elg_like_run/logs/325//more_rs0/log.3253m012
FINISHED NOW!
logging to.../global/cscratch1/sd/huikong/obiwan_Aug/repos_for_docker/obiwan_out/elg_like_run/logs/325//more_rs0/log.3256m012
FINISHED NOW!
logging to.../global/cscratch1/sd/huikong/obiwan_Aug/repos_for_docker/obiwan_out/elg_like_run/logs/325//more_rs0/log.3258m012
FINISHED NOW!
logging to.../global/cscratch1/sd/huikong/obiwan_Aug/repos_for_docker/obiwan_out/elg_like_run/logs/326//more_rs0/log.3261m012
FINISHED NOW!
logging to.../global/cscratch1/sd/huikong/obiwan_Aug/repos_for_docker/obiwan_out/elg_like_run/logs/326//more_rs0/log.3263m012
FINISHED NOW!
logging to.../global/cscratch1/sd/huikong/obiwan_Aug/repos_for_docker/obiwan_out/elg_like_run/logs/326//more_rs0/log.3266m012
FINISHED NOW!
logging to.../global/cscratch1/sd/huikong/obiwan_Aug/repos_for_docker/obiwan_out/elg_like_run/logs/326//more_rs0/log.3268m012
FINISHED NOW!
logging to.../global/cscratch1/sd/huikong/obiwan_Aug/repos_for_docker/obiwan_out/elg_like_run/logs/327//more_rs0/log.3271m012
FINISHED NOW!
logging to.../global/cscratch1/sd/huikong/obiwan_Aug/repos_for_docker/obiwan_out/elg_like_run/logs/327//more_rs0/log.3273m012
FINISHED NOW!
logging to.../global/cscratch1/sd/huikong/obiwan_Aug/repos_for_docker/obiwan_out/elg_like_run/logs/327//more_rs0/log.3276m012
FINISHED NOW!
logging to.../global/cscratch1/sd/huikong/obiwan_Aug/repos_for_docker/obiwan_out/elg_like_run/logs/327//more_rs0/log.3278m012
FINISHED NOW!
logging to.../global/cscratch1/sd/huikong/obiwan_Aug/repos_for_docker/obiwan_out/elg_like_run/logs/328//more_rs0/log.3281m012
FINISHED NOW!
logging to.../global/cscratch1/sd/huikong/obiwan_Aug/repos_for_docker/obiwan_out/elg_like_run/logs/328//more_rs0/log.3283m012
FINISHED NOW!
logging to.../global/cscratch1/sd/huikong/obiwan_Aug/repos_for_docker/obiwan_out/elg_like_run/logs/328//more_rs0/log.3286m012
FINISHED NOW!
logging to.../global/cscratch1/sd/huikong/obiwan_Aug/repos_for_docker/obiwan_out/elg_like_run/logs/328//more_rs0/log.3288m012
FINISHED NOW!
logging to.../global/cscratch1/sd/huikong/obiwan_Aug/repos_for_docker/obiwan_out/elg_like_run/logs/329//more_rs0/log.3291m012
FINISHED NOW!
logging to.../global/cscratch1/sd/huikong/obiwan_Aug/repos_for_docker/obiwan_out/elg_like_run/logs/329//more_rs0/log.3293m012
FINISHED NOW!
logging to.../global/cscratch1/sd/huikong/obiwan_Aug/repos_for_docker/obiwan_out/elg_like_run/logs/329//more_rs0/log.3296m012
FINISHED NOW!
logging to.../global/cscratch1/sd/huikong/obiwan_Aug/repos_for_docker/obiwan_out/elg_like_run/logs/329//more_rs0/log.3298m012
FINISHED NOW!
logging to.../global/cscratch1/sd/huikong/obiwan_Aug/repos_for_docker/obiwan_out/elg_like_run/logs/330//more_rs0/log.3301m012
FINISHED NOW!
logging to.../global/cscratch1/sd/huikong/obiwan_Aug/repos_for_docker/obiwan_out/elg_like_run/logs/330//more_rs0/log.3303m012
FINISHED NOW!
logging to.../global/cscratch1/sd/huikong/obiwan_Aug/repos_for_docker/obiwan_out/elg_like_run/logs/330//more_rs0/log.3306m012
FINISHED NOW!
logging to.../global/cscratch1/sd/huikong/obiwan_Aug/repos_for_docker/obiwan_out/elg_like_run/logs/330//more_rs0/log.3308m012
FINISHED NOW!
logging to.../global/cscratch1/sd/huikong/obiwan_Aug/repos_for_docker/obiwan_out/elg_like_run/logs/331//more_rs0/log.3311m012
FINISHED NOW!
logging to.../global/cscratch1/sd/huikong/obiwan_Aug/repos_for_docker/obiwan_out/elg_like_run/logs/331//more_rs0/log.3313m012
FINISHED NOW!
logging to.../global/cscratch1/sd/huikong/obiwan_Aug/repos_for_docker/obiwan_out/elg_like_run/logs/331//more_rs0/log.3316m012
FINISHED NOW!
FINISHED NOW!
I am  nid01180 rank 0 (total 8)
Master: slave finished is task and says "I completed my task (1)"
Master: slave finished is task and says "I completed my task (0)"
Master: slave finished is task and says "I completed my task (6)"
Master: slave finished is task and says "I completed my task (7)"
Master: slave finished is task and says "I completed my task (5)"
Master: slave finished is task and says "I completed my task (4)"
Master: slave finished is task and says "I completed my task (11)"
Master: slave finished is task and says "I completed my task (9)"
Master: slave finished is task and says "I completed my task (12)"
Master: slave finished is task and says "I completed my task (13)"
Master: slave finished is task and says "I completed my task (10)"
Master: slave finished is task and says "I completed my task (14)"
Master: slave finished is task and says "I completed my task (15)"
Master: slave finished is task and says "I completed my task (8)"
Master: slave finished is task and says "I completed my task (16)"
Master: slave finished is task and says "I completed my task (17)"
Master: slave finished is task and says "I completed my task (18)"
Master: slave finished is task and says "I completed my task (20)"
Master: slave finished is task and says "I completed my task (19)"
Master: slave finished is task and says "I completed my task (3)"
Master: slave finished is task and says "I completed my task (21)"
Master: slave finished is task and says "I completed my task (22)"
Master: slave finished is task and says "I completed my task (23)"
Master: slave finished is task and says "I completed my task (24)"
Master: slave finished is task and says "I completed my task (2)"
Master: slave finished is task and says "I completed my task (26)"
Master: slave finished is task and says "I completed my task (30)"
Master: slave finished is task and says "I completed my task (28)"
Master: slave finished is task and says "I completed my task (32)"
Master: slave finished is task and says "I completed my task (29)"
Master: slave finished is task and says "I completed my task (25)"
Master: slave finished is task and says "I completed my task (27)"
Master: slave finished is task and says "I completed my task (33)"
Master: slave finished is task and says "I completed my task (34)"
Master: slave finished is task and says "I completed my task (37)"
Master: slave finished is task and says "I completed my task (36)"
Master: slave finished is task and says "I completed my task (35)"
Master: slave finished is task and says "I completed my task (39)"
Master: slave finished is task and says "I completed my task (31)"
Master: slave finished is task and says "I completed my task (40)"
Master: slave finished is task and says "I completed my task (38)"
Master: slave finished is task and says "I completed my task (44)"
Master: slave finished is task and says "I completed my task (41)"
Master: slave finished is task and says "I completed my task (45)"
Master: slave finished is task and says "I completed my task (42)"
Master: slave finished is task and says "I completed my task (49)"
Master: slave finished is task and says "I completed my task (48)"
Master: slave finished is task and says "I completed my task (51)"
Master: slave finished is task and says "I completed my task (47)"
Master: slave finished is task and says "I completed my task (50)"
Master: slave finished is task and says "I completed my task (43)"
Master: slave finished is task and says "I completed my task (52)"
Master: slave finished is task and says "I completed my task (53)"
Master: slave finished is task and says "I completed my task (46)"
Master: slave finished is task and says "I completed my task (57)"
Master: slave finished is task and says "I completed my task (58)"
Master: slave finished is task and says "I completed my task (55)"
Master: slave finished is task and says "I completed my task (54)"
Master: slave finished is task and says "I completed my task (56)"
Master: slave finished is task and says "I completed my task (61)"
Master: slave finished is task and says "I completed my task (60)"
Master: slave finished is task and says "I completed my task (63)"
Master: slave finished is task and says "I completed my task (62)"
Master: slave finished is task and says "I completed my task (64)"
Master: slave finished is task and says "I completed my task (59)"
Master: slave finished is task and says "I completed my task (66)"
Master: slave finished is task and says "I completed my task (67)"
Master: slave finished is task and says "I completed my task (68)"
Master: slave finished is task and says "I completed my task (65)"
Master: slave finished is task and says "I completed my task (69)"
Master: slave finished is task and says "I completed my task (70)"
Master: slave finished is task and says "I completed my task (71)"
Master: slave finished is task and says "I completed my task (76)"
Master: slave finished is task and says "I completed my task (72)"
Master: slave finished is task and says "I completed my task (73)"
Master: slave finished is task and says "I completed my task (74)"
Master: slave finished is task and says "I completed my task (75)"
Master: slave finished is task and says "I completed my task (79)"
Master: slave finished is task and says "I completed my task (80)"
Master: slave finished is task and says "I completed my task (81)"
Master: slave finished is task and says "I completed my task (78)"
Master: slave finished is task and says "I completed my task (77)"
Master: slave finished is task and says "I completed my task (82)"
Master: slave finished is task and says "I completed my task (83)"
Master: slave finished is task and says "I completed my task (85)"
Master: slave finished is task and says "I completed my task (86)"
Master: slave finished is task and says "I completed my task (84)"
Master: slave finished is task and says "I completed my task (87)"
Master: slave finished is task and says "I completed my task (89)"
Master: slave finished is task and says "I completed my task (90)"
Master: slave finished is task and says "I completed my task (88)"
Master: slave finished is task and says "I completed my task (91)"
Master: slave finished is task and says "I completed my task (92)"
Master: slave finished is task and says "I completed my task (93)"
Master: slave finished is task and says "I completed my task (95)"
Master: slave finished is task and says "I completed my task (94)"
Master: slave finished is task and says "I completed my task (100)"
Master: slave finished is task and says "I completed my task (96)"
Master: slave finished is task and says "I completed my task (101)"
Master: slave finished is task and says "I completed my task (102)"
Master: slave finished is task and says "I completed my task (99)"
Master: slave finished is task and says "I completed my task (97)"
Master: slave finished is task and says "I completed my task (103)"
Master: slave finished is task and says "I completed my task (106)"
Master: slave finished is task and says "I completed my task (104)"
Master: slave finished is task and says "I completed my task (105)"
Master: slave finished is task and says "I completed my task (107)"
Master: slave finished is task and says "I completed my task (98)"
Master: slave finished is task and says "I completed my task (109)"
Master: slave finished is task and says "I completed my task (108)"
Master: slave finished is task and says "I completed my task (112)"
Master: slave finished is task and says "I completed my task (113)"
Master: slave finished is task and says "I completed my task (114)"
Master: slave finished is task and says "I completed my task (111)"
Master: slave finished is task and says "I completed my task (110)"
Master: slave finished is task and says "I completed my task (116)"
Master: slave finished is task and says "I completed my task (115)"
Master: slave finished is task and says "I completed my task (118)"
Master: slave finished is task and says "I completed my task (120)"
Master: slave finished is task and says "I completed my task (119)"
Master: slave finished is task and says "I completed my task (123)"
logging to.../global/cscratch1/sd/huikong/obiwan_Aug/repos_for_docker/obiwan_out/elg_like_run/logs/331//more_rs0/log.3318m012
logging to.../global/cscratch1/sd/huikong/obiwan_Aug/repos_for_docker/obiwan_out/elg_like_run/logs/332//more_rs0/log.3321m012
FINISHED NOW!
logging to.../global/cscratch1/sd/huikong/obiwan_Aug/repos_for_docker/obiwan_out/elg_like_run/logs/332//more_rs0/log.3323m012
FINISHED NOW!
logging to.../global/cscratch1/sd/huikong/obiwan_Aug/repos_for_docker/obiwan_out/elg_like_run/logs/332//more_rs0/log.3326m012
FINISHED NOW!
logging to.../global/cscratch1/sd/huikong/obiwan_Aug/repos_for_docker/obiwan_out/elg_like_run/logs/332//more_rs0/log.3328m012
FINISHED NOW!
logging to.../global/cscratch1/sd/huikong/obiwan_Aug/repos_for_docker/obiwan_out/elg_like_run/logs/333//more_rs0/log.3331m012
FINISHED NOW!
logging to.../global/cscratch1/sd/huikong/obiwan_Aug/repos_for_docker/obiwan_out/elg_like_run/logs/333//more_rs0/log.3333m012
FINISHED NOW!
logging to.../global/cscratch1/sd/huikong/obiwan_Aug/repos_for_docker/obiwan_out/elg_like_run/logs/333//more_rs0/log.3336m012
FINISHED NOW!
logging to.../global/cscratch1/sd/huikong/obiwan_Aug/repos_for_docker/obiwan_out/elg_like_run/logs/333//more_rs0/log.3338m012
FINISHED NOW!
logging to.../global/cscratch1/sd/huikong/obiwan_Aug/repos_for_docker/obiwan_out/elg_like_run/logs/334//more_rs0/log.3341m012
FINISHED NOW!
logging to.../global/cscratch1/sd/huikong/obiwan_Aug/repos_for_docker/obiwan_out/elg_like_run/logs/334//more_rs0/log.3343m012
FINISHED NOW!
logging to.../global/cscratch1/sd/huikong/obiwan_Aug/repos_for_docker/obiwan_out/elg_like_run/logs/334//more_rs0/log.3346m012
FINISHED NOW!
logging to.../global/cscratch1/sd/huikong/obiwan_Aug/repos_for_docker/obiwan_out/elg_like_run/logs/334//more_rs0/log.3348m012
FINISHED NOW!
logging to.../global/cscratch1/sd/huikong/obiwan_Aug/repos_for_docker/obiwan_out/elg_like_run/logs/335//more_rs0/log.3351m012
FINISHED NOW!
logging to.../global/cscratch1/sd/huikong/obiwan_Aug/repos_for_docker/obiwan_out/elg_like_run/logs/335//more_rs0/log.3356m012
FINISHED NOW!
logging to.../global/cscratch1/sd/huikong/obiwan_Aug/repos_for_docker/obiwan_out/elg_like_run/logs/335//more_rs0/log.3358m012
FINISHED NOW!
logging to.../global/cscratch1/sd/huikong/obiwan_Aug/repos_for_docker/obiwan_out/elg_like_run/logs/336//more_rs0/log.3361m012
FINISHED NOW!
logging to.../global/cscratch1/sd/huikong/obiwan_Aug/repos_for_docker/obiwan_out/elg_like_run/logs/336//more_rs0/log.3363m012
FINISHED NOW!
logging to.../global/cscratch1/sd/huikong/obiwan_Aug/repos_for_docker/obiwan_out/elg_like_run/logs/336//more_rs0/log.3366m012
FINISHED NOW!
logging to.../global/cscratch1/sd/huikong/obiwan_Aug/repos_for_docker/obiwan_out/elg_like_run/logs/336//more_rs0/log.3368m012
FINISHED NOW!
logging to.../global/cscratch1/sd/huikong/obiwan_Aug/repos_for_docker/obiwan_out/elg_like_run/logs/337//more_rs0/log.3371m012
FINISHED NOW!
logging to.../global/cscratch1/sd/huikong/obiwan_Aug/repos_for_docker/obiwan_out/elg_like_run/logs/337//more_rs0/log.3373m012
FINISHED NOW!
logging to.../global/cscratch1/sd/huikong/obiwan_Aug/repos_for_docker/obiwan_out/elg_like_run/logs/337//more_rs0/log.3376m012
FINISHED NOW!
logging to.../global/cscratch1/sd/huikong/obiwan_Aug/repos_for_docker/obiwan_out/elg_like_run/logs/337//more_rs0/log.3378m012
FINISHED NOW!
logging to.../global/cscratch1/sd/huikong/obiwan_Aug/repos_for_docker/obiwan_out/elg_like_run/logs/338//more_rs0/log.3381m012
FINISHED NOW!
logging to.../global/cscratch1/sd/huikong/obiwan_Aug/repos_for_docker/obiwan_out/elg_like_run/logs/338//more_rs0/log.3383m012
FINISHED NOW!
logging to.../global/cscratch1/sd/huikong/obiwan_Aug/repos_for_docker/obiwan_out/elg_like_run/logs/338//more_rs0/log.3386m012
FINISHED NOW!
FINISHED NOW!
logging to.../global/cscratch1/sd/huikong/obiwan_Aug/repos_for_docker/obiwan_out/elg_like_run/logs/338//more_rs0/log.3388m012
logging to.../global/cscratch1/sd/huikong/obiwan_Aug/repos_for_docker/obiwan_out/elg_like_run/logs/339//more_rs0/log.3391m012
FINISHED NOW!
logging to.../global/cscratch1/sd/huikong/obiwan_Aug/repos_for_docker/obiwan_out/elg_like_run/logs/339//more_rs0/log.3393m012
FINISHED NOW!
logging to.../global/cscratch1/sd/huikong/obiwan_Aug/repos_for_docker/obiwan_out/elg_like_run/logs/339//more_rs0/log.3396m012
FINISHED NOW!
logging to.../global/cscratch1/sd/huikong/obiwan_Aug/repos_for_docker/obiwan_out/elg_like_run/logs/339//more_rs0/log.3398m012
FINISHED NOW!
logging to.../global/cscratch1/sd/huikong/obiwan_Aug/repos_for_docker/obiwan_out/elg_like_run/logs/340//more_rs0/log.3401m012
FINISHED NOW!
logging to.../global/cscratch1/sd/huikong/obiwan_Aug/repos_for_docker/obiwan_out/elg_like_run/logs/340//more_rs0/log.3403m012
FINISHED NOW!
logging to.../global/cscratch1/sd/huikong/obiwan_Aug/repos_for_docker/obiwan_out/elg_like_run/logs/340//more_rs0/log.3406m012
FINISHED NOW!
logging to.../global/cscratch1/sd/huikong/obiwan_Aug/repos_for_docker/obiwan_out/elg_like_run/logs/340//more_rs0/log.3408m012
FINISHED NOW!
logging to.../global/cscratch1/sd/huikong/obiwan_Aug/repos_for_docker/obiwan_out/elg_like_run/logs/341//more_rs0/log.3411m012
FINISHED NOW!
logging to.../global/cscratch1/sd/huikong/obiwan_Aug/repos_for_docker/obiwan_out/elg_like_run/logs/341//more_rs0/log.3413m012
FINISHED NOW!
logging to.../global/cscratch1/sd/huikong/obiwan_Aug/repos_for_docker/obiwan_out/elg_like_run/logs/341//more_rs0/log.3416m012
FINISHED NOW!
logging to.../global/cscratch1/sd/huikong/obiwan_Aug/repos_for_docker/obiwan_out/elg_like_run/logs/341//more_rs0/log.3418m012
FINISHED NOW!
logging to.../global/cscratch1/sd/huikong/obiwan_Aug/repos_for_docker/obiwan_out/elg_like_run/logs/342//more_rs0/log.3421m012
FINISHED NOW!
logging to.../global/cscratch1/sd/huikong/obiwan_Aug/repos_for_docker/obiwan_out/elg_like_run/logs/342//more_rs0/log.3423m012
FINISHED NOW!
FINISHED NOW!
logging to.../global/cscratch1/sd/huikong/obiwan_Aug/repos_for_docker/obiwan_out/elg_like_run/logs/342//more_rs0/log.3426m012
logging to.../global/cscratch1/sd/huikong/obiwan_Aug/repos_for_docker/obiwan_out/elg_like_run/logs/342//more_rs0/log.3428m012
FINISHED NOW!
logging to.../global/cscratch1/sd/huikong/obiwan_Aug/repos_for_docker/obiwan_out/elg_like_run/logs/343//more_rs0/log.3431m012
FINISHED NOW!
logging to.../global/cscratch1/sd/huikong/obiwan_Aug/repos_for_docker/obiwan_out/elg_like_run/logs/343//more_rs0/log.3433m012
FINISHED NOW!
logging to.../global/cscratch1/sd/huikong/obiwan_Aug/repos_for_docker/obiwan_out/elg_like_run/logs/343//more_rs0/log.3436m012
FINISHED NOW!
logging to.../global/cscratch1/sd/huikong/obiwan_Aug/repos_for_docker/obiwan_out/elg_like_run/logs/343//more_rs0/log.3438m012
FINISHED NOW!
logging to.../global/cscratch1/sd/huikong/obiwan_Aug/repos_for_docker/obiwan_out/elg_like_run/logs/344//more_rs0/log.3441m012
FINISHED NOW!
logging to.../global/cscratch1/sd/huikong/obiwan_Aug/repos_for_docker/obiwan_out/elg_like_run/logs/344//more_rs0/log.3443m012
FINISHED NOW!
logging to.../global/cscratch1/sd/huikong/obiwan_Aug/repos_for_docker/obiwan_out/elg_like_run/logs/344//more_rs0/log.3446m012
FINISHED NOW!
logging to.../global/cscratch1/sd/huikong/obiwan_Aug/repos_for_docker/obiwan_out/elg_like_run/logs/344//more_rs0/log.3448m012
slurmstepd: error: *** STEP 20011195.1 ON nid01180 CANCELLED AT 2019-03-29T14:41:35 DUE TO TIME LIMIT ***
srun: got SIGCONT
srun: forcing job termination
