logging to.../global/cscratch1/sd/huikong/obiwan_Aug/repos_for_docker/obiwan_out/elg_like_run/logs/316//more_rs0/log.3168m017
logging to.../global/cscratch1/sd/huikong/obiwan_Aug/repos_for_docker/obiwan_out/elg_like_run/logs/317//more_rs0/log.3171m017
logging to.../global/cscratch1/sd/huikong/obiwan_Aug/repos_for_docker/obiwan_out/elg_like_run/logs/317//more_rs0/log.3173m017
logging to.../global/cscratch1/sd/huikong/obiwan_Aug/repos_for_docker/obiwan_out/elg_like_run/logs/317//more_rs0/log.3176m017
logging to.../global/cscratch1/sd/huikong/obiwan_Aug/repos_for_docker/obiwan_out/elg_like_run/logs/318//more_rs0/log.3181m017
logging to.../global/cscratch1/sd/huikong/obiwan_Aug/repos_for_docker/obiwan_out/elg_like_run/logs/318//more_rs0/log.3183m017
logging to.../global/cscratch1/sd/huikong/obiwan_Aug/repos_for_docker/obiwan_out/elg_like_run/logs/317//more_rs0/log.3178m017
logging to.../global/cscratch1/sd/huikong/obiwan_Aug/repos_for_docker/obiwan_out/elg_like_run/logs/318//more_rs0/log.3186m017
logging to.../global/cscratch1/sd/huikong/obiwan_Aug/repos_for_docker/obiwan_out/elg_like_run/logs/318//more_rs0/log.3188m017
FINISHED NOW!
FINISHED NOW!
FINISHED NOW!
FINISHED NOW!
FINISHED NOW!
FINISHED NOW!
FINISHED NOW!
FINISHED NOW!
FINISHED NOW!
logging to.../global/cscratch1/sd/huikong/obiwan_Aug/repos_for_docker/obiwan_out/elg_like_run/logs/319//more_rs0/log.3196m017
logging to.../global/cscratch1/sd/huikong/obiwan_Aug/repos_for_docker/obiwan_out/elg_like_run/logs/319//more_rs0/log.3191m017
logging to.../global/cscratch1/sd/huikong/obiwan_Aug/repos_for_docker/obiwan_out/elg_like_run/logs/319//more_rs0/log.3193m017
logging to.../global/cscratch1/sd/huikong/obiwan_Aug/repos_for_docker/obiwan_out/elg_like_run/logs/319//more_rs0/log.3198m017
logging to.../global/cscratch1/sd/huikong/obiwan_Aug/repos_for_docker/obiwan_out/elg_like_run/logs/320//more_rs0/log.3201m017
logging to.../global/cscratch1/sd/huikong/obiwan_Aug/repos_for_docker/obiwan_out/elg_like_run/logs/320//more_rs0/log.3206m017
logging to.../global/cscratch1/sd/huikong/obiwan_Aug/repos_for_docker/obiwan_out/elg_like_run/logs/320//more_rs0/log.3203m017
logging to.../global/cscratch1/sd/huikong/obiwan_Aug/repos_for_docker/obiwan_out/elg_like_run/logs/320//more_rs0/log.3208m017
logging to.../global/cscratch1/sd/huikong/obiwan_Aug/repos_for_docker/obiwan_out/elg_like_run/logs/321//more_rs0/log.3211m017
FINISHED NOW!
FINISHED NOW!
FINISHED NOW!
FINISHED NOW!
FINISHED NOW!
FINISHED NOW!
FINISHED NOW!
logging to.../global/cscratch1/sd/huikong/obiwan_Aug/repos_for_docker/obiwan_out/elg_like_run/logs/321//more_rs0/log.3213m017
logging to.../global/cscratch1/sd/huikong/obiwan_Aug/repos_for_docker/obiwan_out/elg_like_run/logs/321//more_rs0/log.3216m017
logging to.../global/cscratch1/sd/huikong/obiwan_Aug/repos_for_docker/obiwan_out/elg_like_run/logs/321//more_rs0/log.3218m017
logging to.../global/cscratch1/sd/huikong/obiwan_Aug/repos_for_docker/obiwan_out/elg_like_run/logs/322//more_rs0/log.3226m017
logging to.../global/cscratch1/sd/huikong/obiwan_Aug/repos_for_docker/obiwan_out/elg_like_run/logs/322//more_rs0/log.3221m017
logging to.../global/cscratch1/sd/huikong/obiwan_Aug/repos_for_docker/obiwan_out/elg_like_run/logs/322//more_rs0/log.3223m017
logging to.../global/cscratch1/sd/huikong/obiwan_Aug/repos_for_docker/obiwan_out/elg_like_run/logs/322//more_rs0/log.3228m017
FINISHED NOW!
FINISHED NOW!
FINISHED NOW!
FINISHED NOW!
FINISHED NOW!
logging to.../global/cscratch1/sd/huikong/obiwan_Aug/repos_for_docker/obiwan_out/elg_like_run/logs/323//more_rs0/log.3233m017
logging to.../global/cscratch1/sd/huikong/obiwan_Aug/repos_for_docker/obiwan_out/elg_like_run/logs/323//more_rs0/log.3231m017
logging to.../global/cscratch1/sd/huikong/obiwan_Aug/repos_for_docker/obiwan_out/elg_like_run/logs/323//more_rs0/log.3236m017
logging to.../global/cscratch1/sd/huikong/obiwan_Aug/repos_for_docker/obiwan_out/elg_like_run/logs/323//more_rs0/log.3238m017
logging to.../global/cscratch1/sd/huikong/obiwan_Aug/repos_for_docker/obiwan_out/elg_like_run/logs/324//more_rs0/log.3241m017
FINISHED NOW!
FINISHED NOW!
logging to.../global/cscratch1/sd/huikong/obiwan_Aug/repos_for_docker/obiwan_out/elg_like_run/logs/324//more_rs0/log.3243m017
logging to.../global/cscratch1/sd/huikong/obiwan_Aug/repos_for_docker/obiwan_out/elg_like_run/logs/324//more_rs0/log.3246m017
FINISHED NOW!
logging to.../global/cscratch1/sd/huikong/obiwan_Aug/repos_for_docker/obiwan_out/elg_like_run/logs/324//more_rs0/log.3248m017
FINISHED NOW!
logging to.../global/cscratch1/sd/huikong/obiwan_Aug/repos_for_docker/obiwan_out/elg_like_run/logs/325//more_rs0/log.3251m017
FINISHED NOW!
logging to.../global/cscratch1/sd/huikong/obiwan_Aug/repos_for_docker/obiwan_out/elg_like_run/logs/325//more_rs0/log.3253m017
FINISHED NOW!
logging to.../global/cscratch1/sd/huikong/obiwan_Aug/repos_for_docker/obiwan_out/elg_like_run/logs/325//more_rs0/log.3256m017
FINISHED NOW!
logging to.../global/cscratch1/sd/huikong/obiwan_Aug/repos_for_docker/obiwan_out/elg_like_run/logs/325//more_rs0/log.3258m017
FINISHED NOW!
logging to.../global/cscratch1/sd/huikong/obiwan_Aug/repos_for_docker/obiwan_out/elg_like_run/logs/326//more_rs0/log.3261m017
FINISHED NOW!
logging to.../global/cscratch1/sd/huikong/obiwan_Aug/repos_for_docker/obiwan_out/elg_like_run/logs/326//more_rs0/log.3263m017
FINISHED NOW!
logging to.../global/cscratch1/sd/huikong/obiwan_Aug/repos_for_docker/obiwan_out/elg_like_run/logs/326//more_rs0/log.3266m017
FINISHED NOW!
logging to.../global/cscratch1/sd/huikong/obiwan_Aug/repos_for_docker/obiwan_out/elg_like_run/logs/326//more_rs0/log.3268m017
FINISHED NOW!
logging to.../global/cscratch1/sd/huikong/obiwan_Aug/repos_for_docker/obiwan_out/elg_like_run/logs/327//more_rs0/log.3271m017
FINISHED NOW!
logging to.../global/cscratch1/sd/huikong/obiwan_Aug/repos_for_docker/obiwan_out/elg_like_run/logs/327//more_rs0/log.3273m017
FINISHED NOW!
logging to.../global/cscratch1/sd/huikong/obiwan_Aug/repos_for_docker/obiwan_out/elg_like_run/logs/327//more_rs0/log.3276m017
FINISHED NOW!
logging to.../global/cscratch1/sd/huikong/obiwan_Aug/repos_for_docker/obiwan_out/elg_like_run/logs/327//more_rs0/log.3278m017
FINISHED NOW!
logging to.../global/cscratch1/sd/huikong/obiwan_Aug/repos_for_docker/obiwan_out/elg_like_run/logs/328//more_rs0/log.3281m017
FINISHED NOW!
logging to.../global/cscratch1/sd/huikong/obiwan_Aug/repos_for_docker/obiwan_out/elg_like_run/logs/328//more_rs0/log.3283m017
FINISHED NOW!
logging to.../global/cscratch1/sd/huikong/obiwan_Aug/repos_for_docker/obiwan_out/elg_like_run/logs/328//more_rs0/log.3286m017
FINISHED NOW!
logging to.../global/cscratch1/sd/huikong/obiwan_Aug/repos_for_docker/obiwan_out/elg_like_run/logs/328//more_rs0/log.3288m017
FINISHED NOW!
logging to.../global/cscratch1/sd/huikong/obiwan_Aug/repos_for_docker/obiwan_out/elg_like_run/logs/329//more_rs0/log.3291m017
FINISHED NOW!
logging to.../global/cscratch1/sd/huikong/obiwan_Aug/repos_for_docker/obiwan_out/elg_like_run/logs/329//more_rs0/log.3293m017
FINISHED NOW!
logging to.../global/cscratch1/sd/huikong/obiwan_Aug/repos_for_docker/obiwan_out/elg_like_run/logs/329//more_rs0/log.3296m017
FINISHED NOW!
logging to.../global/cscratch1/sd/huikong/obiwan_Aug/repos_for_docker/obiwan_out/elg_like_run/logs/329//more_rs0/log.3298m017
FINISHED NOW!
logging to.../global/cscratch1/sd/huikong/obiwan_Aug/repos_for_docker/obiwan_out/elg_like_run/logs/330//more_rs0/log.3301m017
FINISHED NOW!
logging to.../global/cscratch1/sd/huikong/obiwan_Aug/repos_for_docker/obiwan_out/elg_like_run/logs/330//more_rs0/log.3303m017
FINISHED NOW!
logging to.../global/cscratch1/sd/huikong/obiwan_Aug/repos_for_docker/obiwan_out/elg_like_run/logs/330//more_rs0/log.3306m017
FINISHED NOW!
logging to.../global/cscratch1/sd/huikong/obiwan_Aug/repos_for_docker/obiwan_out/elg_like_run/logs/330//more_rs0/log.3308m017
FINISHED NOW!
logging to.../global/cscratch1/sd/huikong/obiwan_Aug/repos_for_docker/obiwan_out/elg_like_run/logs/331//more_rs0/log.3311m017
FINISHED NOW!
logging to.../global/cscratch1/sd/huikong/obiwan_Aug/repos_for_docker/obiwan_out/elg_like_run/logs/331//more_rs0/log.3313m017
FINISHED NOW!
logging to.../global/cscratch1/sd/huikong/obiwan_Aug/repos_for_docker/obiwan_out/elg_like_run/logs/331//more_rs0/log.3316m017
FINISHED NOW!
logging to.../global/cscratch1/sd/huikong/obiwan_Aug/repos_for_docker/obiwan_out/elg_like_run/logs/331//more_rs0/log.3318m017
FINISHED NOW!
logging to.../global/cscratch1/sd/huikong/obiwan_Aug/repos_for_docker/obiwan_out/elg_like_run/logs/332//more_rs0/log.3321m017
FINISHED NOW!
logging to.../global/cscratch1/sd/huikong/obiwan_Aug/repos_for_docker/obiwan_out/elg_like_run/logs/332//more_rs0/log.3323m017
FINISHED NOW!
logging to.../global/cscratch1/sd/huikong/obiwan_Aug/repos_for_docker/obiwan_out/elg_like_run/logs/332//more_rs0/log.3326m017
FINISHED NOW!
logging to.../global/cscratch1/sd/huikong/obiwan_Aug/repos_for_docker/obiwan_out/elg_like_run/logs/332//more_rs0/log.3328m017
FINISHED NOW!
logging to.../global/cscratch1/sd/huikong/obiwan_Aug/repos_for_docker/obiwan_out/elg_like_run/logs/333//more_rs0/log.3331m017
FINISHED NOW!
logging to.../global/cscratch1/sd/huikong/obiwan_Aug/repos_for_docker/obiwan_out/elg_like_run/logs/333//more_rs0/log.3333m017
FINISHED NOW!
logging to.../global/cscratch1/sd/huikong/obiwan_Aug/repos_for_docker/obiwan_out/elg_like_run/logs/333//more_rs0/log.3336m017
FINISHED NOW!
logging to.../global/cscratch1/sd/huikong/obiwan_Aug/repos_for_docker/obiwan_out/elg_like_run/logs/333//more_rs0/log.3338m017
FINISHED NOW!
logging to.../global/cscratch1/sd/huikong/obiwan_Aug/repos_for_docker/obiwan_out/elg_like_run/logs/334//more_rs0/log.3341m017
FINISHED NOW!
logging to.../global/cscratch1/sd/huikong/obiwan_Aug/repos_for_docker/obiwan_out/elg_like_run/logs/334//more_rs0/log.3343m017
FINISHED NOW!
logging to.../global/cscratch1/sd/huikong/obiwan_Aug/repos_for_docker/obiwan_out/elg_like_run/logs/334//more_rs0/log.3346m017
FINISHED NOW!
logging to.../global/cscratch1/sd/huikong/obiwan_Aug/repos_for_docker/obiwan_out/elg_like_run/logs/334//more_rs0/log.3348m017
FINISHED NOW!
logging to.../global/cscratch1/sd/huikong/obiwan_Aug/repos_for_docker/obiwan_out/elg_like_run/logs/335//more_rs0/log.3351m017
FINISHED NOW!
logging to.../global/cscratch1/sd/huikong/obiwan_Aug/repos_for_docker/obiwan_out/elg_like_run/logs/335//more_rs0/log.3353m017
FINISHED NOW!
logging to.../global/cscratch1/sd/huikong/obiwan_Aug/repos_for_docker/obiwan_out/elg_like_run/logs/335//more_rs0/log.3356m017
FINISHED NOW!
logging to.../global/cscratch1/sd/huikong/obiwan_Aug/repos_for_docker/obiwan_out/elg_like_run/logs/335//more_rs0/log.3358m017
FINISHED NOW!
logging to.../global/cscratch1/sd/huikong/obiwan_Aug/repos_for_docker/obiwan_out/elg_like_run/logs/336//more_rs0/log.3361m017
FINISHED NOW!
logging to.../global/cscratch1/sd/huikong/obiwan_Aug/repos_for_docker/obiwan_out/elg_like_run/logs/336//more_rs0/log.3363m017
FINISHED NOW!
logging to.../global/cscratch1/sd/huikong/obiwan_Aug/repos_for_docker/obiwan_out/elg_like_run/logs/336//more_rs0/log.3366m017
FINISHED NOW!
logging to.../global/cscratch1/sd/huikong/obiwan_Aug/repos_for_docker/obiwan_out/elg_like_run/logs/336//more_rs0/log.3368m017
FINISHED NOW!
logging to.../global/cscratch1/sd/huikong/obiwan_Aug/repos_for_docker/obiwan_out/elg_like_run/logs/337//more_rs0/log.3371m017
FINISHED NOW!
logging to.../global/cscratch1/sd/huikong/obiwan_Aug/repos_for_docker/obiwan_out/elg_like_run/logs/337//more_rs0/log.3373m017
FINISHED NOW!
logging to.../global/cscratch1/sd/huikong/obiwan_Aug/repos_for_docker/obiwan_out/elg_like_run/logs/337//more_rs0/log.3376m017
FINISHED NOW!
logging to.../global/cscratch1/sd/huikong/obiwan_Aug/repos_for_docker/obiwan_out/elg_like_run/logs/337//more_rs0/log.3378m017
FINISHED NOW!
logging to.../global/cscratch1/sd/huikong/obiwan_Aug/repos_for_docker/obiwan_out/elg_like_run/logs/338//more_rs0/log.3381m017
FINISHED NOW!
logging to.../global/cscratch1/sd/huikong/obiwan_Aug/repos_for_docker/obiwan_out/elg_like_run/logs/338//more_rs0/log.3383m017
FINISHED NOW!
logging to.../global/cscratch1/sd/huikong/obiwan_Aug/repos_for_docker/obiwan_out/elg_like_run/logs/338//more_rs0/log.3386m017
FINISHED NOW!
logging to.../global/cscratch1/sd/huikong/obiwan_Aug/repos_for_docker/obiwan_out/elg_like_run/logs/338//more_rs0/log.3388m017
FINISHED NOW!
logging to.../global/cscratch1/sd/huikong/obiwan_Aug/repos_for_docker/obiwan_out/elg_like_run/logs/339//more_rs0/log.3391m017
FINISHED NOW!
logging to.../global/cscratch1/sd/huikong/obiwan_Aug/repos_for_docker/obiwan_out/elg_like_run/logs/339//more_rs0/log.3393m017
FINISHED NOW!
logging to.../global/cscratch1/sd/huikong/obiwan_Aug/repos_for_docker/obiwan_out/elg_like_run/logs/339//more_rs0/log.3396m017
FINISHED NOW!
logging to.../global/cscratch1/sd/huikong/obiwan_Aug/repos_for_docker/obiwan_out/elg_like_run/logs/339//more_rs0/log.3398m017
FINISHED NOW!
logging to.../global/cscratch1/sd/huikong/obiwan_Aug/repos_for_docker/obiwan_out/elg_like_run/logs/340//more_rs0/log.3401m017
FINISHED NOW!
logging to.../global/cscratch1/sd/huikong/obiwan_Aug/repos_for_docker/obiwan_out/elg_like_run/logs/340//more_rs0/log.3403m017
FINISHED NOW!
logging to.../global/cscratch1/sd/huikong/obiwan_Aug/repos_for_docker/obiwan_out/elg_like_run/logs/340//more_rs0/log.3406m017
FINISHED NOW!
logging to.../global/cscratch1/sd/huikong/obiwan_Aug/repos_for_docker/obiwan_out/elg_like_run/logs/340//more_rs0/log.3408m017
FINISHED NOW!
logging to.../global/cscratch1/sd/huikong/obiwan_Aug/repos_for_docker/obiwan_out/elg_like_run/logs/341//more_rs0/log.3411m017
FINISHED NOW!
logging to.../global/cscratch1/sd/huikong/obiwan_Aug/repos_for_docker/obiwan_out/elg_like_run/logs/341//more_rs0/log.3413m017
FINISHED NOW!
logging to.../global/cscratch1/sd/huikong/obiwan_Aug/repos_for_docker/obiwan_out/elg_like_run/logs/341//more_rs0/log.3416m017
FINISHED NOW!
logging to.../global/cscratch1/sd/huikong/obiwan_Aug/repos_for_docker/obiwan_out/elg_like_run/logs/341//more_rs0/log.3418m017
FINISHED NOW!
logging to.../global/cscratch1/sd/huikong/obiwan_Aug/repos_for_docker/obiwan_out/elg_like_run/logs/342//more_rs0/log.3421m017
FINISHED NOW!
logging to.../global/cscratch1/sd/huikong/obiwan_Aug/repos_for_docker/obiwan_out/elg_like_run/logs/342//more_rs0/log.3423m017
FINISHED NOW!
logging to.../global/cscratch1/sd/huikong/obiwan_Aug/repos_for_docker/obiwan_out/elg_like_run/logs/342//more_rs0/log.3426m017
FINISHED NOW!
logging to.../global/cscratch1/sd/huikong/obiwan_Aug/repos_for_docker/obiwan_out/elg_like_run/logs/342//more_rs0/log.3428m017
FINISHED NOW!
logging to.../global/cscratch1/sd/huikong/obiwan_Aug/repos_for_docker/obiwan_out/elg_like_run/logs/343//more_rs0/log.3431m017
FINISHED NOW!
logging to.../global/cscratch1/sd/huikong/obiwan_Aug/repos_for_docker/obiwan_out/elg_like_run/logs/343//more_rs0/log.3433m017
FINISHED NOW!
logging to.../global/cscratch1/sd/huikong/obiwan_Aug/repos_for_docker/obiwan_out/elg_like_run/logs/343//more_rs0/log.3436m017
FINISHED NOW!
logging to.../global/cscratch1/sd/huikong/obiwan_Aug/repos_for_docker/obiwan_out/elg_like_run/logs/343//more_rs0/log.3438m017
FINISHED NOW!
logging to.../global/cscratch1/sd/huikong/obiwan_Aug/repos_for_docker/obiwan_out/elg_like_run/logs/344//more_rs0/log.3441m017
FINISHED NOW!
logging to.../global/cscratch1/sd/huikong/obiwan_Aug/repos_for_docker/obiwan_out/elg_like_run/logs/344//more_rs0/log.3443m017
FINISHED NOW!
logging to.../global/cscratch1/sd/huikong/obiwan_Aug/repos_for_docker/obiwan_out/elg_like_run/logs/344//more_rs0/log.3446m017
FINISHED NOW!
logging to.../global/cscratch1/sd/huikong/obiwan_Aug/repos_for_docker/obiwan_out/elg_like_run/logs/344//more_rs0/log.3448m017
FINISHED NOW!
logging to.../global/cscratch1/sd/huikong/obiwan_Aug/repos_for_docker/obiwan_out/elg_like_run/logs/345//more_rs0/log.3451m017
FINISHED NOW!
logging to.../global/cscratch1/sd/huikong/obiwan_Aug/repos_for_docker/obiwan_out/elg_like_run/logs/345//more_rs0/log.3453m017
FINISHED NOW!
logging to.../global/cscratch1/sd/huikong/obiwan_Aug/repos_for_docker/obiwan_out/elg_like_run/logs/345//more_rs0/log.3456m017
FINISHED NOW!
logging to.../global/cscratch1/sd/huikong/obiwan_Aug/repos_for_docker/obiwan_out/elg_like_run/logs/345//more_rs0/log.3458m017
FINISHED NOW!
logging to.../global/cscratch1/sd/huikong/obiwan_Aug/repos_for_docker/obiwan_out/elg_like_run/logs/346//more_rs0/log.3461m017
FINISHED NOW!
logging to.../global/cscratch1/sd/huikong/obiwan_Aug/repos_for_docker/obiwan_out/elg_like_run/logs/346//more_rs0/log.3463m017
FINISHED NOW!
logging to.../global/cscratch1/sd/huikong/obiwan_Aug/repos_for_docker/obiwan_out/elg_like_run/logs/346//more_rs0/log.3466m017
FINISHED NOW!
logging to.../global/cscratch1/sd/huikong/obiwan_Aug/repos_for_docker/obiwan_out/elg_like_run/logs/346//more_rs0/log.3468m017
FINISHED NOW!
logging to.../global/cscratch1/sd/huikong/obiwan_Aug/repos_for_docker/obiwan_out/elg_like_run/logs/347//more_rs0/log.3471m017
FINISHED NOW!
logging to.../global/cscratch1/sd/huikong/obiwan_Aug/repos_for_docker/obiwan_out/elg_like_run/logs/347//more_rs0/log.3473m017
FINISHED NOW!
logging to.../global/cscratch1/sd/huikong/obiwan_Aug/repos_for_docker/obiwan_out/elg_like_run/logs/347//more_rs0/log.3476m017
FINISHED NOW!
logging to.../global/cscratch1/sd/huikong/obiwan_Aug/repos_for_docker/obiwan_out/elg_like_run/logs/347//more_rs0/log.3478m017
FINISHED NOW!
logging to.../global/cscratch1/sd/huikong/obiwan_Aug/repos_for_docker/obiwan_out/elg_like_run/logs/348//more_rs0/log.3481m017
FINISHED NOW!
logging to.../global/cscratch1/sd/huikong/obiwan_Aug/repos_for_docker/obiwan_out/elg_like_run/logs/348//more_rs0/log.3483m017
FINISHED NOW!
logging to.../global/cscratch1/sd/huikong/obiwan_Aug/repos_for_docker/obiwan_out/elg_like_run/logs/348//more_rs0/log.3486m017
FINISHED NOW!
logging to.../global/cscratch1/sd/huikong/obiwan_Aug/repos_for_docker/obiwan_out/elg_like_run/logs/348//more_rs0/log.3488m017
FINISHED NOW!
logging to.../global/cscratch1/sd/huikong/obiwan_Aug/repos_for_docker/obiwan_out/elg_like_run/logs/349//more_rs0/log.3491m017
FINISHED NOW!
I am  nid01253 rank 0 (total 10)
Master: slave finished is task and says "I completed my task (0)"
Master: slave finished is task and says "I completed my task (3)"
Master: slave finished is task and says "I completed my task (7)"
Master: slave finished is task and says "I completed my task (1)"
Master: slave finished is task and says "I completed my task (4)"
Master: slave finished is task and says "I completed my task (2)"
Master: slave finished is task and says "I completed my task (5)"
Master: slave finished is task and says "I completed my task (6)"
Master: slave finished is task and says "I completed my task (8)"
Master: slave finished is task and says "I completed my task (9)"
Master: slave finished is task and says "I completed my task (11)"
Master: slave finished is task and says "I completed my task (12)"
Master: slave finished is task and says "I completed my task (14)"
Master: slave finished is task and says "I completed my task (15)"
Master: slave finished is task and says "I completed my task (10)"
Master: slave finished is task and says "I completed my task (13)"
Master: slave finished is task and says "I completed my task (20)"
Master: slave finished is task and says "I completed my task (19)"
Master: slave finished is task and says "I completed my task (22)"
Master: slave finished is task and says "I completed my task (23)"
Master: slave finished is task and says "I completed my task (24)"
Master: slave finished is task and says "I completed my task (16)"
Master: slave finished is task and says "I completed my task (17)"
Master: slave finished is task and says "I completed my task (29)"
Master: slave finished is task and says "I completed my task (26)"
Master: slave finished is task and says "I completed my task (27)"
Master: slave finished is task and says "I completed my task (28)"
Master: slave finished is task and says "I completed my task (25)"
Master: slave finished is task and says "I completed my task (30)"
Master: slave finished is task and says "I completed my task (35)"
Master: slave finished is task and says "I completed my task (33)"
Master: slave finished is task and says "I completed my task (32)"
Master: slave finished is task and says "I completed my task (36)"
Master: slave finished is task and says "I completed my task (34)"
Master: slave finished is task and says "I completed my task (38)"
Master: slave finished is task and says "I completed my task (18)"
Master: slave finished is task and says "I completed my task (37)"
Master: slave finished is task and says "I completed my task (40)"
Master: slave finished is task and says "I completed my task (45)"
Master: slave finished is task and says "I completed my task (21)"
Master: slave finished is task and says "I completed my task (46)"
Master: slave finished is task and says "I completed my task (44)"
Master: slave finished is task and says "I completed my task (41)"
Master: slave finished is task and says "I completed my task (47)"
Master: slave finished is task and says "I completed my task (48)"
Master: slave finished is task and says "I completed my task (43)"
Master: slave finished is task and says "I completed my task (49)"
Master: slave finished is task and says "I completed my task (42)"
Master: slave finished is task and says "I completed my task (52)"
Master: slave finished is task and says "I completed my task (53)"
Master: slave finished is task and says "I completed my task (51)"
Master: slave finished is task and says "I completed my task (54)"
Master: slave finished is task and says "I completed my task (55)"
Master: slave finished is task and says "I completed my task (59)"
Master: slave finished is task and says "I completed my task (56)"
Master: slave finished is task and says "I completed my task (50)"
Master: slave finished is task and says "I completed my task (57)"
Master: slave finished is task and says "I completed my task (61)"
Master: slave finished is task and says "I completed my task (58)"
Master: slave finished is task and says "I completed my task (39)"
Master: slave finished is task and says "I completed my task (60)"
Master: slave finished is task and says "I completed my task (65)"
Master: slave finished is task and says "I completed my task (63)"
Master: slave finished is task and says "I completed my task (62)"
Master: slave finished is task and says "I completed my task (64)"
Master: slave finished is task and says "I completed my task (66)"
Master: slave finished is task and says "I completed my task (70)"
Master: slave finished is task and says "I completed my task (69)"
Master: slave finished is task and says "I completed my task (71)"
Master: slave finished is task and says "I completed my task (67)"
Master: slave finished is task and says "I completed my task (68)"
Master: slave finished is task and says "I completed my task (74)"
Master: slave finished is task and says "I completed my task (72)"
Master: slave finished is task and says "I completed my task (73)"
Master: slave finished is task and says "I completed my task (79)"
Master: slave finished is task and says "I completed my task (78)"
Master: slave finished is task and says "I completed my task (82)"
Master: slave finished is task and says "I completed my task (77)"
Master: slave finished is task and says "I completed my task (31)"
Master: slave finished is task and says "I completed my task (84)"
Master: slave finished is task and says "I completed my task (85)"
Master: slave finished is task and says "I completed my task (86)"
Master: slave finished is task and says "I completed my task (81)"
Master: slave finished is task and says "I completed my task (83)"
Master: slave finished is task and says "I completed my task (76)"
Master: slave finished is task and says "I completed my task (87)"
Master: slave finished is task and says "I completed my task (80)"
Master: slave finished is task and says "I completed my task (88)"
Master: slave finished is task and says "I completed my task (75)"
Master: slave finished is task and says "I completed my task (96)"
Master: slave finished is task and says "I completed my task (91)"
Master: slave finished is task and says "I completed my task (90)"
Master: slave finished is task and says "I completed my task (92)"
Master: slave finished is task and says "I completed my task (89)"
Master: slave finished is task and says "I completed my task (93)"
Master: slave finished is task and says "I completed my task (98)"
Master: slave finished is task and says "I completed my task (95)"
Master: slave finished is task and says "I completed my task (99)"
Master: slave finished is task and says "I completed my task (101)"
Master: slave finished is task and says "I completed my task (97)"
Master: slave finished is task and says "I completed my task (102)"
Master: slave finished is task and says "I completed my task (94)"
Master: slave finished is task and says "I completed my task (100)"
Master: slave finished is task and says "I completed my task (105)"
Master: slave finished is task and says "I completed my task (106)"
Master: slave finished is task and says "I completed my task (104)"
Master: slave finished is task and says "I completed my task (103)"
Master: slave finished is task and says "I completed my task (107)"
Master: slave finished is task and says "I completed my task (113)"
Master: slave finished is task and says "I completed my task (114)"
Master: slave finished is task and says "I completed my task (108)"
Master: slave finished is task and says "I completed my task (115)"
Master: slave finished is task and says "I completed my task (110)"
Master: slave finished is task and says "I completed my task (116)"
Master: slave finished is task and says "I completed my task (111)"
Master: slave finished is task and says "I completed my task (112)"
Master: slave finished is task and says "I completed my task (118)"
Master: slave finished is task and says "I completed my task (117)"
Master: slave finished is task and says "I completed my task (121)"
Master: slave finished is task and says "I completed my task (119)"
Master: slave finished is task and says "I completed my task (122)"
logging to.../global/cscratch1/sd/huikong/obiwan_Aug/repos_for_docker/obiwan_out/elg_like_run/logs/349//more_rs0/log.3493m017
FINISHED NOW!
logging to.../global/cscratch1/sd/huikong/obiwan_Aug/repos_for_docker/obiwan_out/elg_like_run/logs/349//more_rs0/log.3496m017
FINISHED NOW!
logging to.../global/cscratch1/sd/huikong/obiwan_Aug/repos_for_docker/obiwan_out/elg_like_run/logs/349//more_rs0/log.3498m017
FINISHED NOW!
logging to.../global/cscratch1/sd/huikong/obiwan_Aug/repos_for_docker/obiwan_out/elg_like_run/logs/350//more_rs0/log.3501m017
FINISHED NOW!
logging to.../global/cscratch1/sd/huikong/obiwan_Aug/repos_for_docker/obiwan_out/elg_like_run/logs/350//more_rs0/log.3503m017
FINISHED NOW!
logging to.../global/cscratch1/sd/huikong/obiwan_Aug/repos_for_docker/obiwan_out/elg_like_run/logs/350//more_rs0/log.3506m017
FINISHED NOW!
logging to.../global/cscratch1/sd/huikong/obiwan_Aug/repos_for_docker/obiwan_out/elg_like_run/logs/350//more_rs0/log.3508m017
FINISHED NOW!
logging to.../global/cscratch1/sd/huikong/obiwan_Aug/repos_for_docker/obiwan_out/elg_like_run/logs/351//more_rs0/log.3511m017
FINISHED NOW!
logging to.../global/cscratch1/sd/huikong/obiwan_Aug/repos_for_docker/obiwan_out/elg_like_run/logs/351//more_rs0/log.3513m017
FINISHED NOW!
logging to.../global/cscratch1/sd/huikong/obiwan_Aug/repos_for_docker/obiwan_out/elg_like_run/logs/351//more_rs0/log.3516m017
FINISHED NOW!
logging to.../global/cscratch1/sd/huikong/obiwan_Aug/repos_for_docker/obiwan_out/elg_like_run/logs/351//more_rs0/log.3518m017
FINISHED NOW!
logging to.../global/cscratch1/sd/huikong/obiwan_Aug/repos_for_docker/obiwan_out/elg_like_run/logs/352//more_rs0/log.3521m017
FINISHED NOW!
logging to.../global/cscratch1/sd/huikong/obiwan_Aug/repos_for_docker/obiwan_out/elg_like_run/logs/352//more_rs0/log.3523m017
FINISHED NOW!
logging to.../global/cscratch1/sd/huikong/obiwan_Aug/repos_for_docker/obiwan_out/elg_like_run/logs/352//more_rs0/log.3526m017
FINISHED NOW!
logging to.../global/cscratch1/sd/huikong/obiwan_Aug/repos_for_docker/obiwan_out/elg_like_run/logs/352//more_rs0/log.3528m017
FINISHED NOW!
logging to.../global/cscratch1/sd/huikong/obiwan_Aug/repos_for_docker/obiwan_out/elg_like_run/logs/353//more_rs0/log.3531m017
FINISHED NOW!
logging to.../global/cscratch1/sd/huikong/obiwan_Aug/repos_for_docker/obiwan_out/elg_like_run/logs/353//more_rs0/log.3533m017
FINISHED NOW!
logging to.../global/cscratch1/sd/huikong/obiwan_Aug/repos_for_docker/obiwan_out/elg_like_run/logs/353//more_rs0/log.3536m017
FINISHED NOW!
logging to.../global/cscratch1/sd/huikong/obiwan_Aug/repos_for_docker/obiwan_out/elg_like_run/logs/353//more_rs0/log.3538m017
FINISHED NOW!
logging to.../global/cscratch1/sd/huikong/obiwan_Aug/repos_for_docker/obiwan_out/elg_like_run/logs/354//more_rs0/log.3541m017
FINISHED NOW!
logging to.../global/cscratch1/sd/huikong/obiwan_Aug/repos_for_docker/obiwan_out/elg_like_run/logs/354//more_rs0/log.3543m017
FINISHED NOW!
logging to.../global/cscratch1/sd/huikong/obiwan_Aug/repos_for_docker/obiwan_out/elg_like_run/logs/354//more_rs0/log.3546m017
FINISHED NOW!
logging to.../global/cscratch1/sd/huikong/obiwan_Aug/repos_for_docker/obiwan_out/elg_like_run/logs/354//more_rs0/log.3548m017
FINISHED NOW!
logging to.../global/cscratch1/sd/huikong/obiwan_Aug/repos_for_docker/obiwan_out/elg_like_run/logs/355//more_rs0/log.3551m017
FINISHED NOW!
logging to.../global/cscratch1/sd/huikong/obiwan_Aug/repos_for_docker/obiwan_out/elg_like_run/logs/355//more_rs0/log.3553m017
FINISHED NOW!
logging to.../global/cscratch1/sd/huikong/obiwan_Aug/repos_for_docker/obiwan_out/elg_like_run/logs/355//more_rs0/log.3556m017
FINISHED NOW!
logging to.../global/cscratch1/sd/huikong/obiwan_Aug/repos_for_docker/obiwan_out/elg_like_run/logs/355//more_rs0/log.3558m017
FINISHED NOW!
logging to.../global/cscratch1/sd/huikong/obiwan_Aug/repos_for_docker/obiwan_out/elg_like_run/logs/356//more_rs0/log.3561m017
FINISHED NOW!
logging to.../global/cscratch1/sd/huikong/obiwan_Aug/repos_for_docker/obiwan_out/elg_like_run/logs/356//more_rs0/log.3563m017
FINISHED NOW!
logging to.../global/cscratch1/sd/huikong/obiwan_Aug/repos_for_docker/obiwan_out/elg_like_run/logs/356//more_rs0/log.3566m017
FINISHED NOW!
logging to.../global/cscratch1/sd/huikong/obiwan_Aug/repos_for_docker/obiwan_out/elg_like_run/logs/356//more_rs0/log.3568m017
FINISHED NOW!
logging to.../global/cscratch1/sd/huikong/obiwan_Aug/repos_for_docker/obiwan_out/elg_like_run/logs/357//more_rs0/log.3571m017
FINISHED NOW!
logging to.../global/cscratch1/sd/huikong/obiwan_Aug/repos_for_docker/obiwan_out/elg_like_run/logs/357//more_rs0/log.3573m017
FINISHED NOW!
logging to.../global/cscratch1/sd/huikong/obiwan_Aug/repos_for_docker/obiwan_out/elg_like_run/logs/357//more_rs0/log.3576m017
FINISHED NOW!
logging to.../global/cscratch1/sd/huikong/obiwan_Aug/repos_for_docker/obiwan_out/elg_like_run/logs/357//more_rs0/log.3578m017
FINISHED NOW!
logging to.../global/cscratch1/sd/huikong/obiwan_Aug/repos_for_docker/obiwan_out/elg_like_run/logs/358//more_rs0/log.3581m017
FINISHED NOW!
logging to.../global/cscratch1/sd/huikong/obiwan_Aug/repos_for_docker/obiwan_out/elg_like_run/logs/358//more_rs0/log.3583m017
FINISHED NOW!
logging to.../global/cscratch1/sd/huikong/obiwan_Aug/repos_for_docker/obiwan_out/elg_like_run/logs/358//more_rs0/log.3586m017
FINISHED NOW!
logging to.../global/cscratch1/sd/huikong/obiwan_Aug/repos_for_docker/obiwan_out/elg_like_run/logs/358//more_rs0/log.3588m017
FINISHED NOW!
logging to.../global/cscratch1/sd/huikong/obiwan_Aug/repos_for_docker/obiwan_out/elg_like_run/logs/359//more_rs0/log.3591m017
FINISHED NOW!
logging to.../global/cscratch1/sd/huikong/obiwan_Aug/repos_for_docker/obiwan_out/elg_like_run/logs/359//more_rs0/log.3593m017
FINISHED NOW!
logging to.../global/cscratch1/sd/huikong/obiwan_Aug/repos_for_docker/obiwan_out/elg_like_run/logs/317//more_rs0/log.3171m015
FINISHED NOW!
logging to.../global/cscratch1/sd/huikong/obiwan_Aug/repos_for_docker/obiwan_out/elg_like_run/logs/317//more_rs0/log.3173m015
FINISHED NOW!
logging to.../global/cscratch1/sd/huikong/obiwan_Aug/repos_for_docker/obiwan_out/elg_like_run/logs/317//more_rs0/log.3176m015
FINISHED NOW!
logging to.../global/cscratch1/sd/huikong/obiwan_Aug/repos_for_docker/obiwan_out/elg_like_run/logs/317//more_rs0/log.3178m015
FINISHED NOW!
logging to.../global/cscratch1/sd/huikong/obiwan_Aug/repos_for_docker/obiwan_out/elg_like_run/logs/318//more_rs0/log.3181m015
FINISHED NOW!
logging to.../global/cscratch1/sd/huikong/obiwan_Aug/repos_for_docker/obiwan_out/elg_like_run/logs/318//more_rs0/log.3183m015
FINISHED NOW!
logging to.../global/cscratch1/sd/huikong/obiwan_Aug/repos_for_docker/obiwan_out/elg_like_run/logs/318//more_rs0/log.3186m015
FINISHED NOW!
logging to.../global/cscratch1/sd/huikong/obiwan_Aug/repos_for_docker/obiwan_out/elg_like_run/logs/318//more_rs0/log.3188m015
FINISHED NOW!
logging to.../global/cscratch1/sd/huikong/obiwan_Aug/repos_for_docker/obiwan_out/elg_like_run/logs/319//more_rs0/log.3191m015
FINISHED NOW!
logging to.../global/cscratch1/sd/huikong/obiwan_Aug/repos_for_docker/obiwan_out/elg_like_run/logs/319//more_rs0/log.3193m015
FINISHED NOW!
logging to.../global/cscratch1/sd/huikong/obiwan_Aug/repos_for_docker/obiwan_out/elg_like_run/logs/319//more_rs0/log.3196m015
FINISHED NOW!
logging to.../global/cscratch1/sd/huikong/obiwan_Aug/repos_for_docker/obiwan_out/elg_like_run/logs/319//more_rs0/log.3198m015
FINISHED NOW!
logging to.../global/cscratch1/sd/huikong/obiwan_Aug/repos_for_docker/obiwan_out/elg_like_run/logs/320//more_rs0/log.3201m015
FINISHED NOW!
logging to.../global/cscratch1/sd/huikong/obiwan_Aug/repos_for_docker/obiwan_out/elg_like_run/logs/320//more_rs0/log.3203m015
FINISHED NOW!
logging to.../global/cscratch1/sd/huikong/obiwan_Aug/repos_for_docker/obiwan_out/elg_like_run/logs/320//more_rs0/log.3206m015
FINISHED NOW!
logging to.../global/cscratch1/sd/huikong/obiwan_Aug/repos_for_docker/obiwan_out/elg_like_run/logs/320//more_rs0/log.3208m015
FINISHED NOW!
logging to.../global/cscratch1/sd/huikong/obiwan_Aug/repos_for_docker/obiwan_out/elg_like_run/logs/321//more_rs0/log.3211m015
FINISHED NOW!
logging to.../global/cscratch1/sd/huikong/obiwan_Aug/repos_for_docker/obiwan_out/elg_like_run/logs/321//more_rs0/log.3213m015
FINISHED NOW!
logging to.../global/cscratch1/sd/huikong/obiwan_Aug/repos_for_docker/obiwan_out/elg_like_run/logs/321//more_rs0/log.3216m015
FINISHED NOW!
logging to.../global/cscratch1/sd/huikong/obiwan_Aug/repos_for_docker/obiwan_out/elg_like_run/logs/321//more_rs0/log.3218m015
FINISHED NOW!
logging to.../global/cscratch1/sd/huikong/obiwan_Aug/repos_for_docker/obiwan_out/elg_like_run/logs/322//more_rs0/log.3221m015
FINISHED NOW!
logging to.../global/cscratch1/sd/huikong/obiwan_Aug/repos_for_docker/obiwan_out/elg_like_run/logs/322//more_rs0/log.3223m015
FINISHED NOW!
logging to.../global/cscratch1/sd/huikong/obiwan_Aug/repos_for_docker/obiwan_out/elg_like_run/logs/322//more_rs0/log.3226m015
FINISHED NOW!
logging to.../global/cscratch1/sd/huikong/obiwan_Aug/repos_for_docker/obiwan_out/elg_like_run/logs/322//more_rs0/log.3228m015
FINISHED NOW!
logging to.../global/cscratch1/sd/huikong/obiwan_Aug/repos_for_docker/obiwan_out/elg_like_run/logs/323//more_rs0/log.3231m015
FINISHED NOW!
logging to.../global/cscratch1/sd/huikong/obiwan_Aug/repos_for_docker/obiwan_out/elg_like_run/logs/323//more_rs0/log.3233m015
FINISHED NOW!
logging to.../global/cscratch1/sd/huikong/obiwan_Aug/repos_for_docker/obiwan_out/elg_like_run/logs/323//more_rs0/log.3236m015
FINISHED NOW!
logging to.../global/cscratch1/sd/huikong/obiwan_Aug/repos_for_docker/obiwan_out/elg_like_run/logs/323//more_rs0/log.3238m015
FINISHED NOW!
logging to.../global/cscratch1/sd/huikong/obiwan_Aug/repos_for_docker/obiwan_out/elg_like_run/logs/324//more_rs0/log.3241m015
FINISHED NOW!
logging to.../global/cscratch1/sd/huikong/obiwan_Aug/repos_for_docker/obiwan_out/elg_like_run/logs/324//more_rs0/log.3243m015
FINISHED NOW!
logging to.../global/cscratch1/sd/huikong/obiwan_Aug/repos_for_docker/obiwan_out/elg_like_run/logs/324//more_rs0/log.3246m015
FINISHED NOW!
logging to.../global/cscratch1/sd/huikong/obiwan_Aug/repos_for_docker/obiwan_out/elg_like_run/logs/324//more_rs0/log.3248m015
FINISHED NOW!
logging to.../global/cscratch1/sd/huikong/obiwan_Aug/repos_for_docker/obiwan_out/elg_like_run/logs/325//more_rs0/log.3251m015
FINISHED NOW!
logging to.../global/cscratch1/sd/huikong/obiwan_Aug/repos_for_docker/obiwan_out/elg_like_run/logs/325//more_rs0/log.3253m015
FINISHED NOW!
logging to.../global/cscratch1/sd/huikong/obiwan_Aug/repos_for_docker/obiwan_out/elg_like_run/logs/325//more_rs0/log.3256m015
FINISHED NOW!
logging to.../global/cscratch1/sd/huikong/obiwan_Aug/repos_for_docker/obiwan_out/elg_like_run/logs/325//more_rs0/log.3258m015
FINISHED NOW!
logging to.../global/cscratch1/sd/huikong/obiwan_Aug/repos_for_docker/obiwan_out/elg_like_run/logs/326//more_rs0/log.3261m015
FINISHED NOW!
logging to.../global/cscratch1/sd/huikong/obiwan_Aug/repos_for_docker/obiwan_out/elg_like_run/logs/326//more_rs0/log.3263m015
FINISHED NOW!
logging to.../global/cscratch1/sd/huikong/obiwan_Aug/repos_for_docker/obiwan_out/elg_like_run/logs/326//more_rs0/log.3266m015
FINISHED NOW!
logging to.../global/cscratch1/sd/huikong/obiwan_Aug/repos_for_docker/obiwan_out/elg_like_run/logs/326//more_rs0/log.3268m015
FINISHED NOW!
logging to.../global/cscratch1/sd/huikong/obiwan_Aug/repos_for_docker/obiwan_out/elg_like_run/logs/327//more_rs0/log.3271m015
FINISHED NOW!
logging to.../global/cscratch1/sd/huikong/obiwan_Aug/repos_for_docker/obiwan_out/elg_like_run/logs/327//more_rs0/log.3273m015
FINISHED NOW!
FINISHED NOW!
logging to.../global/cscratch1/sd/huikong/obiwan_Aug/repos_for_docker/obiwan_out/elg_like_run/logs/327//more_rs0/log.3278m015
logging to.../global/cscratch1/sd/huikong/obiwan_Aug/repos_for_docker/obiwan_out/elg_like_run/logs/327//more_rs0/log.3276m015
FINISHED NOW!
logging to.../global/cscratch1/sd/huikong/obiwan_Aug/repos_for_docker/obiwan_out/elg_like_run/logs/328//more_rs0/log.3281m015
FINISHED NOW!
logging to.../global/cscratch1/sd/huikong/obiwan_Aug/repos_for_docker/obiwan_out/elg_like_run/logs/328//more_rs0/log.3283m015
FINISHED NOW!
logging to.../global/cscratch1/sd/huikong/obiwan_Aug/repos_for_docker/obiwan_out/elg_like_run/logs/328//more_rs0/log.3286m015
FINISHED NOW!
logging to.../global/cscratch1/sd/huikong/obiwan_Aug/repos_for_docker/obiwan_out/elg_like_run/logs/328//more_rs0/log.3288m015
FINISHED NOW!
FINISHED NOW!
logging to.../global/cscratch1/sd/huikong/obiwan_Aug/repos_for_docker/obiwan_out/elg_like_run/logs/329//more_rs0/log.3291m015
logging to.../global/cscratch1/sd/huikong/obiwan_Aug/repos_for_docker/obiwan_out/elg_like_run/logs/329//more_rs0/log.3293m015
FINISHED NOW!
logging to.../global/cscratch1/sd/huikong/obiwan_Aug/repos_for_docker/obiwan_out/elg_like_run/logs/329//more_rs0/log.3296m015
FINISHED NOW!
logging to.../global/cscratch1/sd/huikong/obiwan_Aug/repos_for_docker/obiwan_out/elg_like_run/logs/329//more_rs0/log.3298m015
FINISHED NOW!
logging to.../global/cscratch1/sd/huikong/obiwan_Aug/repos_for_docker/obiwan_out/elg_like_run/logs/330//more_rs0/log.3301m015
FINISHED NOW!
logging to.../global/cscratch1/sd/huikong/obiwan_Aug/repos_for_docker/obiwan_out/elg_like_run/logs/330//more_rs0/log.3303m015
FINISHED NOW!
logging to.../global/cscratch1/sd/huikong/obiwan_Aug/repos_for_docker/obiwan_out/elg_like_run/logs/330//more_rs0/log.3306m015
FINISHED NOW!
logging to.../global/cscratch1/sd/huikong/obiwan_Aug/repos_for_docker/obiwan_out/elg_like_run/logs/330//more_rs0/log.3308m015
FINISHED NOW!
logging to.../global/cscratch1/sd/huikong/obiwan_Aug/repos_for_docker/obiwan_out/elg_like_run/logs/331//more_rs0/log.3311m015
FINISHED NOW!
logging to.../global/cscratch1/sd/huikong/obiwan_Aug/repos_for_docker/obiwan_out/elg_like_run/logs/331//more_rs0/log.3313m015
FINISHED NOW!
logging to.../global/cscratch1/sd/huikong/obiwan_Aug/repos_for_docker/obiwan_out/elg_like_run/logs/331//more_rs0/log.3316m015
FINISHED NOW!
logging to.../global/cscratch1/sd/huikong/obiwan_Aug/repos_for_docker/obiwan_out/elg_like_run/logs/331//more_rs0/log.3318m015
FINISHED NOW!
logging to.../global/cscratch1/sd/huikong/obiwan_Aug/repos_for_docker/obiwan_out/elg_like_run/logs/332//more_rs0/log.3321m015
FINISHED NOW!
logging to.../global/cscratch1/sd/huikong/obiwan_Aug/repos_for_docker/obiwan_out/elg_like_run/logs/332//more_rs0/log.3323m015
FINISHED NOW!
logging to.../global/cscratch1/sd/huikong/obiwan_Aug/repos_for_docker/obiwan_out/elg_like_run/logs/332//more_rs0/log.3326m015
FINISHED NOW!
FINISHED NOW!
logging to.../global/cscratch1/sd/huikong/obiwan_Aug/repos_for_docker/obiwan_out/elg_like_run/logs/333//more_rs0/log.3331m015
logging to.../global/cscratch1/sd/huikong/obiwan_Aug/repos_for_docker/obiwan_out/elg_like_run/logs/332//more_rs0/log.3328m015
FINISHED NOW!
logging to.../global/cscratch1/sd/huikong/obiwan_Aug/repos_for_docker/obiwan_out/elg_like_run/logs/333//more_rs0/log.3333m015
FINISHED NOW!
logging to.../global/cscratch1/sd/huikong/obiwan_Aug/repos_for_docker/obiwan_out/elg_like_run/logs/333//more_rs0/log.3336m015
FINISHED NOW!
logging to.../global/cscratch1/sd/huikong/obiwan_Aug/repos_for_docker/obiwan_out/elg_like_run/logs/333//more_rs0/log.3338m015
FINISHED NOW!
logging to.../global/cscratch1/sd/huikong/obiwan_Aug/repos_for_docker/obiwan_out/elg_like_run/logs/334//more_rs0/log.3341m015
FINISHED NOW!
logging to.../global/cscratch1/sd/huikong/obiwan_Aug/repos_for_docker/obiwan_out/elg_like_run/logs/334//more_rs0/log.3343m015
FINISHED NOW!
logging to.../global/cscratch1/sd/huikong/obiwan_Aug/repos_for_docker/obiwan_out/elg_like_run/logs/334//more_rs0/log.3346m015
FINISHED NOW!
logging to.../global/cscratch1/sd/huikong/obiwan_Aug/repos_for_docker/obiwan_out/elg_like_run/logs/334//more_rs0/log.3348m015
FINISHED NOW!
logging to.../global/cscratch1/sd/huikong/obiwan_Aug/repos_for_docker/obiwan_out/elg_like_run/logs/335//more_rs0/log.3351m015
FINISHED NOW!
logging to.../global/cscratch1/sd/huikong/obiwan_Aug/repos_for_docker/obiwan_out/elg_like_run/logs/335//more_rs0/log.3356m015
FINISHED NOW!
logging to.../global/cscratch1/sd/huikong/obiwan_Aug/repos_for_docker/obiwan_out/elg_like_run/logs/335//more_rs0/log.3358m015
FINISHED NOW!
logging to.../global/cscratch1/sd/huikong/obiwan_Aug/repos_for_docker/obiwan_out/elg_like_run/logs/336//more_rs0/log.3361m015
FINISHED NOW!
logging to.../global/cscratch1/sd/huikong/obiwan_Aug/repos_for_docker/obiwan_out/elg_like_run/logs/336//more_rs0/log.3363m015
FINISHED NOW!
logging to.../global/cscratch1/sd/huikong/obiwan_Aug/repos_for_docker/obiwan_out/elg_like_run/logs/336//more_rs0/log.3366m015
FINISHED NOW!
logging to.../global/cscratch1/sd/huikong/obiwan_Aug/repos_for_docker/obiwan_out/elg_like_run/logs/336//more_rs0/log.3368m015
FINISHED NOW!
logging to.../global/cscratch1/sd/huikong/obiwan_Aug/repos_for_docker/obiwan_out/elg_like_run/logs/337//more_rs0/log.3371m015
FINISHED NOW!
Master: slave finished is task and says "I completed my task (124)"
Master: slave finished is task and says "I completed my task (125)"
Master: slave finished is task and says "I completed my task (120)"
Master: slave finished is task and says "I completed my task (128)"
Master: slave finished is task and says "I completed my task (109)"
Master: slave finished is task and says "I completed my task (123)"
Master: slave finished is task and says "I completed my task (127)"
Master: slave finished is task and says "I completed my task (129)"
Master: slave finished is task and says "I completed my task (130)"
Master: slave finished is task and says "I completed my task (131)"
Master: slave finished is task and says "I completed my task (132)"
Master: slave finished is task and says "I completed my task (138)"
Master: slave finished is task and says "I completed my task (139)"
Master: slave finished is task and says "I completed my task (136)"
Master: slave finished is task and says "I completed my task (126)"
Master: slave finished is task and says "I completed my task (137)"
Master: slave finished is task and says "I completed my task (135)"
Master: slave finished is task and says "I completed my task (140)"
Master: slave finished is task and says "I completed my task (141)"
Master: slave finished is task and says "I completed my task (134)"
Master: slave finished is task and says "I completed my task (143)"
Master: slave finished is task and says "I completed my task (144)"
Master: slave finished is task and says "I completed my task (146)"
Master: slave finished is task and says "I completed my task (142)"
Master: slave finished is task and says "I completed my task (148)"
Master: slave finished is task and says "I completed my task (153)"
Master: slave finished is task and says "I completed my task (151)"
Master: slave finished is task and says "I completed my task (150)"
Master: slave finished is task and says "I completed my task (154)"
Master: slave finished is task and says "I completed my task (133)"
Master: slave finished is task and says "I completed my task (152)"
Master: slave finished is task and says "I completed my task (147)"
Master: slave finished is task and says "I completed my task (155)"
Master: slave finished is task and says "I completed my task (157)"
Master: slave finished is task and says "I completed my task (156)"
Master: slave finished is task and says "I completed my task (149)"
Master: slave finished is task and says "I completed my task (162)"
Master: slave finished is task and says "I completed my task (161)"
Master: slave finished is task and says "I completed my task (160)"
Master: slave finished is task and says "I completed my task (145)"
Master: slave finished is task and says "I completed my task (163)"
Master: slave finished is task and says "I completed my task (164)"
Master: slave finished is task and says "I completed my task (167)"
Master: slave finished is task and says "I completed my task (168)"
Master: slave finished is task and says "I completed my task (169)"
Master: slave finished is task and says "I completed my task (166)"
Master: slave finished is task and says "I completed my task (165)"
Master: slave finished is task and says "I completed my task (170)"
Master: slave finished is task and says "I completed my task (171)"
Master: slave finished is task and says "I completed my task (159)"
Master: slave finished is task and says "I completed my task (172)"
Master: slave finished is task and says "I completed my task (173)"
Master: slave finished is task and says "I completed my task (177)"
Master: slave finished is task and says "I completed my task (176)"
Master: slave finished is task and says "I completed my task (174)"
Master: slave finished is task and says "I completed my task (183)"
Master: slave finished is task and says "I completed my task (181)"
Master: slave finished is task and says "I completed my task (178)"
Master: slave finished is task and says "I completed my task (184)"
Master: slave finished is task and says "I completed my task (180)"
Master: slave finished is task and says "I completed my task (158)"
Master: slave finished is task and says "I completed my task (175)"
Master: slave finished is task and says "I completed my task (185)"
Master: slave finished is task and says "I completed my task (182)"
Master: slave finished is task and says "I completed my task (186)"
Master: slave finished is task and says "I completed my task (189)"
Master: slave finished is task and says "I completed my task (187)"
Master: slave finished is task and says "I completed my task (179)"
Master: slave finished is task and says "I completed my task (191)"
Master: slave finished is task and says "I completed my task (188)"
Master: slave finished is task and says "I completed my task (192)"
Master: slave finished is task and says "I completed my task (190)"
Master: slave finished is task and says "I completed my task (193)"
Master: slave finished is task and says "I completed my task (196)"
Master: slave finished is task and says "I completed my task (197)"
Master: slave finished is task and says "I completed my task (198)"
Master: slave finished is task and says "I completed my task (200)"
Master: slave finished is task and says "I completed my task (202)"
Master: slave finished is task and says "I completed my task (199)"
Master: slave finished is task and says "I completed my task (204)"
Master: slave finished is task and says "I completed my task (201)"
Master: slave finished is task and says "I completed my task (206)"
Master: slave finished is task and says "I completed my task (194)"
Master: slave finished is task and says "I completed my task (203)"
Master: slave finished is task and says "I completed my task (207)"
Master: slave finished is task and says "I completed my task (205)"
Master: slave finished is task and says "I completed my task (208)"
Master: slave finished is task and says "I completed my task (211)"
Master: slave finished is task and says "I completed my task (213)"
Master: slave finished is task and says "I completed my task (214)"
Master: slave finished is task and says "I completed my task (215)"
Master: slave finished is task and says "I completed my task (216)"
Master: slave finished is task and says "I completed my task (210)"
Master: slave finished is task and says "I completed my task (209)"
Master: slave finished is task and says "I completed my task (217)"
Master: slave finished is task and says "I completed my task (218)"
Master: slave finished is task and says "I completed my task (219)"
Master: slave finished is task and says "I completed my task (220)"
Master: slave finished is task and says "I completed my task (195)"
Master: slave finished is task and says "I completed my task (221)"
Master: slave finished is task and says "I completed my task (223)"
Master: slave finished is task and says "I completed my task (222)"
Master: slave finished is task and says "I completed my task (228)"
Master: slave finished is task and says "I completed my task (227)"
Master: slave finished is task and says "I completed my task (224)"
Master: slave finished is task and says "I completed my task (212)"
Master: slave finished is task and says "I completed my task (226)"
Master: slave finished is task and says "I completed my task (225)"
Master: slave finished is task and says "I completed my task (231)"
Master: slave finished is task and says "I completed my task (229)"
Master: slave finished is task and says "I completed my task (235)"
Master: slave finished is task and says "I completed my task (236)"
Master: slave finished is task and says "I completed my task (232)"
Master: slave finished is task and says "I completed my task (234)"
Master: slave finished is task and says "I completed my task (230)"
Master: slave finished is task and says "I completed my task (233)"
Master: slave finished is task and says "I completed my task (241)"
Master: slave finished is task and says "I completed my task (240)"
Master: slave finished is task and says "I completed my task (238)"
Master: slave finished is task and says "I completed my task (237)"
Master: slave finished is task and says "I completed my task (239)"
logging to.../global/cscratch1/sd/huikong/obiwan_Aug/repos_for_docker/obiwan_out/elg_like_run/logs/337//more_rs0/log.3373m015
FINISHED NOW!
logging to.../global/cscratch1/sd/huikong/obiwan_Aug/repos_for_docker/obiwan_out/elg_like_run/logs/337//more_rs0/log.3376m015
FINISHED NOW!
logging to.../global/cscratch1/sd/huikong/obiwan_Aug/repos_for_docker/obiwan_out/elg_like_run/logs/337//more_rs0/log.3378m015
FINISHED NOW!
logging to.../global/cscratch1/sd/huikong/obiwan_Aug/repos_for_docker/obiwan_out/elg_like_run/logs/338//more_rs0/log.3381m015
FINISHED NOW!
logging to.../global/cscratch1/sd/huikong/obiwan_Aug/repos_for_docker/obiwan_out/elg_like_run/logs/338//more_rs0/log.3383m015
FINISHED NOW!
logging to.../global/cscratch1/sd/huikong/obiwan_Aug/repos_for_docker/obiwan_out/elg_like_run/logs/338//more_rs0/log.3386m015
FINISHED NOW!
logging to.../global/cscratch1/sd/huikong/obiwan_Aug/repos_for_docker/obiwan_out/elg_like_run/logs/338//more_rs0/log.3388m015
FINISHED NOW!
logging to.../global/cscratch1/sd/huikong/obiwan_Aug/repos_for_docker/obiwan_out/elg_like_run/logs/339//more_rs0/log.3391m015
FINISHED NOW!
logging to.../global/cscratch1/sd/huikong/obiwan_Aug/repos_for_docker/obiwan_out/elg_like_run/logs/339//more_rs0/log.3393m015
FINISHED NOW!
logging to.../global/cscratch1/sd/huikong/obiwan_Aug/repos_for_docker/obiwan_out/elg_like_run/logs/339//more_rs0/log.3396m015
FINISHED NOW!
logging to.../global/cscratch1/sd/huikong/obiwan_Aug/repos_for_docker/obiwan_out/elg_like_run/logs/339//more_rs0/log.3398m015
FINISHED NOW!
logging to.../global/cscratch1/sd/huikong/obiwan_Aug/repos_for_docker/obiwan_out/elg_like_run/logs/340//more_rs0/log.3401m015
FINISHED NOW!
logging to.../global/cscratch1/sd/huikong/obiwan_Aug/repos_for_docker/obiwan_out/elg_like_run/logs/340//more_rs0/log.3403m015
FINISHED NOW!
logging to.../global/cscratch1/sd/huikong/obiwan_Aug/repos_for_docker/obiwan_out/elg_like_run/logs/340//more_rs0/log.3406m015
FINISHED NOW!
logging to.../global/cscratch1/sd/huikong/obiwan_Aug/repos_for_docker/obiwan_out/elg_like_run/logs/340//more_rs0/log.3408m015
FINISHED NOW!
logging to.../global/cscratch1/sd/huikong/obiwan_Aug/repos_for_docker/obiwan_out/elg_like_run/logs/341//more_rs0/log.3411m015
FINISHED NOW!
logging to.../global/cscratch1/sd/huikong/obiwan_Aug/repos_for_docker/obiwan_out/elg_like_run/logs/341//more_rs0/log.3413m015
FINISHED NOW!
logging to.../global/cscratch1/sd/huikong/obiwan_Aug/repos_for_docker/obiwan_out/elg_like_run/logs/341//more_rs0/log.3416m015
FINISHED NOW!
logging to.../global/cscratch1/sd/huikong/obiwan_Aug/repos_for_docker/obiwan_out/elg_like_run/logs/341//more_rs0/log.3418m015
FINISHED NOW!
logging to.../global/cscratch1/sd/huikong/obiwan_Aug/repos_for_docker/obiwan_out/elg_like_run/logs/342//more_rs0/log.3421m015
FINISHED NOW!
logging to.../global/cscratch1/sd/huikong/obiwan_Aug/repos_for_docker/obiwan_out/elg_like_run/logs/342//more_rs0/log.3423m015
FINISHED NOW!
logging to.../global/cscratch1/sd/huikong/obiwan_Aug/repos_for_docker/obiwan_out/elg_like_run/logs/342//more_rs0/log.3426m015
FINISHED NOW!
logging to.../global/cscratch1/sd/huikong/obiwan_Aug/repos_for_docker/obiwan_out/elg_like_run/logs/342//more_rs0/log.3428m015
FINISHED NOW!
logging to.../global/cscratch1/sd/huikong/obiwan_Aug/repos_for_docker/obiwan_out/elg_like_run/logs/343//more_rs0/log.3431m015
FINISHED NOW!
logging to.../global/cscratch1/sd/huikong/obiwan_Aug/repos_for_docker/obiwan_out/elg_like_run/logs/343//more_rs0/log.3433m015
FINISHED NOW!
FINISHED NOW!
logging to.../global/cscratch1/sd/huikong/obiwan_Aug/repos_for_docker/obiwan_out/elg_like_run/logs/343//more_rs0/log.3438m015
logging to.../global/cscratch1/sd/huikong/obiwan_Aug/repos_for_docker/obiwan_out/elg_like_run/logs/343//more_rs0/log.3436m015
FINISHED NOW!
logging to.../global/cscratch1/sd/huikong/obiwan_Aug/repos_for_docker/obiwan_out/elg_like_run/logs/344//more_rs0/log.3441m015
FINISHED NOW!
logging to.../global/cscratch1/sd/huikong/obiwan_Aug/repos_for_docker/obiwan_out/elg_like_run/logs/344//more_rs0/log.3443m015
FINISHED NOW!
logging to.../global/cscratch1/sd/huikong/obiwan_Aug/repos_for_docker/obiwan_out/elg_like_run/logs/344//more_rs0/log.3446m015
FINISHED NOW!
logging to.../global/cscratch1/sd/huikong/obiwan_Aug/repos_for_docker/obiwan_out/elg_like_run/logs/344//more_rs0/log.3448m015
FINISHED NOW!
logging to.../global/cscratch1/sd/huikong/obiwan_Aug/repos_for_docker/obiwan_out/elg_like_run/logs/345//more_rs0/log.3451m015
srun: Job step aborted: Waiting up to 32 seconds for job step to finish.
slurmstepd: error: *** STEP 19746332.1 ON nid01253 CANCELLED AT 2019-03-16T22:22:20 DUE TO TIME LIMIT ***
srun: got SIGCONT
srun: forcing job termination
