logging to.../global/cscratch1/sd/huikong/obiwan_Aug/repos_for_docker/obiwan_out/elg_ngc_run/logs/148//more_rs101/log.1480p165
logging to.../global/cscratch1/sd/huikong/obiwan_Aug/repos_for_docker/obiwan_out/elg_ngc_run/logs/132//more_rs101/log.1327p210
logging to.../global/cscratch1/sd/huikong/obiwan_Aug/repos_for_docker/obiwan_out/elg_ngc_run/logs/153//more_rs101/log.1535p167
logging to.../global/cscratch1/sd/huikong/obiwan_Aug/repos_for_docker/obiwan_out/elg_ngc_run/logs/144//more_rs101/log.1446p172
logging to.../global/cscratch1/sd/huikong/obiwan_Aug/repos_for_docker/obiwan_out/elg_ngc_run/logs/133//more_rs101/log.1333p227
logging to.../global/cscratch1/sd/huikong/obiwan_Aug/repos_for_docker/obiwan_out/elg_ngc_run/logs/151//more_rs101/log.1516p190
logging to.../global/cscratch1/sd/huikong/obiwan_Aug/repos_for_docker/obiwan_out/elg_ngc_run/logs/153//more_rs101/log.1537p235
logging to.../global/cscratch1/sd/huikong/obiwan_Aug/repos_for_docker/obiwan_out/elg_ngc_run/logs/126//more_rs101/log.1267p280
logging to.../global/cscratch1/sd/huikong/obiwan_Aug/repos_for_docker/obiwan_out/elg_ngc_run/logs/147//more_rs101/log.1473p230
logging to.../global/cscratch1/sd/huikong/obiwan_Aug/repos_for_docker/obiwan_out/elg_ngc_run/logs/152//more_rs101/log.1520p262
logging to.../global/cscratch1/sd/huikong/obiwan_Aug/repos_for_docker/obiwan_out/elg_ngc_run/logs/149//more_rs101/log.1495p155
logging to.../global/cscratch1/sd/huikong/obiwan_Aug/repos_for_docker/obiwan_out/elg_ngc_run/logs/153//more_rs101/log.1535p232
logging to.../global/cscratch1/sd/huikong/obiwan_Aug/repos_for_docker/obiwan_out/elg_ngc_run/logs/135//more_rs101/log.1356p247
FINISHED NOW!
FINISHED NOW!
FINISHED NOW!
FINISHED NOW!
logging to.../global/cscratch1/sd/huikong/obiwan_Aug/repos_for_docker/obiwan_out/elg_ngc_run/logs/145//more_rs101/log.1458p160
logging to.../global/cscratch1/sd/huikong/obiwan_Aug/repos_for_docker/obiwan_out/elg_ngc_run/logs/133//more_rs101/log.1336p200
FINISHED NOW!
FINISHED NOW!
FINISHED NOW!
FINISHED NOW!
FINISHED NOW!
FINISHED NOW!
logging to.../global/cscratch1/sd/huikong/obiwan_Aug/repos_for_docker/obiwan_out/elg_ngc_run/logs/155//more_rs101/log.1557p232
logging to.../global/cscratch1/sd/huikong/obiwan_Aug/repos_for_docker/obiwan_out/elg_ngc_run/logs/133//more_rs101/log.1330p290
FINISHED NOW!
FINISHED NOW!
logging to.../global/cscratch1/sd/huikong/obiwan_Aug/repos_for_docker/obiwan_out/elg_ngc_run/logs/151//more_rs101/log.1510p192
logging to.../global/cscratch1/sd/huikong/obiwan_Aug/repos_for_docker/obiwan_out/elg_ngc_run/logs/144//more_rs101/log.1442p187
logging to.../global/cscratch1/sd/huikong/obiwan_Aug/repos_for_docker/obiwan_out/elg_ngc_run/logs/131//more_rs101/log.1318p205
logging to.../global/cscratch1/sd/huikong/obiwan_Aug/repos_for_docker/obiwan_out/elg_ngc_run/logs/135//more_rs101/log.1356p185
logging to.../global/cscratch1/sd/huikong/obiwan_Aug/repos_for_docker/obiwan_out/elg_ngc_run/logs/131//more_rs101/log.1313p187
logging to.../global/cscratch1/sd/huikong/obiwan_Aug/repos_for_docker/obiwan_out/elg_ngc_run/logs/139//more_rs101/log.1398p205
logging to.../global/cscratch1/sd/huikong/obiwan_Aug/repos_for_docker/obiwan_out/elg_ngc_run/logs/151//more_rs101/log.1511p252
logging to.../global/cscratch1/sd/huikong/obiwan_Aug/repos_for_docker/obiwan_out/elg_ngc_run/logs/151//more_rs101/log.1516p232
FINISHED NOW!
FINISHED NOW!
FINISHED NOW!
FINISHED NOW!
FINISHED NOW!
FINISHED NOW!
FINISHED NOW!
logging to.../global/cscratch1/sd/huikong/obiwan_Aug/repos_for_docker/obiwan_out/elg_ngc_run/logs/138//more_rs101/log.1380p170
logging to.../global/cscratch1/sd/huikong/obiwan_Aug/repos_for_docker/obiwan_out/elg_ngc_run/logs/127//more_rs101/log.1273p255
logging to.../global/cscratch1/sd/huikong/obiwan_Aug/repos_for_docker/obiwan_out/elg_ngc_run/logs/138//more_rs101/log.1381p260
FINISHED NOW!
FINISHED NOW!
logging to.../global/cscratch1/sd/huikong/obiwan_Aug/repos_for_docker/obiwan_out/elg_ngc_run/logs/153//more_rs101/log.1532p217
logging to.../global/cscratch1/sd/huikong/obiwan_Aug/repos_for_docker/obiwan_out/elg_ngc_run/logs/141//more_rs101/log.1415p142
logging to.../global/cscratch1/sd/huikong/obiwan_Aug/repos_for_docker/obiwan_out/elg_ngc_run/logs/151//more_rs101/log.1515p192
logging to.../global/cscratch1/sd/huikong/obiwan_Aug/repos_for_docker/obiwan_out/elg_ngc_run/logs/155//more_rs101/log.1552p212
logging to.../global/cscratch1/sd/huikong/obiwan_Aug/repos_for_docker/obiwan_out/elg_ngc_run/logs/129//more_rs101/log.1299p277
logging to.../global/cscratch1/sd/huikong/obiwan_Aug/repos_for_docker/obiwan_out/elg_ngc_run/logs/136//more_rs101/log.1365p182
FINISHED NOW!
FINISHED NOW!
FINISHED NOW!
FINISHED NOW!
logging to.../global/cscratch1/sd/huikong/obiwan_Aug/repos_for_docker/obiwan_out/elg_ngc_run/logs/144//more_rs101/log.1445p140
logging to.../global/cscratch1/sd/huikong/obiwan_Aug/repos_for_docker/obiwan_out/elg_ngc_run/logs/132//more_rs101/log.1320p200
FINISHED NOW!
FINISHED NOW!
FINISHED NOW!
logging to.../global/cscratch1/sd/huikong/obiwan_Aug/repos_for_docker/obiwan_out/elg_ngc_run/logs/156//more_rs101/log.1564p202
logging to.../global/cscratch1/sd/huikong/obiwan_Aug/repos_for_docker/obiwan_out/elg_ngc_run/logs/127//more_rs101/log.1271p277
logging to.../global/cscratch1/sd/huikong/obiwan_Aug/repos_for_docker/obiwan_out/elg_ngc_run/logs/147//more_rs101/log.1473p165
logging to.../global/cscratch1/sd/huikong/obiwan_Aug/repos_for_docker/obiwan_out/elg_ngc_run/logs/141//more_rs101/log.1414p262
logging to.../global/cscratch1/sd/huikong/obiwan_Aug/repos_for_docker/obiwan_out/elg_ngc_run/logs/129//more_rs101/log.1296p175
FINISHED NOW!
logging to.../global/cscratch1/sd/huikong/obiwan_Aug/repos_for_docker/obiwan_out/elg_ngc_run/logs/155//more_rs101/log.1558p205
FINISHED NOW!
FINISHED NOW!
FINISHED NOW!
logging to.../global/cscratch1/sd/huikong/obiwan_Aug/repos_for_docker/obiwan_out/elg_ngc_run/logs/154//more_rs101/log.1546p232
FINISHED NOW!
FINISHED NOW!
FINISHED NOW!
logging to.../global/cscratch1/sd/huikong/obiwan_Aug/repos_for_docker/obiwan_out/elg_ngc_run/logs/147//more_rs101/log.1473p270
logging to.../global/cscratch1/sd/huikong/obiwan_Aug/repos_for_docker/obiwan_out/elg_ngc_run/logs/133//more_rs101/log.1334p247
logging to.../global/cscratch1/sd/huikong/obiwan_Aug/repos_for_docker/obiwan_out/elg_ngc_run/logs/135//more_rs101/log.1355p207
logging to.../global/cscratch1/sd/huikong/obiwan_Aug/repos_for_docker/obiwan_out/elg_ngc_run/logs/150//more_rs101/log.1500p215
logging to.../global/cscratch1/sd/huikong/obiwan_Aug/repos_for_docker/obiwan_out/elg_ngc_run/logs/144//more_rs101/log.1443p182
FINISHED NOW!
logging to.../global/cscratch1/sd/huikong/obiwan_Aug/repos_for_docker/obiwan_out/elg_ngc_run/logs/153//more_rs101/log.1530p240
FINISHED NOW!
logging to.../global/cscratch1/sd/huikong/obiwan_Aug/repos_for_docker/obiwan_out/elg_ngc_run/logs/126//more_rs101/log.1265p260
FINISHED NOW!
FINISHED NOW!
logging to.../global/cscratch1/sd/huikong/obiwan_Aug/repos_for_docker/obiwan_out/elg_ngc_run/logs/156//more_rs101/log.1563p267
logging to.../global/cscratch1/sd/huikong/obiwan_Aug/repos_for_docker/obiwan_out/elg_ngc_run/logs/151//more_rs101/log.1511p255
FINISHED NOW!
logging to.../global/cscratch1/sd/huikong/obiwan_Aug/repos_for_docker/obiwan_out/elg_ngc_run/logs/138//more_rs101/log.1386p140
FINISHED NOW!
FINISHED NOW!
FINISHED NOW!
logging to.../global/cscratch1/sd/huikong/obiwan_Aug/repos_for_docker/obiwan_out/elg_ngc_run/logs/152//more_rs101/log.1521p152
logging to.../global/cscratch1/sd/huikong/obiwan_Aug/repos_for_docker/obiwan_out/elg_ngc_run/logs/132//more_rs101/log.1320p170
logging to.../global/cscratch1/sd/huikong/obiwan_Aug/repos_for_docker/obiwan_out/elg_ngc_run/logs/155//more_rs101/log.1556p187
FINISHED NOW!
logging to.../global/cscratch1/sd/huikong/obiwan_Aug/repos_for_docker/obiwan_out/elg_ngc_run/logs/131//more_rs101/log.1315p172
FINISHED NOW!
FINISHED NOW!
logging to.../global/cscratch1/sd/huikong/obiwan_Aug/repos_for_docker/obiwan_out/elg_ngc_run/logs/142//more_rs101/log.1424p220
logging to.../global/cscratch1/sd/huikong/obiwan_Aug/repos_for_docker/obiwan_out/elg_ngc_run/logs/137//more_rs101/log.1375p157
FINISHED NOW!
logging to.../global/cscratch1/sd/huikong/obiwan_Aug/repos_for_docker/obiwan_out/elg_ngc_run/logs/130//more_rs101/log.1305p270
FINISHED NOW!
FINISHED NOW!
logging to.../global/cscratch1/sd/huikong/obiwan_Aug/repos_for_docker/obiwan_out/elg_ngc_run/logs/140//more_rs101/log.1404p170
logging to.../global/cscratch1/sd/huikong/obiwan_Aug/repos_for_docker/obiwan_out/elg_ngc_run/logs/133//more_rs101/log.1339p247
FINISHED NOW!
FINISHED NOW!
logging to.../global/cscratch1/sd/huikong/obiwan_Aug/repos_for_docker/obiwan_out/elg_ngc_run/logs/146//more_rs101/log.1465p240
logging to.../global/cscratch1/sd/huikong/obiwan_Aug/repos_for_docker/obiwan_out/elg_ngc_run/logs/136//more_rs101/log.1369p250
FINISHED NOW!
logging to.../global/cscratch1/sd/huikong/obiwan_Aug/repos_for_docker/obiwan_out/elg_ngc_run/logs/139//more_rs101/log.1397p255
FINISHED NOW!
FINISHED NOW!
logging to.../global/cscratch1/sd/huikong/obiwan_Aug/repos_for_docker/obiwan_out/elg_ngc_run/logs/140//more_rs101/log.1408p152
logging to.../global/cscratch1/sd/huikong/obiwan_Aug/repos_for_docker/obiwan_out/elg_ngc_run/logs/129//more_rs101/log.1295p280
FINISHED NOW!
FINISHED NOW!
FINISHED NOW!
logging to.../global/cscratch1/sd/huikong/obiwan_Aug/repos_for_docker/obiwan_out/elg_ngc_run/logs/140//more_rs101/log.1404p242
logging to.../global/cscratch1/sd/huikong/obiwan_Aug/repos_for_docker/obiwan_out/elg_ngc_run/logs/145//more_rs101/log.1453p172
logging to.../global/cscratch1/sd/huikong/obiwan_Aug/repos_for_docker/obiwan_out/elg_ngc_run/logs/128//more_rs101/log.1281p197
FINISHED NOW!
logging to.../global/cscratch1/sd/huikong/obiwan_Aug/repos_for_docker/obiwan_out/elg_ngc_run/logs/136//more_rs101/log.1361p177
FINISHED NOW!
FINISHED NOW!
logging to.../global/cscratch1/sd/huikong/obiwan_Aug/repos_for_docker/obiwan_out/elg_ngc_run/logs/149//more_rs101/log.1496p182
logging to.../global/cscratch1/sd/huikong/obiwan_Aug/repos_for_docker/obiwan_out/elg_ngc_run/logs/136//more_rs101/log.1368p177
FINISHED NOW!
FINISHED NOW!
logging to.../global/cscratch1/sd/huikong/obiwan_Aug/repos_for_docker/obiwan_out/elg_ngc_run/logs/152//more_rs101/log.1526p177
logging to.../global/cscratch1/sd/huikong/obiwan_Aug/repos_for_docker/obiwan_out/elg_ngc_run/logs/154//more_rs101/log.1540p260
FINISHED NOW!
FINISHED NOW!
logging to.../global/cscratch1/sd/huikong/obiwan_Aug/repos_for_docker/obiwan_out/elg_ngc_run/logs/139//more_rs101/log.1399p140
logging to.../global/cscratch1/sd/huikong/obiwan_Aug/repos_for_docker/obiwan_out/elg_ngc_run/logs/134//more_rs101/log.1347p257
FINISHED NOW!
logging to.../global/cscratch1/sd/huikong/obiwan_Aug/repos_for_docker/obiwan_out/elg_ngc_run/logs/147//more_rs101/log.1472p245
FINISHED NOW!
logging to.../global/cscratch1/sd/huikong/obiwan_Aug/repos_for_docker/obiwan_out/elg_ngc_run/logs/148//more_rs101/log.1482p235
FINISHED NOW!
logging to.../global/cscratch1/sd/huikong/obiwan_Aug/repos_for_docker/obiwan_out/elg_ngc_run/logs/133//more_rs101/log.1331p287
FINISHED NOW!
logging to.../global/cscratch1/sd/huikong/obiwan_Aug/repos_for_docker/obiwan_out/elg_ngc_run/logs/135//more_rs101/log.1359p230
FINISHED NOW!
logging to.../global/cscratch1/sd/huikong/obiwan_Aug/repos_for_docker/obiwan_out/elg_ngc_run/logs/141//more_rs101/log.1416p177
FINISHED NOW!
logging to.../global/cscratch1/sd/huikong/obiwan_Aug/repos_for_docker/obiwan_out/elg_ngc_run/logs/132//more_rs101/log.1324p195
FINISHED NOW!
logging to.../global/cscratch1/sd/huikong/obiwan_Aug/repos_for_docker/obiwan_out/elg_ngc_run/logs/154//more_rs101/log.1545p187
FINISHED NOW!
logging to.../global/cscratch1/sd/huikong/obiwan_Aug/repos_for_docker/obiwan_out/elg_ngc_run/logs/145//more_rs101/log.1458p140
FINISHED NOW!
logging to.../global/cscratch1/sd/huikong/obiwan_Aug/repos_for_docker/obiwan_out/elg_ngc_run/logs/142//more_rs101/log.1428p150
FINISHED NOW!
logging to.../global/cscratch1/sd/huikong/obiwan_Aug/repos_for_docker/obiwan_out/elg_ngc_run/logs/140//more_rs101/log.1409p285
FINISHED NOW!
logging to.../global/cscratch1/sd/huikong/obiwan_Aug/repos_for_docker/obiwan_out/elg_ngc_run/logs/156//more_rs101/log.1567p160
FINISHED NOW!
logging to.../global/cscratch1/sd/huikong/obiwan_Aug/repos_for_docker/obiwan_out/elg_ngc_run/logs/153//more_rs101/log.1538p217
FINISHED NOW!
logging to.../global/cscratch1/sd/huikong/obiwan_Aug/repos_for_docker/obiwan_out/elg_ngc_run/logs/148//more_rs101/log.1485p222
FINISHED NOW!
logging to.../global/cscratch1/sd/huikong/obiwan_Aug/repos_for_docker/obiwan_out/elg_ngc_run/logs/127//more_rs101/log.1278p275
FINISHED NOW!
logging to.../global/cscratch1/sd/huikong/obiwan_Aug/repos_for_docker/obiwan_out/elg_ngc_run/logs/148//more_rs101/log.1481p140
FINISHED NOW!
logging to.../global/cscratch1/sd/huikong/obiwan_Aug/repos_for_docker/obiwan_out/elg_ngc_run/logs/128//more_rs101/log.1287p180
FINISHED NOW!
logging to.../global/cscratch1/sd/huikong/obiwan_Aug/repos_for_docker/obiwan_out/elg_ngc_run/logs/137//more_rs101/log.1378p262
FINISHED NOW!
logging to.../global/cscratch1/sd/huikong/obiwan_Aug/repos_for_docker/obiwan_out/elg_ngc_run/logs/130//more_rs101/log.1305p290
FINISHED NOW!
logging to.../global/cscratch1/sd/huikong/obiwan_Aug/repos_for_docker/obiwan_out/elg_ngc_run/logs/148//more_rs101/log.1485p187
FINISHED NOW!
logging to.../global/cscratch1/sd/huikong/obiwan_Aug/repos_for_docker/obiwan_out/elg_ngc_run/logs/148//more_rs101/log.1480p210
FINISHED NOW!
logging to.../global/cscratch1/sd/huikong/obiwan_Aug/repos_for_docker/obiwan_out/elg_ngc_run/logs/147//more_rs101/log.1474p172
FINISHED NOW!
logging to.../global/cscratch1/sd/huikong/obiwan_Aug/repos_for_docker/obiwan_out/elg_ngc_run/logs/155//more_rs101/log.1552p195
FINISHED NOW!
logging to.../global/cscratch1/sd/huikong/obiwan_Aug/repos_for_docker/obiwan_out/elg_ngc_run/logs/154//more_rs101/log.1548p262
FINISHED NOW!
logging to.../global/cscratch1/sd/huikong/obiwan_Aug/repos_for_docker/obiwan_out/elg_ngc_run/logs/146//more_rs101/log.1463p267
FINISHED NOW!
logging to.../global/cscratch1/sd/huikong/obiwan_Aug/repos_for_docker/obiwan_out/elg_ngc_run/logs/136//more_rs101/log.1360p242
FINISHED NOW!
logging to.../global/cscratch1/sd/huikong/obiwan_Aug/repos_for_docker/obiwan_out/elg_ngc_run/logs/155//more_rs101/log.1553p187
FINISHED NOW!
logging to.../global/cscratch1/sd/huikong/obiwan_Aug/repos_for_docker/obiwan_out/elg_ngc_run/logs/132//more_rs101/log.1326p215
FINISHED NOW!
logging to.../global/cscratch1/sd/huikong/obiwan_Aug/repos_for_docker/obiwan_out/elg_ngc_run/logs/126//more_rs101/log.1262p282
FINISHED NOW!
logging to.../global/cscratch1/sd/huikong/obiwan_Aug/repos_for_docker/obiwan_out/elg_ngc_run/logs/137//more_rs101/log.1374p222
FINISHED NOW!
logging to.../global/cscratch1/sd/huikong/obiwan_Aug/repos_for_docker/obiwan_out/elg_ngc_run/logs/144//more_rs101/log.1441p192
FINISHED NOW!
logging to.../global/cscratch1/sd/huikong/obiwan_Aug/repos_for_docker/obiwan_out/elg_ngc_run/logs/146//more_rs101/log.1468p250
FINISHED NOW!
logging to.../global/cscratch1/sd/huikong/obiwan_Aug/repos_for_docker/obiwan_out/elg_ngc_run/logs/155//more_rs101/log.1552p252
FINISHED NOW!
logging to.../global/cscratch1/sd/huikong/obiwan_Aug/repos_for_docker/obiwan_out/elg_ngc_run/logs/128//more_rs101/log.1282p240
FINISHED NOW!
logging to.../global/cscratch1/sd/huikong/obiwan_Aug/repos_for_docker/obiwan_out/elg_ngc_run/logs/152//more_rs101/log.1525p185
FINISHED NOW!
logging to.../global/cscratch1/sd/huikong/obiwan_Aug/repos_for_docker/obiwan_out/elg_ngc_run/logs/153//more_rs101/log.1536p237
FINISHED NOW!
logging to.../global/cscratch1/sd/huikong/obiwan_Aug/repos_for_docker/obiwan_out/elg_ngc_run/logs/143//more_rs101/log.1439p212
FINISHED NOW!
logging to.../global/cscratch1/sd/huikong/obiwan_Aug/repos_for_docker/obiwan_out/elg_ngc_run/logs/144//more_rs101/log.1444p180
FINISHED NOW!
logging to.../global/cscratch1/sd/huikong/obiwan_Aug/repos_for_docker/obiwan_out/elg_ngc_run/logs/143//more_rs101/log.1431p162
FINISHED NOW!
logging to.../global/cscratch1/sd/huikong/obiwan_Aug/repos_for_docker/obiwan_out/elg_ngc_run/logs/142//more_rs101/log.1421p230
FINISHED NOW!
logging to.../global/cscratch1/sd/huikong/obiwan_Aug/repos_for_docker/obiwan_out/elg_ngc_run/logs/147//more_rs101/log.1476p140
FINISHED NOW!
logging to.../global/cscratch1/sd/huikong/obiwan_Aug/repos_for_docker/obiwan_out/elg_ngc_run/logs/141//more_rs101/log.1417p145
FINISHED NOW!
logging to.../global/cscratch1/sd/huikong/obiwan_Aug/repos_for_docker/obiwan_out/elg_ngc_run/logs/127//more_rs101/log.1279p240
FINISHED NOW!
logging to.../global/cscratch1/sd/huikong/obiwan_Aug/repos_for_docker/obiwan_out/elg_ngc_run/logs/129//more_rs101/log.1293p277
FINISHED NOW!
logging to.../global/cscratch1/sd/huikong/obiwan_Aug/repos_for_docker/obiwan_out/elg_ngc_run/logs/131//more_rs101/log.1317p192
FINISHED NOW!
logging to.../global/cscratch1/sd/huikong/obiwan_Aug/repos_for_docker/obiwan_out/elg_ngc_run/logs/146//more_rs101/log.1460p225
FINISHED NOW!
logging to.../global/cscratch1/sd/huikong/obiwan_Aug/repos_for_docker/obiwan_out/elg_ngc_run/logs/141//more_rs101/log.1418p150
FINISHED NOW!
logging to.../global/cscratch1/sd/huikong/obiwan_Aug/repos_for_docker/obiwan_out/elg_ngc_run/logs/138//more_rs101/log.1382p272
FINISHED NOW!
logging to.../global/cscratch1/sd/huikong/obiwan_Aug/repos_for_docker/obiwan_out/elg_ngc_run/logs/131//more_rs101/log.1318p190
FINISHED NOW!
logging to.../global/cscratch1/sd/huikong/obiwan_Aug/repos_for_docker/obiwan_out/elg_ngc_run/logs/140//more_rs101/log.1400p280
FINISHED NOW!
logging to.../global/cscratch1/sd/huikong/obiwan_Aug/repos_for_docker/obiwan_out/elg_ngc_run/logs/148//more_rs101/log.1484p215
FINISHED NOW!
logging to.../global/cscratch1/sd/huikong/obiwan_Aug/repos_for_docker/obiwan_out/elg_ngc_run/logs/143//more_rs101/log.1431p235
FINISHED NOW!
logging to.../global/cscratch1/sd/huikong/obiwan_Aug/repos_for_docker/obiwan_out/elg_ngc_run/logs/152//more_rs101/log.1524p152
FINISHED NOW!
FINISHED NOW!
logging to.../global/cscratch1/sd/huikong/obiwan_Aug/repos_for_docker/obiwan_out/elg_ngc_run/logs/142//more_rs101/log.1425p280
logging to.../global/cscratch1/sd/huikong/obiwan_Aug/repos_for_docker/obiwan_out/elg_ngc_run/logs/133//more_rs101/log.1332p235
FINISHED NOW!
logging to.../global/cscratch1/sd/huikong/obiwan_Aug/repos_for_docker/obiwan_out/elg_ngc_run/logs/126//more_rs101/log.1265p197
FINISHED NOW!
logging to.../global/cscratch1/sd/huikong/obiwan_Aug/repos_for_docker/obiwan_out/elg_ngc_run/logs/154//more_rs101/log.1549p215
FINISHED NOW!
logging to.../global/cscratch1/sd/huikong/obiwan_Aug/repos_for_docker/obiwan_out/elg_ngc_run/logs/132//more_rs101/log.1328p247
FINISHED NOW!
I am  nid00786 rank 0 (total 14)
Master: slave finished is task and says "I completed my task (2)"
Master: slave finished is task and says "I completed my task (8)"
Master: slave finished is task and says "I completed my task (4)"
Master: slave finished is task and says "I completed my task (5)"
Master: slave finished is task and says "I completed my task (11)"
Master: slave finished is task and says "I completed my task (7)"
Master: slave finished is task and says "I completed my task (3)"
Master: slave finished is task and says "I completed my task (1)"
Master: slave finished is task and says "I completed my task (10)"
Master: slave finished is task and says "I completed my task (6)"
Master: slave finished is task and says "I completed my task (12)"
Master: slave finished is task and says "I completed my task (9)"
Master: slave finished is task and says "I completed my task (15)"
Master: slave finished is task and says "I completed my task (16)"
Master: slave finished is task and says "I completed my task (14)"
Master: slave finished is task and says "I completed my task (19)"
Master: slave finished is task and says "I completed my task (17)"
Master: slave finished is task and says "I completed my task (20)"
Master: slave finished is task and says "I completed my task (21)"
Master: slave finished is task and says "I completed my task (22)"
Master: slave finished is task and says "I completed my task (24)"
Master: slave finished is task and says "I completed my task (25)"
Master: slave finished is task and says "I completed my task (26)"
Master: slave finished is task and says "I completed my task (29)"
Master: slave finished is task and says "I completed my task (28)"
Master: slave finished is task and says "I completed my task (33)"
Master: slave finished is task and says "I completed my task (30)"
Master: slave finished is task and says "I completed my task (31)"
Master: slave finished is task and says "I completed my task (34)"
Master: slave finished is task and says "I completed my task (36)"
Master: slave finished is task and says "I completed my task (38)"
Master: slave finished is task and says "I completed my task (35)"
Master: slave finished is task and says "I completed my task (37)"
Master: slave finished is task and says "I completed my task (39)"
Master: slave finished is task and says "I completed my task (40)"
Master: slave finished is task and says "I completed my task (41)"
Master: slave finished is task and says "I completed my task (43)"
Master: slave finished is task and says "I completed my task (46)"
Master: slave finished is task and says "I completed my task (47)"
Master: slave finished is task and says "I completed my task (48)"
Master: slave finished is task and says "I completed my task (49)"
Master: slave finished is task and says "I completed my task (51)"
Master: slave finished is task and says "I completed my task (50)"
Master: slave finished is task and says "I completed my task (52)"
Master: slave finished is task and says "I completed my task (54)"
Master: slave finished is task and says "I completed my task (55)"
Master: slave finished is task and says "I completed my task (56)"
Master: slave finished is task and says "I completed my task (57)"
Master: slave finished is task and says "I completed my task (58)"
Master: slave finished is task and says "I completed my task (60)"
Master: slave finished is task and says "I completed my task (61)"
Master: slave finished is task and says "I completed my task (62)"
Master: slave finished is task and says "I completed my task (27)"
Master: slave finished is task and says "I completed my task (23)"
Master: slave finished is task and says "I completed my task (65)"
Master: slave finished is task and says "I completed my task (13)"
Master: slave finished is task and says "I completed my task (66)"
Master: slave finished is task and says "I completed my task (67)"
Master: slave finished is task and says "I completed my task (69)"
Master: slave finished is task and says "I completed my task (68)"
Master: slave finished is task and says "I completed my task (71)"
Master: slave finished is task and says "I completed my task (72)"
Master: slave finished is task and says "I completed my task (74)"
Master: slave finished is task and says "I completed my task (73)"
Master: slave finished is task and says "I completed my task (75)"
Master: slave finished is task and says "I completed my task (77)"
Master: slave finished is task and says "I completed my task (78)"
Master: slave finished is task and says "I completed my task (79)"
Master: slave finished is task and says "I completed my task (53)"
Master: slave finished is task and says "I completed my task (80)"
Master: slave finished is task and says "I completed my task (81)"
Master: slave finished is task and says "I completed my task (82)"
Master: slave finished is task and says "I completed my task (83)"
Master: slave finished is task and says "I completed my task (84)"
Master: slave finished is task and says "I completed my task (85)"
Master: slave finished is task and says "I completed my task (87)"
Master: slave finished is task and says "I completed my task (88)"
Master: slave finished is task and says "I completed my task (89)"
Master: slave finished is task and says "I completed my task (90)"
Master: slave finished is task and says "I completed my task (91)"
Master: slave finished is task and says "I completed my task (92)"
Master: slave finished is task and says "I completed my task (93)"
Master: slave finished is task and says "I completed my task (94)"
Master: slave finished is task and says "I completed my task (95)"
Master: slave finished is task and says "I completed my task (96)"
Master: slave finished is task and says "I completed my task (97)"
Master: slave finished is task and says "I completed my task (98)"
Master: slave finished is task and says "I completed my task (99)"
Master: slave finished is task and says "I completed my task (44)"
Master: slave finished is task and says "I completed my task (100)"
Master: slave finished is task and says "I completed my task (101)"
Master: slave finished is task and says "I completed my task (102)"
Master: slave finished is task and says "I completed my task (103)"
Master: slave finished is task and says "I completed my task (42)"
Master: slave finished is task and says "I completed my task (45)"
Master: slave finished is task and says "I completed my task (107)"
Master: slave finished is task and says "I completed my task (108)"
Master: slave finished is task and says "I completed my task (109)"
Master: slave finished is task and says "I completed my task (18)"
Master: slave finished is task and says "I completed my task (111)"
Master: slave finished is task and says "I completed my task (112)"
Master: slave finished is task and says "I completed my task (113)"
Master: slave finished is task and says "I completed my task (114)"
Master: slave finished is task and says "I completed my task (115)"
Master: slave finished is task and says "I completed my task (70)"
Master: slave finished is task and says "I completed my task (117)"
Master: slave finished is task and says "I completed my task (118)"
Master: slave finished is task and says "I completed my task (32)"
Master: slave finished is task and says "I completed my task (120)"
Master: slave finished is task and says "I completed my task (121)"
Master: slave finished is task and says "I completed my task (122)"
Master: slave finished is task and says "I completed my task (123)"
Master: slave finished is task and says "I completed my task (124)"
Master: slave finished is task and says "I completed my task (59)"
Master: slave finished is task and says "I completed my task (125)"
Master: slave finished is task and says "I completed my task (126)"
Master: slave finished is task and says "I completed my task (127)"
Master: slave finished is task and says "I completed my task (63)"
Master: slave finished is task and says "I completed my task (129)"
Master: slave finished is task and says "I completed my task (130)"
Master: slave finished is task and says "I completed my task (64)"
logging to.../global/cscratch1/sd/huikong/obiwan_Aug/repos_for_docker/obiwan_out/elg_ngc_run/logs/153//more_rs101/log.1538p232
FINISHED NOW!
logging to.../global/cscratch1/sd/huikong/obiwan_Aug/repos_for_docker/obiwan_out/elg_ngc_run/logs/127//more_rs101/log.1272p217
FINISHED NOW!
logging to.../global/cscratch1/sd/huikong/obiwan_Aug/repos_for_docker/obiwan_out/elg_ngc_run/logs/138//more_rs101/log.1383p202
FINISHED NOW!
logging to.../global/cscratch1/sd/huikong/obiwan_Aug/repos_for_docker/obiwan_out/elg_ngc_run/logs/135//more_rs101/log.1355p197
FINISHED NOW!
logging to.../global/cscratch1/sd/huikong/obiwan_Aug/repos_for_docker/obiwan_out/elg_ngc_run/logs/143//more_rs101/log.1437p232
FINISHED NOW!
logging to.../global/cscratch1/sd/huikong/obiwan_Aug/repos_for_docker/obiwan_out/elg_ngc_run/logs/146//more_rs101/log.1464p185
FINISHED NOW!
logging to.../global/cscratch1/sd/huikong/obiwan_Aug/repos_for_docker/obiwan_out/elg_ngc_run/logs/146//more_rs101/log.1469p197
FINISHED NOW!
logging to.../global/cscratch1/sd/huikong/obiwan_Aug/repos_for_docker/obiwan_out/elg_ngc_run/logs/152//more_rs101/log.1526p220
FINISHED NOW!
logging to.../global/cscratch1/sd/huikong/obiwan_Aug/repos_for_docker/obiwan_out/elg_ngc_run/logs/143//more_rs101/log.1431p212
FINISHED NOW!
logging to.../global/cscratch1/sd/huikong/obiwan_Aug/repos_for_docker/obiwan_out/elg_ngc_run/logs/150//more_rs101/log.1509p185
FINISHED NOW!
logging to.../global/cscratch1/sd/huikong/obiwan_Aug/repos_for_docker/obiwan_out/elg_ngc_run/logs/132//more_rs101/log.1325p257
FINISHED NOW!
logging to.../global/cscratch1/sd/huikong/obiwan_Aug/repos_for_docker/obiwan_out/elg_ngc_run/logs/151//more_rs101/log.1517p265
FINISHED NOW!
logging to.../global/cscratch1/sd/huikong/obiwan_Aug/repos_for_docker/obiwan_out/elg_ngc_run/logs/135//more_rs101/log.1359p270
FINISHED NOW!
logging to.../global/cscratch1/sd/huikong/obiwan_Aug/repos_for_docker/obiwan_out/elg_ngc_run/logs/141//more_rs101/log.1414p245
FINISHED NOW!
FINISHED NOW!
logging to.../global/cscratch1/sd/huikong/obiwan_Aug/repos_for_docker/obiwan_out/elg_ngc_run/logs/146//more_rs101/log.1467p152
logging to.../global/cscratch1/sd/huikong/obiwan_Aug/repos_for_docker/obiwan_out/elg_ngc_run/logs/146//more_rs101/log.1464p222
FINISHED NOW!
logging to.../global/cscratch1/sd/huikong/obiwan_Aug/repos_for_docker/obiwan_out/elg_ngc_run/logs/136//more_rs101/log.1362p267
FINISHED NOW!
logging to.../global/cscratch1/sd/huikong/obiwan_Aug/repos_for_docker/obiwan_out/elg_ngc_run/logs/127//more_rs101/log.1276p220
FINISHED NOW!
logging to.../global/cscratch1/sd/huikong/obiwan_Aug/repos_for_docker/obiwan_out/elg_ngc_run/logs/156//more_rs101/log.1561p250
FINISHED NOW!
logging to.../global/cscratch1/sd/huikong/obiwan_Aug/repos_for_docker/obiwan_out/elg_ngc_run/logs/143//more_rs101/log.1433p255
FINISHED NOW!
logging to.../global/cscratch1/sd/huikong/obiwan_Aug/repos_for_docker/obiwan_out/elg_ngc_run/logs/143//more_rs101/log.1439p190
FINISHED NOW!
logging to.../global/cscratch1/sd/huikong/obiwan_Aug/repos_for_docker/obiwan_out/elg_ngc_run/logs/141//more_rs101/log.1412p277
FINISHED NOW!
logging to.../global/cscratch1/sd/huikong/obiwan_Aug/repos_for_docker/obiwan_out/elg_ngc_run/logs/128//more_rs101/log.1288p207
FINISHED NOW!
logging to.../global/cscratch1/sd/huikong/obiwan_Aug/repos_for_docker/obiwan_out/elg_ngc_run/logs/135//more_rs101/log.1356p262
FINISHED NOW!
logging to.../global/cscratch1/sd/huikong/obiwan_Aug/repos_for_docker/obiwan_out/elg_ngc_run/logs/156//more_rs101/log.1569p267
FINISHED NOW!
logging to.../global/cscratch1/sd/huikong/obiwan_Aug/repos_for_docker/obiwan_out/elg_ngc_run/logs/155//more_rs101/log.1550p235
FINISHED NOW!
logging to.../global/cscratch1/sd/huikong/obiwan_Aug/repos_for_docker/obiwan_out/elg_ngc_run/logs/144//more_rs101/log.1440p157
FINISHED NOW!
logging to.../global/cscratch1/sd/huikong/obiwan_Aug/repos_for_docker/obiwan_out/elg_ngc_run/logs/144//more_rs101/log.1447p235
FINISHED NOW!
logging to.../global/cscratch1/sd/huikong/obiwan_Aug/repos_for_docker/obiwan_out/elg_ngc_run/logs/143//more_rs101/log.1439p177
FINISHED NOW!
logging to.../global/cscratch1/sd/huikong/obiwan_Aug/repos_for_docker/obiwan_out/elg_ngc_run/logs/134//more_rs101/log.1343p162
FINISHED NOW!
logging to.../global/cscratch1/sd/huikong/obiwan_Aug/repos_for_docker/obiwan_out/elg_ngc_run/logs/142//more_rs101/log.1423p192
FINISHED NOW!
logging to.../global/cscratch1/sd/huikong/obiwan_Aug/repos_for_docker/obiwan_out/elg_ngc_run/logs/150//more_rs101/log.1502p195
FINISHED NOW!
logging to.../global/cscratch1/sd/huikong/obiwan_Aug/repos_for_docker/obiwan_out/elg_ngc_run/logs/141//more_rs101/log.1417p142
FINISHED NOW!
logging to.../global/cscratch1/sd/huikong/obiwan_Aug/repos_for_docker/obiwan_out/elg_ngc_run/logs/153//more_rs101/log.1532p230
FINISHED NOW!
logging to.../global/cscratch1/sd/huikong/obiwan_Aug/repos_for_docker/obiwan_out/elg_ngc_run/logs/148//more_rs101/log.1487p212
FINISHED NOW!
logging to.../global/cscratch1/sd/huikong/obiwan_Aug/repos_for_docker/obiwan_out/elg_ngc_run/logs/151//more_rs101/log.1514p147
FINISHED NOW!
logging to.../global/cscratch1/sd/huikong/obiwan_Aug/repos_for_docker/obiwan_out/elg_ngc_run/logs/135//more_rs101/log.1356p270
FINISHED NOW!
logging to.../global/cscratch1/sd/huikong/obiwan_Aug/repos_for_docker/obiwan_out/elg_ngc_run/logs/134//more_rs101/log.1349p192
FINISHED NOW!
logging to.../global/cscratch1/sd/huikong/obiwan_Aug/repos_for_docker/obiwan_out/elg_ngc_run/logs/140//more_rs101/log.1400p162
FINISHED NOW!
logging to.../global/cscratch1/sd/huikong/obiwan_Aug/repos_for_docker/obiwan_out/elg_ngc_run/logs/147//more_rs101/log.1471p215
FINISHED NOW!
logging to.../global/cscratch1/sd/huikong/obiwan_Aug/repos_for_docker/obiwan_out/elg_ngc_run/logs/129//more_rs101/log.1297p227
FINISHED NOW!
FINISHED NOW!
logging to.../global/cscratch1/sd/huikong/obiwan_Aug/repos_for_docker/obiwan_out/elg_ngc_run/logs/142//more_rs101/log.1429p175
logging to.../global/cscratch1/sd/huikong/obiwan_Aug/repos_for_docker/obiwan_out/elg_ngc_run/logs/154//more_rs101/log.1547p152
FINISHED NOW!
logging to.../global/cscratch1/sd/huikong/obiwan_Aug/repos_for_docker/obiwan_out/elg_ngc_run/logs/131//more_rs101/log.1317p267
FINISHED NOW!
logging to.../global/cscratch1/sd/huikong/obiwan_Aug/repos_for_docker/obiwan_out/elg_ngc_run/logs/138//more_rs101/log.1388p242
FINISHED NOW!
logging to.../global/cscratch1/sd/huikong/obiwan_Aug/repos_for_docker/obiwan_out/elg_ngc_run/logs/127//more_rs101/log.1277p222
FINISHED NOW!
logging to.../global/cscratch1/sd/huikong/obiwan_Aug/repos_for_docker/obiwan_out/elg_ngc_run/logs/142//more_rs101/log.1423p190
FINISHED NOW!
logging to.../global/cscratch1/sd/huikong/obiwan_Aug/repos_for_docker/obiwan_out/elg_ngc_run/logs/131//more_rs101/log.1319p250
FINISHED NOW!
logging to.../global/cscratch1/sd/huikong/obiwan_Aug/repos_for_docker/obiwan_out/elg_ngc_run/logs/143//more_rs101/log.1439p235
FINISHED NOW!
logging to.../global/cscratch1/sd/huikong/obiwan_Aug/repos_for_docker/obiwan_out/elg_ngc_run/logs/154//more_rs101/log.1542p190
FINISHED NOW!
logging to.../global/cscratch1/sd/huikong/obiwan_Aug/repos_for_docker/obiwan_out/elg_ngc_run/logs/151//more_rs101/log.1516p242
FINISHED NOW!
logging to.../global/cscratch1/sd/huikong/obiwan_Aug/repos_for_docker/obiwan_out/elg_ngc_run/logs/130//more_rs101/log.1303p212
FINISHED NOW!
FINISHED NOW!
logging to.../global/cscratch1/sd/huikong/obiwan_Aug/repos_for_docker/obiwan_out/elg_ngc_run/logs/142//more_rs101/log.1428p192
logging to.../global/cscratch1/sd/huikong/obiwan_Aug/repos_for_docker/obiwan_out/elg_ngc_run/logs/127//more_rs101/log.1278p200
FINISHED NOW!
logging to.../global/cscratch1/sd/huikong/obiwan_Aug/repos_for_docker/obiwan_out/elg_ngc_run/logs/141//more_rs101/log.1414p225
FINISHED NOW!
logging to.../global/cscratch1/sd/huikong/obiwan_Aug/repos_for_docker/obiwan_out/elg_ngc_run/logs/126//more_rs101/log.1262p227
FINISHED NOW!
logging to.../global/cscratch1/sd/huikong/obiwan_Aug/repos_for_docker/obiwan_out/elg_ngc_run/logs/151//more_rs101/log.1516p175
FINISHED NOW!
FINISHED NOW!
logging to.../global/cscratch1/sd/huikong/obiwan_Aug/repos_for_docker/obiwan_out/elg_ngc_run/logs/143//more_rs101/log.1430p185
logging to.../global/cscratch1/sd/huikong/obiwan_Aug/repos_for_docker/obiwan_out/elg_ngc_run/logs/139//more_rs101/log.1394p240
FINISHED NOW!
FINISHED NOW!
logging to.../global/cscratch1/sd/huikong/obiwan_Aug/repos_for_docker/obiwan_out/elg_ngc_run/logs/148//more_rs101/log.1480p197
logging to.../global/cscratch1/sd/huikong/obiwan_Aug/repos_for_docker/obiwan_out/elg_ngc_run/logs/140//more_rs101/log.1401p252
FINISHED NOW!
FINISHED NOW!
logging to.../global/cscratch1/sd/huikong/obiwan_Aug/repos_for_docker/obiwan_out/elg_ngc_run/logs/142//more_rs101/log.1425p172
logging to.../global/cscratch1/sd/huikong/obiwan_Aug/repos_for_docker/obiwan_out/elg_ngc_run/logs/137//more_rs101/log.1371p190
FINISHED NOW!
FINISHED NOW!
logging to.../global/cscratch1/sd/huikong/obiwan_Aug/repos_for_docker/obiwan_out/elg_ngc_run/logs/145//more_rs101/log.1459p170
logging to.../global/cscratch1/sd/huikong/obiwan_Aug/repos_for_docker/obiwan_out/elg_ngc_run/logs/136//more_rs101/log.1362p252
FINISHED NOW!
logging to.../global/cscratch1/sd/huikong/obiwan_Aug/repos_for_docker/obiwan_out/elg_ngc_run/logs/138//more_rs101/log.1381p210
FINISHED NOW!
logging to.../global/cscratch1/sd/huikong/obiwan_Aug/repos_for_docker/obiwan_out/elg_ngc_run/logs/151//more_rs101/log.1517p252
FINISHED NOW!
logging to.../global/cscratch1/sd/huikong/obiwan_Aug/repos_for_docker/obiwan_out/elg_ngc_run/logs/145//more_rs101/log.1457p195
FINISHED NOW!
logging to.../global/cscratch1/sd/huikong/obiwan_Aug/repos_for_docker/obiwan_out/elg_ngc_run/logs/130//more_rs101/log.1300p177
FINISHED NOW!
logging to.../global/cscratch1/sd/huikong/obiwan_Aug/repos_for_docker/obiwan_out/elg_ngc_run/logs/155//more_rs101/log.1552p177
FINISHED NOW!
logging to.../global/cscratch1/sd/huikong/obiwan_Aug/repos_for_docker/obiwan_out/elg_ngc_run/logs/135//more_rs101/log.1356p240
FINISHED NOW!
logging to.../global/cscratch1/sd/huikong/obiwan_Aug/repos_for_docker/obiwan_out/elg_ngc_run/logs/156//more_rs101/log.1565p227
FINISHED NOW!
logging to.../global/cscratch1/sd/huikong/obiwan_Aug/repos_for_docker/obiwan_out/elg_ngc_run/logs/136//more_rs101/log.1367p240
FINISHED NOW!
logging to.../global/cscratch1/sd/huikong/obiwan_Aug/repos_for_docker/obiwan_out/elg_ngc_run/logs/129//more_rs101/log.1297p262
FINISHED NOW!
logging to.../global/cscratch1/sd/huikong/obiwan_Aug/repos_for_docker/obiwan_out/elg_ngc_run/logs/152//more_rs101/log.1523p210
FINISHED NOW!
logging to.../global/cscratch1/sd/huikong/obiwan_Aug/repos_for_docker/obiwan_out/elg_ngc_run/logs/128//more_rs101/log.1285p165
FINISHED NOW!
logging to.../global/cscratch1/sd/huikong/obiwan_Aug/repos_for_docker/obiwan_out/elg_ngc_run/logs/145//more_rs101/log.1458p255
FINISHED NOW!
logging to.../global/cscratch1/sd/huikong/obiwan_Aug/repos_for_docker/obiwan_out/elg_ngc_run/logs/143//more_rs101/log.1430p245
FINISHED NOW!
logging to.../global/cscratch1/sd/huikong/obiwan_Aug/repos_for_docker/obiwan_out/elg_ngc_run/logs/133//more_rs101/log.1337p165
FINISHED NOW!
logging to.../global/cscratch1/sd/huikong/obiwan_Aug/repos_for_docker/obiwan_out/elg_ngc_run/logs/139//more_rs101/log.1393p267
FINISHED NOW!
logging to.../global/cscratch1/sd/huikong/obiwan_Aug/repos_for_docker/obiwan_out/elg_ngc_run/logs/153//more_rs101/log.1532p185
FINISHED NOW!
logging to.../global/cscratch1/sd/huikong/obiwan_Aug/repos_for_docker/obiwan_out/elg_ngc_run/logs/145//more_rs101/log.1454p150
FINISHED NOW!
logging to.../global/cscratch1/sd/huikong/obiwan_Aug/repos_for_docker/obiwan_out/elg_ngc_run/logs/138//more_rs101/log.1384p220
FINISHED NOW!
logging to.../global/cscratch1/sd/huikong/obiwan_Aug/repos_for_docker/obiwan_out/elg_ngc_run/logs/153//more_rs101/log.1530p167
FINISHED NOW!
logging to.../global/cscratch1/sd/huikong/obiwan_Aug/repos_for_docker/obiwan_out/elg_ngc_run/logs/155//more_rs101/log.1554p215
FINISHED NOW!
logging to.../global/cscratch1/sd/huikong/obiwan_Aug/repos_for_docker/obiwan_out/elg_ngc_run/logs/140//more_rs101/log.1405p180
FINISHED NOW!
logging to.../global/cscratch1/sd/huikong/obiwan_Aug/repos_for_docker/obiwan_out/elg_ngc_run/logs/145//more_rs101/log.1456p167
FINISHED NOW!
logging to.../global/cscratch1/sd/huikong/obiwan_Aug/repos_for_docker/obiwan_out/elg_ngc_run/logs/148//more_rs101/log.1486p252
FINISHED NOW!
logging to.../global/cscratch1/sd/huikong/obiwan_Aug/repos_for_docker/obiwan_out/elg_ngc_run/logs/136//more_rs101/log.1368p287
FINISHED NOW!
logging to.../global/cscratch1/sd/huikong/obiwan_Aug/repos_for_docker/obiwan_out/elg_ngc_run/logs/154//more_rs101/log.1546p227
FINISHED NOW!
logging to.../global/cscratch1/sd/huikong/obiwan_Aug/repos_for_docker/obiwan_out/elg_ngc_run/logs/144//more_rs101/log.1440p175
FINISHED NOW!
logging to.../global/cscratch1/sd/huikong/obiwan_Aug/repos_for_docker/obiwan_out/elg_ngc_run/logs/140//more_rs101/log.1402p202
FINISHED NOW!
logging to.../global/cscratch1/sd/huikong/obiwan_Aug/repos_for_docker/obiwan_out/elg_ngc_run/logs/141//more_rs101/log.1410p282
FINISHED NOW!
logging to.../global/cscratch1/sd/huikong/obiwan_Aug/repos_for_docker/obiwan_out/elg_ngc_run/logs/139//more_rs101/log.1396p250
FINISHED NOW!
logging to.../global/cscratch1/sd/huikong/obiwan_Aug/repos_for_docker/obiwan_out/elg_ngc_run/logs/137//more_rs101/log.1373p202
FINISHED NOW!
logging to.../global/cscratch1/sd/huikong/obiwan_Aug/repos_for_docker/obiwan_out/elg_ngc_run/logs/138//more_rs101/log.1387p162
FINISHED NOW!
logging to.../global/cscratch1/sd/huikong/obiwan_Aug/repos_for_docker/obiwan_out/elg_ngc_run/logs/125//more_rs101/log.1259p185
FINISHED NOW!
logging to.../global/cscratch1/sd/huikong/obiwan_Aug/repos_for_docker/obiwan_out/elg_ngc_run/logs/132//more_rs101/log.1327p235
FINISHED NOW!
logging to.../global/cscratch1/sd/huikong/obiwan_Aug/repos_for_docker/obiwan_out/elg_ngc_run/logs/152//more_rs101/log.1524p257
FINISHED NOW!
logging to.../global/cscratch1/sd/huikong/obiwan_Aug/repos_for_docker/obiwan_out/elg_ngc_run/logs/141//more_rs101/log.1413p152
FINISHED NOW!
logging to.../global/cscratch1/sd/huikong/obiwan_Aug/repos_for_docker/obiwan_out/elg_ngc_run/logs/127//more_rs101/log.1276p180
FINISHED NOW!
logging to.../global/cscratch1/sd/huikong/obiwan_Aug/repos_for_docker/obiwan_out/elg_ngc_run/logs/150//more_rs101/log.1500p265
FINISHED NOW!
logging to.../global/cscratch1/sd/huikong/obiwan_Aug/repos_for_docker/obiwan_out/elg_ngc_run/logs/131//more_rs101/log.1310p172
FINISHED NOW!
logging to.../global/cscratch1/sd/huikong/obiwan_Aug/repos_for_docker/obiwan_out/elg_ngc_run/logs/132//more_rs101/log.1329p267
FINISHED NOW!
logging to.../global/cscratch1/sd/huikong/obiwan_Aug/repos_for_docker/obiwan_out/elg_ngc_run/logs/143//more_rs101/log.1432p175
FINISHED NOW!
logging to.../global/cscratch1/sd/huikong/obiwan_Aug/repos_for_docker/obiwan_out/elg_ngc_run/logs/134//more_rs101/log.1347p247
FINISHED NOW!
logging to.../global/cscratch1/sd/huikong/obiwan_Aug/repos_for_docker/obiwan_out/elg_ngc_run/logs/138//more_rs101/log.1381p190
FINISHED NOW!
logging to.../global/cscratch1/sd/huikong/obiwan_Aug/repos_for_docker/obiwan_out/elg_ngc_run/logs/145//more_rs101/log.1451p207
FINISHED NOW!
logging to.../global/cscratch1/sd/huikong/obiwan_Aug/repos_for_docker/obiwan_out/elg_ngc_run/logs/148//more_rs101/log.1484p175
FINISHED NOW!
logging to.../global/cscratch1/sd/huikong/obiwan_Aug/repos_for_docker/obiwan_out/elg_ngc_run/logs/135//more_rs101/log.1355p167
FINISHED NOW!
logging to.../global/cscratch1/sd/huikong/obiwan_Aug/repos_for_docker/obiwan_out/elg_ngc_run/logs/145//more_rs101/log.1459p182
FINISHED NOW!
logging to.../global/cscratch1/sd/huikong/obiwan_Aug/repos_for_docker/obiwan_out/elg_ngc_run/logs/141//more_rs101/log.1412p242
FINISHED NOW!
logging to.../global/cscratch1/sd/huikong/obiwan_Aug/repos_for_docker/obiwan_out/elg_ngc_run/logs/135//more_rs101/log.1358p242
FINISHED NOW!
logging to.../global/cscratch1/sd/huikong/obiwan_Aug/repos_for_docker/obiwan_out/elg_ngc_run/logs/140//more_rs101/log.1406p147
FINISHED NOW!
logging to.../global/cscratch1/sd/huikong/obiwan_Aug/repos_for_docker/obiwan_out/elg_ngc_run/logs/138//more_rs101/log.1385p195
FINISHED NOW!
logging to.../global/cscratch1/sd/huikong/obiwan_Aug/repos_for_docker/obiwan_out/elg_ngc_run/logs/156//more_rs101/log.1563p207
FINISHED NOW!
logging to.../global/cscratch1/sd/huikong/obiwan_Aug/repos_for_docker/obiwan_out/elg_ngc_run/logs/146//more_rs101/log.1462p240
FINISHED NOW!
logging to.../global/cscratch1/sd/huikong/obiwan_Aug/repos_for_docker/obiwan_out/elg_ngc_run/logs/128//more_rs101/log.1285p287
FINISHED NOW!
logging to.../global/cscratch1/sd/huikong/obiwan_Aug/repos_for_docker/obiwan_out/elg_ngc_run/logs/148//more_rs101/log.1485p225
FINISHED NOW!
logging to.../global/cscratch1/sd/huikong/obiwan_Aug/repos_for_docker/obiwan_out/elg_ngc_run/logs/128//more_rs101/log.1285p195
FINISHED NOW!
logging to.../global/cscratch1/sd/huikong/obiwan_Aug/repos_for_docker/obiwan_out/elg_ngc_run/logs/126//more_rs101/log.1267p182
FINISHED NOW!
Master: slave finished is task and says "I completed my task (133)"
Master: slave finished is task and says "I completed my task (134)"
Master: slave finished is task and says "I completed my task (106)"
Master: slave finished is task and says "I completed my task (104)"
Master: slave finished is task and says "I completed my task (137)"
Master: slave finished is task and says "I completed my task (86)"
Master: slave finished is task and says "I completed my task (116)"
Master: slave finished is task and says "I completed my task (139)"
Master: slave finished is task and says "I completed my task (140)"
Master: slave finished is task and says "I completed my task (110)"
Master: slave finished is task and says "I completed my task (76)"
Master: slave finished is task and says "I completed my task (143)"
Master: slave finished is task and says "I completed my task (144)"
Master: slave finished is task and says "I completed my task (145)"
Master: slave finished is task and says "I completed my task (146)"
Master: slave finished is task and says "I completed my task (147)"
Master: slave finished is task and says "I completed my task (105)"
Master: slave finished is task and says "I completed my task (0)"
Master: slave finished is task and says "I completed my task (150)"
Master: slave finished is task and says "I completed my task (152)"
Master: slave finished is task and says "I completed my task (153)"
Master: slave finished is task and says "I completed my task (154)"
Master: slave finished is task and says "I completed my task (155)"
Master: slave finished is task and says "I completed my task (156)"
Master: slave finished is task and says "I completed my task (131)"
Master: slave finished is task and says "I completed my task (132)"
Master: slave finished is task and says "I completed my task (128)"
Master: slave finished is task and says "I completed my task (160)"
Master: slave finished is task and says "I completed my task (161)"
Master: slave finished is task and says "I completed my task (141)"
Master: slave finished is task and says "I completed my task (163)"
Master: slave finished is task and says "I completed my task (164)"
Master: slave finished is task and says "I completed my task (165)"
Master: slave finished is task and says "I completed my task (166)"
Master: slave finished is task and says "I completed my task (167)"
Master: slave finished is task and says "I completed my task (136)"
Master: slave finished is task and says "I completed my task (169)"
Master: slave finished is task and says "I completed my task (170)"
Master: slave finished is task and says "I completed my task (119)"
Master: slave finished is task and says "I completed my task (171)"
Master: slave finished is task and says "I completed my task (172)"
Master: slave finished is task and says "I completed my task (148)"
Master: slave finished is task and says "I completed my task (173)"
Master: slave finished is task and says "I completed my task (174)"
Master: slave finished is task and says "I completed my task (175)"
Master: slave finished is task and says "I completed my task (135)"
Master: slave finished is task and says "I completed my task (179)"
Master: slave finished is task and says "I completed my task (142)"
Master: slave finished is task and says "I completed my task (181)"
Master: slave finished is task and says "I completed my task (182)"
Master: slave finished is task and says "I completed my task (183)"
Master: slave finished is task and says "I completed my task (184)"
Master: slave finished is task and says "I completed my task (149)"
Master: slave finished is task and says "I completed my task (185)"
Master: slave finished is task and says "I completed my task (186)"
Master: slave finished is task and says "I completed my task (159)"
Master: slave finished is task and says "I completed my task (151)"
Master: slave finished is task and says "I completed my task (138)"
Master: slave finished is task and says "I completed my task (190)"
Master: slave finished is task and says "I completed my task (191)"
Master: slave finished is task and says "I completed my task (192)"
Master: slave finished is task and says "I completed my task (193)"
Master: slave finished is task and says "I completed my task (194)"
Master: slave finished is task and says "I completed my task (195)"
Master: slave finished is task and says "I completed my task (196)"
Master: slave finished is task and says "I completed my task (197)"
Master: slave finished is task and says "I completed my task (199)"
Master: slave finished is task and says "I completed my task (162)"
Master: slave finished is task and says "I completed my task (200)"
Master: slave finished is task and says "I completed my task (201)"
Master: slave finished is task and says "I completed my task (202)"
Master: slave finished is task and says "I completed my task (203)"
Master: slave finished is task and says "I completed my task (204)"
Master: slave finished is task and says "I completed my task (205)"
Master: slave finished is task and says "I completed my task (207)"
Master: slave finished is task and says "I completed my task (208)"
Master: slave finished is task and says "I completed my task (176)"
Master: slave finished is task and says "I completed my task (180)"
Master: slave finished is task and says "I completed my task (187)"
Master: slave finished is task and says "I completed my task (158)"
Master: slave finished is task and says "I completed my task (212)"
Master: slave finished is task and says "I completed my task (213)"
Master: slave finished is task and says "I completed my task (214)"
Master: slave finished is task and says "I completed my task (215)"
Master: slave finished is task and says "I completed my task (216)"
Master: slave finished is task and says "I completed my task (218)"
Master: slave finished is task and says "I completed my task (219)"
Master: slave finished is task and says "I completed my task (220)"
Master: slave finished is task and says "I completed my task (221)"
Master: slave finished is task and says "I completed my task (222)"
Master: slave finished is task and says "I completed my task (223)"
Master: slave finished is task and says "I completed my task (157)"
Master: slave finished is task and says "I completed my task (224)"
Master: slave finished is task and says "I completed my task (225)"
Master: slave finished is task and says "I completed my task (227)"
Master: slave finished is task and says "I completed my task (168)"
Master: slave finished is task and says "I completed my task (228)"
Master: slave finished is task and says "I completed my task (230)"
Master: slave finished is task and says "I completed my task (231)"
Master: slave finished is task and says "I completed my task (232)"
Master: slave finished is task and says "I completed my task (188)"
Master: slave finished is task and says "I completed my task (209)"
Master: slave finished is task and says "I completed my task (235)"
Master: slave finished is task and says "I completed my task (236)"
Master: slave finished is task and says "I completed my task (177)"
Master: slave finished is task and says "I completed my task (178)"
Master: slave finished is task and says "I completed my task (239)"
Master: slave finished is task and says "I completed my task (240)"
Master: slave finished is task and says "I completed my task (241)"
Master: slave finished is task and says "I completed my task (242)"
Master: slave finished is task and says "I completed my task (189)"
Master: slave finished is task and says "I completed my task (229)"
Master: slave finished is task and says "I completed my task (217)"
Master: slave finished is task and says "I completed my task (246)"
Master: slave finished is task and says "I completed my task (247)"
Master: slave finished is task and says "I completed my task (248)"
Master: slave finished is task and says "I completed my task (198)"
Master: slave finished is task and says "I completed my task (206)"
Master: slave finished is task and says "I completed my task (234)"
Master: slave finished is task and says "I completed my task (252)"
Master: slave finished is task and says "I completed my task (253)"
logging to.../global/cscratch1/sd/huikong/obiwan_Aug/repos_for_docker/obiwan_out/elg_ngc_run/logs/144//more_rs101/log.1448p197
FINISHED NOW!
logging to.../global/cscratch1/sd/huikong/obiwan_Aug/repos_for_docker/obiwan_out/elg_ngc_run/logs/130//more_rs101/log.1303p235
FINISHED NOW!
logging to.../global/cscratch1/sd/huikong/obiwan_Aug/repos_for_docker/obiwan_out/elg_ngc_run/logs/147//more_rs101/log.1475p195
FINISHED NOW!
logging to.../global/cscratch1/sd/huikong/obiwan_Aug/repos_for_docker/obiwan_out/elg_ngc_run/logs/135//more_rs101/log.1358p250
FINISHED NOW!
logging to.../global/cscratch1/sd/huikong/obiwan_Aug/repos_for_docker/obiwan_out/elg_ngc_run/logs/136//more_rs101/log.1369p280
FINISHED NOW!
logging to.../global/cscratch1/sd/huikong/obiwan_Aug/repos_for_docker/obiwan_out/elg_ngc_run/logs/154//more_rs101/log.1546p185
FINISHED NOW!
logging to.../global/cscratch1/sd/huikong/obiwan_Aug/repos_for_docker/obiwan_out/elg_ngc_run/logs/151//more_rs101/log.1511p155
FINISHED NOW!
logging to.../global/cscratch1/sd/huikong/obiwan_Aug/repos_for_docker/obiwan_out/elg_ngc_run/logs/149//more_rs101/log.1499p207
FINISHED NOW!
logging to.../global/cscratch1/sd/huikong/obiwan_Aug/repos_for_docker/obiwan_out/elg_ngc_run/logs/147//more_rs101/log.1478p205
FINISHED NOW!
logging to.../global/cscratch1/sd/huikong/obiwan_Aug/repos_for_docker/obiwan_out/elg_ngc_run/logs/133//more_rs101/log.1331p170
FINISHED NOW!
FINISHED NOW!
logging to.../global/cscratch1/sd/huikong/obiwan_Aug/repos_for_docker/obiwan_out/elg_ngc_run/logs/149//more_rs101/log.1499p182
logging to.../global/cscratch1/sd/huikong/obiwan_Aug/repos_for_docker/obiwan_out/elg_ngc_run/logs/144//more_rs101/log.1449p137
FINISHED NOW!
FINISHED NOW!
logging to.../global/cscratch1/sd/huikong/obiwan_Aug/repos_for_docker/obiwan_out/elg_ngc_run/logs/137//more_rs101/log.1372p255
logging to.../global/cscratch1/sd/huikong/obiwan_Aug/repos_for_docker/obiwan_out/elg_ngc_run/logs/145//more_rs101/log.1453p222
FINISHED NOW!
logging to.../global/cscratch1/sd/huikong/obiwan_Aug/repos_for_docker/obiwan_out/elg_ngc_run/logs/142//more_rs101/log.1423p180
FINISHED NOW!
logging to.../global/cscratch1/sd/huikong/obiwan_Aug/repos_for_docker/obiwan_out/elg_ngc_run/logs/142//more_rs101/log.1427p172
FINISHED NOW!
logging to.../global/cscratch1/sd/huikong/obiwan_Aug/repos_for_docker/obiwan_out/elg_ngc_run/logs/135//more_rs101/log.1351p237
FINISHED NOW!
logging to.../global/cscratch1/sd/huikong/obiwan_Aug/repos_for_docker/obiwan_out/elg_ngc_run/logs/144//more_rs101/log.1445p260
FINISHED NOW!
logging to.../global/cscratch1/sd/huikong/obiwan_Aug/repos_for_docker/obiwan_out/elg_ngc_run/logs/136//more_rs101/log.1361p232
FINISHED NOW!
logging to.../global/cscratch1/sd/huikong/obiwan_Aug/repos_for_docker/obiwan_out/elg_ngc_run/logs/127//more_rs101/log.1275p257
FINISHED NOW!
logging to.../global/cscratch1/sd/huikong/obiwan_Aug/repos_for_docker/obiwan_out/elg_ngc_run/logs/145//more_rs101/log.1457p270
FINISHED NOW!
logging to.../global/cscratch1/sd/huikong/obiwan_Aug/repos_for_docker/obiwan_out/elg_ngc_run/logs/141//more_rs101/log.1418p202
FINISHED NOW!
logging to.../global/cscratch1/sd/huikong/obiwan_Aug/repos_for_docker/obiwan_out/elg_ngc_run/logs/143//more_rs101/log.1438p237
FINISHED NOW!
logging to.../global/cscratch1/sd/huikong/obiwan_Aug/repos_for_docker/obiwan_out/elg_ngc_run/logs/151//more_rs101/log.1516p150
FINISHED NOW!
logging to.../global/cscratch1/sd/huikong/obiwan_Aug/repos_for_docker/obiwan_out/elg_ngc_run/logs/138//more_rs101/log.1382p267
FINISHED NOW!
logging to.../global/cscratch1/sd/huikong/obiwan_Aug/repos_for_docker/obiwan_out/elg_ngc_run/logs/149//more_rs101/log.1496p185
FINISHED NOW!
logging to.../global/cscratch1/sd/huikong/obiwan_Aug/repos_for_docker/obiwan_out/elg_ngc_run/logs/139//more_rs101/log.1398p207
FINISHED NOW!
logging to.../global/cscratch1/sd/huikong/obiwan_Aug/repos_for_docker/obiwan_out/elg_ngc_run/logs/132//more_rs101/log.1328p262
FINISHED NOW!
logging to.../global/cscratch1/sd/huikong/obiwan_Aug/repos_for_docker/obiwan_out/elg_ngc_run/logs/139//more_rs101/log.1399p232
FINISHED NOW!
logging to.../global/cscratch1/sd/huikong/obiwan_Aug/repos_for_docker/obiwan_out/elg_ngc_run/logs/138//more_rs101/log.1385p222
FINISHED NOW!
logging to.../global/cscratch1/sd/huikong/obiwan_Aug/repos_for_docker/obiwan_out/elg_ngc_run/logs/156//more_rs101/log.1567p180
FINISHED NOW!
logging to.../global/cscratch1/sd/huikong/obiwan_Aug/repos_for_docker/obiwan_out/elg_ngc_run/logs/156//more_rs101/log.1567p265
FINISHED NOW!
logging to.../global/cscratch1/sd/huikong/obiwan_Aug/repos_for_docker/obiwan_out/elg_ngc_run/logs/136//more_rs101/log.1365p172
FINISHED NOW!
logging to.../global/cscratch1/sd/huikong/obiwan_Aug/repos_for_docker/obiwan_out/elg_ngc_run/logs/149//more_rs101/log.1496p235
FINISHED NOW!
logging to.../global/cscratch1/sd/huikong/obiwan_Aug/repos_for_docker/obiwan_out/elg_ngc_run/logs/142//more_rs101/log.1428p225
FINISHED NOW!
logging to.../global/cscratch1/sd/huikong/obiwan_Aug/repos_for_docker/obiwan_out/elg_ngc_run/logs/141//more_rs101/log.1414p227
FINISHED NOW!
logging to.../global/cscratch1/sd/huikong/obiwan_Aug/repos_for_docker/obiwan_out/elg_ngc_run/logs/133//more_rs101/log.1336p255
FINISHED NOW!
logging to.../global/cscratch1/sd/huikong/obiwan_Aug/repos_for_docker/obiwan_out/elg_ngc_run/logs/145//more_rs101/log.1450p187
FINISHED NOW!
logging to.../global/cscratch1/sd/huikong/obiwan_Aug/repos_for_docker/obiwan_out/elg_ngc_run/logs/147//more_rs101/log.1476p190
FINISHED NOW!
logging to.../global/cscratch1/sd/huikong/obiwan_Aug/repos_for_docker/obiwan_out/elg_ngc_run/logs/133//more_rs101/log.1330p210
FINISHED NOW!
logging to.../global/cscratch1/sd/huikong/obiwan_Aug/repos_for_docker/obiwan_out/elg_ngc_run/logs/144//more_rs101/log.1440p260
FINISHED NOW!
logging to.../global/cscratch1/sd/huikong/obiwan_Aug/repos_for_docker/obiwan_out/elg_ngc_run/logs/150//more_rs101/log.1504p260
FINISHED NOW!
FINISHED NOW!
logging to.../global/cscratch1/sd/huikong/obiwan_Aug/repos_for_docker/obiwan_out/elg_ngc_run/logs/135//more_rs101/log.1358p207
logging to.../global/cscratch1/sd/huikong/obiwan_Aug/repos_for_docker/obiwan_out/elg_ngc_run/logs/128//more_rs101/log.1281p272
FINISHED NOW!
FINISHED NOW!
logging to.../global/cscratch1/sd/huikong/obiwan_Aug/repos_for_docker/obiwan_out/elg_ngc_run/logs/144//more_rs101/log.1445p242
logging to.../global/cscratch1/sd/huikong/obiwan_Aug/repos_for_docker/obiwan_out/elg_ngc_run/logs/150//more_rs101/log.1505p137
FINISHED NOW!
FINISHED NOW!
logging to.../global/cscratch1/sd/huikong/obiwan_Aug/repos_for_docker/obiwan_out/elg_ngc_run/logs/147//more_rs101/log.1476p145
logging to.../global/cscratch1/sd/huikong/obiwan_Aug/repos_for_docker/obiwan_out/elg_ngc_run/logs/142//more_rs101/log.1426p242
FINISHED NOW!
FINISHED NOW!
logging to.../global/cscratch1/sd/huikong/obiwan_Aug/repos_for_docker/obiwan_out/elg_ngc_run/logs/136//more_rs101/log.1367p255
logging to.../global/cscratch1/sd/huikong/obiwan_Aug/repos_for_docker/obiwan_out/elg_ngc_run/logs/151//more_rs101/log.1515p250
FINISHED NOW!
FINISHED NOW!
logging to.../global/cscratch1/sd/huikong/obiwan_Aug/repos_for_docker/obiwan_out/elg_ngc_run/logs/141//more_rs101/log.1412p215
logging to.../global/cscratch1/sd/huikong/obiwan_Aug/repos_for_docker/obiwan_out/elg_ngc_run/logs/135//more_rs101/log.1350p285
FINISHED NOW!
logging to.../global/cscratch1/sd/huikong/obiwan_Aug/repos_for_docker/obiwan_out/elg_ngc_run/logs/127//more_rs101/log.1276p212
FINISHED NOW!
logging to.../global/cscratch1/sd/huikong/obiwan_Aug/repos_for_docker/obiwan_out/elg_ngc_run/logs/131//more_rs101/log.1313p212
FINISHED NOW!
logging to.../global/cscratch1/sd/huikong/obiwan_Aug/repos_for_docker/obiwan_out/elg_ngc_run/logs/129//more_rs101/log.1290p232
FINISHED NOW!
logging to.../global/cscratch1/sd/huikong/obiwan_Aug/repos_for_docker/obiwan_out/elg_ngc_run/logs/139//more_rs101/log.1391p170
FINISHED NOW!
logging to.../global/cscratch1/sd/huikong/obiwan_Aug/repos_for_docker/obiwan_out/elg_ngc_run/logs/137//more_rs101/log.1377p160
FINISHED NOW!
logging to.../global/cscratch1/sd/huikong/obiwan_Aug/repos_for_docker/obiwan_out/elg_ngc_run/logs/141//more_rs101/log.1415p190
FINISHED NOW!
logging to.../global/cscratch1/sd/huikong/obiwan_Aug/repos_for_docker/obiwan_out/elg_ngc_run/logs/145//more_rs101/log.1457p227
FINISHED NOW!
logging to.../global/cscratch1/sd/huikong/obiwan_Aug/repos_for_docker/obiwan_out/elg_ngc_run/logs/142//more_rs101/log.1422p172
FINISHED NOW!
logging to.../global/cscratch1/sd/huikong/obiwan_Aug/repos_for_docker/obiwan_out/elg_ngc_run/logs/142//more_rs101/log.1420p235
FINISHED NOW!
logging to.../global/cscratch1/sd/huikong/obiwan_Aug/repos_for_docker/obiwan_out/elg_ngc_run/logs/133//more_rs101/log.1338p202
FINISHED NOW!
FINISHED NOW!
logging to.../global/cscratch1/sd/huikong/obiwan_Aug/repos_for_docker/obiwan_out/elg_ngc_run/logs/129//more_rs101/log.1292p242
logging to.../global/cscratch1/sd/huikong/obiwan_Aug/repos_for_docker/obiwan_out/elg_ngc_run/logs/140//more_rs101/log.1403p217
FINISHED NOW!
logging to.../global/cscratch1/sd/huikong/obiwan_Aug/repos_for_docker/obiwan_out/elg_ngc_run/logs/143//more_rs101/log.1434p262
FINISHED NOW!
logging to.../global/cscratch1/sd/huikong/obiwan_Aug/repos_for_docker/obiwan_out/elg_ngc_run/logs/144//more_rs101/log.1446p150
FINISHED NOW!
logging to.../global/cscratch1/sd/huikong/obiwan_Aug/repos_for_docker/obiwan_out/elg_ngc_run/logs/142//more_rs101/log.1424p257
FINISHED NOW!
logging to.../global/cscratch1/sd/huikong/obiwan_Aug/repos_for_docker/obiwan_out/elg_ngc_run/logs/152//more_rs101/log.1522p227
FINISHED NOW!
logging to.../global/cscratch1/sd/huikong/obiwan_Aug/repos_for_docker/obiwan_out/elg_ngc_run/logs/138//more_rs101/log.1383p212
FINISHED NOW!
logging to.../global/cscratch1/sd/huikong/obiwan_Aug/repos_for_docker/obiwan_out/elg_ngc_run/logs/151//more_rs101/log.1513p190
FINISHED NOW!
logging to.../global/cscratch1/sd/huikong/obiwan_Aug/repos_for_docker/obiwan_out/elg_ngc_run/logs/130//more_rs101/log.1304p170
FINISHED NOW!
logging to.../global/cscratch1/sd/huikong/obiwan_Aug/repos_for_docker/obiwan_out/elg_ngc_run/logs/150//more_rs101/log.1501p247
FINISHED NOW!
logging to.../global/cscratch1/sd/huikong/obiwan_Aug/repos_for_docker/obiwan_out/elg_ngc_run/logs/142//more_rs101/log.1422p170
FINISHED NOW!
logging to.../global/cscratch1/sd/huikong/obiwan_Aug/repos_for_docker/obiwan_out/elg_ngc_run/logs/136//more_rs101/log.1361p215
FINISHED NOW!
logging to.../global/cscratch1/sd/huikong/obiwan_Aug/repos_for_docker/obiwan_out/elg_ngc_run/logs/145//more_rs101/log.1457p182
FINISHED NOW!
logging to.../global/cscratch1/sd/huikong/obiwan_Aug/repos_for_docker/obiwan_out/elg_ngc_run/logs/139//more_rs101/log.1393p197
FINISHED NOW!
logging to.../global/cscratch1/sd/huikong/obiwan_Aug/repos_for_docker/obiwan_out/elg_ngc_run/logs/133//more_rs101/log.1330p227
FINISHED NOW!
FINISHED NOW!
logging to.../global/cscratch1/sd/huikong/obiwan_Aug/repos_for_docker/obiwan_out/elg_ngc_run/logs/133//more_rs101/log.1339p240
logging to.../global/cscratch1/sd/huikong/obiwan_Aug/repos_for_docker/obiwan_out/elg_ngc_run/logs/134//more_rs101/log.1348p245
FINISHED NOW!
logging to.../global/cscratch1/sd/huikong/obiwan_Aug/repos_for_docker/obiwan_out/elg_ngc_run/logs/134//more_rs101/log.1343p175
FINISHED NOW!
logging to.../global/cscratch1/sd/huikong/obiwan_Aug/repos_for_docker/obiwan_out/elg_ngc_run/logs/145//more_rs101/log.1457p147
FINISHED NOW!
logging to.../global/cscratch1/sd/huikong/obiwan_Aug/repos_for_docker/obiwan_out/elg_ngc_run/logs/147//more_rs101/log.1474p245
FINISHED NOW!
logging to.../global/cscratch1/sd/huikong/obiwan_Aug/repos_for_docker/obiwan_out/elg_ngc_run/logs/146//more_rs101/log.1464p252
FINISHED NOW!
logging to.../global/cscratch1/sd/huikong/obiwan_Aug/repos_for_docker/obiwan_out/elg_ngc_run/logs/150//more_rs101/log.1501p210
FINISHED NOW!
logging to.../global/cscratch1/sd/huikong/obiwan_Aug/repos_for_docker/obiwan_out/elg_ngc_run/logs/141//more_rs101/log.1415p242
FINISHED NOW!
logging to.../global/cscratch1/sd/huikong/obiwan_Aug/repos_for_docker/obiwan_out/elg_ngc_run/logs/139//more_rs101/log.1397p262
FINISHED NOW!
logging to.../global/cscratch1/sd/huikong/obiwan_Aug/repos_for_docker/obiwan_out/elg_ngc_run/logs/154//more_rs101/log.1542p150
FINISHED NOW!
logging to.../global/cscratch1/sd/huikong/obiwan_Aug/repos_for_docker/obiwan_out/elg_ngc_run/logs/127//more_rs101/log.1276p285
FINISHED NOW!
logging to.../global/cscratch1/sd/huikong/obiwan_Aug/repos_for_docker/obiwan_out/elg_ngc_run/logs/144//more_rs101/log.1443p185
FINISHED NOW!
logging to.../global/cscratch1/sd/huikong/obiwan_Aug/repos_for_docker/obiwan_out/elg_ngc_run/logs/138//more_rs101/log.1388p157
FINISHED NOW!
logging to.../global/cscratch1/sd/huikong/obiwan_Aug/repos_for_docker/obiwan_out/elg_ngc_run/logs/129//more_rs101/log.1297p215
FINISHED NOW!
logging to.../global/cscratch1/sd/huikong/obiwan_Aug/repos_for_docker/obiwan_out/elg_ngc_run/logs/143//more_rs101/log.1434p252
FINISHED NOW!
logging to.../global/cscratch1/sd/huikong/obiwan_Aug/repos_for_docker/obiwan_out/elg_ngc_run/logs/136//more_rs101/log.1360p200
FINISHED NOW!
logging to.../global/cscratch1/sd/huikong/obiwan_Aug/repos_for_docker/obiwan_out/elg_ngc_run/logs/132//more_rs101/log.1320p172
FINISHED NOW!
logging to.../global/cscratch1/sd/huikong/obiwan_Aug/repos_for_docker/obiwan_out/elg_ngc_run/logs/153//more_rs101/log.1530p242
FINISHED NOW!
logging to.../global/cscratch1/sd/huikong/obiwan_Aug/repos_for_docker/obiwan_out/elg_ngc_run/logs/134//more_rs101/log.1346p280
FINISHED NOW!
logging to.../global/cscratch1/sd/huikong/obiwan_Aug/repos_for_docker/obiwan_out/elg_ngc_run/logs/138//more_rs101/log.1388p182
FINISHED NOW!
logging to.../global/cscratch1/sd/huikong/obiwan_Aug/repos_for_docker/obiwan_out/elg_ngc_run/logs/141//more_rs101/log.1410p210
FINISHED NOW!
logging to.../global/cscratch1/sd/huikong/obiwan_Aug/repos_for_docker/obiwan_out/elg_ngc_run/logs/138//more_rs101/log.1384p260
FINISHED NOW!
logging to.../global/cscratch1/sd/huikong/obiwan_Aug/repos_for_docker/obiwan_out/elg_ngc_run/logs/128//more_rs101/log.1287p260
FINISHED NOW!
logging to.../global/cscratch1/sd/huikong/obiwan_Aug/repos_for_docker/obiwan_out/elg_ngc_run/logs/145//more_rs101/log.1457p162
FINISHED NOW!
logging to.../global/cscratch1/sd/huikong/obiwan_Aug/repos_for_docker/obiwan_out/elg_ngc_run/logs/134//more_rs101/log.1342p205
FINISHED NOW!
logging to.../global/cscratch1/sd/huikong/obiwan_Aug/repos_for_docker/obiwan_out/elg_ngc_run/logs/133//more_rs101/log.1336p257
FINISHED NOW!
logging to.../global/cscratch1/sd/huikong/obiwan_Aug/repos_for_docker/obiwan_out/elg_ngc_run/logs/126//more_rs101/log.1268p287
FINISHED NOW!
logging to.../global/cscratch1/sd/huikong/obiwan_Aug/repos_for_docker/obiwan_out/elg_ngc_run/logs/150//more_rs101/log.1503p252
FINISHED NOW!
logging to.../global/cscratch1/sd/huikong/obiwan_Aug/repos_for_docker/obiwan_out/elg_ngc_run/logs/141//more_rs101/log.1411p280
FINISHED NOW!
logging to.../global/cscratch1/sd/huikong/obiwan_Aug/repos_for_docker/obiwan_out/elg_ngc_run/logs/144//more_rs101/log.1441p150
FINISHED NOW!
logging to.../global/cscratch1/sd/huikong/obiwan_Aug/repos_for_docker/obiwan_out/elg_ngc_run/logs/138//more_rs101/log.1381p255
FINISHED NOW!
logging to.../global/cscratch1/sd/huikong/obiwan_Aug/repos_for_docker/obiwan_out/elg_ngc_run/logs/131//more_rs101/log.1318p285
FINISHED NOW!
logging to.../global/cscratch1/sd/huikong/obiwan_Aug/repos_for_docker/obiwan_out/elg_ngc_run/logs/152//more_rs101/log.1526p260
FINISHED NOW!
logging to.../global/cscratch1/sd/huikong/obiwan_Aug/repos_for_docker/obiwan_out/elg_ngc_run/logs/140//more_rs101/log.1403p147
FINISHED NOW!
logging to.../global/cscratch1/sd/huikong/obiwan_Aug/repos_for_docker/obiwan_out/elg_ngc_run/logs/149//more_rs101/log.1499p257
FINISHED NOW!
logging to.../global/cscratch1/sd/huikong/obiwan_Aug/repos_for_docker/obiwan_out/elg_ngc_run/logs/147//more_rs101/log.1476p250
FINISHED NOW!
logging to.../global/cscratch1/sd/huikong/obiwan_Aug/repos_for_docker/obiwan_out/elg_ngc_run/logs/149//more_rs101/log.1492p215
FINISHED NOW!
logging to.../global/cscratch1/sd/huikong/obiwan_Aug/repos_for_docker/obiwan_out/elg_ngc_run/logs/143//more_rs101/log.1437p177
FINISHED NOW!
logging to.../global/cscratch1/sd/huikong/obiwan_Aug/repos_for_docker/obiwan_out/elg_ngc_run/logs/150//more_rs101/log.1505p205
FINISHED NOW!
logging to.../global/cscratch1/sd/huikong/obiwan_Aug/repos_for_docker/obiwan_out/elg_ngc_run/logs/136//more_rs101/log.1362p275
FINISHED NOW!
logging to.../global/cscratch1/sd/huikong/obiwan_Aug/repos_for_docker/obiwan_out/elg_ngc_run/logs/151//more_rs101/log.1518p245
FINISHED NOW!
logging to.../global/cscratch1/sd/huikong/obiwan_Aug/repos_for_docker/obiwan_out/elg_ngc_run/logs/129//more_rs101/log.1296p185
FINISHED NOW!
logging to.../global/cscratch1/sd/huikong/obiwan_Aug/repos_for_docker/obiwan_out/elg_ngc_run/logs/127//more_rs101/log.1275p250
FINISHED NOW!
logging to.../global/cscratch1/sd/huikong/obiwan_Aug/repos_for_docker/obiwan_out/elg_ngc_run/logs/144//more_rs101/log.1444p205
FINISHED NOW!
Master: slave finished is task and says "I completed my task (238)"
Master: slave finished is task and says "I completed my task (233)"
Master: slave finished is task and says "I completed my task (256)"
Master: slave finished is task and says "I completed my task (257)"
Master: slave finished is task and says "I completed my task (226)"
Master: slave finished is task and says "I completed my task (258)"
Master: slave finished is task and says "I completed my task (259)"
Master: slave finished is task and says "I completed my task (260)"
Master: slave finished is task and says "I completed my task (261)"
Master: slave finished is task and says "I completed my task (262)"
Master: slave finished is task and says "I completed my task (264)"
Master: slave finished is task and says "I completed my task (210)"
Master: slave finished is task and says "I completed my task (266)"
Master: slave finished is task and says "I completed my task (265)"
Master: slave finished is task and says "I completed my task (267)"
Master: slave finished is task and says "I completed my task (269)"
Master: slave finished is task and says "I completed my task (270)"
Master: slave finished is task and says "I completed my task (271)"
Master: slave finished is task and says "I completed my task (272)"
Master: slave finished is task and says "I completed my task (244)"
Master: slave finished is task and says "I completed my task (274)"
Master: slave finished is task and says "I completed my task (275)"
Master: slave finished is task and says "I completed my task (276)"
Master: slave finished is task and says "I completed my task (277)"
Master: slave finished is task and says "I completed my task (278)"
Master: slave finished is task and says "I completed my task (243)"
Master: slave finished is task and says "I completed my task (279)"
Master: slave finished is task and says "I completed my task (280)"
Master: slave finished is task and says "I completed my task (281)"
Master: slave finished is task and says "I completed my task (282)"
Master: slave finished is task and says "I completed my task (283)"
Master: slave finished is task and says "I completed my task (285)"
Master: slave finished is task and says "I completed my task (286)"
Master: slave finished is task and says "I completed my task (287)"
Master: slave finished is task and says "I completed my task (288)"
Master: slave finished is task and says "I completed my task (211)"
Master: slave finished is task and says "I completed my task (249)"
Master: slave finished is task and says "I completed my task (290)"
Master: slave finished is task and says "I completed my task (292)"
Master: slave finished is task and says "I completed my task (293)"
Master: slave finished is task and says "I completed my task (294)"
Master: slave finished is task and says "I completed my task (295)"
Master: slave finished is task and says "I completed my task (237)"
Master: slave finished is task and says "I completed my task (296)"
Master: slave finished is task and says "I completed my task (297)"
Master: slave finished is task and says "I completed my task (298)"
Master: slave finished is task and says "I completed my task (299)"
Master: slave finished is task and says "I completed my task (300)"
Master: slave finished is task and says "I completed my task (301)"
Master: slave finished is task and says "I completed my task (302)"
Master: slave finished is task and says "I completed my task (304)"
Master: slave finished is task and says "I completed my task (303)"
Master: slave finished is task and says "I completed my task (305)"
Master: slave finished is task and says "I completed my task (307)"
Master: slave finished is task and says "I completed my task (308)"
Master: slave finished is task and says "I completed my task (254)"
Master: slave finished is task and says "I completed my task (309)"
Master: slave finished is task and says "I completed my task (310)"
Master: slave finished is task and says "I completed my task (311)"
Master: slave finished is task and says "I completed my task (312)"
Master: slave finished is task and says "I completed my task (313)"
Master: slave finished is task and says "I completed my task (314)"
Master: slave finished is task and says "I completed my task (316)"
Master: slave finished is task and says "I completed my task (315)"
Master: slave finished is task and says "I completed my task (317)"
Master: slave finished is task and says "I completed my task (318)"
Master: slave finished is task and says "I completed my task (320)"
Master: slave finished is task and says "I completed my task (255)"
Master: slave finished is task and says "I completed my task (322)"
Master: slave finished is task and says "I completed my task (323)"
Master: slave finished is task and says "I completed my task (324)"
Master: slave finished is task and says "I completed my task (325)"
Master: slave finished is task and says "I completed my task (326)"
Master: slave finished is task and says "I completed my task (327)"
Master: slave finished is task and says "I completed my task (328)"
Master: slave finished is task and says "I completed my task (329)"
Master: slave finished is task and says "I completed my task (330)"
Master: slave finished is task and says "I completed my task (251)"
Master: slave finished is task and says "I completed my task (331)"
Master: slave finished is task and says "I completed my task (332)"
Master: slave finished is task and says "I completed my task (333)"
Master: slave finished is task and says "I completed my task (334)"
Master: slave finished is task and says "I completed my task (335)"
Master: slave finished is task and says "I completed my task (337)"
Master: slave finished is task and says "I completed my task (263)"
Master: slave finished is task and says "I completed my task (339)"
Master: slave finished is task and says "I completed my task (340)"
Master: slave finished is task and says "I completed my task (341)"
Master: slave finished is task and says "I completed my task (342)"
Master: slave finished is task and says "I completed my task (343)"
Master: slave finished is task and says "I completed my task (344)"
Master: slave finished is task and says "I completed my task (245)"
Master: slave finished is task and says "I completed my task (346)"
Master: slave finished is task and says "I completed my task (347)"
Master: slave finished is task and says "I completed my task (348)"
Master: slave finished is task and says "I completed my task (349)"
Master: slave finished is task and says "I completed my task (350)"
Master: slave finished is task and says "I completed my task (273)"
Master: slave finished is task and says "I completed my task (352)"
Master: slave finished is task and says "I completed my task (353)"
Master: slave finished is task and says "I completed my task (354)"
Master: slave finished is task and says "I completed my task (355)"
Master: slave finished is task and says "I completed my task (356)"
Master: slave finished is task and says "I completed my task (357)"
Master: slave finished is task and says "I completed my task (358)"
Master: slave finished is task and says "I completed my task (359)"
Master: slave finished is task and says "I completed my task (289)"
Master: slave finished is task and says "I completed my task (284)"
Master: slave finished is task and says "I completed my task (361)"
Master: slave finished is task and says "I completed my task (362)"
Master: slave finished is task and says "I completed my task (363)"
Master: slave finished is task and says "I completed my task (364)"
Master: slave finished is task and says "I completed my task (365)"
Master: slave finished is task and says "I completed my task (366)"
Master: slave finished is task and says "I completed my task (367)"
Master: slave finished is task and says "I completed my task (368)"
Master: slave finished is task and says "I completed my task (306)"
Master: slave finished is task and says "I completed my task (370)"
Master: slave finished is task and says "I completed my task (371)"
Master: slave finished is task and says "I completed my task (373)"
Master: slave finished is task and says "I completed my task (338)"
logging to.../global/cscratch1/sd/huikong/obiwan_Aug/repos_for_docker/obiwan_out/elg_ngc_run/logs/136//more_rs101/log.1369p222
FINISHED NOW!
logging to.../global/cscratch1/sd/huikong/obiwan_Aug/repos_for_docker/obiwan_out/elg_ngc_run/logs/127//more_rs101/log.1278p257
FINISHED NOW!
logging to.../global/cscratch1/sd/huikong/obiwan_Aug/repos_for_docker/obiwan_out/elg_ngc_run/logs/153//more_rs101/log.1533p227
FINISHED NOW!
logging to.../global/cscratch1/sd/huikong/obiwan_Aug/repos_for_docker/obiwan_out/elg_ngc_run/logs/136//more_rs101/log.1365p267
FINISHED NOW!
logging to.../global/cscratch1/sd/huikong/obiwan_Aug/repos_for_docker/obiwan_out/elg_ngc_run/logs/128//more_rs101/log.1286p257
FINISHED NOW!
logging to.../global/cscratch1/sd/huikong/obiwan_Aug/repos_for_docker/obiwan_out/elg_ngc_run/logs/126//more_rs101/log.1266p195
FINISHED NOW!
logging to.../global/cscratch1/sd/huikong/obiwan_Aug/repos_for_docker/obiwan_out/elg_ngc_run/logs/149//more_rs101/log.1497p137
FINISHED NOW!
logging to.../global/cscratch1/sd/huikong/obiwan_Aug/repos_for_docker/obiwan_out/elg_ngc_run/logs/151//more_rs101/log.1517p162
FINISHED NOW!
logging to.../global/cscratch1/sd/huikong/obiwan_Aug/repos_for_docker/obiwan_out/elg_ngc_run/logs/155//more_rs101/log.1558p265
FINISHED NOW!
logging to.../global/cscratch1/sd/huikong/obiwan_Aug/repos_for_docker/obiwan_out/elg_ngc_run/logs/146//more_rs101/log.1464p242
FINISHED NOW!
logging to.../global/cscratch1/sd/huikong/obiwan_Aug/repos_for_docker/obiwan_out/elg_ngc_run/logs/134//more_rs101/log.1340p212
FINISHED NOW!
logging to.../global/cscratch1/sd/huikong/obiwan_Aug/repos_for_docker/obiwan_out/elg_ngc_run/logs/134//more_rs101/log.1348p287
FINISHED NOW!
logging to.../global/cscratch1/sd/huikong/obiwan_Aug/repos_for_docker/obiwan_out/elg_ngc_run/logs/135//more_rs101/log.1352p280
FINISHED NOW!
logging to.../global/cscratch1/sd/huikong/obiwan_Aug/repos_for_docker/obiwan_out/elg_ngc_run/logs/135//more_rs101/log.1358p240
FINISHED NOW!
logging to.../global/cscratch1/sd/huikong/obiwan_Aug/repos_for_docker/obiwan_out/elg_ngc_run/logs/136//more_rs101/log.1361p222
FINISHED NOW!
logging to.../global/cscratch1/sd/huikong/obiwan_Aug/repos_for_docker/obiwan_out/elg_ngc_run/logs/156//more_rs101/log.1562p157
FINISHED NOW!
logging to.../global/cscratch1/sd/huikong/obiwan_Aug/repos_for_docker/obiwan_out/elg_ngc_run/logs/141//more_rs101/log.1410p137
FINISHED NOW!
logging to.../global/cscratch1/sd/huikong/obiwan_Aug/repos_for_docker/obiwan_out/elg_ngc_run/logs/142//more_rs101/log.1428p155
FINISHED NOW!
logging to.../global/cscratch1/sd/huikong/obiwan_Aug/repos_for_docker/obiwan_out/elg_ngc_run/logs/137//more_rs101/log.1378p212
FINISHED NOW!
logging to.../global/cscratch1/sd/huikong/obiwan_Aug/repos_for_docker/obiwan_out/elg_ngc_run/logs/150//more_rs101/log.1502p205
FINISHED NOW!
logging to.../global/cscratch1/sd/huikong/obiwan_Aug/repos_for_docker/obiwan_out/elg_ngc_run/logs/154//more_rs101/log.1545p205
FINISHED NOW!
logging to.../global/cscratch1/sd/huikong/obiwan_Aug/repos_for_docker/obiwan_out/elg_ngc_run/logs/155//more_rs101/log.1551p182
FINISHED NOW!
logging to.../global/cscratch1/sd/huikong/obiwan_Aug/repos_for_docker/obiwan_out/elg_ngc_run/logs/151//more_rs101/log.1512p250
FINISHED NOW!
FINISHED NOW!
logging to.../global/cscratch1/sd/huikong/obiwan_Aug/repos_for_docker/obiwan_out/elg_ngc_run/logs/140//more_rs101/log.1405p287
logging to.../global/cscratch1/sd/huikong/obiwan_Aug/repos_for_docker/obiwan_out/elg_ngc_run/logs/146//more_rs101/log.1462p150
FINISHED NOW!
logging to.../global/cscratch1/sd/huikong/obiwan_Aug/repos_for_docker/obiwan_out/elg_ngc_run/logs/126//more_rs101/log.1261p202
FINISHED NOW!
logging to.../global/cscratch1/sd/huikong/obiwan_Aug/repos_for_docker/obiwan_out/elg_ngc_run/logs/134//more_rs101/log.1348p185
FINISHED NOW!
logging to.../global/cscratch1/sd/huikong/obiwan_Aug/repos_for_docker/obiwan_out/elg_ngc_run/logs/130//more_rs101/log.1306p267
FINISHED NOW!
logging to.../global/cscratch1/sd/huikong/obiwan_Aug/repos_for_docker/obiwan_out/elg_ngc_run/logs/139//more_rs101/log.1392p187
FINISHED NOW!
logging to.../global/cscratch1/sd/huikong/obiwan_Aug/repos_for_docker/obiwan_out/elg_ngc_run/logs/126//more_rs101/log.1268p190
FINISHED NOW!
logging to.../global/cscratch1/sd/huikong/obiwan_Aug/repos_for_docker/obiwan_out/elg_ngc_run/logs/154//more_rs101/log.1546p162
FINISHED NOW!
logging to.../global/cscratch1/sd/huikong/obiwan_Aug/repos_for_docker/obiwan_out/elg_ngc_run/logs/146//more_rs101/log.1461p170
FINISHED NOW!
logging to.../global/cscratch1/sd/huikong/obiwan_Aug/repos_for_docker/obiwan_out/elg_ngc_run/logs/155//more_rs101/log.1552p210
FINISHED NOW!
logging to.../global/cscratch1/sd/huikong/obiwan_Aug/repos_for_docker/obiwan_out/elg_ngc_run/logs/129//more_rs101/log.1294p230
FINISHED NOW!
logging to.../global/cscratch1/sd/huikong/obiwan_Aug/repos_for_docker/obiwan_out/elg_ngc_run/logs/153//more_rs101/log.1534p152
FINISHED NOW!
logging to.../global/cscratch1/sd/huikong/obiwan_Aug/repos_for_docker/obiwan_out/elg_ngc_run/logs/153//more_rs101/log.1533p137
FINISHED NOW!
logging to.../global/cscratch1/sd/huikong/obiwan_Aug/repos_for_docker/obiwan_out/elg_ngc_run/logs/143//more_rs101/log.1435p237
FINISHED NOW!
logging to.../global/cscratch1/sd/huikong/obiwan_Aug/repos_for_docker/obiwan_out/elg_ngc_run/logs/142//more_rs101/log.1428p252
FINISHED NOW!
logging to.../global/cscratch1/sd/huikong/obiwan_Aug/repos_for_docker/obiwan_out/elg_ngc_run/logs/151//more_rs101/log.1511p170
FINISHED NOW!
logging to.../global/cscratch1/sd/huikong/obiwan_Aug/repos_for_docker/obiwan_out/elg_ngc_run/logs/146//more_rs101/log.1466p222
FINISHED NOW!
logging to.../global/cscratch1/sd/huikong/obiwan_Aug/repos_for_docker/obiwan_out/elg_ngc_run/logs/147//more_rs101/log.1473p250
FINISHED NOW!
logging to.../global/cscratch1/sd/huikong/obiwan_Aug/repos_for_docker/obiwan_out/elg_ngc_run/logs/148//more_rs101/log.1483p197
FINISHED NOW!
logging to.../global/cscratch1/sd/huikong/obiwan_Aug/repos_for_docker/obiwan_out/elg_ngc_run/logs/150//more_rs101/log.1500p170
FINISHED NOW!
logging to.../global/cscratch1/sd/huikong/obiwan_Aug/repos_for_docker/obiwan_out/elg_ngc_run/logs/138//more_rs101/log.1382p205
FINISHED NOW!
logging to.../global/cscratch1/sd/huikong/obiwan_Aug/repos_for_docker/obiwan_out/elg_ngc_run/logs/126//more_rs101/log.1268p240
FINISHED NOW!
logging to.../global/cscratch1/sd/huikong/obiwan_Aug/repos_for_docker/obiwan_out/elg_ngc_run/logs/133//more_rs101/log.1330p265
slurmstepd: error: *** STEP 21052426.1 ON nid00786 CANCELLED AT 2019-05-03T12:28:58 DUE TO TIME LIMIT ***
srun: Job step aborted: Waiting up to 32 seconds for job step to finish.
srun: got SIGCONT
srun: forcing job termination
